Loading dataset ... done.
['メーター 内 の 警告 灯 が 常時 点滅 する た 。', 'リヤゲート の 取っ手 部分 が 破損 する た 。', '夜間 、 スピード メーター が 見にくい 。']
[0, 0, 0]
# train X: 39056, y: 39056, class: 16
# eval  X: 2056, y: 2056, class: 16
# Tuning hyper-parameters for accuracy

Fitting 10 folds for each of 12 candidates, totalling 120 fits
Best parameters set found on development set:

{'vec__max_df': 1.0, 'vec__min_df': 1, 'vec__ngram_range': (1, 2), 'vec__stop_words': None}

Grid scores on development set:

0.459 (+/-0.016) for {'vec__max_df': 50, 'vec__min_df': 1, 'vec__ngram_range': (1, 1), 'vec__stop_words': None}
0.715 (+/-0.011) for {'vec__max_df': 50, 'vec__min_df': 1, 'vec__ngram_range': (1, 2), 'vec__stop_words': None}
0.751 (+/-0.005) for {'vec__max_df': 50, 'vec__min_df': 1, 'vec__ngram_range': (1, 3), 'vec__stop_words': None}
0.443 (+/-0.017) for {'vec__max_df': 50, 'vec__min_df': 5, 'vec__ngram_range': (1, 1), 'vec__stop_words': None}
0.668 (+/-0.008) for {'vec__max_df': 50, 'vec__min_df': 5, 'vec__ngram_range': (1, 2), 'vec__stop_words': None}
0.700 (+/-0.007) for {'vec__max_df': 50, 'vec__min_df': 5, 'vec__ngram_range': (1, 3), 'vec__stop_words': None}
0.819 (+/-0.010) for {'vec__max_df': 1.0, 'vec__min_df': 1, 'vec__ngram_range': (1, 1), 'vec__stop_words': None}
0.827 (+/-0.007) for {'vec__max_df': 1.0, 'vec__min_df': 1, 'vec__ngram_range': (1, 2), 'vec__stop_words': None}
0.826 (+/-0.005) for {'vec__max_df': 1.0, 'vec__min_df': 1, 'vec__ngram_range': (1, 3), 'vec__stop_words': None}
0.813 (+/-0.008) for {'vec__max_df': 1.0, 'vec__min_df': 5, 'vec__ngram_range': (1, 1), 'vec__stop_words': None}
0.818 (+/-0.010) for {'vec__max_df': 1.0, 'vec__min_df': 5, 'vec__ngram_range': (1, 2), 'vec__stop_words': None}
0.818 (+/-0.009) for {'vec__max_df': 1.0, 'vec__min_df': 5, 'vec__ngram_range': (1, 3), 'vec__stop_words': None}

Detailed classification report:

The model is trained on the full development set.
The scores are computed on the full evaluation set.

             precision    recall  f1-score   support

          0       0.76      0.62      0.68       109
          1       0.00      0.00      0.00         2
          2       0.88      0.64      0.74        11
          3       0.93      0.76      0.84        55
          4       0.82      0.88      0.85       149
          5       0.86      0.90      0.88       186
          6       0.84      0.88      0.86       600
          7       0.89      0.90      0.89       106
          8       0.86      0.78      0.82        96
          9       0.88      0.87      0.87       106
         10       0.86      0.91      0.88        54
         11       0.54      0.46      0.50        69
         12       0.87      0.88      0.88       338
         13       0.68      0.68      0.68       114
         14       1.00      0.17      0.29         6
         15       0.89      0.85      0.87        55

avg / total       0.83      0.83      0.83      2056


Loading dataset ... done.
['4 0 km / H 未満 で 走行 中 、 左 車輪 側 の かじ取り 装置 が 折れる た 。 整備 業 の 人 から は 、 まず かじ取 り リンク 関係 から 折れる 、 その後 、 ﾄﾞﾗｲﾌﾞｼｬﾌﾄ が 折れる た よう だ と 聞く て いる 。', '\u3000 速度 1 0 km / h で 直進 中 、 突然 タイヤ が 内側 に ４ ５ 度 ぐらい 入る て 走行 不能 と なる た 。 ディ ーラー の 見解 は タイ ロッド の ボルト が 内側 に 曲がる て いる ので 、 強い 力 が かかる て 、 タイ ロッド （ 中空 ） に ヒビ が 入る た ため と する て いる 。 その 原因 は 、 溝 に タイヤ を 落とす とか 何 か が あたる た 等 が 考える られる と する て いる 。 \u3000 事故 の ２ 週間 ほど 前 に 点検 を する て もらう て いる が 、 異常 は ない た 。 また 、 溝 に タイヤ を 落とす た 等い は 全く ない た 。', '去年 の 10月 位 から エンジン 又は ミッション から 音 が する 。 （ 現在 メーカー で テスト 中 ）']
[0, 0, 0]
# eval  X: 4575, y: 4575, class: 16
             precision    recall  f1-score   support

          0       0.71      0.60      0.65       262
          1       0.00      0.00      0.00         5
          2       0.88      0.60      0.71        25
          3       0.75      0.81      0.78       123
          4       0.85      0.90      0.87       324
          5       0.91      0.91      0.91       425
          6       0.85      0.91      0.88      1302
          7       0.87      0.86      0.87       258
          8       0.88      0.82      0.85       209
          9       0.90      0.90      0.90       261
         10       0.84      0.76      0.80       120
         11       0.79      0.62      0.70       155
         12       0.90      0.84      0.87       719
         13       0.66      0.75      0.70       272
         14       0.00      0.00      0.00        10
         15       0.86      0.91      0.88       105

avg / total       0.84      0.84      0.84      4575

[Parallel(n_jobs=4)]: Done  42 tasks      | elapsed:   52.6s
[Parallel(n_jobs=4)]: Done 120 out of 120 | elapsed:  3.9min finished
/Users/haradatm/.pyenv/versions/miniconda3-latest/envs/py3/lib/python3.6/site-packages/sklearn/metrics/classification.py:1135: UndefinedMetricWarning: Precision and F-score are ill-defined and being set to 0.0 in labels with no predicted samples.
  'precision', 'predicted', average, warn_for)
/Users/haradatm/.pyenv/versions/miniconda3-latest/envs/py3/lib/python3.6/site-packages/sklearn/metrics/classification.py:1135: UndefinedMetricWarning: Precision and F-score are ill-defined and being set to 0.0 in labels with no predicted samples.
  'precision', 'predicted', average, warn_for)
time spent:  239.10893321037292
