Loading dataset ... done.
["there's something unintentionally comic in the film's drumbeat about authenticity , given the stale plot and pornographic way the film revels in swank apartments , clothes and parties .", 'the master of disguise is funny--not " ha ha " funny , " dead circus performer " funny . and for all the wrong reasons besides .', 'a zippy 96 minutes of mediocre special effects , hoary dialogue , fluxing accents , and -- worst of all -- silly-looking morlocks .']
[0, 0, 0]
# train X: 9114, y: 9114, class: 2
# eval  X: 480, y: 480, class: 2
# Tuning hyper-parameters for accuracy

Fitting 10 folds for each of 12 candidates, totalling 120 fits
Best parameters set found on development set:

{'vec__max_df': 1.0, 'vec__min_df': 1, 'vec__ngram_range': (1, 2), 'vec__stop_words': None}

Grid scores on development set:

0.729 (+/-0.031) for {'vec__max_df': 50, 'vec__min_df': 1, 'vec__ngram_range': (1, 1), 'vec__stop_words': None}
0.773 (+/-0.023) for {'vec__max_df': 50, 'vec__min_df': 1, 'vec__ngram_range': (1, 2), 'vec__stop_words': None}
0.775 (+/-0.024) for {'vec__max_df': 50, 'vec__min_df': 1, 'vec__ngram_range': (1, 3), 'vec__stop_words': None}
0.705 (+/-0.037) for {'vec__max_df': 50, 'vec__min_df': 5, 'vec__ngram_range': (1, 1), 'vec__stop_words': None}
0.730 (+/-0.023) for {'vec__max_df': 50, 'vec__min_df': 5, 'vec__ngram_range': (1, 2), 'vec__stop_words': None}
0.733 (+/-0.024) for {'vec__max_df': 50, 'vec__min_df': 5, 'vec__ngram_range': (1, 3), 'vec__stop_words': None}
0.762 (+/-0.020) for {'vec__max_df': 1.0, 'vec__min_df': 1, 'vec__ngram_range': (1, 1), 'vec__stop_words': None}
0.779 (+/-0.014) for {'vec__max_df': 1.0, 'vec__min_df': 1, 'vec__ngram_range': (1, 2), 'vec__stop_words': None}
0.772 (+/-0.017) for {'vec__max_df': 1.0, 'vec__min_df': 1, 'vec__ngram_range': (1, 3), 'vec__stop_words': None}
0.738 (+/-0.033) for {'vec__max_df': 1.0, 'vec__min_df': 5, 'vec__ngram_range': (1, 1), 'vec__stop_words': None}
0.753 (+/-0.019) for {'vec__max_df': 1.0, 'vec__min_df': 5, 'vec__ngram_range': (1, 2), 'vec__stop_words': None}
0.753 (+/-0.022) for {'vec__max_df': 1.0, 'vec__min_df': 5, 'vec__ngram_range': (1, 3), 'vec__stop_words': None}

Detailed classification report:

The model is trained on the full development set.
The scores are computed on the full evaluation set.

             precision    recall  f1-score   support

          0       0.81      0.79      0.80       247
          1       0.78      0.80      0.79       233

avg / total       0.80      0.80      0.80       480


Loading dataset ... done.
['simplistic , silly and tedious .', "it's so laddish and juvenile , only teenage boys could possibly find it funny .", 'exploitative and largely devoid of the depth or sophistication that would make watching such a graphic treatment of the crimes bearable .']
[0, 0, 0]
# eval  X: 1068, y: 1068, class: 2
             precision    recall  f1-score   support

          0       0.80      0.75      0.77       534
          1       0.76      0.81      0.79       534

avg / total       0.78      0.78      0.78      1068

[Parallel(n_jobs=4)]: Done  42 tasks      | elapsed:   17.9s
[Parallel(n_jobs=4)]: Done 120 out of 120 | elapsed:   57.1s finished
time spent:  59.76116991043091
