Loading dataset ... done.
["there's something unintentionally comic in the film's drumbeat about authenticity , given the stale plot and pornographic way the film revels in swank apartments , clothes and parties .", 'the master of disguise is funny--not " ha ha " funny , " dead circus performer " funny . and for all the wrong reasons besides .', 'a zippy 96 minutes of mediocre special effects , hoary dialogue , fluxing accents , and -- worst of all -- silly-looking morlocks .']
[0, 0, 0]
# train X: 9114, y: 9114, class: 2
# eval  X: 480, y: 480, class: 2
# Tuning hyper-parameters for accuracy

Fitting 10 folds for each of 108 candidates, totalling 1080 fits
Best parameters set found on development set:

{'clf__max_depth': 6, 'clf__n_estimators': 200, 'vec__max_df': 1.0, 'vec__min_df': 5, 'vec__ngram_range': (1, 2), 'vec__stop_words': None}

Grid scores on development set:

0.540 (+/-0.021) for {'clf__max_depth': 2, 'clf__n_estimators': 50, 'vec__max_df': 50, 'vec__min_df': 1, 'vec__ngram_range': (1, 1), 'vec__stop_words': None}
0.554 (+/-0.032) for {'clf__max_depth': 2, 'clf__n_estimators': 50, 'vec__max_df': 50, 'vec__min_df': 1, 'vec__ngram_range': (1, 2), 'vec__stop_words': None}
0.555 (+/-0.033) for {'clf__max_depth': 2, 'clf__n_estimators': 50, 'vec__max_df': 50, 'vec__min_df': 1, 'vec__ngram_range': (1, 3), 'vec__stop_words': None}
0.537 (+/-0.012) for {'clf__max_depth': 2, 'clf__n_estimators': 50, 'vec__max_df': 50, 'vec__min_df': 5, 'vec__ngram_range': (1, 1), 'vec__stop_words': None}
0.552 (+/-0.029) for {'clf__max_depth': 2, 'clf__n_estimators': 50, 'vec__max_df': 50, 'vec__min_df': 5, 'vec__ngram_range': (1, 2), 'vec__stop_words': None}
0.546 (+/-0.022) for {'clf__max_depth': 2, 'clf__n_estimators': 50, 'vec__max_df': 50, 'vec__min_df': 5, 'vec__ngram_range': (1, 3), 'vec__stop_words': None}
0.597 (+/-0.039) for {'clf__max_depth': 2, 'clf__n_estimators': 50, 'vec__max_df': 1.0, 'vec__min_df': 1, 'vec__ngram_range': (1, 1), 'vec__stop_words': None}
0.595 (+/-0.045) for {'clf__max_depth': 2, 'clf__n_estimators': 50, 'vec__max_df': 1.0, 'vec__min_df': 1, 'vec__ngram_range': (1, 2), 'vec__stop_words': None}
0.591 (+/-0.043) for {'clf__max_depth': 2, 'clf__n_estimators': 50, 'vec__max_df': 1.0, 'vec__min_df': 1, 'vec__ngram_range': (1, 3), 'vec__stop_words': None}
0.607 (+/-0.035) for {'clf__max_depth': 2, 'clf__n_estimators': 50, 'vec__max_df': 1.0, 'vec__min_df': 5, 'vec__ngram_range': (1, 1), 'vec__stop_words': None}
0.605 (+/-0.040) for {'clf__max_depth': 2, 'clf__n_estimators': 50, 'vec__max_df': 1.0, 'vec__min_df': 5, 'vec__ngram_range': (1, 2), 'vec__stop_words': None}
0.605 (+/-0.034) for {'clf__max_depth': 2, 'clf__n_estimators': 50, 'vec__max_df': 1.0, 'vec__min_df': 5, 'vec__ngram_range': (1, 3), 'vec__stop_words': None}
0.565 (+/-0.021) for {'clf__max_depth': 2, 'clf__n_estimators': 100, 'vec__max_df': 50, 'vec__min_df': 1, 'vec__ngram_range': (1, 1), 'vec__stop_words': None}
0.579 (+/-0.032) for {'clf__max_depth': 2, 'clf__n_estimators': 100, 'vec__max_df': 50, 'vec__min_df': 1, 'vec__ngram_range': (1, 2), 'vec__stop_words': None}
0.578 (+/-0.031) for {'clf__max_depth': 2, 'clf__n_estimators': 100, 'vec__max_df': 50, 'vec__min_df': 1, 'vec__ngram_range': (1, 3), 'vec__stop_words': None}
0.558 (+/-0.019) for {'clf__max_depth': 2, 'clf__n_estimators': 100, 'vec__max_df': 50, 'vec__min_df': 5, 'vec__ngram_range': (1, 1), 'vec__stop_words': None}
0.573 (+/-0.031) for {'clf__max_depth': 2, 'clf__n_estimators': 100, 'vec__max_df': 50, 'vec__min_df': 5, 'vec__ngram_range': (1, 2), 'vec__stop_words': None}
0.570 (+/-0.027) for {'clf__max_depth': 2, 'clf__n_estimators': 100, 'vec__max_df': 50, 'vec__min_df': 5, 'vec__ngram_range': (1, 3), 'vec__stop_words': None}
0.621 (+/-0.029) for {'clf__max_depth': 2, 'clf__n_estimators': 100, 'vec__max_df': 1.0, 'vec__min_df': 1, 'vec__ngram_range': (1, 1), 'vec__stop_words': None}
0.621 (+/-0.037) for {'clf__max_depth': 2, 'clf__n_estimators': 100, 'vec__max_df': 1.0, 'vec__min_df': 1, 'vec__ngram_range': (1, 2), 'vec__stop_words': None}
0.613 (+/-0.036) for {'clf__max_depth': 2, 'clf__n_estimators': 100, 'vec__max_df': 1.0, 'vec__min_df': 1, 'vec__ngram_range': (1, 3), 'vec__stop_words': None}
0.628 (+/-0.026) for {'clf__max_depth': 2, 'clf__n_estimators': 100, 'vec__max_df': 1.0, 'vec__min_df': 5, 'vec__ngram_range': (1, 1), 'vec__stop_words': None}
0.629 (+/-0.030) for {'clf__max_depth': 2, 'clf__n_estimators': 100, 'vec__max_df': 1.0, 'vec__min_df': 5, 'vec__ngram_range': (1, 2), 'vec__stop_words': None}
0.627 (+/-0.031) for {'clf__max_depth': 2, 'clf__n_estimators': 100, 'vec__max_df': 1.0, 'vec__min_df': 5, 'vec__ngram_range': (1, 3), 'vec__stop_words': None}
0.598 (+/-0.028) for {'clf__max_depth': 2, 'clf__n_estimators': 200, 'vec__max_df': 50, 'vec__min_df': 1, 'vec__ngram_range': (1, 1), 'vec__stop_words': None}
0.604 (+/-0.029) for {'clf__max_depth': 2, 'clf__n_estimators': 200, 'vec__max_df': 50, 'vec__min_df': 1, 'vec__ngram_range': (1, 2), 'vec__stop_words': None}
0.600 (+/-0.024) for {'clf__max_depth': 2, 'clf__n_estimators': 200, 'vec__max_df': 50, 'vec__min_df': 1, 'vec__ngram_range': (1, 3), 'vec__stop_words': None}
0.592 (+/-0.024) for {'clf__max_depth': 2, 'clf__n_estimators': 200, 'vec__max_df': 50, 'vec__min_df': 5, 'vec__ngram_range': (1, 1), 'vec__stop_words': None}
0.595 (+/-0.020) for {'clf__max_depth': 2, 'clf__n_estimators': 200, 'vec__max_df': 50, 'vec__min_df': 5, 'vec__ngram_range': (1, 2), 'vec__stop_words': None}
0.595 (+/-0.024) for {'clf__max_depth': 2, 'clf__n_estimators': 200, 'vec__max_df': 50, 'vec__min_df': 5, 'vec__ngram_range': (1, 3), 'vec__stop_words': None}
0.648 (+/-0.018) for {'clf__max_depth': 2, 'clf__n_estimators': 200, 'vec__max_df': 1.0, 'vec__min_df': 1, 'vec__ngram_range': (1, 1), 'vec__stop_words': None}
0.646 (+/-0.032) for {'clf__max_depth': 2, 'clf__n_estimators': 200, 'vec__max_df': 1.0, 'vec__min_df': 1, 'vec__ngram_range': (1, 2), 'vec__stop_words': None}
0.644 (+/-0.032) for {'clf__max_depth': 2, 'clf__n_estimators': 200, 'vec__max_df': 1.0, 'vec__min_df': 1, 'vec__ngram_range': (1, 3), 'vec__stop_words': None}
0.653 (+/-0.030) for {'clf__max_depth': 2, 'clf__n_estimators': 200, 'vec__max_df': 1.0, 'vec__min_df': 5, 'vec__ngram_range': (1, 1), 'vec__stop_words': None}
0.650 (+/-0.029) for {'clf__max_depth': 2, 'clf__n_estimators': 200, 'vec__max_df': 1.0, 'vec__min_df': 5, 'vec__ngram_range': (1, 2), 'vec__stop_words': None}
0.651 (+/-0.037) for {'clf__max_depth': 2, 'clf__n_estimators': 200, 'vec__max_df': 1.0, 'vec__min_df': 5, 'vec__ngram_range': (1, 3), 'vec__stop_words': None}
0.565 (+/-0.022) for {'clf__max_depth': 4, 'clf__n_estimators': 50, 'vec__max_df': 50, 'vec__min_df': 1, 'vec__ngram_range': (1, 1), 'vec__stop_words': None}
0.578 (+/-0.031) for {'clf__max_depth': 4, 'clf__n_estimators': 50, 'vec__max_df': 50, 'vec__min_df': 1, 'vec__ngram_range': (1, 2), 'vec__stop_words': None}
0.577 (+/-0.034) for {'clf__max_depth': 4, 'clf__n_estimators': 50, 'vec__max_df': 50, 'vec__min_df': 1, 'vec__ngram_range': (1, 3), 'vec__stop_words': None}
0.560 (+/-0.018) for {'clf__max_depth': 4, 'clf__n_estimators': 50, 'vec__max_df': 50, 'vec__min_df': 5, 'vec__ngram_range': (1, 1), 'vec__stop_words': None}
0.568 (+/-0.029) for {'clf__max_depth': 4, 'clf__n_estimators': 50, 'vec__max_df': 50, 'vec__min_df': 5, 'vec__ngram_range': (1, 2), 'vec__stop_words': None}
0.569 (+/-0.029) for {'clf__max_depth': 4, 'clf__n_estimators': 50, 'vec__max_df': 50, 'vec__min_df': 5, 'vec__ngram_range': (1, 3), 'vec__stop_words': None}
0.623 (+/-0.035) for {'clf__max_depth': 4, 'clf__n_estimators': 50, 'vec__max_df': 1.0, 'vec__min_df': 1, 'vec__ngram_range': (1, 1), 'vec__stop_words': None}
0.617 (+/-0.031) for {'clf__max_depth': 4, 'clf__n_estimators': 50, 'vec__max_df': 1.0, 'vec__min_df': 1, 'vec__ngram_range': (1, 2), 'vec__stop_words': None}
0.617 (+/-0.028) for {'clf__max_depth': 4, 'clf__n_estimators': 50, 'vec__max_df': 1.0, 'vec__min_df': 1, 'vec__ngram_range': (1, 3), 'vec__stop_words': None}
0.627 (+/-0.029) for {'clf__max_depth': 4, 'clf__n_estimators': 50, 'vec__max_df': 1.0, 'vec__min_df': 5, 'vec__ngram_range': (1, 1), 'vec__stop_words': None}
0.624 (+/-0.029) for {'clf__max_depth': 4, 'clf__n_estimators': 50, 'vec__max_df': 1.0, 'vec__min_df': 5, 'vec__ngram_range': (1, 2), 'vec__stop_words': None}
0.625 (+/-0.031) for {'clf__max_depth': 4, 'clf__n_estimators': 50, 'vec__max_df': 1.0, 'vec__min_df': 5, 'vec__ngram_range': (1, 3), 'vec__stop_words': None}
0.596 (+/-0.028) for {'clf__max_depth': 4, 'clf__n_estimators': 100, 'vec__max_df': 50, 'vec__min_df': 1, 'vec__ngram_range': (1, 1), 'vec__stop_words': None}
0.602 (+/-0.026) for {'clf__max_depth': 4, 'clf__n_estimators': 100, 'vec__max_df': 50, 'vec__min_df': 1, 'vec__ngram_range': (1, 2), 'vec__stop_words': None}
0.601 (+/-0.025) for {'clf__max_depth': 4, 'clf__n_estimators': 100, 'vec__max_df': 50, 'vec__min_df': 1, 'vec__ngram_range': (1, 3), 'vec__stop_words': None}
0.592 (+/-0.024) for {'clf__max_depth': 4, 'clf__n_estimators': 100, 'vec__max_df': 50, 'vec__min_df': 5, 'vec__ngram_range': (1, 1), 'vec__stop_words': None}
0.597 (+/-0.021) for {'clf__max_depth': 4, 'clf__n_estimators': 100, 'vec__max_df': 50, 'vec__min_df': 5, 'vec__ngram_range': (1, 2), 'vec__stop_words': None}
0.593 (+/-0.015) for {'clf__max_depth': 4, 'clf__n_estimators': 100, 'vec__max_df': 50, 'vec__min_df': 5, 'vec__ngram_range': (1, 3), 'vec__stop_words': None}
0.649 (+/-0.030) for {'clf__max_depth': 4, 'clf__n_estimators': 100, 'vec__max_df': 1.0, 'vec__min_df': 1, 'vec__ngram_range': (1, 1), 'vec__stop_words': None}
0.644 (+/-0.024) for {'clf__max_depth': 4, 'clf__n_estimators': 100, 'vec__max_df': 1.0, 'vec__min_df': 1, 'vec__ngram_range': (1, 2), 'vec__stop_words': None}
0.641 (+/-0.026) for {'clf__max_depth': 4, 'clf__n_estimators': 100, 'vec__max_df': 1.0, 'vec__min_df': 1, 'vec__ngram_range': (1, 3), 'vec__stop_words': None}
0.651 (+/-0.025) for {'clf__max_depth': 4, 'clf__n_estimators': 100, 'vec__max_df': 1.0, 'vec__min_df': 5, 'vec__ngram_range': (1, 1), 'vec__stop_words': None}
0.650 (+/-0.029) for {'clf__max_depth': 4, 'clf__n_estimators': 100, 'vec__max_df': 1.0, 'vec__min_df': 5, 'vec__ngram_range': (1, 2), 'vec__stop_words': None}
0.649 (+/-0.026) for {'clf__max_depth': 4, 'clf__n_estimators': 100, 'vec__max_df': 1.0, 'vec__min_df': 5, 'vec__ngram_range': (1, 3), 'vec__stop_words': None}
0.627 (+/-0.023) for {'clf__max_depth': 4, 'clf__n_estimators': 200, 'vec__max_df': 50, 'vec__min_df': 1, 'vec__ngram_range': (1, 1), 'vec__stop_words': None}
0.629 (+/-0.032) for {'clf__max_depth': 4, 'clf__n_estimators': 200, 'vec__max_df': 50, 'vec__min_df': 1, 'vec__ngram_range': (1, 2), 'vec__stop_words': None}
0.626 (+/-0.021) for {'clf__max_depth': 4, 'clf__n_estimators': 200, 'vec__max_df': 50, 'vec__min_df': 1, 'vec__ngram_range': (1, 3), 'vec__stop_words': None}
0.624 (+/-0.023) for {'clf__max_depth': 4, 'clf__n_estimators': 200, 'vec__max_df': 50, 'vec__min_df': 5, 'vec__ngram_range': (1, 1), 'vec__stop_words': None}
0.628 (+/-0.023) for {'clf__max_depth': 4, 'clf__n_estimators': 200, 'vec__max_df': 50, 'vec__min_df': 5, 'vec__ngram_range': (1, 2), 'vec__stop_words': None}
0.630 (+/-0.020) for {'clf__max_depth': 4, 'clf__n_estimators': 200, 'vec__max_df': 50, 'vec__min_df': 5, 'vec__ngram_range': (1, 3), 'vec__stop_words': None}
0.671 (+/-0.018) for {'clf__max_depth': 4, 'clf__n_estimators': 200, 'vec__max_df': 1.0, 'vec__min_df': 1, 'vec__ngram_range': (1, 1), 'vec__stop_words': None}
0.671 (+/-0.024) for {'clf__max_depth': 4, 'clf__n_estimators': 200, 'vec__max_df': 1.0, 'vec__min_df': 1, 'vec__ngram_range': (1, 2), 'vec__stop_words': None}
0.663 (+/-0.020) for {'clf__max_depth': 4, 'clf__n_estimators': 200, 'vec__max_df': 1.0, 'vec__min_df': 1, 'vec__ngram_range': (1, 3), 'vec__stop_words': None}
0.675 (+/-0.027) for {'clf__max_depth': 4, 'clf__n_estimators': 200, 'vec__max_df': 1.0, 'vec__min_df': 5, 'vec__ngram_range': (1, 1), 'vec__stop_words': None}
0.675 (+/-0.033) for {'clf__max_depth': 4, 'clf__n_estimators': 200, 'vec__max_df': 1.0, 'vec__min_df': 5, 'vec__ngram_range': (1, 2), 'vec__stop_words': None}
0.674 (+/-0.022) for {'clf__max_depth': 4, 'clf__n_estimators': 200, 'vec__max_df': 1.0, 'vec__min_df': 5, 'vec__ngram_range': (1, 3), 'vec__stop_words': None}
0.582 (+/-0.027) for {'clf__max_depth': 6, 'clf__n_estimators': 50, 'vec__max_df': 50, 'vec__min_df': 1, 'vec__ngram_range': (1, 1), 'vec__stop_words': None}
0.588 (+/-0.027) for {'clf__max_depth': 6, 'clf__n_estimators': 50, 'vec__max_df': 50, 'vec__min_df': 1, 'vec__ngram_range': (1, 2), 'vec__stop_words': None}
0.589 (+/-0.031) for {'clf__max_depth': 6, 'clf__n_estimators': 50, 'vec__max_df': 50, 'vec__min_df': 1, 'vec__ngram_range': (1, 3), 'vec__stop_words': None}
0.574 (+/-0.026) for {'clf__max_depth': 6, 'clf__n_estimators': 50, 'vec__max_df': 50, 'vec__min_df': 5, 'vec__ngram_range': (1, 1), 'vec__stop_words': None}
0.585 (+/-0.022) for {'clf__max_depth': 6, 'clf__n_estimators': 50, 'vec__max_df': 50, 'vec__min_df': 5, 'vec__ngram_range': (1, 2), 'vec__stop_words': None}
0.584 (+/-0.025) for {'clf__max_depth': 6, 'clf__n_estimators': 50, 'vec__max_df': 50, 'vec__min_df': 5, 'vec__ngram_range': (1, 3), 'vec__stop_words': None}
0.638 (+/-0.038) for {'clf__max_depth': 6, 'clf__n_estimators': 50, 'vec__max_df': 1.0, 'vec__min_df': 1, 'vec__ngram_range': (1, 1), 'vec__stop_words': None}
0.637 (+/-0.034) for {'clf__max_depth': 6, 'clf__n_estimators': 50, 'vec__max_df': 1.0, 'vec__min_df': 1, 'vec__ngram_range': (1, 2), 'vec__stop_words': None}
0.631 (+/-0.024) for {'clf__max_depth': 6, 'clf__n_estimators': 50, 'vec__max_df': 1.0, 'vec__min_df': 1, 'vec__ngram_range': (1, 3), 'vec__stop_words': None}
0.638 (+/-0.022) for {'clf__max_depth': 6, 'clf__n_estimators': 50, 'vec__max_df': 1.0, 'vec__min_df': 5, 'vec__ngram_range': (1, 1), 'vec__stop_words': None}
0.638 (+/-0.028) for {'clf__max_depth': 6, 'clf__n_estimators': 50, 'vec__max_df': 1.0, 'vec__min_df': 5, 'vec__ngram_range': (1, 2), 'vec__stop_words': None}
0.640 (+/-0.028) for {'clf__max_depth': 6, 'clf__n_estimators': 50, 'vec__max_df': 1.0, 'vec__min_df': 5, 'vec__ngram_range': (1, 3), 'vec__stop_words': None}
0.612 (+/-0.025) for {'clf__max_depth': 6, 'clf__n_estimators': 100, 'vec__max_df': 50, 'vec__min_df': 1, 'vec__ngram_range': (1, 1), 'vec__stop_words': None}
0.619 (+/-0.032) for {'clf__max_depth': 6, 'clf__n_estimators': 100, 'vec__max_df': 50, 'vec__min_df': 1, 'vec__ngram_range': (1, 2), 'vec__stop_words': None}
0.619 (+/-0.026) for {'clf__max_depth': 6, 'clf__n_estimators': 100, 'vec__max_df': 50, 'vec__min_df': 1, 'vec__ngram_range': (1, 3), 'vec__stop_words': None}
0.606 (+/-0.021) for {'clf__max_depth': 6, 'clf__n_estimators': 100, 'vec__max_df': 50, 'vec__min_df': 5, 'vec__ngram_range': (1, 1), 'vec__stop_words': None}
0.616 (+/-0.019) for {'clf__max_depth': 6, 'clf__n_estimators': 100, 'vec__max_df': 50, 'vec__min_df': 5, 'vec__ngram_range': (1, 2), 'vec__stop_words': None}
0.613 (+/-0.019) for {'clf__max_depth': 6, 'clf__n_estimators': 100, 'vec__max_df': 50, 'vec__min_df': 5, 'vec__ngram_range': (1, 3), 'vec__stop_words': None}
0.665 (+/-0.030) for {'clf__max_depth': 6, 'clf__n_estimators': 100, 'vec__max_df': 1.0, 'vec__min_df': 1, 'vec__ngram_range': (1, 1), 'vec__stop_words': None}
0.660 (+/-0.028) for {'clf__max_depth': 6, 'clf__n_estimators': 100, 'vec__max_df': 1.0, 'vec__min_df': 1, 'vec__ngram_range': (1, 2), 'vec__stop_words': None}
0.657 (+/-0.024) for {'clf__max_depth': 6, 'clf__n_estimators': 100, 'vec__max_df': 1.0, 'vec__min_df': 1, 'vec__ngram_range': (1, 3), 'vec__stop_words': None}
0.660 (+/-0.020) for {'clf__max_depth': 6, 'clf__n_estimators': 100, 'vec__max_df': 1.0, 'vec__min_df': 5, 'vec__ngram_range': (1, 1), 'vec__stop_words': None}
0.661 (+/-0.022) for {'clf__max_depth': 6, 'clf__n_estimators': 100, 'vec__max_df': 1.0, 'vec__min_df': 5, 'vec__ngram_range': (1, 2), 'vec__stop_words': None}
0.664 (+/-0.021) for {'clf__max_depth': 6, 'clf__n_estimators': 100, 'vec__max_df': 1.0, 'vec__min_df': 5, 'vec__ngram_range': (1, 3), 'vec__stop_words': None}
0.645 (+/-0.018) for {'clf__max_depth': 6, 'clf__n_estimators': 200, 'vec__max_df': 50, 'vec__min_df': 1, 'vec__ngram_range': (1, 1), 'vec__stop_words': None}
0.644 (+/-0.029) for {'clf__max_depth': 6, 'clf__n_estimators': 200, 'vec__max_df': 50, 'vec__min_df': 1, 'vec__ngram_range': (1, 2), 'vec__stop_words': None}
0.643 (+/-0.020) for {'clf__max_depth': 6, 'clf__n_estimators': 200, 'vec__max_df': 50, 'vec__min_df': 1, 'vec__ngram_range': (1, 3), 'vec__stop_words': None}
0.642 (+/-0.023) for {'clf__max_depth': 6, 'clf__n_estimators': 200, 'vec__max_df': 50, 'vec__min_df': 5, 'vec__ngram_range': (1, 1), 'vec__stop_words': None}
0.647 (+/-0.017) for {'clf__max_depth': 6, 'clf__n_estimators': 200, 'vec__max_df': 50, 'vec__min_df': 5, 'vec__ngram_range': (1, 2), 'vec__stop_words': None}
0.646 (+/-0.022) for {'clf__max_depth': 6, 'clf__n_estimators': 200, 'vec__max_df': 50, 'vec__min_df': 5, 'vec__ngram_range': (1, 3), 'vec__stop_words': None}
0.683 (+/-0.019) for {'clf__max_depth': 6, 'clf__n_estimators': 200, 'vec__max_df': 1.0, 'vec__min_df': 1, 'vec__ngram_range': (1, 1), 'vec__stop_words': None}
0.684 (+/-0.030) for {'clf__max_depth': 6, 'clf__n_estimators': 200, 'vec__max_df': 1.0, 'vec__min_df': 1, 'vec__ngram_range': (1, 2), 'vec__stop_words': None}
0.679 (+/-0.023) for {'clf__max_depth': 6, 'clf__n_estimators': 200, 'vec__max_df': 1.0, 'vec__min_df': 1, 'vec__ngram_range': (1, 3), 'vec__stop_words': None}
0.686 (+/-0.033) for {'clf__max_depth': 6, 'clf__n_estimators': 200, 'vec__max_df': 1.0, 'vec__min_df': 5, 'vec__ngram_range': (1, 1), 'vec__stop_words': None}
0.688 (+/-0.024) for {'clf__max_depth': 6, 'clf__n_estimators': 200, 'vec__max_df': 1.0, 'vec__min_df': 5, 'vec__ngram_range': (1, 2), 'vec__stop_words': None}
0.686 (+/-0.018) for {'clf__max_depth': 6, 'clf__n_estimators': 200, 'vec__max_df': 1.0, 'vec__min_df': 5, 'vec__ngram_range': (1, 3), 'vec__stop_words': None}

Detailed classification report:

The model is trained on the full development set.
The scores are computed on the full evaluation set.

             precision    recall  f1-score   support

          0       0.76      0.72      0.74       247
          1       0.72      0.76      0.73       233

avg / total       0.74      0.74      0.74       480


Loading dataset ... done.
['simplistic , silly and tedious .', "it's so laddish and juvenile , only teenage boys could possibly find it funny .", 'exploitative and largely devoid of the depth or sophistication that would make watching such a graphic treatment of the crimes bearable .']
[0, 0, 0]
# eval  X: 1068, y: 1068, class: 2
             precision    recall  f1-score   support

          0       0.69      0.65      0.67       534
          1       0.67      0.70      0.68       534

avg / total       0.68      0.68      0.67      1068

time spent:  5588.428936958313
