{
  "train": "datasets/rt-polarity/04-train.txt",
  "test": "datasets/rt-polarity/04-test.txt",
  "model": "models/rt/model.bin",
  "label": "models/rt/labels.bin",
  "topN": 2,
  "out": "results/rt"
}
# test  X: 1066, y: 1066, class: 2

              precision    recall  f1-score   support

           0       0.70      0.77      0.74       533
           1       0.75      0.67      0.71       533

    accuracy                           0.72      1066
   macro avg       0.73      0.72      0.72      1066
weighted avg       0.73      0.72      0.72      1066

Enter document ID [0..1066]=> Document id: 0
True class: 0
Probability (0) = 0.971945
Probability (1) = 0.028075

Explanation of document id 0 for class 0
('vapid', 0.16872827839126178)
('exercise', 0.1653101523340092)
('and', -0.10690473259890376)
('style', -0.07894005080714339)
('flashy', 0.0714360925447177)
('visually', -0.0607230172127873)
('emotionally', 0.055091145014140974)
('but', 0.053990928827794375)
('narratively', -0.013908267848750556)
('a', -0.01117671056957955)
('opaque', -0.007903721363549675)
('mystification', -0.004618546653918644)
('in', 0.004490152867578441)

Explanation of document id 0 for class 1
('vapid', -0.16872827666218554)
('exercise', -0.1653101519820666)
('and', 0.10690473089104877)
('style', 0.07894005024911996)
('flashy', -0.0714360923700639)
('visually', 0.060723013383634665)
('emotionally', -0.055091146141886274)
('but', -0.05399093183967029)
('narratively', 0.013908268639105898)
('a', 0.011176711894179854)
('opaque', 0.007903722113894934)
('mystification', 0.004618545415557018)
('in', -0.004490155294149905)

Enter document ID [0..1066]=> 