{
  "train": "datasets/mlit/04-train.txt",
  "test": "datasets/mlit/04-test.txt",
  "model": "models/mlit/model.bin",
  "label": "models/mlit/labels.bin",
  "topN": 2,
  "out": "results/mlit"
}
# test  X: 5197, y: 5197, class: 16

              precision    recall  f1-score   support

        かじ取り       0.85      0.83      0.84       299
         その他       0.77      0.62      0.69       300
        エンジン       0.83      0.91      0.87      1494
        乗車装置       0.88      0.90      0.89       290
        保安灯火       0.88      0.90      0.89       363
        制動装置       0.90      0.90      0.90       477
        動力伝達       0.88      0.89      0.89       814
     排ｶﾞｽ･騒音       0.91      0.81      0.86       122
        燃料装置       0.86      0.81      0.84       232
        緩衝装置       0.80      0.79      0.80       129
       装置その他       0.00      0.00      0.00        12
        走行装置       0.77      0.80      0.78       127
       車枠・車体       0.71      0.65      0.68       323
   電動機(モーター)       0.72      0.53      0.61        34
        電気装置       0.64      0.57      0.60       177
         非装置       0.00      0.00      0.00         4

    accuracy                           0.84      5197
   macro avg       0.71      0.68      0.70      5197
weighted avg       0.83      0.84      0.83      5197

Enter document ID [0..5197]=> Document id: 0
True class: 車枠・車体
Probability (車枠・車体) = 0.777189
Probability (その他) = 0.214100

Explanation of document id 0 for class 車枠・車体
('ダッシュボード', 0.5002775990007382)
('いる', 0.22231472414811965)
('ベトベト', 0.11338267571469779)
('が', 0.09383360994683997)
('して', -0.037675729225728496)
('溶けて', 0.018372872209925877)

Explanation of document id 0 for class その他
('いる', -0.1706988593307154)
('溶けて', -0.13815136481134602)
('ダッシュボード', 0.1314503514695571)
('が', -0.07112911641865582)
('ベトベト', -0.054265392559514826)
('して', 0.041451308341008124)

Enter document ID [0..5197]=> 