Start time: 2020-03-13 17:12:32.646923
(5197, 0.8368289397729459, 0.8368289397729459)
End time: 2020-03-13 17:12:34.928371
Start time: 2020-03-13 17:12:34.946344
End time: 2020-03-13 17:12:35.021920
              precision    recall  f1-score   support

        かじ取り       0.85      0.83      0.84       299
         その他       0.77      0.62      0.69       300
        エンジン       0.83      0.91      0.87      1494
        乗車装置       0.88      0.90      0.89       290
        保安灯火       0.88      0.90      0.89       363
        制動装置       0.90      0.90      0.90       477
        動力伝達       0.88      0.89      0.89       814
     排ｶﾞｽ･騒音       0.91      0.81      0.86       122
        燃料装置       0.86      0.81      0.84       232
        緩衝装置       0.80      0.79      0.80       129
       装置その他       0.00      0.00      0.00        12
        走行装置       0.77      0.80      0.78       127
       車枠・車体       0.71      0.65      0.68       323
   電動機(モーター)       0.72      0.53      0.61        34
        電気装置       0.64      0.57      0.60       177
         非装置       0.00      0.00      0.00         4

    accuracy                           0.84      5197
   macro avg       0.71      0.68      0.70      5197
weighted avg       0.83      0.84      0.83      5197

