{
  "train": "datasets/soseki/neko-word-train.txt",
  "test": "datasets/soseki/neko-word-test.txt",
  "w2v": "datasets/soseki/neko_w2v.bin",
  "batchsize": 100,
  "epoch": 100,
  "unit": 200,
  "layer": 3,
  "gpu": -1,
  "gradclip": 5,
  "out": "results/rnnlm-w2v-nstep-e100-b100",
  "resume": ""
}
2018-08-29 11:03:46,678 - main - INFO - vocabulary size: 13948
2018-08-29 11:03:46,679 - main - INFO - train data size: 8951
2018-08-29 11:03:46,679 - main - INFO - train data starts with: 主人 は 例 の 書斎 で ...
2018-08-29 11:03:46,679 - main - INFO - test  data size: 100
Initialize the embedding from word2vec model: datasets/soseki/neko_w2v.bin
/Users/haradatm/.pyenv/versions/miniconda3-latest/envs/py3/lib/python3.6/site-packages/chainer/optimizers/adam.py:111: RuntimeWarning: invalid value encountered in sqrt
  param.data -= hp.eta * (self.lr * m / (numpy.sqrt(vhat) + hp.eps) +
2018-08-29 11:13:54,818 - main - INFO - [  1] T/loss=150.217396 T/acc=0.048060 T/perp=1767.524140 T/sec= 606.075045 D/loss=100.281563 D/acc=0.069725 D/perp=461.014233 D/sec= 1.366586 lr=0.001000
SAMPLE #=> 主人は例の書斎でがするたらがかい</s>ところ、ならじゃででたら髪作っをない写っ葉それ
2018-08-29 11:24:30,421 - main - INFO - [  2] T/loss=137.089980 T/acc=0.060317 T/perp=468.271734 T/sec= 634.437452 D/loss=100.190193 D/acc=0.059327 D/perp=458.445107 D/sec= 1.165402 lr=0.001000
SAMPLE #=> 主人は例の書斎で出所と。さ横丁つまら奴。の形式がもさん取る詫び天職て不透明。と
2018-08-29 11:53:28,492 - main - INFO - [  3] T/loss=134.124857 T/acc=0.093293 T/perp=411.384862 T/sec= 1736.858220 D/loss=95.744530 D/acc=0.141284 D/perp=349.301183 D/sec= 1.213045 lr=0.001000
SAMPLE #=> 主人は例の書斎で承知あるわるかっものにとも。て</s>日大分。膝を</s></s>何。いる
2018-08-29 12:03:42,949 - main - INFO - [  4] T/loss=127.334942 T/acc=0.126268 T/perp=302.920252 T/sec= 613.256736 D/loss=91.250893 D/acc=0.164526 D/perp=265.361846 D/sec= 1.199615 lr=0.001000
SAMPLE #=> 主人は例の書斎でに這入っうかぐうぐう返事からいい。</s>、か病を馬鹿は甞も滑稽と
2018-08-29 12:14:28,224 - main - INFO - [  5] T/loss=122.007339 T/acc=0.166282 T/perp=238.204769 T/sec= 643.932843 D/loss=88.662910 D/acc=0.195719 D/perp=226.514278 D/sec= 1.341882 lr=0.001000
SAMPLE #=> 主人は例の書斎でだ主人の、しまっいますいるが次第は。てどうな。</s>得る。た
2018-08-29 12:25:13,802 - main - INFO - [  6] T/loss=118.274173 T/acc=0.183838 T/perp=201.409646 T/sec= 644.318839 D/loss=87.251671 D/acc=0.209174 D/perp=207.782868 D/sec= 1.259347 lr=0.001000
SAMPLE #=> 主人は例の書斎である。</s>とむきはおらてなかなかように大明のよう分っちまい</s>、仲居を
2018-08-29 12:35:47,944 - main - INFO - [  7] T/loss=115.724443 T/acc=0.191649 T/perp=179.715899 T/sec= 632.908150 D/loss=86.271950 D/acc=0.211009 D/perp=195.697843 D/sec= 1.234046 lr=0.001000
SAMPLE #=> 主人は例の書斎で気と、私は．と片割れそのそうかただ縁辺ののぐっと世話をある。
2018-08-29 12:46:32,217 - main - INFO - [  8] T/loss=113.608682 T/acc=0.199834 T/perp=163.470792 T/sec= 642.956523 D/loss=85.381523 D/acc=0.212844 D/perp=185.325086 D/sec= 1.316375 lr=0.001000
SAMPLE #=> 主人は例の書斎でアンドレア・デル・サルト臭ごとく笠だ以上は大分ちょうど消極いよいよ出来て、？</s>主人以上へせ
2018-08-29 12:57:07,373 - main - INFO - [  9] T/loss=111.736400 T/acc=0.208264 T/perp=150.366807 T/sec= 633.878144 D/loss=84.840561 D/acc=0.216514 D/perp=179.293680 D/sec= 1.277725 lr=0.001000
SAMPLE #=> 主人は例の書斎でうちの着せるよ用事にはおらしたらました。</s>まあ年の鉢合せで、智慧
2018-08-29 13:07:36,544 - main - INFO - [ 10] T/loss=109.990529 T/acc=0.216445 T/perp=138.962170 T/sec= 627.956130 D/loss=84.412529 D/acc=0.223242 D/perp=174.660800 D/sec= 1.214820 lr=0.001000
SAMPLE #=> 主人は例の書斎で紐に仙骨にはすが答える。</s>番茶を破壊中は彼等がこことで点
2018-08-29 13:18:08,737 - main - INFO - [ 11] T/loss=108.224263 T/acc=0.225956 T/perp=128.229621 T/sec= 630.892762 D/loss=84.077026 D/acc=0.225076 D/perp=171.113276 D/sec= 1.300787 lr=0.001000
SAMPLE #=> 主人は例の書斎で二属手段は方であるから云う畏まっなく地球で云う。</s>が迷亭のまま
2018-08-29 13:28:49,026 - main - INFO - [ 12] T/loss=106.482876 T/acc=0.235359 T/perp=118.601458 T/sec= 638.998718 D/loss=83.701462 D/acc=0.231804 D/perp=167.227550 D/sec= 1.290053 lr=0.001000
SAMPLE #=> 主人は例の書斎である。</s>主人の下ほど中が向いて云っ入れてする先生だ。</s>驚い
2018-08-29 13:39:18,098 - main - INFO - [ 13] T/loss=104.828815 T/acc=0.242199 T/perp=110.259449 T/sec= 627.906746 D/loss=83.099937 D/acc=0.228746 D/perp=161.186968 D/sec= 1.165194 lr=0.001000
SAMPLE #=> 主人は例の書斎で活動て奥から生徒に見ない心持ちに主張するしようだ片づけん。</s>着
2018-08-29 13:49:58,277 - main - INFO - [ 14] T/loss=103.175838 T/acc=0.249695 T/perp=102.241792 T/sec= 638.896728 D/loss=82.986443 D/acc=0.241590 D/perp=160.071949 D/sec= 1.282046 lr=0.001000
SAMPLE #=> 主人は例の書斎でなるば、女で食いして失敬全体のさまで競争で出来ている。</s>
2018-08-29 14:00:36,751 - main - INFO - [ 15] T/loss=101.600885 T/acc=0.256856 T/perp=95.271454 T/sec= 637.137119 D/loss=82.970329 D/acc=0.233028 D/perp=159.914273 D/sec= 1.337262 lr=0.001000
SAMPLE #=> 主人は例の書斎で漢土たる、辺を平手に持ちかけうるが思う。</s>は、せっかくでありますから
2018-08-29 14:11:12,206 - main - INFO - [ 16] T/loss=100.127780 T/acc=0.263069 T/perp=89.185578 T/sec= 634.317585 D/loss=82.829102 D/acc=0.238532 D/perp=158.538917 D/sec= 1.136983 lr=0.001000
SAMPLE #=> 主人は例の書斎でつらして、持ってどこへ描くためで障子を出来んの、八百屋としては
2018-08-29 14:21:58,869 - main - INFO - [ 17] T/loss=98.642857 T/acc=0.271919 T/perp=83.536030 T/sec= 645.522581 D/loss=82.700317 D/acc=0.237920 D/perp=157.295057 D/sec= 1.141057 lr=0.001000
SAMPLE #=> 主人は例の書斎で傍に唐縮緬の蒙りやるそう限りな顔に傾けても今の限る全く例を
2018-08-29 14:32:39,094 - main - INFO - [ 18] T/loss=97.223905 T/acc=0.278841 T/perp=78.360054 T/sec= 638.992108 D/loss=82.620575 D/acc=0.237920 D/perp=156.529764 D/sec= 1.232318 lr=0.001000
SAMPLE #=> 主人は例の書斎でも頼むところのもので今度に不平と人数的上の上子へ床し事な
2018-08-29 14:43:11,439 - main - INFO - [ 19] T/loss=95.809385 T/acc=0.286739 T/perp=73.452003 T/sec= 631.039112 D/loss=82.490723 D/acc=0.245260 D/perp=155.291522 D/sec= 1.305896 lr=0.001000
SAMPLE #=> 主人は例の書斎であっなくってはあまり見なくますにあちょっとしてしたの吹いして抱い
2018-08-29 14:53:59,026 - main - INFO - [ 20] T/loss=94.427424 T/acc=0.293775 T/perp=69.118279 T/sec= 646.360963 D/loss=82.825821 D/acc=0.246483 D/perp=158.507109 D/sec= 1.226857 lr=0.001000
SAMPLE #=> 主人は例の書斎で存する者さえやあそう、始末がつかつかて乞食な。</s>思召られた面放任を
2018-08-29 15:04:26,816 - main - INFO - [ 21] T/loss=93.152633 T/acc=0.299495 T/perp=65.255566 T/sec= 626.660243 D/loss=82.671143 D/acc=0.250153 D/perp=157.014632 D/sec= 1.129673 lr=0.001000
SAMPLE #=> 主人は例の書斎で負けするかごは分られません。</s>仕方がない。主人はいつ千頭を振りかけた
/Users/haradatm/.pyenv/versions/miniconda3-latest/envs/py3/lib/python3.6/site-packages/matplotlib/pyplot.py:537: RuntimeWarning: More than 20 figures have been opened. Figures created through the pyplot interface (`matplotlib.pyplot.figure`) are retained until explicitly closed and may consume too much memory. (To control this warning, see the rcParam `figure.max_open_warning`).
  max_open_warning, RuntimeWarning)
2018-08-29 15:15:09,094 - main - INFO - [ 22] T/loss=91.893062 T/acc=0.305885 T/perp=61.659248 T/sec= 641.022853 D/loss=83.010353 D/acc=0.255657 D/perp=160.306213 D/sec= 1.254821 lr=0.001000
SAMPLE #=> 主人は例の書斎でだの、理学沙弥さんでございましたなあ。</s>欠けたので云わない。</s>
2018-08-29 15:25:48,973 - main - INFO - [ 23] T/loss=90.600630 T/acc=0.313056 T/perp=58.159709 T/sec= 638.534113 D/loss=83.103127 D/acc=0.248318 D/perp=161.218410 D/sec= 1.345067 lr=0.001000
SAMPLE #=> 主人は例の書斎で押し倒してえらいのである。</s>迷亭まで平気だらやその上野懸けるなためを寝
2018-08-29 15:36:22,343 - main - INFO - [ 24] T/loss=89.376000 T/acc=0.319231 T/perp=55.039294 T/sec= 632.217648 D/loss=83.459656 D/acc=0.253823 D/perp=164.772560 D/sec= 1.152002 lr=0.001000
SAMPLE #=> 主人は例の書斎ですでに仰天す腹を病院から少々贋札に転化留めている。</s>日と丸を
2018-08-29 15:46:55,611 - main - INFO - [ 25] T/loss=88.230883 T/acc=0.324492 T/perp=52.313885 T/sec= 632.172685 D/loss=83.658455 D/acc=0.258104 D/perp=166.788254 D/sec= 1.095439 lr=0.001000
SAMPLE #=> 主人は例の書斎で、塀という思索も無罪放免。</s>一問題をするから、障子論を並べて我儘
2018-08-29 15:57:36,288 - main - INFO - [ 26] T/loss=87.023092 T/acc=0.331400 T/perp=49.562813 T/sec= 639.408941 D/loss=84.148170 D/acc=0.248318 D/perp=171.859467 D/sec= 1.268377 lr=0.001000
SAMPLE #=> 主人は例の書斎で優っているのは、名文が持つが手伝って食いらばここで、これらの
2018-08-29 16:08:22,883 - main - INFO - [ 27] T/loss=85.799951 T/acc=0.337570 T/perp=46.955420 T/sec= 645.419336 D/loss=84.271271 D/acc=0.254434 D/perp=173.158293 D/sec= 1.175660 lr=0.001000
SAMPLE #=> 主人は例の書斎で、例のみはボー時御馳走をたてとかえって軒端の流れた事が少し裸体は
2018-08-29 16:19:03,435 - main - INFO - [ 28] T/loss=84.671722 T/acc=0.342828 T/perp=44.583296 T/sec= 639.403479 D/loss=84.680870 D/acc=0.247095 D/perp=177.551038 D/sec= 1.148577 lr=0.001000
SAMPLE #=> 主人は例の書斎で燃える男が昼寝をされている。</s>細君は電気屋の感じではぬ
2018-08-29 16:29:45,963 - main - INFO - [ 29] T/loss=83.543257 T/acc=0.347683 T/perp=42.396349 T/sec= 641.431280 D/loss=85.298584 D/acc=0.253211 D/perp=184.387363 D/sec= 1.095841 lr=0.001000
SAMPLE #=> 主人は例の書斎で割ると劃をかかないものだ。</s>述べると何をちょっと話頭のろ、月並
2018-08-29 16:40:37,174 - main - INFO - [ 30] T/loss=82.376148 T/acc=0.354105 T/perp=40.257266 T/sec= 650.003527 D/loss=85.770409 D/acc=0.245872 D/perp=189.785892 D/sec= 1.208201 lr=0.001000
SAMPLE #=> 主人は例の書斎で拇指を立てて、落着を付いてくれたのに思っている。</s>鼻の
2018-08-29 16:51:23,147 - main - INFO - [ 31] T/loss=81.277616 T/acc=0.359943 T/perp=38.276917 T/sec= 644.814463 D/loss=85.984306 D/acc=0.253211 D/perp=192.285064 D/sec= 1.158200 lr=0.001000
SAMPLE #=> 主人は例の書斎で住居は喚起じ密着に擦り付けていやに致しさえ返して、首尾両君まで主人の一端
2018-08-29 17:01:57,248 - main - INFO - [ 32] T/loss=80.156120 T/acc=0.364622 T/perp=36.428093 T/sec= 632.787556 D/loss=86.564941 D/acc=0.248930 D/perp=199.236354 D/sec= 1.313894 lr=0.001000
SAMPLE #=> 主人は例の書斎で、ボー経っているものの同くらいが十中八九のどうせず苦しいかえって何もあります
2018-08-29 17:12:37,857 - main - INFO - [ 33] T/loss=79.012877 T/acc=0.370125 T/perp=34.585961 T/sec= 639.336435 D/loss=87.058609 D/acc=0.245872 D/perp=205.343783 D/sec= 1.271875 lr=0.001000
SAMPLE #=> 主人は例の書斎で属して寝る。</s>書物を吹くのが心持をするんだとまだ、下るじゃ
2018-08-29 17:23:27,149 - main - INFO - [ 34] T/loss=77.887251 T/acc=0.374721 T/perp=32.893298 T/sec= 648.196565 D/loss=87.381531 D/acc=0.248318 D/perp=209.439755 D/sec= 1.095591 lr=0.001000
SAMPLE #=> 主人は例の書斎で、胃のまま磨きする引きと心得ている。</s>眼を見て見ると、
2018-08-29 17:34:08,590 - main - INFO - [ 35] T/loss=76.830997 T/acc=0.379406 T/perp=31.381521 T/sec= 640.096563 D/loss=87.805435 D/acc=0.245872 D/perp=214.940879 D/sec= 1.344913 lr=0.001000
SAMPLE #=> 主人は例の書斎で奉天で、ことになり婦人に間にやる。</s>影響の事にも少し逢った
2018-08-29 17:45:25,012 - main - INFO - [ 36] T/loss=75.710341 T/acc=0.384611 T/perp=29.851102 T/sec= 675.106543 D/loss=88.282928 D/acc=0.247095 D/perp=221.310676 D/sec= 1.315580 lr=0.001000
SAMPLE #=> 主人は例の書斎で、正気堅気のみ、ついとらして箸を求めて固守の狂いばかりのには剰
2018-08-29 17:54:58,961 - main - INFO - [ 37] T/loss=74.655704 T/acc=0.389220 T/perp=28.433044 T/sec= 572.822271 D/loss=88.424606 D/acc=0.256269 D/perp=223.236736 D/sec= 1.126689 lr=0.001000
SAMPLE #=> 主人は例の書斎で這入ってしまった。</s>書斎へ這入って見る。</s>主人と出るのさ。</s>
2018-08-29 18:04:30,077 - main - INFO - [ 38] T/loss=73.540371 T/acc=0.394647 T/perp=27.053705 T/sec= 569.973785 D/loss=89.506462 D/acc=0.249541 D/perp=238.507642 D/sec= 1.142089 lr=0.001000
SAMPLE #=> 主人は例の書斎で顔であるの将軍家はのご舌を口に瞞着するように思わんと云う
2018-08-29 18:13:59,284 - main - INFO - [ 39] T/loss=72.527797 T/acc=0.399745 T/perp=25.853221 T/sec= 568.080129 D/loss=90.168106 D/acc=0.248930 D/perp=248.357409 D/sec= 1.126849 lr=0.001000
SAMPLE #=> 主人は例の書斎で生える人が首をしゃべらする時には、先生に来たのである。</s>
2018-08-29 18:22:11,714 - main - INFO - [ 40] T/loss=71.456541 T/acc=0.404358 T/perp=24.640675 T/sec= 491.423606 D/loss=90.716446 D/acc=0.246483 D/perp=256.827969 D/sec= 1.005905 lr=0.001000
SAMPLE #=> 主人は例の書斎で肝黒いのがある。</s>返事をすかです。</s>縮緬の黒が画で
2018-08-29 18:30:31,587 - main - INFO - [ 41] T/loss=70.475019 T/acc=0.408763 T/perp=23.598362 T/sec= 498.938612 D/loss=90.952011 D/acc=0.246483 D/perp=260.555043 D/sec= 0.935111 lr=0.001000
SAMPLE #=> 主人は例の書斎でつけ込んである。</s>鼻の中などに皮膚について身分の同類と申して穴も
2018-08-29 18:38:08,208 - main - INFO - [ 42] T/loss=69.452982 T/acc=0.413497 T/perp=22.527502 T/sec= 455.727778 D/loss=90.774330 D/acc=0.248318 D/perp=257.738833 D/sec= 0.893030 lr=0.001000
SAMPLE #=> 主人は例の書斎で、横にくるから、象牙の哀願て陣地を申し立てた。</s>そうな一娘
2018-08-29 18:45:37,481 - main - INFO - [ 43] T/loss=68.472916 T/acc=0.418925 T/perp=21.568955 T/sec= 448.301496 D/loss=91.389969 D/acc=0.253211 D/perp=267.628692 D/sec= 0.971111 lr=0.001000
SAMPLE #=> 主人は例の書斎で一本懸想を見廻すと蹴ながら例の横に日雇、その手のかがやいている
2018-08-29 18:53:09,607 - main - INFO - [ 44] T/loss=67.437268 T/acc=0.425214 T/perp=20.589805 T/sec= 451.154870 D/loss=92.405525 D/acc=0.247706 D/perp=284.779182 D/sec= 0.971030 lr=0.001000
SAMPLE #=> 主人は例の書斎で、今揃をなりられて細君に主人の沙汰である。</s>非と腹布
2018-08-29 19:00:46,308 - main - INFO - [ 45] T/loss=66.497562 T/acc=0.430094 T/perp=19.739537 T/sec= 455.721494 D/loss=93.078270 D/acc=0.248930 D/perp=296.741250 D/sec= 0.979407 lr=0.001000
SAMPLE #=> 主人は例の書斎でちょっと大事で、煮歌って参りました間もなく結婚に去る間起源は寒月君の
2018-08-29 19:08:22,505 - main - INFO - [ 46] T/loss=65.536115 T/acc=0.436461 T/perp=18.898254 T/sec= 455.280755 D/loss=93.313705 D/acc=0.247095 D/perp=301.045156 D/sec= 0.916392 lr=0.001000
SAMPLE #=> 主人は例の書斎で腰ばかりの朝日妻君は写真を頂戴ながら秩序のなく受けるのを屑、袂の
2018-08-29 19:16:02,018 - main - INFO - [ 47] T/loss=64.605134 T/acc=0.441502 T/perp=18.123820 T/sec= 458.572373 D/loss=94.191803 D/acc=0.245872 D/perp=317.655208 D/sec= 0.941281 lr=0.001000
SAMPLE #=> 主人は例の書斎で大きな毛布を一本食み出している体裁がある。</s>忠告を挟むとき中の主宰を
2018-08-29 19:24:17,234 - main - INFO - [ 48] T/loss=63.663035 T/acc=0.448026 T/perp=17.375901 T/sec= 494.175406 D/loss=94.767929 D/acc=0.239144 D/perp=329.047992 D/sec= 1.039960 lr=0.001000
SAMPLE #=> 主人は例の書斎でせっかくの酒屋とよると奥さん乗せましたが、何だかさあ御腹を引かせるい
2018-08-29 19:32:38,258 - main - INFO - [ 49] T/loss=62.772043 T/acc=0.454075 T/perp=16.701647 T/sec= 499.997757 D/loss=95.088875 D/acc=0.243425 D/perp=335.570921 D/sec= 1.026025 lr=0.001000
SAMPLE #=> 主人は例の書斎で、実際菓子寡だところに、下女を食う血気術を突飛か、取り出した時
2018-08-29 19:40:54,749 - main - INFO - [ 50] T/loss=61.865465 T/acc=0.459807 T/perp=16.047550 T/sec= 495.462207 D/loss=95.928185 D/acc=0.245260 D/perp=353.246901 D/sec= 1.028837 lr=0.001000
SAMPLE #=> 主人は例の書斎で、縄の乗る谷を入るごとくこの舌を洩るには通じない。</s>民さん
2018-08-29 19:49:12,230 - main - INFO - [ 51] T/loss=61.016647 T/acc=0.465445 T/perp=15.452812 T/sec= 496.423861 D/loss=96.629196 D/acc=0.241590 D/perp=368.721855 D/sec= 1.057208 lr=0.001000
SAMPLE #=> 主人は例の書斎で当寸の間も隠れている縄を煩わしつけたので見えたら、また怒る
2018-08-29 20:00:42,635 - main - INFO - [ 52] T/loss=60.134243 T/acc=0.471819 T/perp=14.832258 T/sec= 689.093515 D/loss=97.371719 D/acc=0.240979 D/perp=385.853144 D/sec= 1.311846 lr=0.001000
SAMPLE #=> 主人は例の書斎で独仙の紋付とちょっとむっとしたような風体に至る言葉修養してくれろと
2018-08-29 21:39:08,698 - main - INFO - [ 53] T/loss=59.266583 T/acc=0.477774 T/perp=14.272633 T/sec= 773.387932 D/loss=97.153404 D/acc=0.248318 D/perp=380.735243 D/sec= 5132.675146 lr=0.001000
SAMPLE #=> 主人は例の書斎で何を引く。</s>三日材料と返事をしないところが判然喰って主人の
2018-08-29 21:48:58,382 - main - INFO - [ 54] T/loss=58.389089 T/acc=0.484602 T/perp=13.727421 T/sec= 588.482241 D/loss=98.622520 D/acc=0.250153 D/perp=416.529979 D/sec= 1.201733 lr=0.001000
SAMPLE #=> 主人は例の書斎でその度、洞返りに直した。</s>ように考えたのでございましたよ
2018-08-29 21:59:10,143 - main - INFO - [ 55] T/loss=57.531458 T/acc=0.491129 T/perp=13.202220 T/sec= 610.315446 D/loss=99.444687 D/acc=0.234862 D/perp=438.010922 D/sec= 1.445570 lr=0.001000
SAMPLE #=> 主人は例の書斎では固より納戸の大半唇から力石のように気を合せるような心であった
2018-08-29 22:11:33,151 - main - INFO - [ 56] T/loss=56.725332 T/acc=0.495950 T/perp=12.733279 T/sec= 741.685543 D/loss=99.659317 D/acc=0.236086 D/perp=443.798696 D/sec= 1.322004 lr=0.001000
SAMPLE #=> 主人は例の書斎で、我からと茶の間から転がってわると云う奴は台所へ帰って見る。</s>哲学者
2018-08-29 22:22:25,944 - main - INFO - [ 57] T/loss=55.902049 T/acc=0.501322 T/perp=12.277771 T/sec= 651.122328 D/loss=100.223282 D/acc=0.238532 D/perp=459.373835 D/sec= 1.671262 lr=0.001000
SAMPLE #=> 主人は例の書斎で、かく後架手を振い落して、はなはだ後者を照らしらるるさ、教育は決してい
2018-08-29 22:35:23,114 - main - INFO - [ 58] T/loss=55.143311 T/acc=0.508207 T/perp=11.860173 T/sec= 775.550860 D/loss=101.099480 D/acc=0.240367 D/perp=484.663296 D/sec= 1.619290 lr=0.001000
SAMPLE #=> 主人は例の書斎で何を聞いた。</s>新たに仕付をし、結論の神だけ眉の先に
2018-08-29 22:48:23,013 - main - INFO - [ 59] T/loss=54.369642 T/acc=0.513541 T/perp=11.463236 T/sec= 777.988123 D/loss=101.164169 D/acc=0.242202 D/perp=486.584690 D/sec= 1.910497 lr=0.001000
SAMPLE #=> 主人は例の書斎で梧桐に胸が粛然と端坐して見るのだと見える。</s>嬉し方が、
2018-08-29 23:02:23,764 - main - INFO - [ 60] T/loss=53.642838 T/acc=0.518877 T/perp=11.098520 T/sec= 838.950143 D/loss=101.741776 D/acc=0.237309 D/perp=504.081804 D/sec= 1.801247 lr=0.001000
SAMPLE #=> 主人は例の書斎でしばらく不足に引き籠っても、大きな武妙な真似をしましたから、君
2018-08-29 23:17:43,168 - main - INFO - [ 61] T/loss=52.827755 T/acc=0.525437 T/perp=10.699891 T/sec= 917.527892 D/loss=102.725838 D/acc=0.239755 D/perp=535.352738 D/sec= 1.875953 lr=0.001000
SAMPLE #=> 主人は例の書斎で昼寝をしている。</s>生存らしくない事。いや今度は女ぎりなるべく五百頃
2018-08-29 23:33:08,025 - main - INFO - [ 62] T/loss=52.076138 T/acc=0.530699 T/perp=10.335749 T/sec= 922.830260 D/loss=103.210190 D/acc=0.236086 D/perp=551.449263 D/sec= 2.026166 lr=0.001000
SAMPLE #=> 主人は例の書斎で妻君がとうとう出して、下女の優勢な事を幾人ばかりにす訳というの
2018-08-29 23:48:44,366 - main - INFO - [ 63] T/loss=51.345373 T/acc=0.536420 T/perp=10.013750 T/sec= 934.112688 D/loss=104.160934 D/acc=0.238532 D/perp=584.466435 D/sec= 2.228080 lr=0.001000
SAMPLE #=> 主人は例の書斎で、薄暗く眺めているように思われる。</s>主人が欠点を並べている。</s>
2018-08-30 00:05:17,962 - main - INFO - [ 64] T/loss=50.589314 T/acc=0.541637 T/perp=9.678076 T/sec= 991.574489 D/loss=104.224236 D/acc=0.239755 D/perp=586.733657 D/sec= 2.022239 lr=0.001000
SAMPLE #=> 主人は例の書斎で、ことに頼んな男の前へいるまで足が出てくれると云う観念がない
2018-08-30 00:22:35,323 - main - INFO - [ 65] T/loss=49.919316 T/acc=0.547072 T/perp=9.379378 T/sec= 1035.324605 D/loss=105.643555 D/acc=0.228135 D/perp=639.943244 D/sec= 2.036107 lr=0.001000
SAMPLE #=> 主人は例の書斎でこの響をして妙な声を出していると、困っただけだから、
2018-08-30 00:39:40,756 - main - INFO - [ 66] T/loss=49.180455 T/acc=0.552765 T/perp=9.077482 T/sec= 1023.358689 D/loss=105.355988 D/acc=0.240979 D/perp=628.786196 D/sec= 2.074697 lr=0.001000
SAMPLE #=> 主人は例の書斎で何となったがヤ、どうも偏屈作りられ、六二眼の音を出す。
2018-08-30 00:56:39,564 - main - INFO - [ 67] T/loss=48.518518 T/acc=0.556609 T/perp=8.821527 T/sec= 1016.641145 D/loss=106.622116 D/acc=0.234251 D/perp=679.413783 D/sec= 2.166827 lr=0.001000
SAMPLE #=> 主人は例の書斎でも主人は大声心の体の体で——地震でも思わっし総遍くらいする
2018-08-30 01:14:05,851 - main - INFO - [ 68] T/loss=47.840678 T/acc=0.562116 T/perp=8.562132 T/sec= 1044.125470 D/loss=107.002411 D/acc=0.231193 D/perp=695.401908 D/sec= 2.161181 lr=0.001000
SAMPLE #=> 主人は例の書斎で第二柔から、四つ八杯の御記憶をことごとく鹿下ろしている訳を忘れ
2018-08-30 01:30:48,305 - main - INFO - [ 69] T/loss=47.139890 T/acc=0.567935 T/perp=8.290628 T/sec= 1000.269292 D/loss=107.373474 D/acc=0.239755 D/perp=711.364503 D/sec= 2.184748 lr=0.001000
SAMPLE #=> 主人は例の書斎で、鼻の角はひらりと返事をして箒と下落したり稚気を裂きべき
2018-08-30 01:46:22,535 - main - INFO - [ 70] T/loss=46.534390 T/acc=0.572198 T/perp=8.069643 T/sec= 932.333218 D/loss=108.538513 D/acc=0.231804 D/perp=763.903272 D/sec= 1.896945 lr=0.001000
SAMPLE #=> 主人は例の書斎でこの諸さんの顔をよく煮て見て、平気な結果である。</s>恐縮
2018-08-30 02:01:53,470 - main - INFO - [ 71] T/loss=45.926228 T/acc=0.576897 T/perp=7.849569 T/sec= 928.951924 D/loss=109.524353 D/acc=0.228746 D/perp=811.380557 D/sec= 1.983168 lr=0.001000
SAMPLE #=> 主人は例の書斎で肝気を半ばす体だと無理に取り掛るもの、膝の下へ出て見る
2018-08-30 02:17:36,213 - main - INFO - [ 72] T/loss=45.364614 T/acc=0.581069 T/perp=7.653600 T/sec= 940.829246 D/loss=109.689667 D/acc=0.227523 D/perp=819.625984 D/sec= 1.913948 lr=0.001000
SAMPLE #=> 主人は例の書斎で、坊ばの身の方に躍り出したから、折々応じ主人がここから見
2018-08-30 02:33:22,160 - main - INFO - [ 73] T/loss=44.734330 T/acc=0.585780 T/perp=7.436350 T/sec= 944.246862 D/loss=110.118103 D/acc=0.232416 D/perp=841.387381 D/sec= 1.699620 lr=0.001000
SAMPLE #=> 主人は例の書斎でその腸がぴたりと雲助と未だに気が受けると云うのは雑魚が直させざる
2018-08-30 02:48:47,621 - main - INFO - [ 74] T/loss=44.111612 T/acc=0.591305 T/perp=7.232936 T/sec= 923.452939 D/loss=111.042267 D/acc=0.228135 D/perp=890.315553 D/sec= 2.008598 lr=0.001000
SAMPLE #=> 主人は例の書斎で大に固形一物を境立て今日の名医の中を自分の有名になるものか
2018-08-30 03:04:18,729 - main - INFO - [ 75] T/loss=43.499742 T/acc=0.596175 T/perp=7.042033 T/sec= 929.198309 D/loss=112.360199 D/acc=0.222018 D/perp=965.053387 D/sec= 1.909557 lr=0.001000
SAMPLE #=> 主人は例の書斎で針箱の開くようなかたに及んな迷亭先生の眼が入った。</s>本人も
2018-08-30 03:19:52,685 - main - INFO - [ 76] T/loss=42.968584 T/acc=0.600408 T/perp=6.873790 T/sec= 932.124135 D/loss=111.913544 D/acc=0.228135 D/perp=939.046556 D/sec= 1.831667 lr=0.001000
SAMPLE #=> 主人は例の書斎で、新奇な事である。</s>てくらいだという事だけに相談さえやる。</s>
2018-08-30 03:35:41,889 - main - INFO - [ 77] T/loss=42.408391 T/acc=0.605152 T/perp=6.705604 T/sec= 947.515968 D/loss=112.572174 D/acc=0.233639 D/perp=977.646606 D/sec= 1.687750 lr=0.001000
SAMPLE #=> 主人は例の書斎で急に帰省して帳場やあ。あいていたところである。</s>主人は二
2018-08-30 03:51:34,000 - main - INFO - [ 78] T/loss=41.808590 T/acc=0.609049 T/perp=6.533873 T/sec= 950.026701 D/loss=113.818359 D/acc=0.222018 D/perp=1055.075435 D/sec= 2.084163 lr=0.001000
SAMPLE #=> 主人は例の書斎で雑煮祭りをやりしているんだから首輪の新しいだけをせんのに拝見し
2018-08-30 04:07:17,869 - main - INFO - [ 79] T/loss=41.313332 T/acc=0.612506 T/perp=6.386932 T/sec= 942.074376 D/loss=114.474922 D/acc=0.222630 D/perp=1098.306023 D/sec= 1.795314 lr=0.001000
SAMPLE #=> 主人は例の書斎で枕を這い出すと主人が這入る。</s>としてで筆を叮嚀に任せる。</s>椽側の
2018-08-30 04:23:07,090 - main - INFO - [ 80] T/loss=40.741643 T/acc=0.616769 T/perp=6.220736 T/sec= 947.386993 D/loss=115.073471 D/acc=0.214679 D/perp=1139.258381 D/sec= 1.833174 lr=0.001000
SAMPLE #=> 主人は例の書斎で天気のジャムを両手まであいて馳中、大きな沼こそ、暗あってくしゃくしゃと
2018-08-30 04:38:36,498 - main - INFO - [ 81] T/loss=40.228820 T/acc=0.621528 T/perp=6.078535 T/sec= 927.221952 D/loss=115.812889 D/acc=0.222018 D/perp=1191.963387 D/sec= 2.186916 lr=0.001000
SAMPLE #=> 主人は例の書斎で評の金銭の額がこっちのごとく廻わしているが、化物よりも少し怒り
2018-08-30 04:54:04,326 - main - INFO - [ 82] T/loss=39.672621 T/acc=0.626444 T/perp=5.937314 T/sec= 926.016673 D/loss=115.604210 D/acc=0.222630 D/perp=1176.846730 D/sec= 1.810547 lr=0.001000
SAMPLE #=> 主人は例の書斎で、土手三番町の、姉からこの杉入口の中へ来て一人ばかりふるえいた灯
2018-08-30 05:08:51,775 - main - INFO - [ 83] T/loss=39.221358 T/acc=0.630619 T/perp=5.815009 T/sec= 885.840758 D/loss=117.019531 D/acc=0.222630 D/perp=1283.258563 D/sec= 1.608150 lr=0.001000
SAMPLE #=> 主人は例の書斎で評を向けたところである。</s>そんな事が出来なかったんだからね。
2018-08-30 05:21:37,892 - main - INFO - [ 84] T/loss=38.759697 T/acc=0.633779 T/perp=5.693545 T/sec= 764.323141 D/loss=117.791855 D/acc=0.218960 D/perp=1345.330239 D/sec= 1.794270 lr=0.001000
SAMPLE #=> 主人は例の書斎でその声が出てくる立ちと見えるが、例の神国から胸を流れて頂戴
2018-08-30 05:34:37,267 - main - INFO - [ 85] T/loss=38.287057 T/acc=0.636391 T/perp=5.578354 T/sec= 778.057038 D/loss=118.765434 D/acc=0.219572 D/perp=1427.872615 D/sec= 1.317788 lr=0.001000
SAMPLE #=> 主人は例の書斎で、ほのかに牛込の上へ寝て奥さん、なに人が始めて下さい。</s>伺っ
2018-08-30 06:57:45,760 - main - INFO - [ 86] T/loss=37.759451 T/acc=0.641847 T/perp=5.443304 T/sec= 4987.368311 D/loss=118.799187 D/acc=0.217737 D/perp=1430.823316 D/sec= 1.124877 lr=0.001000
SAMPLE #=> 主人は例の書斎で、兄の価値は生えているのか、此哲学者と思って謹聴しておっ
2018-08-30 07:06:31,333 - main - INFO - [ 87] T/loss=37.306773 T/acc=0.646078 T/perp=5.327505 T/sec= 524.497454 D/loss=119.414513 D/acc=0.217125 D/perp=1485.697914 D/sec= 1.075470 lr=0.001000
SAMPLE #=> 主人は例の書斎で後架から呼ばれたような。</s>述べ立てるはずがないと云いながら寒月先生。
2018-08-30 07:15:37,326 - main - INFO - [ 88] T/loss=36.805274 T/acc=0.648866 T/perp=5.216041 T/sec= 544.446391 D/loss=120.272751 D/acc=0.220183 D/perp=1565.767739 D/sec= 1.547168 lr=0.001000
SAMPLE #=> 主人は例の書斎で挨拶をする。</s>まずと平気なものの、迷亭先生君代向気が出して
2018-08-30 07:24:34,651 - main - INFO - [ 89] T/loss=36.438463 T/acc=0.651684 T/perp=5.132132 T/sec= 536.326956 D/loss=120.530899 D/acc=0.217737 D/perp=1590.685654 D/sec= 0.997450 lr=0.001000
SAMPLE #=> 主人は例の書斎で空間を据えたので——どうも疝気に出来たくなった。</s>上品なるごとく、
2018-08-30 07:33:46,195 - main - INFO - [ 90] T/loss=35.961159 T/acc=0.657160 T/perp=5.019468 T/sec= 550.273123 D/loss=120.822868 D/acc=0.223242 D/perp=1619.346385 D/sec= 1.270615 lr=0.001000
SAMPLE #=> 主人は例の書斎で下女が胸が印刷をして引き下がった。</s>迷亭は悠然と口の巻煙草の顔
2018-08-30 07:43:24,334 - main - INFO - [ 91] T/loss=35.464101 T/acc=0.660666 T/perp=4.909479 T/sec= 577.003016 D/loss=121.617378 D/acc=0.222630 D/perp=1699.979987 D/sec= 1.136601 lr=0.001000
SAMPLE #=> 主人は例の書斎で指を押しやりながら何の、今度は風呂梃高いわっと珠の延びて寒月君で
2018-08-30 07:53:14,572 - main - INFO - [ 92] T/loss=35.144685 T/acc=0.663269 T/perp=4.843501 T/sec= 589.145701 D/loss=122.794434 D/acc=0.214679 D/perp=1826.876416 D/sec= 1.092399 lr=0.001000
SAMPLE #=> 主人は例の書斎で大きな声を見つめていると同時に大重きで一生懸命に出現していたに相違
2018-08-30 08:02:32,781 - main - INFO - [ 93] T/loss=34.707462 T/acc=0.666291 T/perp=4.752005 T/sec= 557.007494 D/loss=122.965698 D/acc=0.218349 D/perp=1846.113344 D/sec= 1.201147 lr=0.001000
SAMPLE #=> 主人は例の書斎で、小坊主が神田の通りはない。</s>示す権利はないので、今初の念
2018-08-30 08:12:10,579 - main - INFO - [ 94] T/loss=34.196277 T/acc=0.670465 T/perp=4.638458 T/sec= 576.597983 D/loss=123.711288 D/acc=0.214679 D/perp=1932.248560 D/sec= 1.199910 lr=0.001000
SAMPLE #=> 主人は例の書斎で再び拱手して机を地面に釣るのみ、おかしくならない。</s>返事をして
2018-08-30 08:21:20,208 - main - INFO - [ 95] T/loss=33.809694 T/acc=0.673770 T/perp=4.561379 T/sec= 548.612579 D/loss=124.698784 D/acc=0.209786 D/perp=2052.547399 D/sec= 1.016769 lr=0.001000
SAMPLE #=> 主人は例の書斎で天気の何か内々を切ったんで思いたら寒月君は、落ちついて寒月君に
2018-08-30 08:30:39,057 - main - INFO - [ 96] T/loss=33.392890 T/acc=0.678304 T/perp=4.475351 T/sec= 557.692570 D/loss=124.406982 D/acc=0.214067 D/perp=2016.240163 D/sec= 1.155719 lr=0.001000
SAMPLE #=> 主人は例の書斎で手を向いたらしい。</s>先へ顔をもたしてくれる、迷亭流と云って
2018-08-30 08:40:07,814 - main - INFO - [ 97] T/loss=33.089363 T/acc=0.681077 T/perp=4.414233 T/sec= 567.499401 D/loss=125.149483 D/acc=0.215291 D/perp=2109.914308 D/sec= 1.257831 lr=0.001000
SAMPLE #=> 主人は例の書斎で人声がする。</s>考え込んでいた。</s>人を迷惑にしられるので無礼
2018-08-30 08:49:35,580 - main - INFO - [ 98] T/loss=32.659565 T/acc=0.684613 T/perp=4.331151 T/sec= 566.574920 D/loss=126.017296 D/acc=0.215902 D/perp=2224.928074 D/sec= 1.190917 lr=0.001000
SAMPLE #=> 主人は例の書斎で、ご白粉の影を二つで、学問をしてしかるとしてごときの中に圧し
2018-08-30 08:59:14,481 - main - INFO - [ 99] T/loss=32.335080 T/acc=0.686053 T/perp=4.270385 T/sec= 577.664773 D/loss=125.976677 D/acc=0.209786 D/perp=2219.407465 D/sec= 1.236926 lr=0.001000
SAMPLE #=> 主人は例の書斎でその構え上り、台所の傍へ坐廻付けておった。</s>歯が顔くば
2018-08-30 09:08:37,407 - main - INFO - [100] T/loss=31.886349 T/acc=0.690738 T/perp=4.185218 T/sec= 561.818781 D/loss=127.326591 D/acc=0.212844 D/perp=2410.426815 D/sec= 1.106925 lr=0.001000
SAMPLE #=> 主人は例の書斎で胡坐を前へ通う時のような事を見て、したり顔に捨てます。</s>
loading early stopped-model at epoch 19
主人は例の書斎で見ているんだぜ。
どうも吠え棒を食って、知って大きな方を利かしてない付きで、生える記をもったこちら控え挟むようといて寝るそうだ。と聞く事が笑う。
人間が妻君は言った。う。
細君に、極めて一方なちょっと保険の前をした以上は聞きん胃病は幸い日本が何まではも云う男だが、当人の相談を甥のその後請求中な大と欧州をやる事にする。
かな御分といいから、分ると決して金剛石絞めるに聞いていたん。綯っ見て見る。
方へ於て坐って、彼等外に残りない俳諧※梃をくはとしてそうならない。そりゃ寒月はやはりするとどうも主人なって少し奥の裏に対して洒落れた昏睡の前に出来るともまだ狭いと在りておけば、やがて狭いと好きと邪魔を出勤してやらず。と引き返す全く半日を三口中子が分らましたものとかいやとあったあとは早い台所食ってまた下女が御仲働きな。
困りはかつ僕で全く苦しいのに。う。
笑った事もやるところの声から携えて細君に怒って、大変格子の心配を施した。
到底はにやにや、迷亭の上を聞かさせるのなどを空地議論を瞥見する。
顔を急の様を共同するば女の子な顔をに忘れたろう。
三牛ようと何で西洋人から聞く。
迷亭——まず小さいのを開いて見て沢庵するののようなどばかり便利な取りついたと聞いている事の書生がないから。といてままなんの顔を行っうけれども寒月には人物もどうも、、先から何の舌にするからと窮屈を了られました。
時衛門を分出ざるの愛国心に煮て欄干の食み出してぐうぐう美術よそう、至っては運命をとくせありんがしきりにもう今日の三平が落ちついている必要な調子から行って曖昧の通じます。
響で見せる、客で知れない。
主人のあとにもまだすでに寝床をなると振を出して、もしひと猫を免したようから出ている——動いていると襖を心持ち度起臥している。
御国君に合や白状する事に、、駄目という。
途中の顔を坐ると思う。
主人を親類乙などの突たる研究をいれ極楽方をしょうと返事が来ますと思って、まるで集めて近々のばかり健全に一本りないと駄目なら妾てまでします。と一向喰わません。
僕が顔をして来ます。
、これの通りだの人で、云っていて感心した者だ。
それでもまた主人の頭をどうしている。
きっと変らぬので、大からほかを考えているのです。
一体すぐならますので。とまあそんなこんなに毬を攫んだろうと書斎なんか聞えて見ました。と迷亭は、野蛮一応あんなにとったが嫁はあるものなんて御そんなな。
駄目なとうとう御とうとうばかりは云うのだそうだ。と案へ切って吾代りの威光と這入ってくれないもの——何でしまう。
目そうを利しようです。
そう希望し始めては五体とこの捲き字くらい、弱った。
おり君の何とも云う洋服を頭に存して、ットくらいがいびつを一期顔色を袷を番茶のごとく普通の明瞭を弥生に隠れて御雇う全く？
十さんとよく同人なる来てうりしか。
細君だとあるからいつでもしまうのからもう少しも付ける屋の事や少し比較する、ばかりだ御用だけか、名前な顔をわすと当り前でいる事は云うせないは急君の声をききするわいが。
主人を探偵してどうも思いれます。
主人になりましたわ。
主人が動かされますまいくら。とこの．奇観だから主人は○個の妹が聞き分ける。
にして着いたが、主人を易十打算を使い分けうのが共同したので、武稽古して候か、戸棚になる声を通してポッケットの生徒をいるのにあいた。
ついする。
消極的は風上を力学の勢の結果と云う時を二よく必ず這入る事にふり出して困りますから、苦士は感心した。
今度はまた猿にも迷惑したの否気がざるで、分りやって見ると御どこ君休養の製造を出す。
居が書斎栄行って絞主人を麓本をぶら下がって来たのみはないな。
主人の遊廓だとおっしゃるようもそのらしは仲居なども云い賞の長坂中の上のなかにおいて天秤棒に抜けるから、共に傘を奏しり構わ土手三番町役独な猫に人さし指になると元々でですです。
ちに事実の通り交際を出来ている。
、主人を心得ている。
人を名をして隧道を始めなかっう。
すでに今時議論の罪という事なら鼻毛が出来偏狭も、休心られて行く度だの覚を世界一裏の了ききしたようなぶくぶく、着物をするままは驚た。
猿をこしらえた。
迷亭をは分らあると見える。
直ちにちょっと鼻君の方はも引窓を入れると、随分員を極めたらしい。
主人で信じているようでも答えない。と迷亭のものでは分らん。
妙君などは越後べしから、からかわせる顔は繰り返したじゃない。
迷亭へ来ながらし出来たもんだ。
主人を髯があいて、人間に起して十時中へ向ったんで、相談が上る。
ものです。
ただにちょっと毒気にやっている。
三様なところは本当に家中這のかくへこれに寝ては。
枉げますか。
君が傭うの洋書を近頃は捻って東京へ縄を遊びのむしろ参りせる。
そこが寒月には、寸断度八敬い大事件を主人を廻して思わざる骨が起るん、これ覚えしたののみだったから、あなたです。
声を出して出たと思いん。
寒月君が伊藤博文を吹く。
しずかが見ては陰同士なさまに関する。
いません。とぶらりとわる。
たかいかもない。
大子は知らん。
大鵬も東風の質問を否定しているとまた賢人を開いて、迷亭の謙遜の声を降りるつもりである。
主人を生じて珠へ申し込んに聞いて入ってここをしたのだよ。
縄張は名文を覗きかけて大丈夫と見えたら、ちとあまりどうせえと僕が御団扇を借りてやる所に与自ら製造にして見るとそれを順序の人をするとある。
主人が自他の危うきんだわ。
主人にそれににやにや雅に読むようだろうと云う事ぎれでたから、いやが逃からないから何か、差支え帰ってしまっます。
主人をきると、そうして度の十で男女と葉には暗になさって貰いられおり食って見せるそうがない。
小供から前足をあかんべえの質を飲め一影であろう。と御主人はこの枚について留まってわたしをいつの迂娘には、三了往来へ醜態も這うに誰が連ねながら社会ば主人はどう、一体ありあるいている。
あなたを振りな。
そんな第一流を生れたあね。と寝たんだ。しかし寒月を見たと全くいわゆる午前あれためは心的判然の先鋒をした事を云う。
眼を逃げてしまったん、もしや悪遍る。
第すぐにてせり出して論定しぬので死骸をかく事を云うぞ。と云う．ごとく分りていた事とはせよません。と鼻で極声の主張して、兼ねて動かます。
主人にズボンの半面を悪い勾配なようは聞かんだってしまうが、引っ掻いろ自分の後へ来て、文章に取って主人の考えているば云って、医学猫が聞く東風ですから聞いても買わずな事はむるところであろう、吾輩を恐れ入っていなかったと教えた。
寒月ばかりであると云って私の顔をつけた事だ。
用は対でも何を上って見て来た。
主人はつく尼だには、逢わながられると
主人な馬鹿である。
遅くあ。と。
焼いたが、人情としてすんで困りつづけ姥子の一決を至る。
すむからと玄妙八月並と呑気が云うまし失礼がないと必ずなおみんなこそどう困りた。
青磁と至極出さんだろう。
今度は迷亭やら私を仙人以上鑑定なるのとような、ほかであなたを逃げ込むと相違ず、その一遍尊敬と間に合うと実をかけられたようであるの？
と細君か君妙が妙。
主人は己ながらさやいなや、それはようやく手のひらを与える。
棒に味色と見えて細君になって、みんな皿羽織に一くらい譚
2018-08-30 09:09:15,689 - main - INFO - time spent: 79545.055571 sec

