{
  "gpu": 0,
  "batchsize": 16,
  "learnrate": 5e-05,
  "weightdecay": 0.01,
  "epoch": 30,
  "train": "datasets/eng.train.bioes",
  "test": "datasets/eng.testb.bioes",
  "init_checkpoint": "../../BERT/uncased_L-12_H-768_A-12/arrays_bert_model.ckpt.npz",
  "bert_config_file": "../../BERT/uncased_L-12_H-768_A-12/bert_config.json",
  "vocab_file": "../../BERT/uncased_L-12_H-768_A-12/vocab.txt",
  "out": "results_ner-4-crf",
  "max_eval": 1000,
  "resume": "",
  "start_epoch": 1,
  "crf": true,
  "noplot": false
}

2019-08-13 02:43:34,698 - load_data - INFO - Loading dataset ... done.
2019-08-13 02:43:36,154 - load_data - INFO - Loading dataset ... done.
# train: 14986, test: 3683, class: 20
# vocab: 30522
2019-08-13 02:54:53,982 - main - INFO - [  1] T/loss=0.968978 T/f1=0.815481 T/acc=0.961335 T/sec= 611.611175 D/loss=0.640759 D/f1=0.876779 D/acc=0.973406 D/sec= 36.778193 lr=0.779989 eta=0.000050
saving early-stopped model (loss) at epoch 1
saving early-stopped model (f1) at epoch 1
2019-08-13 03:07:33,780 - main - INFO - [  2] T/loss=0.281056 T/f1=0.942047 T/acc=0.988745 T/sec= 723.232518 D/loss=0.782314 D/f1=0.886569 D/acc=0.973355 D/sec= 36.565821 lr=0.920128 eta=0.000048
saving early-stopped model (f1) at epoch 2
2019-08-13 03:19:47,079 - main - INFO - [  3] T/loss=0.167899 T/f1=0.966280 T/acc=0.993648 T/sec= 696.296594 D/loss=0.863432 D/f1=0.886401 D/acc=0.972898 D/sec= 37.002493 lr=0.969505 eta=0.000047
2019-08-13 03:31:36,363 - main - INFO - [  4] T/loss=0.117865 T/f1=0.975852 T/acc=0.995521 T/sec= 672.319081 D/loss=0.927739 D/f1=0.888325 D/acc=0.975421 D/sec= 36.965390 lr=0.988170 eta=0.000045
saving early-stopped model (f1) at epoch 4
2019-08-13 03:43:55,643 - main - INFO - [  5] T/loss=0.083287 T/f1=0.982725 T/acc=0.997091 T/sec= 702.051840 D/loss=1.064216 D/f1=0.889993 D/acc=0.973863 D/sec= 37.228047 lr=0.995384 eta=0.000043
saving early-stopped model (f1) at epoch 5
2019-08-13 03:56:10,483 - main - INFO - [  6] T/loss=0.068947 T/f1=0.987954 T/acc=0.997776 T/sec= 698.135037 D/loss=1.122329 D/f1=0.894391 D/acc=0.975895 D/sec= 36.704646 lr=0.998195 eta=0.000042
saving early-stopped model (f1) at epoch 6
2019-08-13 04:08:26,109 - main - INFO - [  7] T/loss=0.052119 T/f1=0.988854 T/acc=0.998197 T/sec= 698.889816 D/loss=1.022477 D/f1=0.895711 D/acc=0.975742 D/sec= 36.736426 lr=0.999293 eta=0.000040
saving early-stopped model (f1) at epoch 7
2019-08-13 04:20:41,915 - main - INFO - [  8] T/loss=0.041561 T/f1=0.991184 T/acc=0.998625 T/sec= 698.878719 D/loss=1.201550 D/f1=0.900996 D/acc=0.976707 D/sec= 36.926556 lr=0.999723 eta=0.000038
saving early-stopped model (f1) at epoch 8
2019-08-13 04:32:57,364 - main - INFO - [  9] T/loss=0.040451 T/f1=0.992454 T/acc=0.998699 T/sec= 698.597851 D/loss=1.315476 D/f1=0.884786 D/acc=0.972035 D/sec= 36.851484 lr=0.999892 eta=0.000037
2019-08-13 04:44:46,187 - main - INFO - [ 10] T/loss=0.031736 T/f1=0.993243 T/acc=0.999019 T/sec= 671.863197 D/loss=1.473204 D/f1=0.877824 D/acc=0.970816 D/sec= 36.959440 lr=0.999958 eta=0.000035
2019-08-13 04:56:34,739 - main - INFO - [ 11] T/loss=0.027589 T/f1=0.994281 T/acc=0.999046 T/sec= 671.620330 D/loss=1.387627 D/f1=0.888264 D/acc=0.974896 D/sec= 36.931903 lr=0.999983 eta=0.000033
2019-08-13 05:08:25,545 - main - INFO - [ 12] T/loss=0.034998 T/f1=0.994153 T/acc=0.999019 T/sec= 673.754880 D/loss=1.275392 D/f1=0.889280 D/acc=0.973796 D/sec= 37.051586 lr=0.999993 eta=0.000032
2019-08-13 05:20:15,895 - main - INFO - [ 13] T/loss=0.032004 T/f1=0.994028 T/acc=0.998948 T/sec= 673.289203 D/loss=1.418110 D/f1=0.873249 D/acc=0.970799 D/sec= 37.060559 lr=0.999997 eta=0.000030
2019-08-13 05:32:07,588 - main - INFO - [ 14] T/loss=0.022187 T/f1=0.995280 T/acc=0.999283 T/sec= 674.727736 D/loss=1.465532 D/f1=0.887372 D/acc=0.973220 D/sec= 36.965792 lr=0.999999 eta=0.000028
2019-08-13 05:43:58,614 - main - INFO - [ 15] T/loss=0.016576 T/f1=0.996364 T/acc=0.999404 T/sec= 674.045994 D/loss=1.473079 D/f1=0.889279 D/acc=0.974337 D/sec= 36.979045 lr=1.000000 eta=0.000027
2019-08-13 05:55:48,611 - main - INFO - [ 16] T/loss=0.015197 T/f1=0.997065 T/acc=0.999513 T/sec= 672.802254 D/loss=1.545095 D/f1=0.889767 D/acc=0.973508 D/sec= 37.194770 lr=1.000000 eta=0.000025
2019-08-13 06:07:39,563 - main - INFO - [ 17] T/loss=0.018295 T/f1=0.996427 T/acc=0.999404 T/sec= 673.823505 D/loss=1.428377 D/f1=0.886284 D/acc=0.972915 D/sec= 37.129127 lr=1.000000 eta=0.000023
2019-08-13 06:19:31,277 - main - INFO - [ 18] T/loss=0.013730 T/f1=0.996853 T/acc=0.999509 T/sec= 675.078720 D/loss=1.470336 D/f1=0.887500 D/acc=0.974134 D/sec= 36.635051 lr=1.000000 eta=0.000022
2019-08-13 06:31:24,583 - main - INFO - [ 19] T/loss=0.011261 T/f1=0.997532 T/acc=0.999607 T/sec= 676.406611 D/loss=1.416199 D/f1=0.896023 D/acc=0.975302 D/sec= 36.899335 lr=1.000000 eta=0.000020
2019-08-13 06:43:14,330 - main - INFO - [ 20] T/loss=0.008556 T/f1=0.998234 T/acc=0.999723 T/sec= 672.713352 D/loss=1.543201 D/f1=0.894834 D/acc=0.974557 D/sec= 37.033428 lr=1.000000 eta=0.000018
2019-08-13 06:55:08,868 - main - INFO - [ 21] T/loss=0.004403 T/f1=0.998766 T/acc=0.999809 T/sec= 677.462160 D/loss=1.566084 D/f1=0.891375 D/acc=0.973897 D/sec= 37.075684 lr=1.000000 eta=0.000017
2019-08-13 07:07:05,657 - main - INFO - [ 22] T/loss=0.008748 T/f1=0.998298 T/acc=0.999716 T/sec= 679.282442 D/loss=1.571177 D/f1=0.894496 D/acc=0.973965 D/sec= 37.507188 lr=1.000000 eta=0.000015
2019-08-13 07:19:02,904 - main - INFO - [ 23] T/loss=0.005406 T/f1=0.998830 T/acc=0.999782 T/sec= 680.152857 D/loss=1.528860 D/f1=0.895038 D/acc=0.974794 D/sec= 37.094023 lr=1.000000 eta=0.000013
2019-08-13 07:31:01,450 - main - INFO - [ 24] T/loss=0.004073 T/f1=0.998532 T/acc=0.999782 T/sec= 681.218193 D/loss=1.521218 D/f1=0.896540 D/acc=0.974760 D/sec= 37.327494 lr=1.000000 eta=0.000012
2019-08-13 07:43:00,556 - main - INFO - [ 25] T/loss=0.004778 T/f1=0.998809 T/acc=0.999817 T/sec= 681.856732 D/loss=1.482628 D/f1=0.896134 D/acc=0.975268 D/sec= 37.249285 lr=1.000000 eta=0.000010
2019-08-13 07:55:01,287 - main - INFO - [ 26] T/loss=0.004336 T/f1=0.998830 T/acc=0.999809 T/sec= 683.330169 D/loss=1.470477 D/f1=0.897411 D/acc=0.975251 D/sec= 37.400805 lr=1.000000 eta=0.000008
2019-08-13 08:06:59,225 - main - INFO - [ 27] T/loss=0.002607 T/f1=0.999021 T/acc=0.999848 T/sec= 680.655178 D/loss=1.544318 D/f1=0.895583 D/acc=0.974913 D/sec= 37.283296 lr=1.000000 eta=0.000007
2019-08-13 08:18:58,031 - main - INFO - [ 28] T/loss=0.002102 T/f1=0.999255 T/acc=0.999875 T/sec= 681.585293 D/loss=1.472317 D/f1=0.899771 D/acc=0.976081 D/sec= 37.220300 lr=1.000000 eta=0.000005
2019-08-13 08:30:56,377 - main - INFO - [ 29] T/loss=0.001861 T/f1=0.999170 T/acc=0.999875 T/sec= 681.221945 D/loss=1.536094 D/f1=0.898272 D/acc=0.975404 D/sec= 37.123920 lr=1.000000 eta=0.000003
2019-08-13 08:42:54,272 - main - INFO - [ 30] T/loss=0.001836 T/f1=0.999319 T/acc=0.999895 T/sec= 680.775155 D/loss=1.549746 D/f1=0.897208 D/acc=0.975099 D/sec= 37.120380 lr=1.000000 eta=0.000002

==== Classification report (early-stopped model) ====

           precision    recall  f1-score   support

      PER       0.96      0.96      0.96      1617
      ORG       0.87      0.87      0.87      1661
      LOC       0.91      0.93      0.92      1668
     MISC       0.78      0.80      0.79       702

micro avg       0.90      0.90      0.90      5648
macro avg       0.90      0.90      0.90      5648

==== Classification report (final model) ====

           precision    recall  f1-score   support

      PER       0.95      0.95      0.95      1617
      ORG       0.87      0.87      0.87      1661
      LOC       0.91      0.92      0.92      1668
     MISC       0.77      0.80      0.79       702

micro avg       0.89      0.90      0.90      5648
macro avg       0.89      0.90      0.90      5648

2019-08-13 08:44:11,232 - <module> - INFO - time spent: 21649.076855 sec

