{
  "gpu": 0,
  "batchsize": 16,
  "learnrate": 5e-05,
  "weightdecay": 0.01,
  "epoch": 30,
  "train": "datasets/eng.train.bioes",
  "test": "datasets/eng.testb.bioes",
  "init_checkpoint": "../../BERT/uncased_L-12_H-768_A-12/arrays_bert_model.ckpt.npz",
  "bert_config_file": "../../BERT/uncased_L-12_H-768_A-12/bert_config.json",
  "vocab_file": "../../BERT/uncased_L-12_H-768_A-12/vocab.txt",
  "out": "results_ner-4",
  "max_eval": 1000,
  "resume": "",
  "start_epoch": 1,
  "crf": false,
  "noplot": false
}

2019-08-13 01:48:53,295 - load_data - INFO - Loading dataset ... done.
2019-08-13 01:48:54,492 - load_data - INFO - Loading dataset ... done.
# train: 14986, test: 3683, class: 20
# vocab: 30522
2019-08-13 01:54:55,990 - main - INFO - [  1] T/loss=0.140780 T/f1=0.820586 T/acc=0.962188 T/sec= 334.482679 D/loss=0.101339 D/f1=0.875239 D/acc=0.972458 D/sec= 14.611923 lr=0.779989 eta=0.000050
saving early-stopped model (loss) at epoch 1
saving early-stopped model (f1) at epoch 1
2019-08-13 02:02:27,434 - main - INFO - [  2] T/loss=0.038447 T/f1=0.943426 T/acc=0.989142 T/sec= 436.854918 D/loss=0.100838 D/f1=0.895060 D/acc=0.975641 D/sec= 14.589645 lr=0.920128 eta=0.000048
saving early-stopped model (loss) at epoch 2
saving early-stopped model (f1) at epoch 2
2019-08-13 02:10:02,165 - main - INFO - [  3] T/loss=0.021613 T/f1=0.967268 T/acc=0.994080 T/sec= 439.982089 D/loss=0.131141 D/f1=0.888384 D/acc=0.973491 D/sec= 14.748159 lr=0.969505 eta=0.000047
2019-08-13 02:16:47,199 - main - INFO - [  4] T/loss=0.014813 T/f1=0.976431 T/acc=0.995868 T/sec= 390.369368 D/loss=0.127803 D/f1=0.885682 D/acc=0.974168 D/sec= 14.664813 lr=0.988170 eta=0.000045
2019-08-13 02:23:30,766 - main - INFO - [  5] T/loss=0.008865 T/f1=0.983228 T/acc=0.997313 T/sec= 388.851013 D/loss=0.144984 D/f1=0.893967 D/acc=0.975912 D/sec= 14.715833 lr=0.995384 eta=0.000043
2019-08-13 02:30:12,162 - main - INFO - [  6] T/loss=0.008053 T/f1=0.986839 T/acc=0.997768 T/sec= 386.888935 D/loss=0.163425 D/f1=0.879993 D/acc=0.973660 D/sec= 14.507427 lr=0.998195 eta=0.000042
2019-08-13 02:36:53,100 - main - INFO - [  7] T/loss=0.006252 T/f1=0.989086 T/acc=0.998306 T/sec= 386.400048 D/loss=0.147511 D/f1=0.888831 D/acc=0.975895 D/sec= 14.538312 lr=0.999293 eta=0.000040
2019-08-13 02:43:31,424 - main - INFO - [  8] T/loss=0.005940 T/f1=0.989956 T/acc=0.998419 T/sec= 383.754199 D/loss=0.146570 D/f1=0.891384 D/acc=0.976165 D/sec= 14.569779 lr=0.999723 eta=0.000038
2019-08-13 02:50:13,480 - main - INFO - [  9] T/loss=0.005439 T/f1=0.990002 T/acc=0.998466 T/sec= 387.430457 D/loss=0.156769 D/f1=0.892565 D/acc=0.975539 D/sec= 14.625196 lr=0.999892 eta=0.000037
2019-08-13 02:56:58,537 - main - INFO - [ 10] T/loss=0.003357 T/f1=0.994367 T/acc=0.999077 T/sec= 390.427449 D/loss=0.156182 D/f1=0.888224 D/acc=0.974930 D/sec= 14.629557 lr=0.999958 eta=0.000035
2019-08-13 03:03:41,115 - main - INFO - [ 11] T/loss=0.003379 T/f1=0.993668 T/acc=0.999058 T/sec= 387.983839 D/loss=0.158377 D/f1=0.894099 D/acc=0.976386 D/sec= 14.594644 lr=0.999983 eta=0.000033
2019-08-13 03:10:20,550 - main - INFO - [ 12] T/loss=0.003056 T/f1=0.994728 T/acc=0.999209 T/sec= 384.882938 D/loss=0.166563 D/f1=0.889762 D/acc=0.974625 D/sec= 14.551751 lr=0.999993 eta=0.000032
2019-08-13 03:17:02,005 - main - INFO - [ 13] T/loss=0.002796 T/f1=0.994961 T/acc=0.999167 T/sec= 386.697149 D/loss=0.188910 D/f1=0.875776 D/acc=0.972272 D/sec= 14.757588 lr=0.999997 eta=0.000030
2019-08-13 03:23:49,554 - main - INFO - [ 14] T/loss=0.003184 T/f1=0.994856 T/acc=0.999202 T/sec= 392.881044 D/loss=0.187756 D/f1=0.888616 D/acc=0.974033 D/sec= 14.668199 lr=0.999999 eta=0.000028
2019-08-13 03:30:34,933 - main - INFO - [ 15] T/loss=0.002523 T/f1=0.996449 T/acc=0.999365 T/sec= 390.744173 D/loss=0.159072 D/f1=0.894524 D/acc=0.976335 D/sec= 14.635093 lr=1.000000 eta=0.000027
2019-08-13 03:37:15,927 - main - INFO - [ 16] T/loss=0.001741 T/f1=0.996874 T/acc=0.999529 T/sec= 386.362452 D/loss=0.174104 D/f1=0.896618 D/acc=0.976453 D/sec= 14.631509 lr=1.000000 eta=0.000025
saving early-stopped model (f1) at epoch 16
2019-08-13 03:44:20,170 - main - INFO - [ 17] T/loss=0.001501 T/f1=0.997129 T/acc=0.999560 T/sec= 409.580636 D/loss=0.185527 D/f1=0.895496 D/acc=0.975641 D/sec= 14.662260 lr=1.000000 eta=0.000023
2019-08-13 03:50:58,758 - main - INFO - [ 18] T/loss=0.001464 T/f1=0.997767 T/acc=0.999649 T/sec= 384.206068 D/loss=0.196162 D/f1=0.891847 D/acc=0.975404 D/sec= 14.381256 lr=1.000000 eta=0.000022
2019-08-13 03:57:38,498 - main - INFO - [ 19] T/loss=0.001383 T/f1=0.997915 T/acc=0.999622 T/sec= 385.159156 D/loss=0.178617 D/f1=0.885682 D/acc=0.972983 D/sec= 14.581058 lr=1.000000 eta=0.000020
2019-08-13 04:04:21,229 - main - INFO - [ 20] T/loss=0.000700 T/f1=0.998256 T/acc=0.999747 T/sec= 388.095461 D/loss=0.220862 D/f1=0.889493 D/acc=0.972052 D/sec= 14.635544 lr=1.000000 eta=0.000018
2019-08-13 04:11:02,075 - main - INFO - [ 21] T/loss=0.001250 T/f1=0.997937 T/acc=0.999618 T/sec= 386.305897 D/loss=0.189662 D/f1=0.896915 D/acc=0.975438 D/sec= 14.540029 lr=1.000000 eta=0.000017
saving early-stopped model (f1) at epoch 21
2019-08-13 04:18:05,635 - main - INFO - [ 22] T/loss=0.000804 T/f1=0.998235 T/acc=0.999766 T/sec= 408.719324 D/loss=0.199126 D/f1=0.900352 D/acc=0.975421 D/sec= 14.840593 lr=1.000000 eta=0.000015
saving early-stopped model (f1) at epoch 22
2019-08-13 04:25:13,536 - main - INFO - [ 23] T/loss=0.000624 T/f1=0.998553 T/acc=0.999762 T/sec= 413.339694 D/loss=0.197114 D/f1=0.901004 D/acc=0.976013 D/sec= 14.561635 lr=1.000000 eta=0.000013
saving early-stopped model (f1) at epoch 23
2019-08-13 04:32:20,710 - main - INFO - [ 24] T/loss=0.000571 T/f1=0.998702 T/acc=0.999782 T/sec= 412.441700 D/loss=0.204524 D/f1=0.896285 D/acc=0.975133 D/sec= 14.731889 lr=1.000000 eta=0.000012
2019-08-13 04:39:02,541 - main - INFO - [ 25] T/loss=0.000319 T/f1=0.999085 T/acc=0.999840 T/sec= 387.185943 D/loss=0.201569 D/f1=0.902216 D/acc=0.976064 D/sec= 14.645334 lr=1.000000 eta=0.000010
saving early-stopped model (f1) at epoch 25
2019-08-13 04:46:23,151 - main - INFO - [ 26] T/loss=0.000366 T/f1=0.999213 T/acc=0.999864 T/sec= 425.647473 D/loss=0.198227 D/f1=0.904460 D/acc=0.977113 D/sec= 14.962472 lr=1.000000 eta=0.000008
saving early-stopped model (f1) at epoch 26
2019-08-13 04:53:54,285 - main - INFO - [ 27] T/loss=0.000443 T/f1=0.999021 T/acc=0.999825 T/sec= 436.190678 D/loss=0.207741 D/f1=0.898910 D/acc=0.976064 D/sec= 14.943219 lr=1.000000 eta=0.000007
2019-08-13 05:00:59,140 - main - INFO - [ 28] T/loss=0.000288 T/f1=0.999170 T/acc=0.999856 T/sec= 409.881159 D/loss=0.204891 D/f1=0.901029 D/acc=0.976233 D/sec= 14.974490 lr=1.000000 eta=0.000005
2019-08-13 05:07:52,384 - main - INFO - [ 29] T/loss=0.000229 T/f1=0.999170 T/acc=0.999879 T/sec= 398.543025 D/loss=0.212282 D/f1=0.900511 D/acc=0.976115 D/sec= 14.700516 lr=1.000000 eta=0.000003
2019-08-13 05:14:41,335 - main - INFO - [ 30] T/loss=0.000313 T/f1=0.999106 T/acc=0.999868 T/sec= 394.347038 D/loss=0.208481 D/f1=0.902572 D/acc=0.976352 D/sec= 14.603778 lr=1.000000 eta=0.000002

==== Classification report (early-stopped model) ====

           precision    recall  f1-score   support

      PER       0.96      0.96      0.96      1617
      ORG       0.87      0.87      0.87      1661
      LOC       0.92      0.93      0.93      1668
     MISC       0.79      0.82      0.80       702

micro avg       0.90      0.91      0.90      5648
macro avg       0.90      0.91      0.90      5648


==== Classification report (final model) ====

           precision    recall  f1-score   support

      PER       0.96      0.95      0.96      1617
      ORG       0.86      0.88      0.87      1661
      LOC       0.93      0.93      0.93      1668
     MISC       0.78      0.81      0.80       702

micro avg       0.90      0.91      0.90      5648
macro avg       0.90      0.91      0.90      5648

2019-08-13 05:15:49,583 - <module> - INFO - time spent: 12426.978765 sec

