2018-09-28 11:40:32,105 - main - INFO - {
  "SOURCE": "datasets/soseki.preprocess.en",
  "TARGET": "datasets/soseki.preprocess.de",
  "VOCAB": "datasets/vocab.txt",
  "validation_source": "datasets/soseki.preprocess.en",
  "validation_target": "datasets/soseki.preprocess.de",
  "batchsize": 64,
  "epoch": 100,
  "gpu": 0,
  "resume": "",
  "unit": 1024,
  "layer": 3,
  "min_source_sentence": 1,
  "max_source_sentence": 9999,
  "min_target_sentence": 1,
  "max_target_sentence": 9999,
  "log_interval": 200,
  "validation_interval": 4000,
  "out": "result"
}
2018-09-28 11:40:32,761 - load_data - INFO - loading...: datasets/soseki.preprocess.en
2018-09-28 11:40:33,655 - load_data - INFO - loading...: datasets/soseki.preprocess.de
2018-09-28 11:40:34,783 - main - INFO - Source vocabulary size: 13949
2018-09-28 11:40:34,785 - main - INFO - Target vocabulary size: 13949
2018-09-28 11:40:34,786 - main - INFO - Train data size: 18099
2018-09-28 11:40:34,791 - main - INFO - Train source unknown ratio: 0.00%
2018-09-28 11:40:34,794 - main - INFO - Train target unknown ratio: 0.00%
2018-09-28 11:40:34,804 - load_data - INFO - loading...: datasets/soseki.preprocess.en
2018-09-28 11:40:35,126 - load_data - INFO - loading...: datasets/soseki.preprocess.de
2018-09-28 11:40:35,510 - main - INFO - Validation data: 18099
2018-09-28 11:40:35,512 - main - INFO - Validation source unknown ratio: 0.00%
2018-09-28 11:40:35,513 - main - INFO - Validation target unknown ratio: 0.00%
2018-09-28 11:57:30,833 - main - INFO - # source : 是非 連れ て 行っ て やり たい が こう 悪寒 が し て 眼 が くらん で は 電車 へ 乗る どころか 、 靴 脱 へ 降りる 事 も 出来 ない 。 ああ 気の毒 だ 気の毒 だ と 思う と なお 悪寒 が し て なお 眼 が くらん で くる 。
2018-09-28 11:57:30,835 - main - INFO - #  result : 僕 は この 人 の よう に なる 。
2018-09-28 11:57:30,836 - main - INFO - #  expect : 早く 医者 に 見 て もらっ て 服薬 で も し たら 四 時 前 に は 全快 する だろ う と 、 それから 細君 と 相談 を し て 甘木 医 学士 を 迎い に やる と 生憎 昨夜 が 当番 で まだ 大学 から 帰ら ない 。
2018-09-28 11:57:30,842 - main - INFO - [  1] T/loss=126.872520 T/perp=368.058096 T/bleu=0.002239 T/sec= 586.270346 D/loss=109.134123 D/perp=109.708360 D/bleu=0.002128 D/sec= 398.951533 lr=0.001000
2018-09-28 11:57:30,846 - main - INFO - saving early stopped-model at epoch 1
2018-09-28 12:14:33,526 - main - INFO - # source : 顔 も 知ら ない 人 に 艶 書 を やる なんて 、 まあ どう 云う 了見 で 、 そんな 事 を し た ん だい 。
2018-09-28 12:14:33,528 - main - INFO - #  result : 僕 は この 時 十 円 の よう に なる 。
2018-09-28 12:14:33,533 - main - INFO - #  expect : ただ みんな が あいつ は 生意気 で 威張っ てる て 云う から 、 からかっ て やっ た ん です 。
2018-09-28 12:14:33,534 - main - INFO - [  2] T/loss=101.744134 T/perp=80.780250 T/bleu=0.004324 T/sec= 626.120193 D/loss=94.686647 D/perp=59.263351 D/bleu=0.003866 D/sec= 397.644990 lr=0.001000
2018-09-28 12:14:33,538 - main - INFO - saving early stopped-model at epoch 2
2018-09-28 12:31:37,829 - main - INFO - # source : 吾輩 は 時々 忍び足 に 彼 の 書斎 を 覗い て 見る が 、 彼 は よく 昼寝 を し て いる 事 が ある 。
2018-09-28 12:31:37,830 - main - INFO - #  result : だから その 時 の 人 は この 時 人 の よう に 、 人 の 上 に は 、 その 時 は この 時 人 の よう に なる 。
2018-09-28 12:31:37,831 - main - INFO - #  expect : 時々 読みかけ て ある 本 の 上 に 涎 を たらし て いる 。
2018-09-28 12:31:37,834 - main - INFO - [  3] T/loss=87.654478 T/perp=43.487326 T/bleu=0.003209 T/sec= 624.187809 D/loss=85.104033 D/perp=39.644731 D/bleu=0.003531 D/sec= 400.096349 lr=0.001000
2018-09-28 12:47:54,801 - main - INFO - # source : 亀 、 スッポン など は 美味 に 相違 ない が 、 希 臘 時代 から 堅い 甲羅 を つけ て いる 。
2018-09-28 12:47:54,802 - main - INFO - #  result : それ が いい 。
2018-09-28 12:47:54,804 - main - INFO - #  expect : いくら 美味 でも 甲羅 つき で は どう する 事 も 出来 ん 。
2018-09-28 12:47:54,807 - main - INFO - [  4] T/loss=75.700354 T/perp=26.098927 T/bleu=0.004165 T/sec= 577.021388 D/loss=74.622950 D/perp=25.382787 D/bleu=0.000574 D/sec= 399.969287 lr=0.001000
2018-09-28 13:04:11,613 - main - INFO - # source : 独 仙 君 は 無言 の まま 、 白と黒 で 碁盤 を 大半 埋め て しまっ た 。 思い切っ て 飛び込ん で 、 頭巾 を 被っ た まま ヴァイオリン を くれ と 云い ます と 、 火鉢 の 周囲 に 四 五 人 小僧 や 若僧 が かたまっ て 話 を し て い た の が 驚い て 、 申し合せ た よう に 私 の 顔 を 見 まし た 。
2018-09-28 13:04:11,615 - main - INFO - #  result : 僕 の 方 は すでに 序幕 です よ 。
2018-09-28 13:04:11,616 - main - INFO - #  expect : 私 は 思わず 右 の 手 を 挙げて 頭巾 を ぐいと 前 の 方 に 引き まし た 。
2018-09-28 13:04:11,621 - main - INFO - [  5] T/loss=64.217316 T/perp=15.911725 T/bleu=0.004445 T/sec= 575.863599 D/loss=67.007147 D/perp=18.602238 D/bleu=0.001311 D/sec= 400.906870 lr=0.001000
2018-09-28 13:20:31,014 - main - INFO - # source : 大概 な 所 なら 、 君に 進上 する 。 そう 云っ たって 、 貰う 訳 に も 行か ない 。
2018-09-28 13:20:31,015 - main - INFO - #  result : それ が 面白い の よ 。
2018-09-28 13:20:31,016 - main - INFO - #  expect : 禅学 者 に も 似合わ ん 几帳面 な 男 だ 。
2018-09-28 13:20:31,021 - main - INFO - [  6] T/loss=55.281663 T/perp=10.856392 T/bleu=0.005344 T/sec= 577.860680 D/loss=57.106370 D/perp=12.027920 D/bleu=0.001918 D/sec= 401.581887 lr=0.001000
2018-09-28 13:36:49,266 - main - INFO - # source : それで 金田 の 方 は どう する 気 だい 。
2018-09-28 13:36:49,268 - main - INFO - #  result : 君 の よう な ビジネス の 音 が 出 て くれる 事 は ありゃ し ませ ん 。
2018-09-28 13:36:49,269 - main - INFO - #  expect : どう する 気 で も あり ませ ん 。
2018-09-28 13:36:49,276 - main - INFO - [  7] T/loss=46.598168 T/perp=7.487761 T/bleu=0.004306 T/sec= 576.957524 D/loss=49.585441 D/perp=8.810808 D/bleu=0.004100 D/sec= 401.319471 lr=0.001000
2018-09-28 13:36:49,281 - main - INFO - saving early stopped-model at epoch 7
2018-09-28 13:53:59,477 - main - INFO - # source : え え ちょっと 用事 が 出来 た ん です 。 —— ともかく も 出よ う じゃ あり ませ ん か 。
2018-09-28 13:53:59,479 - main - INFO - #  result : そう さ 、 ウェルテル 君 の 未来 記 も 無 きが 辺 に は 芸術 も 完く 滅亡 さ 。
2018-09-28 13:53:59,480 - main - INFO - #  expect : そう 。
2018-09-28 13:53:59,484 - main - INFO - [  8] T/loss=38.336869 T/perp=5.277097 T/bleu=0.004774 T/sec= 628.590210 D/loss=44.602265 D/perp=7.193222 D/bleu=0.003644 D/sec= 401.558954 lr=0.001000
2018-09-28 14:10:18,162 - main - INFO - # source : もう少し 召し 上っ て ご覧 に なら ない と 、 とても 善い 薬 か 悪い 薬 か わかり ます まい 。 と 御 三 は 一 も 二 も なく 細君 の 肩 を 持つ 。 何 でも いい 、 飲ま ん の だ から 飲ま ん の だ 、 女 なんか に 何 が わかる もの か 、 黙っ て いろ 。 どうせ 女 です わ 。 と 細君 が タカジヤスターゼ を 主人 の 前 へ 突き付け て 是非 詰腹 を 切ら せよ う と する 。
2018-09-28 14:10:18,164 - main - INFO - #  result : それ だ から 偕老同穴 とか 号 し て いる の だ から 、 おのずから 、 そう なっ て しまう です 。
2018-09-28 14:10:18,165 - main - INFO - #  expect : 主人 は 何 に も 云わ ず 立っ て 書斎 へ 這入る 。
2018-09-28 14:10:18,170 - main - INFO - [  9] T/loss=31.655924 T/perp=3.979427 T/bleu=0.004532 T/sec= 576.952937 D/loss=38.252338 D/perp=5.503617 D/bleu=0.005605 D/sec= 401.709361 lr=0.001000
2018-09-28 14:10:18,178 - main - INFO - saving early stopped-model at epoch 9
2018-09-28 14:27:33,027 - main - INFO - # source : 否 困窮 する だけ に 人一倍 金 が 欲しい の かも 知れ ない 。 多々良 君 は 充分 実業家 の 利益 を 吹聴 し て もう 云う 事 が 無くなっ た もの だ から
2018-09-28 14:27:33,028 - main - INFO - #  result : それ は とにかく 、 未来 記 の 続き を 話す と 僕 が 思う 。
2018-09-28 14:27:33,030 - main - INFO - #  expect : 奥さん 、 先生 の ところ へ 水島寒月 と 云う 人 が 来 ます か 。
2018-09-28 14:27:33,038 - main - INFO - [ 10] T/loss=26.674755 T/perp=3.226749 T/bleu=0.004409 T/sec= 631.879590 D/loss=34.246761 D/perp=4.610388 D/bleu=0.003543 D/sec= 402.995010 lr=0.001000
2018-09-28 14:43:56,748 - main - INFO - # source : どっち の 方角 へ 足 が 向く か ね 。 と 主人 は 真面目 な 顔 を し て 、 黒 木綿 の 紋付 羽織 の 袖口 を 引張る 。
2018-09-28 14:43:56,749 - main - INFO - #  result : それ じゃ 月賦 で いただき ましょ う 、 月賦 も 細く 、 長く 、 どうせ これから 御 贔屓 に なる ん です から —— いえ 、 ちっとも 御 遠慮 に は 及び ませ ん 。
2018-09-28 14:43:56,750 - main - INFO - #  expect : この 羽織 は 木綿 で ゆき が 短 かい 、 下 から べ ん べら 者 が 左右 へ 五 分 くらい ずつ はみ出し て いる 。
2018-09-28 14:43:56,754 - main - INFO - [ 11] T/loss=22.226040 T/perp=2.674296 T/bleu=0.004567 T/sec= 580.044137 D/loss=28.151950 D/perp=3.539374 D/bleu=0.004743 D/sec= 403.705653 lr=0.001000
2018-09-28 15:00:21,706 - main - INFO - # source : 僕 の 有望 な 画才 が 頓挫 し て 一向 振 わ なくなっ た の も 全く あの 時 から だ 。
2018-09-28 15:00:21,707 - main - INFO - #  result : それ は とにかく 、 未来 記 の 続き を 話す と こう さ 。
2018-09-28 15:00:21,708 - main - INFO - #  expect : 君に 機鋒 を 折ら れ た の だ ね 。
2018-09-28 15:00:21,710 - main - INFO - [ 12] T/loss=18.285503 T/perp=2.258422 T/bleu=0.005423 T/sec= 581.930086 D/loss=22.154835 D/perp=2.708108 D/bleu=0.005780 D/sec= 403.063860 lr=0.001000
2018-09-28 15:00:21,719 - main - INFO - saving early stopped-model at epoch 12
2018-09-28 15:17:33,846 - main - INFO - # source : 何 の それが大事 件 か と 笑う なら 、 笑う が いい 。
2018-09-28 15:17:33,847 - main - INFO - #  result : それ は とにかく 、 未来 記 の 続き を 話す と こう さ 。
2018-09-28 15:17:33,853 - main - INFO - #  expect : そんな 人 に は 大 事件 で ない まで だ 。
2018-09-28 15:17:33,855 - main - INFO - [ 13] T/loss=15.596269 T/perp=2.016659 T/bleu=0.006228 T/sec= 630.197155 D/loss=19.161583 D/perp=2.364778 D/bleu=0.005159 D/sec= 401.924125 lr=0.001000
2018-09-28 15:33:41,316 - main - INFO - # source : 驚か ない よ 。 僕 は 不愉快 で 、 肝 癪 が 起っ て たまら ん 。
2018-09-28 15:33:41,317 - main - INFO - #  result : そう です か 。 と 寒月 君 が 云っ た 。
2018-09-28 15:33:41,318 - main - INFO - #  expect : どっち を 向い て も 不平 ばかり だ 。
2018-09-28 15:33:41,323 - main - INFO - [ 14] T/loss=13.446155 T/perp=1.840317 T/bleu=0.007221 T/sec= 573.790413 D/loss=17.236376 D/perp=2.171000 D/bleu=0.007530 D/sec= 393.703233 lr=0.001000
2018-09-28 15:33:41,326 - main - INFO - saving early stopped-model at epoch 14
2018-09-28 15:50:44,023 - main - INFO - # source : 幅 が 三 尺 くらい 、 長 は 一間 半 も ある か 、 それ を 二つ に 仕切っ て 一つ に は 白い 湯 が 這入っ て いる 。
2018-09-28 15:50:44,025 - main - INFO - #  result : それ じゃ 月賦 で いただき ましょ う 、 月賦 も 細く 、 長く 、 どうせ これから 御 贔屓 に なる ん です から —— いえ 、 ちっとも 御 遠慮 に は 及び ませ ん 。
2018-09-28 15:50:44,029 - main - INFO - #  expect : 何 でも 薬湯 とか 号する の だ そう で 、 石灰 を 溶かし 込ん だ よう な 色 に 濁っ て いる 。
2018-09-28 15:50:44,032 - main - INFO - [ 15] T/loss=12.039468 T/perp=1.729740 T/bleu=0.009792 T/sec= 624.089761 D/loss=15.639488 D/perp=2.025907 D/bleu=0.007328 D/sec= 398.600919 lr=0.001000
2018-09-28 16:06:56,903 - main - INFO - # source : 床の間 の 前 に 碁盤 を 中 に 据え て 迷亭 君 と 独 仙 君 が 対坐 し て いる 。 ただ は やら ない 。
2018-09-28 16:06:56,905 - main - INFO - #  result : それ が がらり と 変る と 、 あらゆる 生存 者 が ことごとく 個性 を 主張 し 出し て 、 だれ を 見 て も 君 は 君 、 僕 は 僕 だ よ と 云わ ぬ ばかり の 風 を する よう に なる 。
2018-09-28 16:06:56,906 - main - INFO - #  expect : 負け た 方 が 何 か 奢る ん だ ぜ 。
2018-09-28 16:06:56,910 - main - INFO - [ 16] T/loss=11.218554 T/perp=1.670472 T/bleu=0.013092 T/sec= 572.379052 D/loss=14.663947 D/perp=1.940329 D/bleu=0.008246 D/sec= 400.502104 lr=0.001000
2018-09-28 16:06:56,916 - main - INFO - saving early stopped-model at epoch 16
2018-09-28 16:24:04,031 - main - INFO - # source : ． ． ． ． ． ． 。 何 を 云う の か さっぱり 分ら ない 。
2018-09-28 16:24:04,032 - main - INFO - #  result : それ じゃ 一足飛び に 十時 に し て しまい ましょ う 。
2018-09-28 16:24:04,034 - main - INFO - #  expect : その 後ろ に 二 十 五 六 の 陰気 な 顔 を し た 男 が 、 ぼんやり し て 股 の 所 を 白い 湯 で しきりに たで て いる 。
2018-09-28 16:24:04,043 - main - INFO - [ 17] T/loss=10.474144 T/perp=1.614817 T/bleu=0.013939 T/sec= 626.608525 D/loss=13.732112 D/perp=1.861455 D/bleu=0.011022 D/sec= 400.545907 lr=0.001000
2018-09-28 16:24:04,047 - main - INFO - saving early stopped-model at epoch 17
2018-09-28 16:41:07,564 - main - INFO - # source : 鏡 と 云え ば 風呂 場 に ある に 極まっ て いる 。
2018-09-28 16:41:07,566 - main - INFO - #  result : 君 は 独身 で いい なあ 。 と 云う と 東風 君 は 少々 不平 な 顔 を する 。
2018-09-28 16:41:07,567 - main - INFO - #  expect : 現に 吾輩 は 今 朝風呂 場 で この 鏡 を 見 た の だ 。
2018-09-28 16:41:07,573 - main - INFO - [ 18] T/loss=9.896455 T/perp=1.573686 T/bleu=0.022261 T/sec= 625.431094 D/loss=12.732835 D/perp=1.782340 D/bleu=0.011212 D/sec= 398.089375 lr=0.001000
2018-09-28 16:41:07,576 - main - INFO - saving early stopped-model at epoch 18
2018-09-28 16:58:01,052 - main - INFO - # source : やはり 黒 木綿 の 紋付 羽織 に 、 兄 の 紀 念 とかいう 二 十 年 来着 古る し た 結城紬 の 綿 入 を 着 た まま で ある 。 いくら 結城紬 が 丈夫 だって 、 こう 着 つづけ で は たまらない 。
2018-09-28 16:58:01,054 - main - INFO - #  result : —— なに 仲人 は 鈴木 の 藤 さん だって ？
2018-09-28 16:58:01,055 - main - INFO - #  expect : 所々 が 薄く なっ て 日 に 透かし て 見る と 裏 から つぎ を 当て た 針 の 目 が 見える 。
2018-09-28 16:58:01,061 - main - INFO - [ 19] T/loss=9.581990 T/perp=1.550457 T/bleu=0.025307 T/sec= 619.075359 D/loss=13.022331 D/perp=1.806327 D/bleu=0.013825 D/sec= 394.403103 lr=0.001000
2018-09-28 16:58:01,066 - main - INFO - saving early stopped-model at epoch 19
2018-09-28 17:15:09,283 - main - INFO - # source : この 時 吾輩 は 蹲踞 まり ながら 考え た 。
2018-09-28 17:15:09,284 - main - INFO - #  result : この つづら は 国 を 出る 時 御 祖母 さん が 餞別 に くれ た もの です が 、 何でも 御 祖母 さん が 嫁 に くる 時 持っ て 来 た もの だ そう です 。
2018-09-28 17:15:09,285 - main - INFO - #  expect : 陰 士 は 勝手 から 茶の間 の 方面 へ 向け て 出現 する の で あろ う か 、 または 左 へ 折れ 玄関 を 通過 し て 書斎 へ と 抜ける で あろ う か 。
2018-09-28 17:15:09,290 - main - INFO - [ 20] T/loss=9.443802 T/perp=1.538598 T/bleu=0.030125 T/sec= 623.678833 D/loss=12.181203 D/perp=1.738184 D/bleu=0.019050 D/sec= 404.573289 lr=0.001000
2018-09-28 17:15:09,296 - main - INFO - saving early stopped-model at epoch 20
2018-09-28 17:32:24,211 - main - INFO - # source : いくら 美味 でも 甲羅 つき で は どう する 事 も 出来 ん 。
2018-09-28 17:32:24,212 - main - INFO - #  result : この 点 について は 深く 主人 の 動静 を 余所ながら 窺っ た 事 は ある が 、 それ は 今日 から 古代 に 溯っ て 身 を 守る の 上 に 入れる 。
2018-09-28 17:32:24,214 - main - INFO - #  expect : 海老 の 鬼 殻 焼 は ある が 亀 の 子 の 甲羅 煮 は 今 で さえ ない くらい だ から 、 当時 は 無論 なかった に 極 っ て いる 。
2018-09-28 17:32:24,218 - main - INFO - [ 21] T/loss=9.124650 T/perp=1.515620 T/bleu=0.038634 T/sec= 631.117909 D/loss=12.192544 D/perp=1.737968 D/bleu=0.022218 D/sec= 403.779561 lr=0.001000
2018-09-28 17:32:24,223 - main - INFO - saving early stopped-model at epoch 21
/usr/local/lib/python3.6/dist-packages/matplotlib/pyplot.py:528: RuntimeWarning: More than 20 figures have been opened. Figures created through the pyplot interface (`matplotlib.pyplot.figure`) are retained until explicitly closed and may consume too much memory. (To control this warning, see the rcParam `figure.max_open_warning`).
  max_open_warning, RuntimeWarning)
2018-09-28 17:49:39,634 - main - INFO - # source : そんな 所 へ 這入っ て くる 法 は ない 。 禅 坊主 の 碁 に は こんな 法 は ない かも 知れ ない が 、 本因坊 の 流儀 じゃ 、 ある ん だ から 仕方 が ない さ 。
2018-09-28 17:49:39,635 - main - INFO - #  result : どう だろ う 苦 沙弥 君 、 君 も そう 愉快 だ 。
2018-09-28 17:49:39,636 - main - INFO - #  expect : しかし 死ぬ ばかり だ ぜ 。
2018-09-28 17:49:39,646 - main - INFO - [ 22] T/loss=8.730616 T/perp=1.487022 T/bleu=0.045621 T/sec= 631.073559 D/loss=11.499773 D/perp=1.690864 D/bleu=0.028266 D/sec= 404.345476 lr=0.001000
2018-09-28 17:49:39,648 - main - INFO - saving early stopped-model at epoch 22
2018-09-28 18:06:54,620 - main - INFO - # source : 桐 は ある が 吾輩 及び 主人 家族 にとって は 一文 に も なら ない 桐 で ある 。
2018-09-28 18:06:54,621 - main - INFO - #  result : 博士 なら も うなら なくっ て も いい ん です 。
2018-09-28 18:06:54,623 - main - INFO - #  expect : 玉 を 抱い て 罪 あり と 云う 古語 が ある そう だ が 、 これ は 桐 を 生やし て 銭 なし と 云っ て も しかる べき もの で 、 いわゆる 宝 の 持ち腐れ で ある 。
2018-09-28 18:06:54,628 - main - INFO - [ 23] T/loss=8.243982 T/perp=1.453876 T/bleu=0.057139 T/sec= 630.072573 D/loss=12.196587 D/perp=1.743175 D/bleu=0.038482 D/sec= 404.915116 lr=0.001000
2018-09-28 18:06:54,634 - main - INFO - saving early stopped-model at epoch 23
2018-09-28 18:24:09,641 - main - INFO - # source : 世の中 に 退屈 ほど 我慢 の 出来 にくい もの は ない 、 何 か 活気 を 刺激 する 事件 が ない と 生き て いる の が つらい もの だ 。 からかう と 云う の も つまり この 刺激 を 作っ て 遊ぶ 一種 の 娯楽 で ある 。
2018-09-28 18:24:09,642 - main - INFO - #  result : 恐るべき 事 だ 。
2018-09-28 18:24:09,643 - main - INFO - #  expect : 但し 多少 先方 を 怒ら せる か 、 じらせる か 、 弱ら せる かし なく て は 刺激 に ならん から 、 昔 しから からかう と 云う 娯楽 に 耽る もの は 人 の 気 を 知ら ない 馬鹿 大名 の よう な 退屈 の 多い 者 、 もしくは 自分 の なぐさみ 以外 は 考 うる に 暇 なき ほど 頭 の 発達 が 幼稚 で 、 しかも 活気 の 使い道 に 窮する 少年 か に 限っ て いる 。
2018-09-28 18:24:09,648 - main - INFO - [ 24] T/loss=7.812592 T/perp=1.425169 T/bleu=0.068873 T/sec= 631.117230 D/loss=10.938178 D/perp=1.651352 D/bleu=0.043353 D/sec= 403.888635 lr=0.001000
2018-09-28 18:24:09,655 - main - INFO - saving early stopped-model at epoch 24
2018-09-28 18:41:28,198 - main - INFO - # source : そこで 今日 わざわざ 君 を 招い た の だ が ね 。 と しばらく 途切れ て 金田 君 の 声 が 聞える 。
2018-09-28 18:41:28,200 - main - INFO - #  result : 人間 の 糟 から 牛 と 馬 が 出来 て 、 牛 と 馬 の 糞 から 猫 が 製造 さ れ た ごとく 考える の は 、 自分 の 無 智 に 心付か ん で 高慢 な 顔 を する 教師 など に は あり がち の 事 で も あろ う が 、 はた から 見 て あまり 見 っと も いい 者 じゃ ない 。
2018-09-28 18:41:28,202 - main - INFO - #  expect : そんな 馬鹿 者 は 陰 から 、 からかっ て さえ いれ ば すむ よう な ものの 、 少々 それでも 困る 事 が ある じゃ て ． ． ． ． ． ． 。 と 鮪 の 刺身 を 食う 時 の ごとく 禿頭 を ぴちゃぴちゃ 叩く 。
2018-09-28 18:41:28,203 - main - INFO - [ 25] T/loss=7.354824 T/perp=1.394268 T/bleu=0.087749 T/sec= 633.050839 D/loss=10.470602 D/perp=1.616588 D/bleu=0.051018 D/sec= 405.507974 lr=0.001000
2018-09-28 18:41:28,205 - main - INFO - saving early stopped-model at epoch 25
2018-09-28 18:58:46,974 - main - INFO - # source : 床 に 掛け た 花 開 万国 春 と ある 木 菴 の 贋物 や 、 京 製 の 安 青磁 に 活け た 彼岸桜 など を 一々 順番 に 点検 し た あと で 、 ふと 下女 の 勧め た 布団 の 上 を 見る と いつの間にか 一疋 の 猫 が すまし て 坐っ て いる 。
2018-09-28 18:58:46,976 - main - INFO - #  result : この 時 妙 な もの だ と 思っ た 感じ が 今 でも 残っ て いる 。
2018-09-28 18:58:46,977 - main - INFO - #  expect : 申す まで も なく それ は かく 申す 吾輩 で ある 。
2018-09-28 18:58:46,982 - main - INFO - [ 26] T/loss=6.883201 T/perp=1.365250 T/bleu=0.106253 T/sec= 632.996246 D/loss=10.640062 D/perp=1.630617 D/bleu=0.057368 D/sec= 405.763239 lr=0.001000
2018-09-28 18:58:46,990 - main - INFO - saving early stopped-model at epoch 26
2018-09-28 19:16:04,797 - main - INFO - # source : そうですね 。 と 細君 は 考える 。 考えれ ば 分る と 思っ て いる らしい 。
2018-09-28 19:16:04,798 - main - INFO - #  result : なあに 、 それ じゃ 廃 そう 。 と 主人 は 例 の ごとく 無愛嬌 な 事 を 云う 。
2018-09-28 19:16:04,800 - main - INFO - #  expect : あなた は 夕べ 何 時 に 御 休み に なっ た ん です か 。
2018-09-28 19:16:04,803 - main - INFO - [ 27] T/loss=6.478795 T/perp=1.340184 T/bleu=0.129792 T/sec= 632.466000 D/loss=10.413692 D/perp=1.615178 D/bleu=0.059274 D/sec= 405.396327 lr=0.001000
2018-09-28 19:16:04,807 - main - INFO - saving early stopped-model at epoch 27
2018-09-28 19:33:21,729 - main - INFO - # source : この くらい 公然 と 矛盾 を し て 平気 で い られれ ば 愛嬌 に なる 。
2018-09-28 19:33:21,730 - main - INFO - #  result : 主人 が 書斎 に 立て 籠っ て いる と 探偵 し た 時 に は 、 家人 は すでに 奥座敷 へ 這入っ て しまっ て おっ た 。
2018-09-28 19:33:21,732 - main - INFO - #  expect : 愛嬌 に なる 代り に は 馬鹿 をもって 甘 じ なく て は なら ん 。
2018-09-28 19:33:21,736 - main - INFO - [ 28] T/loss=6.169791 T/perp=1.320540 T/bleu=0.158367 T/sec= 634.089785 D/loss=10.608765 D/perp=1.626030 D/bleu=0.061631 D/sec= 402.836193 lr=0.001000
2018-09-28 19:33:21,741 - main - INFO - saving early stopped-model at epoch 28
2018-09-28 19:50:39,537 - main - INFO - # source : 七 八 両 月 は 休ん で 九月 に は 何 か 賑やか に やり たい と 思っ て おり ます 。 何 か 面白い 趣向 は ござい ます まい か 。 さよう 。 と 主人 が 気 の ない 返事 を する 。
2018-09-28 19:50:39,538 - main - INFO - #  result : 先生 私 は 近来 よっぽど 常識 に 富ん で 来 まし た 。
2018-09-28 19:50:39,539 - main - INFO - #  expect : 東風 君 僕 の 創作 を 一つ やら ない か 。 と 今度 は 寒月 君 が 相手 に なる 。
2018-09-28 19:50:39,546 - main - INFO - [ 29] T/loss=5.970147 T/perp=1.308423 T/bleu=0.174529 T/sec= 633.234528 D/loss=10.786954 D/perp=1.639590 D/bleu=0.062271 D/sec= 404.558215 lr=0.001000
2018-09-28 19:50:39,550 - main - INFO - saving early stopped-model at epoch 29
2018-09-28 20:07:56,381 - main - INFO - # source : 吾輩 は 何 の 必要 が あっ て こんな 議論 を し た か 忘れ て しまっ た 。 本 を 忘却 する の は 人間 に さえ あり がち の 事 で ある から 猫 に は 当然 の 事 さ と 大目 に 見 て 貰い たい 。
2018-09-28 20:07:56,382 - main - INFO - #  result : しかし 順当 が 永く 続く と 定めし 退屈 だろ う 。
2018-09-28 20:07:56,384 - main - INFO - #  expect : とにかく 吾輩 は 寝室 の 障子 を あけ て 敷居 の 上 に ぬっと 現われ た 泥棒 陰 士 を 瞥見 し た 時 、 以上 の 感想 が 自然 と 胸中 に 湧き出 で た の で ある 。
2018-09-28 20:07:56,388 - main - INFO - [ 30] T/loss=5.698496 T/perp=1.292267 T/bleu=0.202991 T/sec= 632.411041 D/loss=9.977421 D/perp=1.585812 D/bleu=0.086190 D/sec= 404.420239 lr=0.001000
2018-09-28 20:07:56,394 - main - INFO - saving early stopped-model at epoch 30
2018-09-28 20:25:16,909 - main - INFO - # source : 事実 に なっ て 出 て 来 ない と 、 頭 の うち で 安心 し て い て も 存外 快楽 の うすい もの で ある 。
2018-09-28 20:25:16,910 - main - INFO - #  result : だから 僕 の 先刻 述べ た 文明 の 未来 記 を 聞い て 冗談 だ など と 笑う もの は 、 六 十 回 で いい 月賦 を 生涯 払っ て 正当 だ と 考える 連中 だ 。
2018-09-28 20:25:16,916 - main - INFO - #  expect : 人間 は 自己 を 恃 むも の である 。
2018-09-28 20:25:16,918 - main - INFO - [ 31] T/loss=5.396759 T/perp=1.273652 T/bleu=0.233401 T/sec= 635.199412 D/loss=9.839294 D/perp=1.575360 D/bleu=0.103142 D/sec= 405.352241 lr=0.001000
2018-09-28 20:25:16,921 - main - INFO - saving early stopped-model at epoch 31
2018-09-28 20:42:36,604 - main - INFO - # source : 迷亭 は 面白 そう に 聞い て い た が 、 やがて 口 を 開い て そう 赤く なっ て 互に 弁難 攻撃 を する ところ が 夫婦 の 真相 と 云う もの か な 。 どうも 昔 の 夫婦 なんて もの は まるで 無意味 な もの だっ た に 違い ない 。 と ひやかす の だ か 賞 め る の だ か 曖昧 な 事 を 言っ た が 、 それ で やめ て おい て も 好い 事 を また 例 の 調子 で 布 衍 し て 、 下 の ごとく 述べ られ た 。
2018-09-28 20:42:36,605 - main - INFO - #  result : 僕 の 妻 は 元来 僕 を 愛し て いる の だ から 。
2018-09-28 20:42:36,606 - main - INFO - #  expect : 昔 は 亭主 に 口 返答 なんか し た 女 は 、 一人 も なかっ た ん だって 云う が 、 それなら 唖 を 女房 に し て いる と 同じ 事 で 僕 など は 一向 ありがたく ない 。
2018-09-28 20:42:36,611 - main - INFO - [ 32] T/loss=5.012360 T/perp=1.251203 T/bleu=0.268359 T/sec= 633.036201 D/loss=9.641099 D/perp=1.560880 D/bleu=0.120719 D/sec= 406.603458 lr=0.001000
2018-09-28 20:42:36,618 - main - INFO - saving early stopped-model at epoch 32
2018-09-28 20:59:55,804 - main - INFO - # source : 山の芋 は 出 ない よう だ が ほか の 物件 は たいがい 戻っ た よう です 。
2018-09-28 20:59:55,806 - main - INFO - #  result : 借り た もの は 返さ なく ちゃ なり ませ ん よ 。
2018-09-28 20:59:55,810 - main - INFO - #  expect : —— まあ 来 て 見 たら 分る でしょ う 。
2018-09-28 20:59:55,813 - main - INFO - [ 33] T/loss=4.591833 T/perp=1.228058 T/bleu=0.330260 T/sec= 633.073792 D/loss=9.251227 D/perp=1.533794 D/bleu=0.144294 D/sec= 406.185526 lr=0.001000
2018-09-28 20:59:55,819 - main - INFO - saving early stopped-model at epoch 33
2018-09-28 21:17:19,752 - main - INFO - # source : ただ 西洋人 が きる から 、 着る と 云う まで の 事 だろ う 。 西洋人 は 強い から 無理 でも 馬鹿 気 て い て も 真似 なけれ ば やり切れない の だろ う 。
2018-09-28 21:17:19,753 - main - INFO - #  result : 存じ ば すぐ 露見 する 。
2018-09-28 21:17:19,755 - main - INFO - #  expect : 長い もの に は 捲か れろ 、 強い もの に は 折れろ 、 重い もの に は 圧さ れろ と 、 そう れろ 尽し で は 気 が 利か ん で は ない か 。
2018-09-28 21:17:19,759 - main - INFO - [ 34] T/loss=4.370528 T/perp=1.215292 T/bleu=0.364579 T/sec= 636.430332 D/loss=9.436342 D/perp=1.547262 D/bleu=0.134794 D/sec= 407.483356 lr=0.001000
2018-09-28 21:33:49,528 - main - INFO - # source : 近頃 は どう です 、 少し は 胃 の 加減 が 能い ん です か 。 能い か 悪い か 頓 と 分り ませ ん 、 いくら 甘木 さん に かかっ たって 、 あんなに ジャム ばかり 甞 め て は 胃病 の 直る 訳 が ない と 思い ます 。 と 細君 は 先刻 の 不平 を 暗に 迷亭 に 洩らす 。
2018-09-28 21:33:49,530 - main - INFO - #  result : 何 でも 大根卸 の 中 に は いかなる 種類 の 運動 か と 不審 を 張っ た 日 に は 別居 し ない 苦 沙弥 君 の 所 へ は 寄りつい た 事 が ない 。
2018-09-28 21:33:49,531 - main - INFO - #  expect : そんなに ジャム を 甞 め るん です か まるで 小供 の よう です ね 。 ジャム ばかり じゃ ない んで 、 この 頃 は 胃病 の 薬 だ とか 云っ て 大根卸 し を 無 暗に 甞 め ます ので ． ． ． ． ． ． 。 驚 ろ い た な 。 と 迷亭 は 感嘆 する 。
2018-09-28 21:33:49,536 - main - INFO - [ 35] T/loss=4.122870 T/perp=1.201417 T/bleu=0.406665 T/sec= 583.307362 D/loss=9.139824 D/perp=1.526570 D/bleu=0.158338 D/sec= 406.465091 lr=0.001000
2018-09-28 21:33:49,542 - main - INFO - saving early stopped-model at epoch 35
2018-09-28 21:51:11,122 - main - INFO - # source : ただ 彼 の 掌 に 載せ られ て スー と 持ち上げ られ た 時 何だか フワフワ し た 感じ が あっ た ばかり で ある 。
2018-09-28 21:51:11,124 - main - INFO - #  result : 人間 は 口癖 の よう に 良薬 口 に 苦し と 言っ て 風邪 など を ひく と 、 顔 を しかめ て 変 な もの を 飲む 。
2018-09-28 21:51:11,126 - main - INFO - #  expect : 掌 の 上 で 少し 落ちつい て 書生 の 顔 を 見 た の が いわゆる 人間 という もの の 見 始 で あろ う 。
2018-09-28 21:51:11,129 - main - INFO - [ 36] T/loss=3.775423 T/perp=1.182488 T/bleu=0.447804 T/sec= 635.140432 D/loss=8.616040 D/perp=1.497004 D/bleu=0.174785 D/sec= 406.486699 lr=0.001000
2018-09-28 21:51:11,134 - main - INFO - saving early stopped-model at epoch 36
2018-09-28 22:08:31,452 - main - INFO - # source : 主人 は 畏まっ て 直ちに 御 三 を 車屋 へ 走ら せる 。
2018-09-28 22:08:31,454 - main - INFO - #  result : しかし 癲癇 病み の と 、 人間 は 利己主義 から 割り出し た 公平 という 念 は 猫 より 優っ て いる かも 知れ ぬ が 、 智慧 は かえって 猫 より 劣っ て いる よう だ 。
2018-09-28 22:08:31,456 - main - INFO - #  expect : 老人 は 長々 と 挨拶 を し て チョン 髷 頭 へ 山高帽 を いただい て 帰っ て 行く 。
2018-09-28 22:08:31,461 - main - INFO - [ 37] T/loss=3.436782 T/perp=1.164812 T/bleu=0.498591 T/sec= 633.720505 D/loss=8.396059 D/perp=1.482466 D/bleu=0.199267 D/sec= 406.617460 lr=0.001000
2018-09-28 22:08:31,465 - main - INFO - saving early stopped-model at epoch 37
2018-09-28 22:25:50,811 - main - INFO - # source : 先生 私 は 近来 よっぽど 常識 に 富ん で 来 まし た 。 どうしても あんな 所 に いる と 、 傍 が 傍 だ から 、 おのずから 、 そう なっ て しまう です 。
2018-09-28 22:25:50,813 - main - INFO - #  result : どう なっ て しまう の だ 。
2018-09-28 22:25:50,817 - main - INFO - #  expect : どう なっ て しまう の だ 。
2018-09-28 22:25:50,820 - main - INFO - [ 38] T/loss=3.179700 T/perp=1.151416 T/bleu=0.543003 T/sec= 633.396326 D/loss=7.607263 D/perp=1.430831 D/bleu=0.220604 D/sec= 405.943629 lr=0.001000
2018-09-28 22:25:50,823 - main - INFO - saving early stopped-model at epoch 38
2018-09-28 22:43:11,848 - main - INFO - # source : 可 愛想 に 。 打ちゃ って 置く と 巌 頭 の 吟 でも 書い て 華厳滝 から 飛び込む かも 知れ ない 。
2018-09-28 22:43:11,849 - main - INFO - #  result : 元 を 糺せ ば 金田 令嬢 の ハイカラ と 相談 し て やめ て いる 。
2018-09-28 22:43:11,851 - main - INFO - #  expect : 元 を 糺せ ば 金田 令嬢 の ハイカラ と 生意気 から 起っ た 事 だ 。
2018-09-28 22:43:11,856 - main - INFO - [ 39] T/loss=2.956031 T/perp=1.140098 T/bleu=0.584193 T/sec= 635.663402 D/loss=8.251726 D/perp=1.478155 D/bleu=0.214342 D/sec= 405.394990 lr=0.001000
2018-09-28 22:59:38,695 - main - INFO - # source : 擲つ たび に 球 は 落ち て くる 。
2018-09-28 22:59:38,696 - main - INFO - #  result : なぜ よ 。
2018-09-28 22:59:38,698 - main - INFO - #  expect : なぜ 落ちる の か 、 なぜ 上 へ 上 へ と のみ のぼら ぬ か と ケート が 聞く 。
2018-09-28 22:59:38,702 - main - INFO - [ 40] T/loss=2.773531 T/perp=1.130127 T/bleu=0.616912 T/sec= 581.312797 D/loss=7.990811 D/perp=1.461706 D/bleu=0.251027 D/sec= 405.546294 lr=0.001000
2018-09-28 22:59:38,708 - main - INFO - saving early stopped-model at epoch 40
2018-09-28 23:16:57,623 - main - INFO - # source : 案外 心丈夫 に なっ て 来 た 。
2018-09-28 23:16:57,625 - main - INFO - #  result : 少し 張 合 が 抜ける が まあ 仕方がない 、 ざっと 話し て しまお う 。
2018-09-28 23:16:57,629 - main - INFO - #  expect : ことに よる と 社会 は みんな 気 狂 の 寄り 合 かも 知れ ない 。
2018-09-28 23:16:57,632 - main - INFO - [ 41] T/loss=2.650122 T/perp=1.123622 T/bleu=0.651683 T/sec= 633.863059 D/loss=7.973129 D/perp=1.451566 D/bleu=0.263174 D/sec= 405.068095 lr=0.001000
2018-09-28 23:16:57,637 - main - INFO - saving early stopped-model at epoch 41
2018-09-28 23:34:16,590 - main - INFO - # source : 今 まで は 単に 序幕 です 。
2018-09-28 23:34:16,592 - main - INFO - #  result : 第一 買う の に 困り まし た よ 先生 。
2018-09-28 23:34:16,593 - main - INFO - #  expect : まだ ある の かい 。
2018-09-28 23:34:16,597 - main - INFO - [ 42] T/loss=2.565629 T/perp=1.119352 T/bleu=0.671325 T/sec= 633.648177 D/loss=8.090283 D/perp=1.459690 D/bleu=0.258614 D/sec= 405.295306 lr=0.001000