The default version of TensorFlow in Colab will soon switch to TensorFlow 2.x.
We recommend you upgrade now or ensure your notebook will continue to use TensorFlow 1.x via the %tensorflow_version 1.x magic: more info.

{
  "gpu": 0,
  "batchsize": 16,
  "learnrate": 5e-05,
  "weightdecay": 0.01,
  "epoch": 100,
  "train": "../datasets/mlit/04-train.txt",
  "eval": "../datasets/mlit/04-test.txt",
  "init_checkpoint": "../../BERT/Japanese_L-12_H-768_A-12_E-30_BPE/arrays_bert_model.ckpt.npz",
  "bert_config_file": "../../BERT/Japanese_L-12_H-768_A-12_E-30_BPE/bert_config.json",
  "vocab_file": "../../BERT/Japanese_L-12_H-768_A-12_E-30_BPE/vocab.txt",
  "out": "results_dml-2-mlit",
  "resume": "",
  "start_epoch": 1,
  "noplot": false
}
WARNING:tensorflow:From /content/drive/My Drive/Colab Notebooks/kenkyu/200224_dml/bertlib/tokenization.py:74: The name tf.gfile.GFile is deprecated. Please use tf.io.gfile.GFile instead.

2020-02-24 05:12:25,029 - load_data - INFO - Loading dataset ... done.
2020-02-24 05:12:26,501 - load_data - INFO - Loading dataset ... done.
# train: 46742, eval: 5197,
# class: 16, labels: {'エンジン': 0, '制動装置': 1, '動力伝達': 2, '排ｶﾞｽ･騒音': 3, '乗車装置': 4, '保安灯火': 5, '車枠・車体': 6, 'かじ取り': 7, '電気装置': 8, '燃料装置': 9, 'その他': 10, '電動機(モーター)': 11, '緩衝装置': 12, '走行装置': 13, '装置その他': 14, '非装置': 15}
# vocab: 32005
2020-02-24 05:17:32,428 - main - INFO - [  1] T/loss=1.059858 T/acc1=0.000000 T/acc2=0.000000 T/sec= 269.662931 D/loss=0.227168 D/acc1=0.000000 D/acc2=0.000000 D/sec= 13.991639 lr=0.247480 eta=0.000050
saving final model at epoch 1
2020-02-24 05:23:30,137 - main - INFO - [  2] T/loss=0.392980 T/acc1=0.000000 T/acc2=0.000000 T/sec= 343.205449 D/loss=0.195281 D/acc1=0.000000 D/acc2=0.000000 D/sec= 14.503519 lr=0.344153 eta=0.000050
saving final model at epoch 2
2020-02-24 05:29:25,263 - main - INFO - [  3] T/loss=0.363279 T/acc1=0.000000 T/acc2=0.000000 T/sec= 340.292067 D/loss=0.184564 D/acc1=0.000000 D/acc2=0.000000 D/sec= 14.834252 lr=0.415080 eta=0.000049
saving final model at epoch 3
2020-02-24 05:35:11,745 - main - INFO - [  4] T/loss=0.296991 T/acc1=0.000000 T/acc2=0.000000 T/sec= 332.210106 D/loss=0.170578 D/acc1=0.000000 D/acc2=0.000000 D/sec= 14.272101 lr=0.472073 eta=0.000049
saving final model at epoch 4
2020-02-24 05:40:53,285 - main - INFO - [  5] T/loss=0.244849 T/acc1=0.000000 T/acc2=0.000000 T/sec= 327.439938 D/loss=0.149222 D/acc1=0.000000 D/acc2=0.000000 D/sec= 14.099422 lr=0.519929 eta=0.000048
saving final model at epoch 5
2020-02-24 05:46:41,720 - main - INFO - [  6] T/loss=0.224185 T/acc1=0.000000 T/acc2=0.000000 T/sec= 333.838713 D/loss=0.143428 D/acc1=0.000000 D/acc2=0.000000 D/sec= 14.596616 lr=0.561159 eta=0.000048
saving final model at epoch 6
2020-02-24 05:52:18,255 - main - INFO - [  7] T/loss=0.217247 T/acc1=0.000000 T/acc2=0.000000 T/sec= 322.884038 D/loss=0.170081 D/acc1=0.000000 D/acc2=0.000000 D/sec= 13.651346 lr=0.597285 eta=0.000047
saving final model at epoch 7
2020-02-24 05:58:10,514 - main - INFO - [  8] T/loss=0.223869 T/acc1=0.000000 T/acc2=0.000000 T/sec= 337.723382 D/loss=0.128264 D/acc1=0.000000 D/acc2=0.000000 D/sec= 14.535038 lr=0.629319 eta=0.000047
saving final model at epoch 8
2020-02-24 06:03:55,498 - main - INFO - [  9] T/loss=0.210823 T/acc1=0.000000 T/acc2=0.000000 T/sec= 330.923865 D/loss=0.105205 D/acc1=0.000000 D/acc2=0.000000 D/sec= 14.060369 lr=0.657979 eta=0.000046
saving final model at epoch 9
2020-02-24 06:09:50,164 - main - INFO - [ 10] T/loss=0.186650 T/acc1=0.000000 T/acc2=0.000000 T/sec= 340.132458 D/loss=0.123241 D/acc1=0.000000 D/acc2=0.000000 D/sec= 14.534063 lr=0.683795 eta=0.000046
saving final model at epoch 10
2020-02-24 06:15:29,544 - main - INFO - [ 11] T/loss=0.187840 T/acc1=0.000000 T/acc2=0.000000 T/sec= 325.699667 D/loss=0.101688 D/acc1=0.000000 D/acc2=0.000000 D/sec= 13.679877 lr=0.707177 eta=0.000045
saving final model at epoch 11
2020-02-24 06:21:21,193 - main - INFO - [ 12] T/loss=0.171726 T/acc1=0.000000 T/acc2=0.000000 T/sec= 337.243225 D/loss=0.093614 D/acc1=0.000000 D/acc2=0.000000 D/sec= 14.405392 lr=0.728448 eta=0.000045
saving final model at epoch 12
2020-02-24 06:27:07,477 - main - INFO - [ 13] T/loss=0.167734 T/acc1=0.000000 T/acc2=0.000000 T/sec= 331.547362 D/loss=0.063657 D/acc1=0.000000 D/acc2=0.000000 D/sec= 14.737366 lr=0.747869 eta=0.000044
saving final model at epoch 13
2020-02-24 06:33:07,924 - main - INFO - [ 14] T/loss=0.165003 T/acc1=0.000000 T/acc2=0.000000 T/sec= 345.371377 D/loss=0.067675 D/acc1=0.000000 D/acc2=0.000000 D/sec= 15.075423 lr=0.765656 eta=0.000044
saving final model at epoch 14
2020-02-24 06:38:52,873 - main - INFO - [ 15] T/loss=0.149776 T/acc1=0.000000 T/acc2=0.000000 T/sec= 330.249143 D/loss=0.058665 D/acc1=0.000000 D/acc2=0.000000 D/sec= 14.699628 lr=0.781987 eta=0.000043
saving final model at epoch 15
2020-02-24 06:44:52,634 - main - INFO - [ 16] T/loss=0.151868 T/acc1=0.000000 T/acc2=0.000000 T/sec= 344.744527 D/loss=0.103465 D/acc1=0.000000 D/acc2=0.000000 D/sec= 15.017020 lr=0.797017 eta=0.000043
saving final model at epoch 16
2020-02-24 06:50:36,647 - main - INFO - [ 17] T/loss=0.136728 T/acc1=0.000000 T/acc2=0.000000 T/sec= 329.507822 D/loss=0.067100 D/acc1=0.000000 D/acc2=0.000000 D/sec= 14.504756 lr=0.810875 eta=0.000042
saving final model at epoch 17
2020-02-24 06:56:25,571 - main - INFO - [ 18] T/loss=0.129997 T/acc1=0.000000 T/acc2=0.000000 T/sec= 335.053529 D/loss=0.108662 D/acc1=0.000000 D/acc2=0.000000 D/sec= 13.870770 lr=0.823674 eta=0.000042
saving final model at epoch 18
2020-02-24 07:02:14,364 - main - INFO - [ 19] T/loss=0.156425 T/acc1=0.000000 T/acc2=0.000000 T/sec= 334.196178 D/loss=0.105416 D/acc1=0.000000 D/acc2=0.000000 D/sec= 14.596679 lr=0.835513 eta=0.000041
saving final model at epoch 19
2020-02-24 07:08:11,725 - main - INFO - [ 20] T/loss=0.127046 T/acc1=0.000000 T/acc2=0.000000 T/sec= 342.803900 D/loss=0.086055 D/acc1=0.000000 D/acc2=0.000000 D/sec= 14.557249 lr=0.846478 eta=0.000041
saving final model at epoch 20
2020-02-24 07:14:13,240 - main - INFO - [ 21] T/loss=0.134693 T/acc1=0.000000 T/acc2=0.000000 T/sec= 346.956611 D/loss=0.074283 D/acc1=0.000000 D/acc2=0.000000 D/sec= 14.557524 lr=0.856645 eta=0.000040
saving final model at epoch 21
2020-02-24 07:20:13,538 - main - INFO - [ 22] T/loss=0.124695 T/acc1=0.000000 T/acc2=0.000000 T/sec= 345.270716 D/loss=0.075934 D/acc1=0.000000 D/acc2=0.000000 D/sec= 15.027994 lr=0.866083 eta=0.000040
saving final model at epoch 22
2020-02-24 07:26:05,852 - main - INFO - [ 23] T/loss=0.140319 T/acc1=0.000000 T/acc2=0.000000 T/sec= 337.934671 D/loss=0.087651 D/acc1=0.000000 D/acc2=0.000000 D/sec= 14.378952 lr=0.874852 eta=0.000039
saving final model at epoch 23
2020-02-24 07:32:01,200 - main - INFO - [ 24] T/loss=0.118509 T/acc1=0.000000 T/acc2=0.000000 T/sec= 340.895251 D/loss=0.118991 D/acc1=0.000000 D/acc2=0.000000 D/sec= 14.452940 lr=0.883005 eta=0.000039
saving final model at epoch 24
2020-02-24 07:37:46,925 - main - INFO - [ 25] T/loss=0.126459 T/acc1=0.000000 T/acc2=0.000000 T/sec= 331.767066 D/loss=0.075546 D/acc1=0.000000 D/acc2=0.000000 D/sec= 13.957778 lr=0.890593 eta=0.000038
saving final model at epoch 25
2020-02-24 07:43:40,144 - main - INFO - [ 26] T/loss=0.106820 T/acc1=0.000000 T/acc2=0.000000 T/sec= 338.756275 D/loss=0.094599 D/acc1=0.000000 D/acc2=0.000000 D/sec= 14.462664 lr=0.897659 eta=0.000038
saving final model at epoch 26
2020-02-24 07:49:40,229 - main - INFO - [ 27] T/loss=0.131473 T/acc1=0.000000 T/acc2=0.000000 T/sec= 346.169526 D/loss=0.056800 D/acc1=0.000000 D/acc2=0.000000 D/sec= 13.916060 lr=0.904242 eta=0.000037
saving final model at epoch 27
2020-02-24 07:55:33,977 - main - INFO - [ 28] T/loss=0.109388 T/acc1=0.000000 T/acc2=0.000000 T/sec= 339.501273 D/loss=0.060386 D/acc1=0.000000 D/acc2=0.000000 D/sec= 14.246063 lr=0.910381 eta=0.000037
saving final model at epoch 28
2020-02-24 08:01:18,504 - main - INFO - [ 29] T/loss=0.112124 T/acc1=0.000000 T/acc2=0.000000 T/sec= 330.797472 D/loss=0.064971 D/acc1=0.000000 D/acc2=0.000000 D/sec= 13.729759 lr=0.916107 eta=0.000036
saving final model at epoch 29
2020-02-24 08:07:08,728 - main - INFO - [ 30] T/loss=0.094868 T/acc1=0.000000 T/acc2=0.000000 T/sec= 336.708833 D/loss=0.080318 D/acc1=0.000000 D/acc2=0.000000 D/sec= 13.514909 lr=0.921450 eta=0.000036
saving final model at epoch 30
2020-02-24 08:12:50,767 - main - INFO - [ 31] T/loss=0.105576 T/acc1=0.000000 T/acc2=0.000000 T/sec= 328.490921 D/loss=0.069184 D/acc1=0.000000 D/acc2=0.000000 D/sec= 13.548515 lr=0.926440 eta=0.000035
saving final model at epoch 31
2020-02-24 08:18:45,226 - main - INFO - [ 32] T/loss=0.095444 T/acc1=0.000000 T/acc2=0.000000 T/sec= 340.980897 D/loss=0.085380 D/acc1=0.000000 D/acc2=0.000000 D/sec= 13.477615 lr=0.931100 eta=0.000035
saving final model at epoch 32
2020-02-24 08:24:25,253 - main - INFO - [ 33] T/loss=0.074510 T/acc1=0.000000 T/acc2=0.000000 T/sec= 326.781196 D/loss=0.060344 D/acc1=0.000000 D/acc2=0.000000 D/sec= 13.246213 lr=0.935454 eta=0.000034
saving final model at epoch 33
2020-02-24 08:30:30,315 - main - INFO - [ 34] T/loss=0.084354 T/acc1=0.000000 T/acc2=0.000000 T/sec= 349.906942 D/loss=0.091854 D/acc1=0.000000 D/acc2=0.000000 D/sec= 15.154694 lr=0.939524 eta=0.000034
saving final model at epoch 34
2020-02-24 08:36:23,280 - main - INFO - [ 35] T/loss=0.093289 T/acc1=0.000000 T/acc2=0.000000 T/sec= 337.913939 D/loss=0.047323 D/acc1=0.000000 D/acc2=0.000000 D/sec= 15.051453 lr=0.943330 eta=0.000033
saving final model at epoch 35
2020-02-24 08:42:24,303 - main - INFO - [ 36] T/loss=0.084235 T/acc1=0.000000 T/acc2=0.000000 T/sec= 345.997458 D/loss=0.070187 D/acc1=0.000000 D/acc2=0.000000 D/sec= 15.025642 lr=0.946889 eta=0.000033
saving final model at epoch 36
2020-02-24 08:48:20,272 - main - INFO - [ 37] T/loss=0.092004 T/acc1=0.000000 T/acc2=0.000000 T/sec= 341.117622 D/loss=0.068165 D/acc1=0.000000 D/acc2=0.000000 D/sec= 14.851231 lr=0.950218 eta=0.000032
saving final model at epoch 37
2020-02-24 08:54:12,799 - main - INFO - [ 38] T/loss=0.085301 T/acc1=0.000000 T/acc2=0.000000 T/sec= 338.339776 D/loss=0.071290 D/acc1=0.000000 D/acc2=0.000000 D/sec= 14.187091 lr=0.953334 eta=0.000032
saving final model at epoch 38
2020-02-24 09:00:06,601 - main - INFO - [ 39] T/loss=0.079503 T/acc1=0.000000 T/acc2=0.000000 T/sec= 339.751617 D/loss=0.061167 D/acc1=0.000000 D/acc2=0.000000 D/sec= 14.050404 lr=0.956250 eta=0.000031
saving final model at epoch 39
2020-02-24 09:06:09,235 - main - INFO - [ 40] T/loss=0.082871 T/acc1=0.000000 T/acc2=0.000000 T/sec= 347.958872 D/loss=0.078891 D/acc1=0.000000 D/acc2=0.000000 D/sec= 14.675425 lr=0.958980 eta=0.000031
saving final model at epoch 40
2020-02-24 09:12:05,733 - main - INFO - [ 41] T/loss=0.071255 T/acc1=0.000000 T/acc2=0.000000 T/sec= 342.012025 D/loss=0.078597 D/acc1=0.000000 D/acc2=0.000000 D/sec= 14.485871 lr=0.961536 eta=0.000030
saving final model at epoch 41
2020-02-24 09:18:02,846 - main - INFO - [ 42] T/loss=0.079696 T/acc1=0.000000 T/acc2=0.000000 T/sec= 342.686572 D/loss=0.050817 D/acc1=0.000000 D/acc2=0.000000 D/sec= 14.426322 lr=0.963929 eta=0.000030
saving final model at epoch 42
2020-02-24 09:23:50,433 - main - INFO - [ 43] T/loss=0.060495 T/acc1=0.000000 T/acc2=0.000000 T/sec= 333.582986 D/loss=0.063629 D/acc1=0.000000 D/acc2=0.000000 D/sec= 14.003545 lr=0.966171 eta=0.000029
saving final model at epoch 43
2020-02-24 09:29:46,228 - main - INFO - [ 44] T/loss=0.103577 T/acc1=0.000000 T/acc2=0.000000 T/sec= 341.443403 D/loss=0.051411 D/acc1=0.000000 D/acc2=0.000000 D/sec= 14.352419 lr=0.968272 eta=0.000029
saving final model at epoch 44
2020-02-24 09:35:33,274 - main - INFO - [ 45] T/loss=0.081580 T/acc1=0.000000 T/acc2=0.000000 T/sec= 333.066521 D/loss=0.069226 D/acc1=0.000000 D/acc2=0.000000 D/sec= 13.978698 lr=0.970240 eta=0.000028
saving final model at epoch 45
2020-02-24 09:41:28,802 - main - INFO - [ 46] T/loss=0.074191 T/acc1=0.000000 T/acc2=0.000000 T/sec= 341.319053 D/loss=0.055029 D/acc1=0.000000 D/acc2=0.000000 D/sec= 14.209096 lr=0.972084 eta=0.000028
saving final model at epoch 46
2020-02-24 09:47:15,262 - main - INFO - [ 47] T/loss=0.068389 T/acc1=0.000000 T/acc2=0.000000 T/sec= 332.402154 D/loss=0.058591 D/acc1=0.000000 D/acc2=0.000000 D/sec= 14.058030 lr=0.973812 eta=0.000027
saving final model at epoch 47
2020-02-24 09:53:06,429 - main - INFO - [ 48] T/loss=0.091272 T/acc1=0.000000 T/acc2=0.000000 T/sec= 337.392075 D/loss=0.052223 D/acc1=0.000000 D/acc2=0.000000 D/sec= 13.775352 lr=0.975432 eta=0.000027
saving final model at epoch 48
2020-02-24 09:58:51,482 - main - INFO - [ 49] T/loss=0.065857 T/acc1=0.000000 T/acc2=0.000000 T/sec= 331.563375 D/loss=0.050933 D/acc1=0.000000 D/acc2=0.000000 D/sec= 13.489383 lr=0.976950 eta=0.000026
saving final model at epoch 49
2020-02-24 10:04:40,750 - main - INFO - [ 50] T/loss=0.056463 T/acc1=0.000000 T/acc2=0.000000 T/sec= 335.813164 D/loss=0.073657 D/acc1=0.000000 D/acc2=0.000000 D/sec= 13.455030 lr=0.978374 eta=0.000026
saving final model at epoch 50
2020-02-24 10:10:26,897 - main - INFO - [ 51] T/loss=0.062744 T/acc1=0.000000 T/acc2=0.000000 T/sec= 332.717133 D/loss=0.054702 D/acc1=0.000000 D/acc2=0.000000 D/sec= 13.429144 lr=0.979709 eta=0.000025
saving final model at epoch 51
2020-02-24 10:16:17,350 - main - INFO - [ 52] T/loss=0.068153 T/acc1=0.000000 T/acc2=0.000000 T/sec= 336.821875 D/loss=0.055590 D/acc1=0.000000 D/acc2=0.000000 D/sec= 13.631166 lr=0.980960 eta=0.000025
saving final model at epoch 52
2020-02-24 10:22:08,509 - main - INFO - [ 53] T/loss=0.066935 T/acc1=0.000000 T/acc2=0.000000 T/sec= 336.660438 D/loss=0.051150 D/acc1=0.000000 D/acc2=0.000000 D/sec= 14.498805 lr=0.982134 eta=0.000024
saving final model at epoch 53
2020-02-24 10:28:11,211 - main - INFO - [ 54] T/loss=0.064897 T/acc1=0.000000 T/acc2=0.000000 T/sec= 347.545847 D/loss=0.061390 D/acc1=0.000000 D/acc2=0.000000 D/sec= 15.156527 lr=0.983234 eta=0.000024
saving final model at epoch 54
2020-02-24 10:34:08,373 - main - INFO - [ 55] T/loss=0.068540 T/acc1=0.000000 T/acc2=0.000000 T/sec= 342.100069 D/loss=0.057429 D/acc1=0.000000 D/acc2=0.000000 D/sec= 15.061847 lr=0.984267 eta=0.000023
saving final model at epoch 55
2020-02-24 10:40:05,963 - main - INFO - [ 56] T/loss=0.060583 T/acc1=0.000000 T/acc2=0.000000 T/sec= 343.254762 D/loss=0.053044 D/acc1=0.000000 D/acc2=0.000000 D/sec= 14.335000 lr=0.985235 eta=0.000023
saving final model at epoch 56
2020-02-24 10:46:01,685 - main - INFO - [ 57] T/loss=0.053257 T/acc1=0.000000 T/acc2=0.000000 T/sec= 341.195222 D/loss=0.050781 D/acc1=0.000000 D/acc2=0.000000 D/sec= 14.527135 lr=0.986143 eta=0.000022
saving final model at epoch 57
2020-02-24 10:52:03,594 - main - INFO - [ 58] T/loss=0.046235 T/acc1=0.000000 T/acc2=0.000000 T/sec= 347.378129 D/loss=0.097781 D/acc1=0.000000 D/acc2=0.000000 D/sec= 14.530697 lr=0.986995 eta=0.000022
saving final model at epoch 58
2020-02-24 10:57:57,143 - main - INFO - [ 59] T/loss=0.070809 T/acc1=0.000000 T/acc2=0.000000 T/sec= 339.141442 D/loss=0.046975 D/acc1=0.000000 D/acc2=0.000000 D/sec= 14.407489 lr=0.987795 eta=0.000021
saving final model at epoch 59
2020-02-24 11:03:53,280 - main - INFO - [ 60] T/loss=0.056377 T/acc1=0.000000 T/acc2=0.000000 T/sec= 342.107601 D/loss=0.055581 D/acc1=0.000000 D/acc2=0.000000 D/sec= 14.028908 lr=0.988545 eta=0.000021
saving final model at epoch 60
2020-02-24 11:09:41,342 - main - INFO - [ 61] T/loss=0.054468 T/acc1=0.000000 T/acc2=0.000000 T/sec= 334.293094 D/loss=0.051319 D/acc1=0.000000 D/acc2=0.000000 D/sec= 13.769093 lr=0.989248 eta=0.000020
saving final model at epoch 61
2020-02-24 11:15:36,228 - main - INFO - [ 62] T/loss=0.057697 T/acc1=0.000000 T/acc2=0.000000 T/sec= 340.939166 D/loss=0.043657 D/acc1=0.000000 D/acc2=0.000000 D/sec= 13.947568 lr=0.989908 eta=0.000020
saving final model at epoch 62
2020-02-24 11:21:32,864 - main - INFO - [ 63] T/loss=0.055922 T/acc1=0.000000 T/acc2=0.000000 T/sec= 342.205769 D/loss=0.060952 D/acc1=0.000000 D/acc2=0.000000 D/sec= 14.429367 lr=0.990528 eta=0.000019
saving final model at epoch 63
2020-02-24 11:27:29,702 - main - INFO - [ 64] T/loss=0.055434 T/acc1=0.000000 T/acc2=0.000000 T/sec= 343.250364 D/loss=0.047819 D/acc1=0.000000 D/acc2=0.000000 D/sec= 13.588249 lr=0.991109 eta=0.000019
saving final model at epoch 64
2020-02-24 11:33:21,098 - main - INFO - [ 65] T/loss=0.046557 T/acc1=0.000000 T/acc2=0.000000 T/sec= 336.718041 D/loss=0.049206 D/acc1=0.000000 D/acc2=0.000000 D/sec= 14.678026 lr=0.991654 eta=0.000018
saving final model at epoch 65
2020-02-24 11:39:24,447 - main - INFO - [ 66] T/loss=0.045528 T/acc1=0.000000 T/acc2=0.000000 T/sec= 348.422764 D/loss=0.047962 D/acc1=0.000000 D/acc2=0.000000 D/sec= 14.925586 lr=0.992166 eta=0.000018
saving final model at epoch 66
2020-02-24 11:45:08,739 - main - INFO - [ 67] T/loss=0.049598 T/acc1=0.000000 T/acc2=0.000000 T/sec= 331.101826 D/loss=0.053020 D/acc1=0.000000 D/acc2=0.000000 D/sec= 13.190268 lr=0.992646 eta=0.000017
saving final model at epoch 67
2020-02-24 11:51:10,735 - main - INFO - [ 68] T/loss=0.048490 T/acc1=0.000000 T/acc2=0.000000 T/sec= 347.353306 D/loss=0.047341 D/acc1=0.000000 D/acc2=0.000000 D/sec= 14.642727 lr=0.993097 eta=0.000017
saving final model at epoch 68
2020-02-24 11:57:06,244 - main - INFO - [ 69] T/loss=0.061120 T/acc1=0.000000 T/acc2=0.000000 T/sec= 339.103995 D/loss=0.046565 D/acc1=0.000000 D/acc2=0.000000 D/sec= 16.405391 lr=0.993520 eta=0.000016
saving final model at epoch 69
2020-02-24 12:02:55,410 - main - INFO - [ 70] T/loss=0.046377 T/acc1=0.000000 T/acc2=0.000000 T/sec= 336.220038 D/loss=0.038592 D/acc1=0.000000 D/acc2=0.000000 D/sec= 12.946330 lr=0.993917 eta=0.000016
saving final model at epoch 70
2020-02-24 12:09:12,176 - main - INFO - [ 71] T/loss=0.045585 T/acc1=0.000000 T/acc2=0.000000 T/sec= 358.510578 D/loss=0.047327 D/acc1=0.000000 D/acc2=0.000000 D/sec= 18.254735 lr=0.994290 eta=0.000015
saving final model at epoch 71
2020-02-24 12:15:12,990 - main - INFO - [ 72] T/loss=0.052795 T/acc1=0.000000 T/acc2=0.000000 T/sec= 346.326073 D/loss=0.060418 D/acc1=0.000000 D/acc2=0.000000 D/sec= 14.488422 lr=0.994640 eta=0.000015
saving final model at epoch 72
2020-02-24 12:21:15,787 - main - INFO - [ 73] T/loss=0.039343 T/acc1=0.000000 T/acc2=0.000000 T/sec= 344.043070 D/loss=0.042698 D/acc1=0.000000 D/acc2=0.000000 D/sec= 18.753653 lr=0.994968 eta=0.000014
saving final model at epoch 73
2020-02-24 12:27:08,981 - main - INFO - [ 74] T/loss=0.057020 T/acc1=0.000000 T/acc2=0.000000 T/sec= 339.355383 D/loss=0.038550 D/acc1=0.000000 D/acc2=0.000000 D/sec= 13.838241 lr=0.995276 eta=0.000014
saving final model at epoch 74
2020-02-24 12:33:07,587 - main - INFO - [ 75] T/loss=0.043389 T/acc1=0.000000 T/acc2=0.000000 T/sec= 341.590655 D/loss=0.041296 D/acc1=0.000000 D/acc2=0.000000 D/sec= 17.015675 lr=0.995565 eta=0.000013
saving final model at epoch 75
2020-02-24 12:39:05,360 - main - INFO - [ 76] T/loss=0.043100 T/acc1=0.000000 T/acc2=0.000000 T/sec= 344.220079 D/loss=0.055126 D/acc1=0.000000 D/acc2=0.000000 D/sec= 13.552795 lr=0.995837 eta=0.000013
saving final model at epoch 76
2020-02-24 12:45:02,863 - main - INFO - [ 77] T/loss=0.040018 T/acc1=0.000000 T/acc2=0.000000 T/sec= 342.812386 D/loss=0.039180 D/acc1=0.000000 D/acc2=0.000000 D/sec= 14.691064 lr=0.996092 eta=0.000012
saving final model at epoch 77
2020-02-24 12:50:56,429 - main - INFO - [ 78] T/loss=0.052013 T/acc1=0.000000 T/acc2=0.000000 T/sec= 339.880356 D/loss=0.038138 D/acc1=0.000000 D/acc2=0.000000 D/sec= 13.685045 lr=0.996331 eta=0.000012
saving final model at epoch 78
2020-02-24 12:56:47,021 - main - INFO - [ 79] T/loss=0.044258 T/acc1=0.000000 T/acc2=0.000000 T/sec= 335.527453 D/loss=0.044600 D/acc1=0.000000 D/acc2=0.000000 D/sec= 15.064465 lr=0.996555 eta=0.000011
saving final model at epoch 79
2020-02-24 13:02:36,968 - main - INFO - [ 80] T/loss=0.038430 T/acc1=0.000000 T/acc2=0.000000 T/sec= 336.577264 D/loss=0.042267 D/acc1=0.000000 D/acc2=0.000000 D/sec= 13.370168 lr=0.996766 eta=0.000011
saving final model at epoch 80
2020-02-24 13:08:48,479 - main - INFO - [ 81] T/loss=0.042598 T/acc1=0.000000 T/acc2=0.000000 T/sec= 350.726131 D/loss=0.038052 D/acc1=0.000000 D/acc2=0.000000 D/sec= 20.785109 lr=0.996964 eta=0.000010
saving final model at epoch 81
2020-02-24 13:14:53,465 - main - INFO - [ 82] T/loss=0.039448 T/acc1=0.000000 T/acc2=0.000000 T/sec= 349.816109 D/loss=0.043095 D/acc1=0.000000 D/acc2=0.000000 D/sec= 15.169857 lr=0.997150 eta=0.000010
saving final model at epoch 82
2020-02-24 13:20:54,833 - main - INFO - [ 83] T/loss=0.044487 T/acc1=0.000000 T/acc2=0.000000 T/sec= 346.307131 D/loss=0.049790 D/acc1=0.000000 D/acc2=0.000000 D/sec= 15.060340 lr=0.997324 eta=0.000009
saving final model at epoch 83
2020-02-24 13:27:01,066 - main - INFO - [ 84] T/loss=0.037023 T/acc1=0.000000 T/acc2=0.000000 T/sec= 350.974404 D/loss=0.042855 D/acc1=0.000000 D/acc2=0.000000 D/sec= 15.258876 lr=0.997488 eta=0.000009
saving final model at epoch 84
2020-02-24 13:33:09,059 - main - INFO - [ 85] T/loss=0.048764 T/acc1=0.000000 T/acc2=0.000000 T/sec= 350.670668 D/loss=0.032428 D/acc1=0.000000 D/acc2=0.000000 D/sec= 17.322713 lr=0.997641 eta=0.000008
saving final model at epoch 85
2020-02-24 13:39:10,492 - main - INFO - [ 86] T/loss=0.041776 T/acc1=0.000000 T/acc2=0.000000 T/sec= 347.200576 D/loss=0.041061 D/acc1=0.000000 D/acc2=0.000000 D/sec= 14.232146 lr=0.997786 eta=0.000008
saving final model at epoch 86
2020-02-24 13:45:08,584 - main - INFO - [ 87] T/loss=0.031418 T/acc1=0.000000 T/acc2=0.000000 T/sec= 339.992445 D/loss=0.049156 D/acc1=0.000000 D/acc2=0.000000 D/sec= 18.099917 lr=0.997921 eta=0.000007
saving final model at epoch 87
2020-02-24 13:51:18,188 - main - INFO - [ 88] T/loss=0.036382 T/acc1=0.000000 T/acc2=0.000000 T/sec= 354.838997 D/loss=0.042011 D/acc1=0.000000 D/acc2=0.000000 D/sec= 14.764863 lr=0.998048 eta=0.000007
saving final model at epoch 88
2020-02-24 13:57:17,047 - main - INFO - [ 89] T/loss=0.041228 T/acc1=0.000000 T/acc2=0.000000 T/sec= 342.732121 D/loss=0.042811 D/acc1=0.000000 D/acc2=0.000000 D/sec= 16.126429 lr=0.998167 eta=0.000006
saving final model at epoch 89
2020-02-24 14:03:12,800 - main - INFO - [ 90] T/loss=0.048409 T/acc1=0.000000 T/acc2=0.000000 T/sec= 341.754895 D/loss=0.044197 D/acc1=0.000000 D/acc2=0.000000 D/sec= 13.998697 lr=0.998279 eta=0.000006
saving final model at epoch 90
2020-02-24 14:09:28,441 - main - INFO - [ 91] T/loss=0.029733 T/acc1=0.000000 T/acc2=0.000000 T/sec= 357.556713 D/loss=0.034741 D/acc1=0.000000 D/acc2=0.000000 D/sec= 18.083647 lr=0.998385 eta=0.000005
saving final model at epoch 91
2020-02-24 14:15:25,053 - main - INFO - [ 92] T/loss=0.035065 T/acc1=0.000000 T/acc2=0.000000 T/sec= 342.661643 D/loss=0.046930 D/acc1=0.000000 D/acc2=0.000000 D/sec= 13.950631 lr=0.998483 eta=0.000005
saving final model at epoch 92
2020-02-24 14:21:25,683 - main - INFO - [ 93] T/loss=0.036706 T/acc1=0.000000 T/acc2=0.000000 T/sec= 346.244133 D/loss=0.040876 D/acc1=0.000000 D/acc2=0.000000 D/sec= 14.386197 lr=0.998576 eta=0.000004
saving final model at epoch 93
2020-02-24 14:27:18,995 - main - INFO - [ 94] T/loss=0.034278 T/acc1=0.000000 T/acc2=0.000000 T/sec= 339.554595 D/loss=0.043030 D/acc1=0.000000 D/acc2=0.000000 D/sec= 13.756769 lr=0.998663 eta=0.000004
saving final model at epoch 94
2020-02-24 14:33:07,988 - main - INFO - [ 95] T/loss=0.034934 T/acc1=0.000000 T/acc2=0.000000 T/sec= 331.683250 D/loss=0.040672 D/acc1=0.000000 D/acc2=0.000000 D/sec= 17.310208 lr=0.998745 eta=0.000003
saving final model at epoch 95
2020-02-24 14:39:00,507 - main - INFO - [ 96] T/loss=0.039450 T/acc1=0.000000 T/acc2=0.000000 T/sec= 339.210505 D/loss=0.031998 D/acc1=0.000000 D/acc2=0.000000 D/sec= 13.308120 lr=0.998822 eta=0.000003
saving final model at epoch 96
2020-02-24 14:44:51,483 - main - INFO - [ 97] T/loss=0.033252 T/acc1=0.000000 T/acc2=0.000000 T/sec= 334.015752 D/loss=0.043664 D/acc1=0.000000 D/acc2=0.000000 D/sec= 16.960497 lr=0.998894 eta=0.000002
saving final model at epoch 97
2020-02-24 14:50:40,363 - main - INFO - [ 98] T/loss=0.036142 T/acc1=0.000000 T/acc2=0.000000 T/sec= 335.552789 D/loss=0.037228 D/acc1=0.000000 D/acc2=0.000000 D/sec= 13.327111 lr=0.998961 eta=0.000002
saving final model at epoch 98
2020-02-24 14:56:36,826 - main - INFO - [ 99] T/loss=0.031865 T/acc1=0.000000 T/acc2=0.000000 T/sec= 340.886582 D/loss=0.040961 D/acc1=0.000000 D/acc2=0.000000 D/sec= 15.575843 lr=0.999025 eta=0.000001
saving final model at epoch 99
2020-02-24 15:02:24,366 - main - INFO - [100] T/loss=0.035327 T/acc1=0.000000 T/acc2=0.000000 T/sec= 334.345377 D/loss=0.034324 D/acc1=0.000000 D/acc2=0.000000 D/sec= 13.194691 lr=0.999084 eta=0.000001
saving final model at epoch 100
2020-02-24 15:03:35,690 - <module> - INFO - time spent: 35485.988713 sec
