2020-08-20 04:04:30,989 - main - INFO - {
  "test": "datasets/mlit/04-test.txt",
  "pretrained": "cl-tohoku/bert-base-japanese-whole-word-masking",
  "model": "results_bert-4-mlt/early_stopped-uar.pth.tar",
  "batchsize": 64,
  "topN": 2,
  "out": "results_bert-4-mlt"
}
Linear(in_features=768, out_features=16, bias=True)
2020-08-20 04:04:41,343 - load_data - INFO - Loading dataset ... done.
2020-08-20 04:04:41,345 - main - DEBUG - ['ダッシュボード が 溶け て ベトベト し て いる 。', 'ＮＯ Ｘ センサー の 不良 により 、 エンジン 警告 灯 が 点き っぱなし に なっ た 。', '電動 オープン の ルーフ を 閉じる とき に 、 エラーメッセージ が 出 て 幌 が 閉まら なく なっ た 。']
2020-08-20 04:04:41,346 - main - DEBUG - [6, 3, 6]
# test  X: 5197, y: 5197, class: 16

Enter document ID [0..5197]=> 0
/usr/local/lib/python3.6/dist-packages/lime/lime_text.py:114: FutureWarning: split() requires a non-empty pattern match.
  self.as_list = [s for s in splitter.split(self.raw) if s]
Document id: 0
True class: 車枠・車体
Probability (車枠・車体) = 0.871476
Probability (乗車装置) = 0.092782

Explanation of document id 0 for class 車枠・車体
('ダッシュボード', 0.47517304130341503)
('いる', 0.20711680367757068)
('て', 0.2039136100643194)
('ベトベト', 0.045422222680755575)
('溶け', 0.04019130026466325)
('し', -0.03657148397356947)
('が', 0.004224280842913079)

Explanation of document id 0 for class 乗車装置
('溶け', 0.023207162919567825)
('ダッシュボード', 0.022304686324583035)
('ベトベト', -0.01962039614972773)
('し', 0.014460980225919596)
('いる', -0.011011642279823207)
('て', 0.0012605664979242369)
('が', -2.5085145319950024e-05)

Enter document ID [0..5197]=> 1
/usr/local/lib/python3.6/dist-packages/lime/lime_text.py:114: FutureWarning: split() requires a non-empty pattern match.
  self.as_list = [s for s in splitter.split(self.raw) if s]
Document id: 1
True class: 排ｶﾞｽ･騒音
Probability (排ｶﾞｽ･騒音) = 0.998319
Probability (エンジン) = 0.000820

Explanation of document id 1 for class 排ｶﾞｽ･騒音
('ＮＯ', 0.4534201941336864)
('センサー', 0.36743250134121197)
('警告', 0.2815124441298535)
('Ｘ', 0.22009064346513296)
('不良', 0.1431975765700484)
('灯', -0.06382819064668568)
('なっ', -0.05787923505226166)
('っぱなし', -0.047547280849385185)
('点き', -0.042871152818931155)
('た', 0.025050145837025244)
('の', 0.024891613929135345)
('により', 0.01203795215986939)
('エンジン', 0.009162289040129225)
('が', -0.00753002122873476)
('に', -0.0072533214651177794)

Explanation of document id 1 for class エンジン
('エンジン', 0.3970983533923396)
('ＮＯ', -0.33872890332154393)
('Ｘ', -0.19211058568753683)
('センサー', -0.16067127239491252)
('不良', -0.13223960177265784)
('灯', -0.11087575573653763)
('が', 0.07069236653437946)
('なっ', 0.04033336421283114)
('の', -0.031051666560455164)
('により', -0.028464966472687012)
('た', -0.016066195460982334)
('点き', -0.014544712729948402)
('警告', 0.009270742401047992)
('っぱなし', -0.008960245890982065)
('に', -0.006040669926341103)

Enter document ID [0..5197]=> 2
/usr/local/lib/python3.6/dist-packages/lime/lime_text.py:114: FutureWarning: split() requires a non-empty pattern match.
  self.as_list = [s for s in splitter.split(self.raw) if s]
Document id: 2
True class: 車枠・車体
Probability (車枠・車体) = 0.985893
Probability (乗車装置) = 0.011320

Explanation of document id 2 for class 車枠・車体
('幌', 0.38827713339878434)
('ルーフ', 0.3401037568521124)
('エラーメッセージ', -0.2681645319558358)
('オープン', 0.20543567949951358)
('て', 0.11046824199697973)
('が', 0.07525424720365045)
('とき', -0.06705773795258632)
('出', -0.05445413760186207)
('閉じる', -0.05433480838988875)
('の', 0.0469276926798099)
('電動', -0.028632322065967226)
('に', 0.024309156818774366)
('を', -0.022992205156754104)
('た', 0.01953268725111577)
('なっ', 0.017738489830335498)
('閉まら', 0.0170052454486968)
('なく', -0.010341068570765447)

Explanation of document id 2 for class 乗車装置
('幌', -0.2135694701098595)
('エラーメッセージ', 0.1903532413100049)
('オープン', -0.12129820287510266)
('閉じる', 0.08248986240766396)
('電動', 0.0816295765978486)
('とき', 0.08052692626530365)
('て', -0.04888514306018866)
('の', -0.04796778012417735)
('出', 0.04562943374132031)
('なく', 0.021761215840025622)
('が', -0.020355985858217792)
('に', -0.015142991475994759)
('た', -0.010772693003273432)
('を', 0.009397243643311947)
('閉まら', 0.009258489466959865)
('ルーフ', -0.00275245323843017)
('なっ', -0.0027079236753550606)

Enter document ID [0..5197]=> 3
/usr/local/lib/python3.6/dist-packages/lime/lime_text.py:114: FutureWarning: split() requires a non-empty pattern match.
  self.as_list = [s for s in splitter.split(self.raw) if s]
Document id: 3
True class: 制動装置
Probability (制動装置) = 0.999582
Probability (エンジン) = 0.000139

Explanation of document id 3 for class 制動装置
('Ａ', 0.7632832240625959)
('ＢＳ', 0.3347709755860518)
('警告', 0.07705486814356256)
('作動', 0.047171628526571065)
('再始動', -0.04371929737582662)
('灯', -0.0328134813365239)
('点灯', 0.032048848550987837)
('関わら', 0.026475973213973547)
('た', -0.0224589405433494)
('に', -0.018377160982108908)
('後', 0.018360860258228473)
('症状', 0.017412342535729135)
('の', -0.014568132223612392)
('常時', 0.013437984468425253)
('な', -0.009455826864454234)
('も', 0.008631622097710331)
('消灯', 0.006546939389364123)
('ず', -0.0063022839623994315)
('出', 0.0030720364321558673)
('が', -0.0017881246476578725)

Explanation of document id 3 for class エンジン
('ＢＳ', -0.09827560603255832)
('再始動', 0.05302165579270179)
('Ａ', -0.037974133891731716)
('作動', -0.031826063934139996)
('症状', 0.02836576743482545)
('灯', -0.027991890876504624)
('消灯', -0.021388304306438344)
('た', -0.02073523214988752)
('伴い', 0.017966181017288207)
('後', -0.01757662922697826)
('常時', -0.012358505609356451)
('の', 0.012209314590860474)
('よう', 0.01187253718150878)
('が', 0.010776382125967307)
('に', 0.009027474088493043)
('な', -0.007463773130643524)
('ず', -0.005868019447726737)
('警告', 0.005694835163855772)
('関わら', -0.004870739890390184)
('し', 0.003368170403468583)

Enter document ID [0..5197]=> 4
/usr/local/lib/python3.6/dist-packages/lime/lime_text.py:114: FutureWarning: split() requires a non-empty pattern match.
  self.as_list = [s for s in splitter.split(self.raw) if s]
Document id: 4
True class: エンジン
Probability (エンジン) = 0.998995
Probability (燃料装置) = 0.000396

Explanation of document id 4 for class エンジン
('エンジン', 0.3091285134708402)
('回転', 0.1306754937358357)
('する', -0.07178363204994836)
('が', 0.06877543756085283)
('急', -0.05432016506296128)
('不具合', 0.05200544523624964)
('発生', 0.04110379469391665)
('た', 0.03643921993673543)
('回', -0.03306926337770237)
('フル', 0.03232276323924067)
('中', 0.025429150496258414)
('し', 0.01647632383922525)
('停車', -0.014357221651427669)
('３', 0.007300245965078947)
('に', 0.003472382762431008)

Explanation of document id 4 for class 燃料装置
('停車', -0.0009282571472222803)
('中', 0.0008975765594721148)
('急', -0.0005820534676085891)
('回', -0.00048664692888911816)
('が', -0.0004446076660698236)
('３', -0.0004343744275267255)
('不具合', -0.00042801247315834353)
('する', 0.00042251165933175644)
('発生', -0.00041142219261986444)
('回転', -0.00033449579611552434)
('に', -0.0002551023981903982)
('エンジン', -0.00021203251421939592)
('た', -0.00011379525154797626)
('フル', -8.684517142454258e-05)
('し', -7.725327085111139e-06)

Enter document ID [0..5197]=> 5
/usr/local/lib/python3.6/dist-packages/lime/lime_text.py:114: FutureWarning: split() requires a non-empty pattern match.
  self.as_list = [s for s in splitter.split(self.raw) if s]
Document id: 5
True class: 走行装置
Probability (車枠・車体) = 0.518614
Probability (走行装置) = 0.415397

Explanation of document id 5 for class 車枠・車体
('タイヤ', -0.20692008441187493)
('音', 0.15707576819147473)
('異', -0.1296989804518299)
('周期', -0.1190224710949032)
('に', 0.11844615932453845)
('走行', 0.11814917415235042)
('混ざっ', 0.09732528471696547)
('グオングオン', 0.07155172812554166)
('する', 0.05218580654458453)
('ノイズ', -0.044960239491227905)
('的', 0.040604958729596456)
('て', 0.03750176490976605)
('な', 0.02116576782987228)
('中', 0.011866872101606397)
('と', -0.011829746061894547)
('が', -0.01025144253573519)

Explanation of document id 5 for class 走行装置
('タイヤ', 0.7716183836589846)
('異', 0.15945426442609664)
('に', -0.1482159922104329)
('グオングオン', -0.10955545387809967)
('音', -0.0902507869876011)
('混ざっ', -0.05725768823708374)
('走行', -0.05656648670047265)
('て', -0.051547223431998655)
('する', -0.04810371900157689)
('が', 0.04319544318584778)
('周期', 0.022933798827016932)
('な', 0.015588529668925597)
('ノイズ', 0.011565632492921961)
('と', -0.010538585462247617)
('的', 0.010221204839451277)
('中', 0.0015567504955161522)

Enter document ID [0..5197]=> 
