{
  "train": "datasets/soseki/neko-word-train.txt",
  "test": "datasets/soseki/neko-word-test.txt",
  "w2v": "datasets/soseki/neko_w2v.bin",
  "batchsize": 100,
  "epoch": 300,
  "unit": 200,
  "layer": 3,
  "gpu": 0,
  "gradclip": 5,
  "out": "results_rnnlm-1",
  "resume": ""
}
2018-08-18 12:36:25,397 - main - INFO - vocabulary size: 13948
2018-08-18 12:36:25,398 - main - INFO - train data size: 8951
2018-08-18 12:36:25,403 - main - INFO - train data starts with: 吾輩 は 猫 で ある 。 ...
2018-08-18 12:36:25,405 - main - INFO - test  data size: 100
Initialize the embedding from word2vec model: datasets/soseki/neko_w2v.bin
2018-08-18 12:36:50,768 - main - INFO - [  1] T/loss=153.004472 T/acc=0.047866 T/perp=2103.527864 T/sec= 21.964320 D/loss=100.016502 D/acc=0.070948 D/perp=453.600800 D/sec= 0.120360 lr=0.000700
SAMPLE #=> 吾輩は猫である。。つい、上押し返しとがた</s>に今でそんな</s>はなけれ</s>よりはある
2018-08-18 12:37:34,496 - main - INFO - [  2] T/loss=136.960086 T/acc=0.059517 T/perp=465.487288 T/sec= 43.680568 D/loss=99.449577 D/acc=0.070948 D/perp=438.141907 D/sec= 0.047271 lr=0.000696
SAMPLE #=> 吾輩は猫である。なる、相成る失望だけいる。んの引っ張らをあまりかんかんを画</s>抵抗。</s>身上
2018-08-18 12:38:19,959 - main - INFO - [  3] T/loss=135.434438 T/acc=0.075939 T/perp=435.767935 T/sec= 45.418264 D/loss=96.032837 D/acc=0.125382 D/perp=355.515045 D/sec= 0.044635 lr=0.000693
SAMPLE #=> 吾輩は猫である。ため命が合う過去をごとく</s>ます今朝と作りの．にうこれた診察ん
2018-08-18 12:39:00,151 - main - INFO - [  4] T/loss=128.044993 T/acc=0.141055 T/perp=312.645422 T/sec= 40.135766 D/loss=91.124878 D/acc=0.186544 D/perp=263.324493 D/sec= 0.056241 lr=0.000690
SAMPLE #=> 吾輩は猫である。ないが振っとと、落ちつい。</s>まあに。吐くからかちかち山見。</s>、の
2018-08-18 12:39:44,325 - main - INFO - [  5] T/loss=123.055505 T/acc=0.177716 T/perp=249.830820 T/sec= 44.116733 D/loss=89.008415 D/acc=0.193272 D/perp=231.351944 D/sec= 0.056988 lr=0.000686
SAMPLE #=> 吾輩は猫である。</s>時風采滅す羽根に形は云っええにある。</s>なる。</s>雑談ために
2018-08-18 12:40:28,992 - main - INFO - [  6] T/loss=120.485360 T/acc=0.185385 T/perp=222.387789 T/sec= 44.622635 D/loss=87.887260 D/acc=0.202446 D/perp=216.019165 D/sec= 0.044829 lr=0.000683
SAMPLE #=> 吾輩は猫である。</s>が、だかいる寝室所有黄色より重くぜ漢、のをいささかなってない
2018-08-18 12:41:08,906 - main - INFO - [  7] T/loss=118.438137 T/acc=0.189501 T/perp=202.931369 T/sec= 39.868965 D/loss=86.714745 D/acc=0.195719 D/perp=201.070221 D/sec= 0.044574 lr=0.000679
SAMPLE #=> 吾輩は猫である。</s>子だからです。</s>威張っないか。</s>云わ。</s>なおにましてよ
2018-08-18 12:41:48,683 - main - INFO - [  8] T/loss=116.107238 T/acc=0.194230 T/perp=182.671147 T/sec= 39.733103 D/loss=85.606308 D/acc=0.208563 D/perp=187.890594 D/sec= 0.044250 lr=0.000676
SAMPLE #=> 吾輩は猫である。知れもの髯でまたは知りて壊から血液書生が○この世は、うちへ飛び込むし
2018-08-18 12:42:32,927 - main - INFO - [  9] T/loss=114.470709 T/acc=0.202631 T/perp=169.827317 T/sec= 44.200263 D/loss=85.090660 D/acc=0.215291 D/perp=182.057373 D/sec= 0.043823 lr=0.000672
SAMPLE #=> 吾輩は猫である。としようはしたが呈長く俳体突いよが、わあわあ云った真似なは
2018-08-18 12:43:12,246 - main - INFO - [ 10] T/loss=113.045400 T/acc=0.210481 T/perp=159.361609 T/sec= 39.274930 D/loss=84.341835 D/acc=0.214679 D/perp=173.907242 D/sec= 0.043586 lr=0.000669
SAMPLE #=> 吾輩は猫である。</s>ここいらから用事か者で大分、天地玄黄も構わて、ところを西洋人に対するじゃ御意
2018-08-18 12:43:52,052 - main - INFO - [ 11] T/loss=111.588386 T/acc=0.217676 T/perp=149.278241 T/sec= 39.757821 D/loss=83.597763 D/acc=0.218960 D/perp=166.170319 D/sec= 0.048822 lr=0.000666
SAMPLE #=> 吾輩は猫である。</s>と——周囲にわからうなど、——先を芸術家ようへ大抵より老人の家主
2018-08-18 12:44:36,041 - main - INFO - [ 12] T/loss=110.098331 T/acc=0.223436 T/perp=139.711273 T/sec= 43.944102 D/loss=82.926559 D/acc=0.228135 D/perp=159.486755 D/sec= 0.044847 lr=0.000662
SAMPLE #=> 吾輩は猫である。と分署いよいよ売るのである。</s>なだろあ。と主人は云いきりですから
2018-08-18 12:45:16,532 - main - INFO - [ 13] T/loss=108.720748 T/acc=0.231882 T/perp=131.290626 T/sec= 40.446521 D/loss=82.212013 D/acc=0.232416 D/perp=152.666733 D/sec= 0.044487 lr=0.000659
SAMPLE #=> 吾輩は猫である。</s>そうが御積んをなってままお始末がないつもりですから、冥迷っ知れ
2018-08-18 12:45:56,572 - main - INFO - [ 14] T/loss=107.214937 T/acc=0.241050 T/perp=122.624563 T/sec= 39.996633 D/loss=81.837837 D/acc=0.240367 D/perp=149.212662 D/sec= 0.043597 lr=0.000656
SAMPLE #=> 吾輩は猫である。</s>透明がこれで麓の分間は醜だ。</s>部屋上皮君が問い返さずに
2018-08-18 12:46:40,518 - main - INFO - [ 15] T/loss=105.810903 T/acc=0.248826 T/perp=115.243889 T/sec= 43.902388 D/loss=81.242767 D/acc=0.242202 D/perp=143.879562 D/sec= 0.042980 lr=0.000653
SAMPLE #=> 吾輩は猫である。</s>細君を乾かす顔をいつの間にした。</s>主人が癖御懲り意な事を
2018-08-18 12:47:19,861 - main - INFO - [ 16] T/loss=104.424634 T/acc=0.256764 T/perp=108.106876 T/sec= 39.299814 D/loss=81.074905 D/acc=0.240367 D/perp=142.409927 D/sec= 0.043396 lr=0.000649
SAMPLE #=> 吾輩は猫である。と迷亭君はが見付けたので言いから。</s>大抵超然当然薪我からせっかくを
2018-08-18 12:47:59,491 - main - INFO - [ 17] T/loss=103.157043 T/acc=0.263284 T/perp=102.262516 T/sec= 39.586695 D/loss=80.367081 D/acc=0.251376 D/perp=136.376266 D/sec= 0.043212 lr=0.000646
SAMPLE #=> 吾輩は猫である。</s>です。</s>変がどう七さえ到底大地ならの主人も両国かくなら、肩
2018-08-18 12:48:43,206 - main - INFO - [ 18] T/loss=101.955625 T/acc=0.268809 T/perp=96.941170 T/sec= 43.670239 D/loss=80.111160 D/acc=0.248930 D/perp=134.258286 D/sec= 0.044417 lr=0.000643
SAMPLE #=> 吾輩は猫である。</s>えねん。</s>です。</s>芸にない乗ん、しばらく真赤にないものを
2018-08-18 12:49:23,225 - main - INFO - [ 19] T/loss=100.799401 T/acc=0.275107 T/perp=92.082301 T/sec= 39.976583 D/loss=80.101715 D/acc=0.256881 D/perp=134.180725 D/sec= 0.043182 lr=0.000640
SAMPLE #=> 吾輩は猫である。</s>未曾有の紳士はや決してねだい。</s>なと、迷亭長用心であった
2018-08-18 12:50:06,793 - main - INFO - [ 20] T/loss=99.819409 T/acc=0.280598 T/perp=87.983019 T/sec= 43.520586 D/loss=79.569801 D/acc=0.259327 D/perp=129.885635 D/sec= 0.046774 lr=0.000636
SAMPLE #=> 吾輩は猫である。</s>と正月も眼がなくらめた。</s>ば冷評々月並に御返事の
2018-08-18 12:50:50,828 - main - INFO - [ 21] T/loss=98.796413 T/acc=0.286673 T/perp=84.087987 T/sec= 43.992093 D/loss=79.473610 D/acc=0.255657 D/perp=129.123749 D/sec= 0.043487 lr=0.000633
SAMPLE #=> 吾輩は猫である。</s>そんな迷亭はちょうど乗り出しに冊を御猫の照らした。</s>です。</s>立
/usr/local/lib/python3.6/dist-packages/matplotlib/pyplot.py:528: RuntimeWarning: More than 20 figures have been opened. Figures created through the pyplot interface (`matplotlib.pyplot.figure`) are retained until explicitly closed and may consume too much memory. (To control this warning, see the rcParam `figure.max_open_warning`).
  max_open_warning, RuntimeWarning)
2018-08-18 12:51:30,451 - main - INFO - [ 22] T/loss=98.046252 T/acc=0.290715 T/perp=81.331480 T/sec= 39.578403 D/loss=79.375343 D/acc=0.253823 D/perp=128.350037 D/sec= 0.043937 lr=0.000630
SAMPLE #=> 吾輩は猫である。</s>精神へ存ない。</s>は思いませれるぬですが。</s>そう違致します
2018-08-18 12:52:09,679 - main - INFO - [ 23] T/loss=97.193268 T/acc=0.295790 T/perp=78.304447 T/sec= 39.184190 D/loss=78.990929 D/acc=0.258104 D/perp=125.367470 D/sec= 0.044703 lr=0.000627
SAMPLE #=> 吾輩は猫である。</s>なんか東風これ身を小切手ぐらいしていると昏睡命令箪笥ようにしている
2018-08-18 12:52:52,664 - main - INFO - [ 24] T/loss=96.334798 T/acc=0.300286 T/perp=75.298750 T/sec= 42.941682 D/loss=78.843887 D/acc=0.264220 D/perp=124.245079 D/sec= 0.043106 lr=0.000624
SAMPLE #=> 吾輩は猫である。</s>の地が見ると。ながら理窟の寒い所でなら．んだ。</s>時半
2018-08-18 12:53:31,809 - main - INFO - [ 25] T/loss=95.760589 T/acc=0.303249 T/perp=73.355685 T/sec= 39.093745 D/loss=78.678085 D/acc=0.261162 D/perp=122.991493 D/sec= 0.051363 lr=0.000621
SAMPLE #=> 吾輩は猫である。</s>とか飛び込んですかね。と迷亭は迷亭。</s>歌っない。</s>や御人民
2018-08-18 12:54:11,058 - main - INFO - [ 26] T/loss=95.027925 T/acc=0.307082 T/perp=70.972331 T/sec= 39.203681 D/loss=78.669952 D/acc=0.266055 D/perp=122.930336 D/sec= 0.045075 lr=0.000618
SAMPLE #=> 吾輩は猫である。</s>で顔をよんまで云う斑な立ち寄っずる。</s>が実は行住坐臥だり、溷濁の
2018-08-18 12:54:54,491 - main - INFO - [ 27] T/loss=94.375770 T/acc=0.310664 T/perp=68.897048 T/sec= 43.388408 D/loss=78.471619 D/acc=0.265443 D/perp=121.448166 D/sec= 0.044472 lr=0.000614
SAMPLE #=> 吾輩は猫である。</s>で、金田君の挨拶も辛抱した。</s>か事が驚きますか、
2018-08-18 12:55:36,319 - main - INFO - [ 28] T/loss=94.029415 T/acc=0.312780 T/perp=67.948277 T/sec= 41.784032 D/loss=78.255066 D/acc=0.263609 D/perp=119.850174 D/sec= 0.044160 lr=0.000611
SAMPLE #=> 吾輩は猫である。</s>天気の大に役に洒落れたものは今度や返事をしている。</s>
2018-08-18 12:56:16,393 - main - INFO - [ 29] T/loss=93.500832 T/acc=0.314799 T/perp=66.280306 T/sec= 40.029308 D/loss=78.095741 D/acc=0.264220 D/perp=118.687958 D/sec= 0.044465 lr=0.000608
SAMPLE #=> 吾輩は猫である。</s>だら、眼がこしらえれば、胃の中にも近頃聞く、木札方を猫
2018-08-18 12:57:00,166 - main - INFO - [ 30] T/loss=93.200143 T/acc=0.317133 T/perp=65.420283 T/sec= 43.729927 D/loss=78.195641 D/acc=0.263609 D/perp=119.415382 D/sec= 0.042845 lr=0.000605
SAMPLE #=> 吾輩は猫である。</s>鉢を速度を息んたくられたのは聞いてい、ようば寂滅を行け
2018-08-18 12:57:39,760 - main - INFO - [ 31] T/loss=92.736433 T/acc=0.319797 T/perp=64.163053 T/sec= 39.551139 D/loss=78.030861 D/acc=0.274618 D/perp=118.217903 D/sec= 0.043651 lr=0.000602
SAMPLE #=> 吾輩は猫である。</s>ずるか事にいた人が、専有した。</s>な。</s>世話物だ
2018-08-18 12:58:19,268 - main - INFO - [ 32] T/loss=92.351375 T/acc=0.320813 T/perp=63.018248 T/sec= 39.463249 D/loss=78.233795 D/acc=0.258104 D/perp=119.694382 D/sec= 0.043982 lr=0.000599
SAMPLE #=> 吾輩は猫である。</s>頭が見るじゃね．。そう比較と歯軋りをしているのは主人人
2018-08-18 12:59:02,985 - main - INFO - [ 33] T/loss=91.858494 T/acc=0.324067 T/perp=61.640800 T/sec= 43.673996 D/loss=78.115471 D/acc=0.262997 D/perp=118.831284 D/sec= 0.043749 lr=0.000596
SAMPLE #=> 吾輩は猫である。</s>と何かあないか、それからカーテル・ムル亜待ちかねに相違ないとも少しあれも大変
2018-08-18 12:59:42,123 - main - INFO - [ 34] T/loss=91.565718 T/acc=0.326436 T/perp=60.753389 T/sec= 39.093923 D/loss=78.493042 D/acc=0.259327 D/perp=121.607353 D/sec= 0.043325 lr=0.000593
SAMPLE #=> 吾輩は猫である。</s>博学につけない。</s>さ。</s>え見てくれ、変な癖に、
2018-08-18 13:00:25,305 - main - INFO - [ 35] T/loss=91.115051 T/acc=0.328122 T/perp=59.591861 T/sec= 43.138829 D/loss=78.351089 D/acc=0.262997 D/perp=120.556160 D/sec= 0.043035 lr=0.000590
SAMPLE #=> 吾輩は猫である。</s>まで月で云う。</s>主人を年輩で軍隊を見る。</s>さも及んで、
2018-08-18 13:01:10,146 - main - INFO - [ 36] T/loss=90.769982 T/acc=0.330239 T/perp=58.666979 T/sec= 44.797619 D/loss=78.009796 D/acc=0.264220 D/perp=118.065689 D/sec= 0.043422 lr=0.000587
SAMPLE #=> 吾輩は猫である。</s>なこらものを天地玄黄して以来話しば、不明を出すと当り前である。
2018-08-18 13:01:49,143 - main - INFO - [ 37] T/loss=90.483785 T/acc=0.331533 T/perp=57.940634 T/sec= 38.953998 D/loss=78.440987 D/acc=0.254434 D/perp=121.220787 D/sec= 0.043821 lr=0.000584
SAMPLE #=> 吾輩は猫である。</s>に追いかけんである。</s>験の上にして拝見している。</s>
2018-08-18 13:02:28,924 - main - INFO - [ 38] T/loss=90.181785 T/acc=0.333721 T/perp=57.142126 T/sec= 39.733924 D/loss=77.942390 D/acc=0.261162 D/perp=117.579994 D/sec= 0.046128 lr=0.000582
SAMPLE #=> 吾輩は猫である。</s>御聞くかです。</s>？</s>なら細君に較べるいくらでも加減にしたのか
2018-08-18 13:03:12,573 - main - INFO - [ 39] T/loss=89.859837 T/acc=0.336078 T/perp=56.333324 T/sec= 43.605663 D/loss=77.942932 D/acc=0.269113 D/perp=117.583862 D/sec= 0.044161 lr=0.000579
SAMPLE #=> 吾輩は猫である。</s>に立てと大きな、にいったらしい。</s>どうに衝く。と二丸善の
2018-08-18 13:03:51,888 - main - INFO - [ 40] T/loss=89.792355 T/acc=0.335413 T/perp=56.171497 T/sec= 39.270137 D/loss=78.425362 D/acc=0.253211 D/perp=121.105011 D/sec= 0.044073 lr=0.000576
SAMPLE #=> 吾輩は猫である。</s>かさなるまま、隣りの桂月に口影の時分百子の体である。
2018-08-18 13:04:32,036 - main - INFO - [ 41] T/loss=89.580907 T/acc=0.337235 T/perp=55.622350 T/sec= 40.104091 D/loss=78.122505 D/acc=0.261162 D/perp=118.882408 D/sec= 0.044050 lr=0.000573
SAMPLE #=> 吾輩は猫である。</s>になりました。</s>御甘んじにもない。</s>は襖のげに道
2018-08-18 13:05:16,202 - main - INFO - [ 42] T/loss=89.118428 T/acc=0.339886 T/perp=54.455538 T/sec= 44.120601 D/loss=78.235451 D/acc=0.259939 D/perp=119.706474 D/sec= 0.045427 lr=0.000570
SAMPLE #=> 吾輩は猫である。と主人が市民するだけでこの声を見る。</s>云うあ御首を見て
2018-08-18 13:05:57,904 - main - INFO - [ 43] T/loss=88.881541 T/acc=0.343021 T/perp=53.879207 T/sec= 41.658628 D/loss=78.469429 D/acc=0.255046 D/perp=121.431900 D/sec= 0.043957 lr=0.000567
SAMPLE #=> 吾輩は猫である。</s>してあとを二相手に、似て派手な功徳をする。</s>、惜しい
2018-08-18 13:06:37,717 - main - INFO - [ 44] T/loss=88.820387 T/acc=0.343088 T/perp=53.773629 T/sec= 39.769157 D/loss=78.464912 D/acc=0.258104 D/perp=121.398315 D/sec= 0.043768 lr=0.000564
SAMPLE #=> 吾輩は猫である。</s>ここにこいつの暮らさ。</s>御斑をつい発見張り淡と命ぜつけて何
2018-08-18 13:07:21,654 - main - INFO - [ 45] T/loss=88.569480 T/acc=0.344339 T/perp=53.207438 T/sec= 43.893637 D/loss=78.212448 D/acc=0.259327 D/perp=119.538208 D/sec= 0.043476 lr=0.000561
SAMPLE #=> 吾輩は猫である。</s>の話しである。</s>に国のかえし籠っては追い詰めた様子だ。</s>
2018-08-18 13:08:00,473 - main - INFO - [ 46] T/loss=88.349215 T/acc=0.345277 T/perp=52.593618 T/sec= 38.775851 D/loss=78.512573 D/acc=0.253823 D/perp=121.752754 D/sec= 0.043130 lr=0.000559
SAMPLE #=> 吾輩は猫である。</s>に細君に下火になる。</s>細君はふくれる順列をいらてよかろうと云っ
2018-08-18 13:08:39,794 - main - INFO - [ 47] T/loss=88.060975 T/acc=0.347596 T/perp=51.912339 T/sec= 39.276571 D/loss=78.537987 D/acc=0.250765 D/perp=121.942162 D/sec= 0.044500 lr=0.000556
SAMPLE #=> 吾輩は猫である。</s>にして困りゃする。</s>武手際まではどうであると思って、したり顔
2018-08-18 13:09:24,420 - main - INFO - [ 48] T/loss=87.789734 T/acc=0.349540 T/perp=51.333539 T/sec= 44.581315 D/loss=78.504280 D/acc=0.251376 D/perp=121.690994 D/sec= 0.044086 lr=0.000553
SAMPLE #=> 吾輩は猫である。</s>に、やたらになってにやにやし得るようしよう。</s>な事を笑う者
2018-08-18 13:10:03,766 - main - INFO - [ 49] T/loss=87.535977 T/acc=0.351110 T/perp=50.742412 T/sec= 39.302040 D/loss=78.652313 D/acc=0.254434 D/perp=122.797821 D/sec= 0.044391 lr=0.000550
SAMPLE #=> 吾輩は猫である。</s>に妻君は解釈してしまった。</s>である。</s>虚栄日に正面に
2018-08-18 13:10:47,812 - main - INFO - [ 50] T/loss=87.361773 T/acc=0.353493 T/perp=50.399335 T/sec= 44.002369 D/loss=78.373833 D/acc=0.257492 D/perp=120.723969 D/sec= 0.043491 lr=0.000548
SAMPLE #=> 吾輩は猫である。</s>ばかりである。</s>なさらない。</s>借家の顔を買いのか。と細君
2018-08-18 13:11:32,311 - main - INFO - [ 51] T/loss=87.258948 T/acc=0.354475 T/perp=50.144149 T/sec= 44.454750 D/loss=78.793144 D/acc=0.251988 D/perp=123.860046 D/sec= 0.043945 lr=0.000545
SAMPLE #=> 吾輩は猫である。</s>性を茶碗の区別が早く万全している天の這い出したと寝過ごしした
2018-08-18 13:12:12,853 - main - INFO - [ 52] T/loss=87.321449 T/acc=0.354144 T/perp=50.242081 T/sec= 40.498118 D/loss=78.772591 D/acc=0.248930 D/perp=123.704475 D/sec= 0.043802 lr=0.000542
SAMPLE #=> 吾輩は猫である。</s>儀でなる。</s>に猫には呼ぶんだが、急にさなだい。
2018-08-18 13:12:27,909 - main - INFO - [ 53] T/loss=87.171724 T/acc=0.355279 T/perp=49.948864 T/sec= 15.012160 D/loss=78.684204 D/acc=0.257492 D/perp=123.037537 D/sec= 0.043809 lr=0.000539
SAMPLE #=> 吾輩は猫である。</s>も示すまで毎に万物ぺたをぶらぶら。</s>必ず人らしいたと云う御褒美
2018-08-18 13:13:08,745 - main - INFO - [ 54] T/loss=86.933464 T/acc=0.357903 T/perp=49.446542 T/sec= 40.792871 D/loss=78.651421 D/acc=0.256881 D/perp=122.791084 D/sec= 0.043326 lr=0.000537
SAMPLE #=> 吾輩は猫である。</s>を言いたく出す。</s>はない。</s>多少二断わった様子はないさあ
2018-08-18 13:13:50,363 - main - INFO - [ 55] T/loss=86.939429 T/acc=0.358401 T/perp=49.355661 T/sec= 41.574951 D/loss=79.065971 D/acc=0.245872 D/perp=125.944237 D/sec= 0.043275 lr=0.000534
SAMPLE #=> 吾輩は猫である。</s>、鼻の障子を作するじみねえ。と鈴木さんは負けん気へもらってだ
2018-08-18 13:14:06,007 - main - INFO - [ 56] T/loss=86.984655 T/acc=0.359891 T/perp=49.518661 T/sec= 15.600043 D/loss=79.322906 D/acc=0.248318 D/perp=127.939041 D/sec= 0.043446 lr=0.000531
SAMPLE #=> 吾輩は猫である。</s>の鉢をまま自分を見るとか怒りえて楽天の家だよ。</s>歌を
2018-08-18 13:14:21,133 - main - INFO - [ 57] T/loss=86.939496 T/acc=0.360277 T/perp=49.389927 T/sec= 15.081898 D/loss=78.692993 D/acc=0.255657 D/perp=123.103676 D/sec= 0.044268 lr=0.000529
SAMPLE #=> 吾輩は猫である。</s>信女に墓品の思いねえな。ねか。と答えたのはそれだ
2018-08-18 13:14:36,202 - main - INFO - [ 58] T/loss=86.921390 T/acc=0.360702 T/perp=49.372812 T/sec= 15.024318 D/loss=78.835869 D/acc=0.252599 D/perp=124.184189 D/sec= 0.044587 lr=0.000526
SAMPLE #=> 吾輩は猫である。</s>に、この及ぶ質問を張って三奢り了を出る。</s>であったある
2018-08-18 13:15:20,710 - main - INFO - [ 59] T/loss=86.993000 T/acc=0.361346 T/perp=49.518860 T/sec= 44.464811 D/loss=78.666977 D/acc=0.250153 D/perp=122.907951 D/sec= 0.043566 lr=0.000523
SAMPLE #=> 吾輩は猫である。</s>に聞いたのも、こんな声をたび衒う連中が遠慮なく、月並見事で大根
2018-08-18 13:15:35,792 - main - INFO - [ 60] T/loss=86.911526 T/acc=0.361384 T/perp=49.328819 T/sec= 15.037141 D/loss=79.089035 D/acc=0.255657 D/perp=126.122009 D/sec= 0.044898 lr=0.000521
SAMPLE #=> 吾輩は猫である。</s>間溯っ、袷の紀家なか捧げる何とか紙へ入れたり書斎において言葉に直し
2018-08-18 13:16:18,480 - main - INFO - [ 61] T/loss=86.853290 T/acc=0.362530 T/perp=49.252740 T/sec= 42.644722 D/loss=78.974014 D/acc=0.253211 D/perp=125.237869 D/sec= 0.043652 lr=0.000518
SAMPLE #=> 吾輩は猫である。</s>していくらにしているんだよかいそうだ。滅多上に大きな眼
2018-08-18 13:16:59,599 - main - INFO - [ 62] T/loss=86.871837 T/acc=0.363456 T/perp=49.268373 T/sec= 41.074044 D/loss=79.285164 D/acc=0.248318 D/perp=127.644051 D/sec= 0.044398 lr=0.000516
SAMPLE #=> 吾輩は猫である。そうまで、天下の顔を知っておきたら生存、聞きなんかなる事もさん
2018-08-18 13:17:15,606 - main - INFO - [ 63] T/loss=86.823172 T/acc=0.363028 T/perp=49.161713 T/sec= 15.963043 D/loss=79.018784 D/acc=0.254434 D/perp=125.581245 D/sec= 0.044097 lr=0.000513
SAMPLE #=> 吾輩は猫である。</s>を聞くと云われているのだから、なぜ献立も寝巻に唯一へ呑
2018-08-18 13:17:58,993 - main - INFO - [ 64] T/loss=86.640822 T/acc=0.366215 T/perp=48.776183 T/sec= 43.343121 D/loss=79.853233 D/acc=0.250153 D/perp=132.156891 D/sec= 0.044319 lr=0.000510
SAMPLE #=> 吾輩は猫である。</s>の視覚を十取り上げ雇ったものである。</s>の念を少しく働や後
2018-08-18 13:18:43,150 - main - INFO - [ 65] T/loss=86.772054 T/acc=0.365640 T/perp=48.994036 T/sec= 44.112159 D/loss=79.133286 D/acc=0.246483 D/perp=126.463821 D/sec= 0.043963 lr=0.000508
SAMPLE #=> 吾輩は猫である。</s>を生涯に証券したのですぜ。と笑うと聞くと云う。</s>で
2018-08-18 13:18:57,926 - main - INFO - [ 66] T/loss=86.777560 T/acc=0.366244 T/perp=49.056943 T/sec= 14.732668 D/loss=79.300621 D/acc=0.250765 D/perp=127.764748 D/sec= 0.043806 lr=0.000505
SAMPLE #=> 吾輩は猫である。</s>というものを話すのである。</s>です。羅行胴体は無く性格で大事
2018-08-18 13:19:13,104 - main - INFO - [ 67] T/loss=86.858247 T/acc=0.366128 T/perp=49.252812 T/sec= 15.134557 D/loss=79.092690 D/acc=0.251376 D/perp=126.150208 D/sec= 0.043886 lr=0.000503
SAMPLE #=> 吾輩は猫である。と聞くに腕まくりを虫を入れて、大吾輩は左の所でつくねんとゃしませんやし
2018-08-18 13:19:29,063 - main - INFO - [ 68] T/loss=86.896188 T/acc=0.365694 T/perp=49.323217 T/sec= 15.915928 D/loss=79.133751 D/acc=0.249541 D/perp=126.467438 D/sec= 0.042938 lr=0.000500
SAMPLE #=> 吾輩は猫である。</s>の敬服も胡痛むんなのでトイフェルスドレックがない。粗葉不意にいる金の
2018-08-18 13:19:44,364 - main - INFO - [ 69] T/loss=86.751813 T/acc=0.367785 T/perp=49.057933 T/sec= 15.257208 D/loss=78.915123 D/acc=0.252599 D/perp=124.787582 D/sec= 0.043033 lr=0.000498
SAMPLE #=> 吾輩は猫である。</s>珠さえ座敷のひどく道中双六なるのあって趣向である。</s>主人に直径も
2018-08-18 13:19:59,122 - main - INFO - [ 70] T/loss=86.737757 T/acc=0.368318 T/perp=48.929415 T/sec= 14.715601 D/loss=79.452713 D/acc=0.245872 D/perp=128.958847 D/sec= 0.043109 lr=0.000495
SAMPLE #=> 吾輩は猫である。</s>で僕の頭に弁解をしたぜひ楊枝の上に下へ悪くさん
2018-08-18 13:20:14,362 - main - INFO - [ 71] T/loss=86.717864 T/acc=0.369471 T/perp=48.900560 T/sec= 15.195143 D/loss=79.431366 D/acc=0.249541 D/perp=128.790588 D/sec= 0.044350 lr=0.000493
SAMPLE #=> 吾輩は猫である。</s>の黒がなかなか愉快なさいから張本、富子人のめでたくからと食い気の間に
2018-08-18 13:20:30,074 - main - INFO - [ 72] T/loss=86.646838 T/acc=0.370185 T/perp=48.723268 T/sec= 15.667459 D/loss=79.254303 D/acc=0.250153 D/perp=127.403313 D/sec= 0.044491 lr=0.000490
SAMPLE #=> 吾輩は猫である。</s>疑問の気味でございます。と迷亭は鼠のごとく乱暴なところである。
2018-08-18 13:20:45,452 - main - INFO - [ 73] T/loss=86.557515 T/acc=0.372742 T/perp=48.550719 T/sec= 15.333082 D/loss=80.117928 D/acc=0.239144 D/perp=134.313873 D/sec= 0.045353 lr=0.000488
SAMPLE #=> 吾輩は猫である。</s>その手付がたつくをする薬がはなち。</s>金柑ばかりはあしらっ人前りをもったいぶっ
2018-08-18 13:21:30,259 - main - INFO - [ 74] T/loss=86.727173 T/acc=0.371594 T/perp=48.949756 T/sec= 44.762837 D/loss=79.339508 D/acc=0.250153 D/perp=128.069000 D/sec= 0.043929 lr=0.000485
SAMPLE #=> 吾輩は猫である。</s>の事はありません。</s>念をつけたりね。</s>来なくった男
2018-08-18 13:21:45,128 - main - INFO - [ 75] T/loss=86.955266 T/acc=0.370106 T/perp=49.457926 T/sec= 14.826299 D/loss=79.860931 D/acc=0.245260 D/perp=132.219177 D/sec= 0.043226 lr=0.000483
SAMPLE #=> 吾輩は猫である。</s>は無傍若無人で見渡すだけで——苦哲学者を烈しく考えて見を焚く事は
2018-08-18 13:22:00,553 - main - INFO - [ 76] T/loss=86.737547 T/acc=0.373526 T/perp=48.986967 T/sec= 15.375685 D/loss=79.685806 D/acc=0.243425 D/perp=130.810501 D/sec= 0.049236 lr=0.000481
SAMPLE #=> 吾輩は猫である。</s>寒月先生も見たようなものだろう。</s>じゃない。</s>いっしょに辟易
2018-08-18 13:22:15,381 - main - INFO - [ 77] T/loss=86.751056 T/acc=0.373183 T/perp=48.967906 T/sec= 14.783718 D/loss=79.790527 D/acc=0.250153 D/perp=131.651016 D/sec= 0.043482 lr=0.000478
SAMPLE #=> 吾輩は猫である。</s>だって奇観だ。</s>のような話をする。</s>さ。</s>○上を
2018-08-18 13:22:31,722 - main - INFO - [ 78] T/loss=86.641017 T/acc=0.374546 T/perp=48.751220 T/sec= 16.296687 D/loss=79.609459 D/acc=0.239755 D/perp=130.201080 D/sec= 0.044839 lr=0.000476
SAMPLE #=> 吾輩は猫である。</s>とぺてんながら見ると間に横町が生きているのだろう、迷亭君は
2018-08-18 13:22:46,658 - main - INFO - [ 79] T/loss=86.578227 T/acc=0.376882 T/perp=48.544981 T/sec= 14.890348 D/loss=79.124413 D/acc=0.255657 D/perp=126.395218 D/sec= 0.045584 lr=0.000473
SAMPLE #=> 吾輩は猫である。</s>のにどうも、せっかく客の妙もだな誰だ。と迷亭は食われる。
2018-08-18 13:23:01,500 - main - INFO - [ 80] T/loss=86.669184 T/acc=0.377416 T/perp=48.803309 T/sec= 14.798618 D/loss=79.536217 D/acc=0.243425 D/perp=129.619095 D/sec= 0.043278 lr=0.000471
SAMPLE #=> 吾輩は猫である。</s>の這入れですか。仕方がないばかりござんるい。</s>かいね。と細君がかたき目
2018-08-18 13:23:16,422 - main - INFO - [ 81] T/loss=86.708076 T/acc=0.377643 T/perp=48.923686 T/sec= 14.878606 D/loss=79.708603 D/acc=0.251376 D/perp=130.993027 D/sec= 0.043446 lr=0.000469
SAMPLE #=> 吾輩は猫である。と細君はこれだ。</s>そうにする。</s>の鼻は君の羨ましと地形
2018-08-18 13:23:32,800 - main - INFO - [ 82] T/loss=86.827740 T/acc=0.377857 T/perp=49.211251 T/sec= 16.334136 D/loss=79.541344 D/acc=0.250153 D/perp=129.659775 D/sec= 0.044179 lr=0.000466
SAMPLE #=> 吾輩は猫である。</s>かじである、男の子か脈搏ざるに研究云うもんだと見えますか——御
2018-08-18 13:23:47,678 - main - INFO - [ 83] T/loss=86.785574 T/acc=0.380153 T/perp=49.032457 T/sec= 14.833223 D/loss=79.450050 D/acc=0.245872 D/perp=128.937820 D/sec= 0.044112 lr=0.000464
SAMPLE #=> 吾輩は猫である。</s>は書斎に云い、解い完うば数と云う女の影響で云うと、
2018-08-18 13:24:02,600 - main - INFO - [ 84] T/loss=86.994361 T/acc=0.378070 T/perp=49.541212 T/sec= 14.878235 D/loss=79.689796 D/acc=0.247706 D/perp=130.842392 D/sec= 0.043947 lr=0.000462
SAMPLE #=> 吾輩は猫である。</s>大きな顔を採る事件は猫のようなような奴でか、ホホホホ水と油の
2018-08-18 13:24:18,029 - main - INFO - [ 85] T/loss=87.065997 T/acc=0.377769 T/perp=49.744662 T/sec= 15.386172 D/loss=79.843712 D/acc=0.248930 D/perp=132.079971 D/sec= 0.043249 lr=0.000459
SAMPLE #=> 吾輩は猫である。</s></s>擦る悪口の御得意なね。つまり君の返事をを作ってどうか
2018-08-18 13:24:33,932 - main - INFO - [ 86] T/loss=87.018172 T/acc=0.379206 T/perp=49.600713 T/sec= 15.859828 D/loss=79.678101 D/acc=0.248318 D/perp=130.748840 D/sec= 0.043140 lr=0.000457
SAMPLE #=> 吾輩は猫である。</s>ばかりの事も、この冗談である。</s>で、大二絃琴の縮めるだかい
2018-08-18 13:24:48,999 - main - INFO - [ 87] T/loss=87.176018 T/acc=0.379694 T/perp=49.940804 T/sec= 15.022235 D/loss=80.186447 D/acc=0.245260 D/perp=134.877899 D/sec= 0.044105 lr=0.000455
SAMPLE #=> 吾輩は猫である。</s>な事を見かかった。</s>猫の方よりところにあすこから上乗のの
2018-08-18 13:25:03,950 - main - INFO - [ 88] T/loss=87.277269 T/acc=0.379391 T/perp=50.218515 T/sec= 14.906656 D/loss=79.965408 D/acc=0.250765 D/perp=133.066696 D/sec= 0.044347 lr=0.000453
SAMPLE #=> 吾輩は猫である。</s>希紫の次には全く、ただ何だか這入ったやったな七輪じゃ斯産の全体
2018-08-18 13:25:19,380 - main - INFO - [ 89] T/loss=87.358370 T/acc=0.379576 T/perp=50.409103 T/sec= 15.385703 D/loss=80.162186 D/acc=0.248930 D/perp=134.677887 D/sec= 0.044657 lr=0.000450
SAMPLE #=> 吾輩は猫である。</s>役だ。と金田先生君に師弟がこの世や記憶のよかったが。と
2018-08-18 13:25:35,371 - main - INFO - [ 90] T/loss=87.403411 T/acc=0.380240 T/perp=50.477691 T/sec= 15.947433 D/loss=80.226357 D/acc=0.244648 D/perp=135.207520 D/sec= 0.043477 lr=0.000448
SAMPLE #=> 吾輩は猫である。</s>頭の頭で驀然ながら何のキョトキョトと知って、機鋒を持って巡りの
2018-08-18 13:25:50,387 - main - INFO - [ 91] T/loss=87.503657 T/acc=0.380774 T/perp=50.769760 T/sec= 14.972800 D/loss=80.549110 D/acc=0.240979 D/perp=137.903107 D/sec= 0.043610 lr=0.000446
SAMPLE #=> 吾輩は猫である。</s>作家の一自己に訪問する事もなさい。</s>、ここの嬢さんに這入る
2018-08-18 13:26:05,485 - main - INFO - [ 92] T/loss=87.538031 T/acc=0.381064 T/perp=50.751182 T/sec= 15.054558 D/loss=80.321983 D/acc=0.240979 D/perp=136.000656 D/sec= 0.043551 lr=0.000444
SAMPLE #=> 吾輩は猫である。</s>分らない。</s>はのべるでそうか、それより困るなんかこの上三人は
2018-08-18 13:26:20,418 - main - INFO - [ 93] T/loss=87.625649 T/acc=0.382374 T/perp=50.987380 T/sec= 14.888582 D/loss=80.144653 D/acc=0.239755 D/perp=134.533524 D/sec= 0.044073 lr=0.000441
SAMPLE #=> 吾輩は猫である。</s>を出た事が、大方ろ、ところどころと灰汁のへ行って、先の
2018-08-18 13:26:37,173 - main - INFO - [ 94] T/loss=87.726525 T/acc=0.382001 T/perp=51.244835 T/sec= 16.711388 D/loss=79.944855 D/acc=0.246483 D/perp=132.899551 D/sec= 0.043849 lr=0.000439
SAMPLE #=> 吾輩は猫である。</s>か顕著である。</s>満更人もどういささか恋も奥さんなの負け、障る
2018-08-18 13:26:52,141 - main - INFO - [ 95] T/loss=87.810597 T/acc=0.382324 T/perp=51.374992 T/sec= 14.924551 D/loss=81.088074 D/acc=0.234862 D/perp=142.524734 D/sec= 0.042800 lr=0.000437
SAMPLE #=> 吾輩は猫である。</s>ながら自分だから大丈夫でしょうかほど拝見せずね。と沈澱御なんで京都
2018-08-18 13:27:07,133 - main - INFO - [ 96] T/loss=88.102079 T/acc=0.381318 T/perp=52.062643 T/sec= 14.948989 D/loss=80.744209 D/acc=0.236086 D/perp=139.558472 D/sec= 0.043427 lr=0.000435
SAMPLE #=> 吾輩は猫である。</s>さえ、器用なまでに今少し人だ。と云っている。</s>に牢乎を
2018-08-18 13:27:22,223 - main - INFO - [ 97] T/loss=88.143006 T/acc=0.381226 T/perp=52.167185 T/sec= 15.046596 D/loss=80.243385 D/acc=0.248930 D/perp=135.348404 D/sec= 0.043828 lr=0.000433
SAMPLE #=> 吾輩は猫である。</s>の気になった研究である。</s>松のような所のせっかくだから作った
2018-08-18 13:27:38,434 - main - INFO - [ 98] T/loss=88.255205 T/acc=0.381072 T/perp=52.472002 T/sec= 16.166903 D/loss=80.386093 D/acc=0.239755 D/perp=136.534958 D/sec= 0.043777 lr=0.000430
SAMPLE #=> 吾輩は猫である。</s>はいらっしゃい、自己が悲壮だと旧幕はねの友肺病の毛の余下事件
2018-08-18 13:27:53,450 - main - INFO - [ 99] T/loss=88.381446 T/acc=0.380441 T/perp=52.685303 T/sec= 14.971781 D/loss=80.337082 D/acc=0.233028 D/perp=136.126266 D/sec= 0.044514 lr=0.000428
SAMPLE #=> 吾輩は猫である。</s>なんか楽じゃないから何だは、天子のは、</s>へ出掛けて近々のから
2018-08-18 13:28:08,444 - main - INFO - [100] T/loss=88.388010 T/acc=0.380545 T/perp=52.699824 T/sec= 14.950325 D/loss=80.201035 D/acc=0.242813 D/perp=134.998276 D/sec= 0.043684 lr=0.000426
SAMPLE #=> 吾輩は猫である。</s>だ。</s>の妙であるから、御かねるにもすぐに発達上の陋習な
2018-08-18 13:28:23,481 - main - INFO - [101] T/loss=88.416490 T/acc=0.381432 T/perp=52.816488 T/sec= 14.992053 D/loss=80.411919 D/acc=0.242813 D/perp=136.750763 D/sec= 0.044560 lr=0.000424
SAMPLE #=> 吾輩は猫である。</s>かいたところでございます。</s>らしいのに、学資云う光来に端書の弱くなっ
2018-08-18 13:28:40,167 - main - INFO - [102] T/loss=88.503317 T/acc=0.381033 T/perp=53.051552 T/sec= 16.642422 D/loss=80.604385 D/acc=0.244037 D/perp=138.370056 D/sec= 0.043941 lr=0.000422
SAMPLE #=> 吾輩は猫である。</s>か御大丈夫だ。ご機をした。</s>奇特な先はある訳の
2018-08-18 13:28:55,242 - main - INFO - [103] T/loss=88.502217 T/acc=0.380711 T/perp=53.000680 T/sec= 15.031307 D/loss=80.704926 D/acc=0.239755 D/perp=139.223557 D/sec= 0.043338 lr=0.000420
SAMPLE #=> 吾輩は猫である。</s>窮してドクトルもしたので、ほととぎすで先生と金田先生の家に廻
2018-08-18 13:29:10,365 - main - INFO - [104] T/loss=88.361554 T/acc=0.383299 T/perp=52.686550 T/sec= 15.079604 D/loss=80.623749 D/acc=0.238532 D/perp=138.534042 D/sec= 0.043586 lr=0.000418
SAMPLE #=> 吾輩は猫である。</s>をかたい分らないようである。</s>で少し云われたのは、夜長そう
2018-08-18 13:29:25,364 - main - INFO - [105] T/loss=88.435605 T/acc=0.384457 T/perp=52.838443 T/sec= 14.954999 D/loss=81.114449 D/acc=0.237309 D/perp=142.754761 D/sec= 0.043669 lr=0.000416
SAMPLE #=> 吾輩は猫である。</s>を追いしくじって、反り人であると巻煙草を吹くにばかりしているから
2018-08-18 13:29:41,217 - main - INFO - [106] T/loss=88.500828 T/acc=0.385938 T/perp=52.968608 T/sec= 15.808748 D/loss=80.906319 D/acc=0.237309 D/perp=140.949066 D/sec= 0.044631 lr=0.000414
SAMPLE #=> 吾輩は猫である。</s>来たのであろう。と法は今から同じのを附加をした
2018-08-18 13:29:56,294 - main - INFO - [107] T/loss=88.760740 T/acc=0.383725 T/perp=53.646005 T/sec= 15.033168 D/loss=80.880737 D/acc=0.242202 D/perp=140.728729 D/sec= 0.043895 lr=0.000411
SAMPLE #=> 吾輩は猫である。</s>寒月君には苦沙弥から金田の摺ほどを差しかかって見た。</s>、
2018-08-18 13:30:11,427 - main - INFO - [108] T/loss=88.933204 T/acc=0.383097 T/perp=53.991208 T/sec= 15.088097 D/loss=81.288116 D/acc=0.236697 D/perp=144.279190 D/sec= 0.044791 lr=0.000409
SAMPLE #=> 吾輩は猫である。</s>主人がわからず、いくら不平ば、いつだと、バルザックはジャムあらないもの
2018-08-18 13:30:26,451 - main - INFO - [109] T/loss=89.103463 T/acc=0.382643 T/perp=54.495846 T/sec= 14.979130 D/loss=80.871552 D/acc=0.239144 D/perp=140.649704 D/sec= 0.044274 lr=0.000407
SAMPLE #=> 吾輩は猫である。</s>は客君の感じにならないとしようが一軒家た。</s>答えたよ。</s>
2018-08-18 13:30:42,629 - main - INFO - [110] T/loss=89.142261 T/acc=0.384391 T/perp=54.611920 T/sec= 16.134996 D/loss=80.730606 D/acc=0.243425 D/perp=139.442398 D/sec= 0.043437 lr=0.000405
SAMPLE #=> 吾輩は猫である。</s>小督の一帯、アルコール中毒穴屋へ必ず取らした。</s>中へ決してすると
2018-08-18 13:30:57,704 - main - INFO - [111] T/loss=89.370773 T/acc=0.381855 T/perp=55.097958 T/sec= 15.029978 D/loss=81.429382 D/acc=0.236697 D/perp=145.531204 D/sec= 0.045260 lr=0.000403
SAMPLE #=> 吾輩は猫である。</s>の日本人が棚の上に外套に奢りながら述べない。</s>としても霊の
2018-08-18 13:31:12,815 - main - INFO - [112] T/loss=89.410870 T/acc=0.383665 T/perp=55.236835 T/sec= 15.067033 D/loss=81.220497 D/acc=0.239144 D/perp=143.683746 D/sec= 0.043824 lr=0.000401
SAMPLE #=> 吾輩は猫である。</s>夢のごとく、このもう少し持続なった手近が置こ、失敬は白木屋のユーゴーが
2018-08-18 13:31:28,137 - main - INFO - [113] T/loss=89.641196 T/acc=0.381190 T/perp=55.772032 T/sec= 15.276921 D/loss=80.971909 D/acc=0.243425 D/perp=141.515640 D/sec= 0.044751 lr=0.000399
SAMPLE #=> 吾輩は猫である。</s>接いは菓子承らないべき男で。</s>はじめる飛び降りにも春宵はむくとである
2018-08-18 13:31:44,212 - main - INFO - [114] T/loss=89.720202 T/acc=0.381524 T/perp=56.002198 T/sec= 16.031432 D/loss=81.221397 D/acc=0.237920 D/perp=143.691620 D/sec= 0.043288 lr=0.000397
SAMPLE #=> 吾輩は猫である。</s>勢の曙光多少から店のために暇もないと尽くてなさい、迷惑の
2018-08-18 13:31:59,353 - main - INFO - [115] T/loss=89.684055 T/acc=0.383069 T/perp=55.898046 T/sec= 15.098038 D/loss=81.440170 D/acc=0.234862 D/perp=145.627213 D/sec= 0.043450 lr=0.000395
SAMPLE #=> 吾輩は猫である。</s>は旅順の合奏顔もある抓んで駄目だとさと思っていやと単に
2018-08-18 13:32:14,459 - main - INFO - [116] T/loss=89.947879 T/acc=0.381486 T/perp=56.595792 T/sec= 15.062558 D/loss=81.162834 D/acc=0.242813 D/perp=143.177841 D/sec= 0.043441 lr=0.000393
SAMPLE #=> 吾輩は猫である。</s>ほどの嫌に、さんはそのくらいにより御あんなまでが有るのによ。
2018-08-18 13:32:29,555 - main - INFO - [117] T/loss=90.153072 T/acc=0.381168 T/perp=57.101751 T/sec= 15.052165 D/loss=80.958038 D/acc=0.252599 D/perp=141.395645 D/sec= 0.043408 lr=0.000391
SAMPLE #=> 吾輩は猫である。</s>と腹中の風の垢顔に中絶影ために空間を舌の中へへー
2018-08-18 13:32:45,798 - main - INFO - [118] T/loss=90.111650 T/acc=0.381893 T/perp=56.935500 T/sec= 16.199586 D/loss=80.920708 D/acc=0.247095 D/perp=141.073181 D/sec= 0.043332 lr=0.000389
SAMPLE #=> 吾輩は猫である。と主人は質問が戸口。</s>である。</s>はいよいよ告げようが鴛鴦たりも
2018-08-18 13:33:00,814 - main - INFO - [119] T/loss=90.123439 T/acc=0.381889 T/perp=57.060944 T/sec= 14.972711 D/loss=81.446709 D/acc=0.242813 D/perp=145.685486 D/sec= 0.043551 lr=0.000387
SAMPLE #=> 吾輩は猫である。心持ちの一展開した代用もない。と少し歩くだつつ。</s>の神秘素琴
2018-08-18 13:33:15,955 - main - INFO - [120] T/loss=90.305181 T/acc=0.382310 T/perp=57.426585 T/sec= 15.098039 D/loss=81.005760 D/acc=0.245872 D/perp=141.808945 D/sec= 0.043103 lr=0.000386
SAMPLE #=> 吾輩は猫である。</s>で、仙の家へ新たに抵抗を幽邃てそうと思って？中学手
2018-08-18 13:33:31,088 - main - INFO - [121] T/loss=90.382797 T/acc=0.381763 T/perp=57.755537 T/sec= 15.089467 D/loss=80.933678 D/acc=0.243425 D/perp=141.185104 D/sec= 0.043786 lr=0.000384
SAMPLE #=> 吾輩は猫である。</s>の怒気を融通なくっにとって、無邪気にわ。</s>は自分で不平な違わね
2018-08-18 13:33:47,224 - main - INFO - [122] T/loss=90.441771 T/acc=0.381295 T/perp=57.840313 T/sec= 16.091749 D/loss=81.709961 D/acc=0.237309 D/perp=148.050140 D/sec= 0.044206 lr=0.000382
SAMPLE #=> 吾輩は猫である。</s>の立ち去っなものだ。</s>っ互に両国なく参ろ絞るの結果がついに個性と
2018-08-18 13:34:02,303 - main - INFO - [123] T/loss=90.483210 T/acc=0.381955 T/perp=57.936890 T/sec= 15.034394 D/loss=81.766212 D/acc=0.237920 D/perp=148.560364 D/sec= 0.044426 lr=0.000380
SAMPLE #=> 吾輩は猫である。</s>はかようにおいの化け物隔ててそうか黒い。</s>な満身の前には
2018-08-18 13:34:17,366 - main - INFO - [124] T/loss=90.661437 T/acc=0.380264 T/perp=58.446072 T/sec= 15.018705 D/loss=81.136452 D/acc=0.250765 D/perp=142.946991 D/sec= 0.044367 lr=0.000378
SAMPLE #=> 吾輩は猫である。</s>の主人の中に御組織を自分の鳴らさちゃ持ち主られるが、迷亭さん柿
2018-08-18 13:34:32,486 - main - INFO - [125] T/loss=90.596072 T/acc=0.381971 T/perp=58.164434 T/sec= 15.076174 D/loss=81.367645 D/acc=0.245260 D/perp=144.982697 D/sec= 0.044153 lr=0.000376
SAMPLE #=> 吾輩は猫である。</s>を画きする時が留らてこそ閉じ顔からすれば、一の演繹死にに
2018-08-18 13:34:48,513 - main - INFO - [126] T/loss=90.642893 T/acc=0.381824 T/perp=58.382743 T/sec= 15.983045 D/loss=81.503227 D/acc=0.239144 D/perp=146.189926 D/sec= 0.043788 lr=0.000374
SAMPLE #=> 吾輩は猫である。</s>はそのの共いらぬ一歩よく避けるも後ろの防ぐは云えを煩は綱渡り
2018-08-18 13:35:03,022 - main - INFO - [127] T/loss=90.574340 T/acc=0.381847 T/perp=58.194906 T/sec= 14.465225 D/loss=81.285568 D/acc=0.240367 D/perp=144.256699 D/sec= 0.043430 lr=0.000372
SAMPLE #=> 吾輩は猫である。</s>を繁昌するてはず家にSavageで迷亭でも鼠を感心した心が
2018-08-18 13:35:18,143 - main - INFO - [128] T/loss=90.511892 T/acc=0.383630 T/perp=58.076992 T/sec= 15.076736 D/loss=81.991661 D/acc=0.242202 D/perp=150.623077 D/sec= 0.043964 lr=0.000370
SAMPLE #=> 吾輩は猫である。</s>な人を面晤して小便を矛盾も迷亭の個を滅却はずすざる付けに
2018-08-18 13:35:33,330 - main - INFO - [129] T/loss=90.459431 T/acc=0.385418 T/perp=57.972671 T/sec= 15.143031 D/loss=81.299942 D/acc=0.239755 D/perp=144.383606 D/sec= 0.044046 lr=0.000369
SAMPLE #=> 吾輩は猫である。</s>先生くらいように陋習に算盤者のように、外界に縫う危ないかも知れない
2018-08-18 13:35:49,391 - main - INFO - [130] T/loss=90.661533 T/acc=0.382508 T/perp=58.446730 T/sec= 16.017284 D/loss=81.680725 D/acc=0.240979 D/perp=147.785645 D/sec= 0.044091 lr=0.000367
SAMPLE #=> 吾輩は猫である。</s>の羽織の口広告に地蔵が自然の談話を謝罪して鉄心。とまだ
2018-08-18 13:36:04,643 - main - INFO - [131] T/loss=90.652090 T/acc=0.383188 T/perp=58.416286 T/sec= 15.207921 D/loss=82.025917 D/acc=0.235474 D/perp=150.938995 D/sec= 0.044119 lr=0.000365
SAMPLE #=> 吾輩は猫である。</s>はやはりさげるだよ。</s>笑います。</s>は当家の不可能の事でなら
2018-08-18 13:36:19,914 - main - INFO - [132] T/loss=90.591408 T/acc=0.384230 T/perp=58.240685 T/sec= 15.226912 D/loss=81.570671 D/acc=0.234862 D/perp=146.794235 D/sec= 0.044341 lr=0.000363
SAMPLE #=> 吾輩は猫である。</s>かうある。</s>を掻く。と迷亭が調子を取ってが樟。</s>を
2018-08-18 13:36:35,258 - main - INFO - [133] T/loss=90.605785 T/acc=0.385487 T/perp=58.324137 T/sec= 15.300200 D/loss=81.512238 D/acc=0.243425 D/perp=146.270538 D/sec= 0.043409 lr=0.000361
SAMPLE #=> 吾輩は猫である。</s>につかして頂戴出来ないのは無論の那倍でなくなっない毎回に厘
2018-08-18 13:36:51,463 - main - INFO - [134] T/loss=90.726556 T/acc=0.386405 T/perp=58.562161 T/sec= 16.161657 D/loss=81.787277 D/acc=0.237920 D/perp=148.751877 D/sec= 0.043812 lr=0.000359
SAMPLE #=> 吾輩は猫である。</s>は雇わ手伝ったい髯をられてようやく戸棚と洩れ塀の上だろうが遥か
2018-08-18 13:37:06,718 - main - INFO - [135] T/loss=90.865346 T/acc=0.385599 T/perp=58.979423 T/sec= 15.209026 D/loss=81.321068 D/acc=0.244037 D/perp=144.570282 D/sec= 0.045577 lr=0.000358
SAMPLE #=> 吾輩は猫である。</s>の意があるしそを色でいる。</s>である。</s>勇士の済し金力
2018-08-18 13:37:21,261 - main - INFO - [136] T/loss=91.041467 T/acc=0.384735 T/perp=59.421052 T/sec= 14.500203 D/loss=81.829422 D/acc=0.240367 D/perp=149.135834 D/sec= 0.043020 lr=0.000356
SAMPLE #=> 吾輩は猫である。</s>内からやはり誓って自由を種伺ってなるから抱いてご屹立乗ったいいだ
2018-08-18 13:37:36,468 - main - INFO - [137] T/loss=91.216366 T/acc=0.382949 T/perp=59.915446 T/sec= 15.163275 D/loss=82.215546 D/acc=0.242813 D/perp=152.699799 D/sec= 0.043966 lr=0.000354
SAMPLE #=> 吾輩は猫である。</s>を聖書し受ける、吾輩までをもって客面白かった買えである。</s>は頓服して
2018-08-18 13:37:52,434 - main - INFO - [138] T/loss=91.467596 T/acc=0.381556 T/perp=60.482590 T/sec= 15.922426 D/loss=81.692192 D/acc=0.240367 D/perp=147.889343 D/sec= 0.043458 lr=0.000352
SAMPLE #=> 吾輩は猫である。</s>の源の神経を見た差別を小倉踏みつけを意味至っている診断とも
2018-08-18 13:38:07,635 - main - INFO - [139] T/loss=91.304405 T/acc=0.384960 T/perp=60.111989 T/sec= 15.156451 D/loss=81.742973 D/acc=0.245872 D/perp=148.349411 D/sec= 0.044212 lr=0.000350
SAMPLE #=> 吾輩は猫である。</s>と碌な方が消え去っなら経験の事だ。</s>だ。</s>の顔を
2018-08-18 13:38:22,904 - main - INFO - [140] T/loss=91.277568 T/acc=0.385324 T/perp=60.022079 T/sec= 15.225676 D/loss=81.958260 D/acc=0.240367 D/perp=150.315689 D/sec= 0.043687 lr=0.000349
SAMPLE #=> 吾輩は猫である。</s>は吾輩の豚と一杯の面倒臭い。</s>まで風変り怒号を来て来て、
2018-08-18 13:38:38,127 - main - INFO - [141] T/loss=91.359019 T/acc=0.385089 T/perp=60.302348 T/sec= 15.179697 D/loss=81.895164 D/acc=0.242202 D/perp=149.736740 D/sec= 0.042858 lr=0.000347
SAMPLE #=> 吾輩は猫である。</s>も錬した。</s>十苦いところである。</s>、路のためにはた
2018-08-18 13:38:53,441 - main - INFO - [142] T/loss=91.469640 T/acc=0.383604 T/perp=60.578386 T/sec= 15.270593 D/loss=82.221695 D/acc=0.236086 D/perp=152.757248 D/sec= 0.043862 lr=0.000345
SAMPLE #=> 吾輩は猫である。</s>の改めて全快して野蛮っていろいろが苦々しく茶園を呼ぶのですか。</s>は
2018-08-18 13:39:08,734 - main - INFO - [143] T/loss=91.530826 T/acc=0.384941 T/perp=60.712622 T/sec= 15.248913 D/loss=81.908340 D/acc=0.236086 D/perp=149.857452 D/sec= 0.043333 lr=0.000344
SAMPLE #=> 吾輩は猫である。</s>から上根岸でない。</s>の方も顔をする。</s>ともとを妹で
2018-08-18 13:39:24,076 - main - INFO - [144] T/loss=91.657894 T/acc=0.383873 T/perp=61.125993 T/sec= 15.299543 D/loss=82.731544 D/acc=0.228746 D/perp=157.595764 D/sec= 0.043219 lr=0.000342
SAMPLE #=> 吾輩は猫である。</s>迷亭君は明けて経験ども限ら不可思議て答えへに金色夜叉に領を洗っこの世を
2018-08-18 13:39:39,235 - main - INFO - [145] T/loss=91.756094 T/acc=0.383861 T/perp=61.379993 T/sec= 15.114295 D/loss=82.441635 D/acc=0.234251 D/perp=154.825958 D/sec= 0.044036 lr=0.000340
SAMPLE #=> 吾輩は猫である。</s>越しにツユを二口蒙って、怒っ工夫を煎じて名と云う好奇心を同一
2018-08-18 13:39:55,756 - main - INFO - [146] T/loss=91.842827 T/acc=0.386034 T/perp=61.637987 T/sec= 16.475870 D/loss=82.394127 D/acc=0.240367 D/perp=154.376785 D/sec= 0.044989 lr=0.000338
SAMPLE #=> 吾輩は猫である。</s>と云う訳が似合わない事かましたね。と脱を今頃梅はどんな
2018-08-18 13:40:11,024 - main - INFO - [147] T/loss=92.045371 T/acc=0.384965 T/perp=62.162280 T/sec= 15.224346 D/loss=82.942184 D/acc=0.231193 D/perp=159.639236 D/sec= 0.043987 lr=0.000337
SAMPLE #=> 吾輩は猫である。</s>上の御心づかながら無学の事では縊出来上がったら俳句だ。</s>はこの
2018-08-18 13:40:25,446 - main - INFO - [148] T/loss=92.310925 T/acc=0.381243 T/perp=62.904508 T/sec= 14.378186 D/loss=82.242859 D/acc=0.237309 D/perp=152.955078 D/sec= 0.044220 lr=0.000335
SAMPLE #=> 吾輩は猫である。目は見えて一種の分らない。</s>でも心配だ。</s>生ぜねえ。</s>
2018-08-18 13:40:40,890 - main - INFO - [149] T/loss=92.450406 T/acc=0.379711 T/perp=63.346673 T/sec= 15.399314 D/loss=82.339287 D/acc=0.229969 D/perp=153.859863 D/sec= 0.044420 lr=0.000333
SAMPLE #=> 吾輩は猫である。</s>を振り読む皮膚などを出そう帽子が振り厭味と水彩画分れた。</s>は
2018-08-18 13:40:57,273 - main - INFO - [150] T/loss=92.354538 T/acc=0.380384 T/perp=63.042519 T/sec= 16.339378 D/loss=82.313889 D/acc=0.233639 D/perp=153.621017 D/sec= 0.043356 lr=0.000332
SAMPLE #=> 吾輩は猫である。</s>である。</s>の方を思い切って所為。</s>社会を懲らしめの吠ええ死骸
2018-08-18 13:41:12,596 - main - INFO - [151] T/loss=92.192604 T/acc=0.382178 T/perp=62.601321 T/sec= 15.278988 D/loss=82.418045 D/acc=0.233028 D/perp=154.602798 D/sec= 0.044195 lr=0.000330
SAMPLE #=> 吾輩は猫である。</s>要素にの更紗夢にの吾輩が百伝来がざるたるためであっている事
2018-08-18 13:41:27,175 - main - INFO - [152] T/loss=92.136666 T/acc=0.384323 T/perp=62.445418 T/sec= 14.534848 D/loss=82.221725 D/acc=0.228135 D/perp=152.757538 D/sec= 0.043758 lr=0.000328
SAMPLE #=> 吾輩は猫である。</s>解釈巧なるるるがならんじゃないか。とその雑作を持って館だ
2018-08-18 13:41:42,596 - main - INFO - [153] T/loss=92.108825 T/acc=0.384934 T/perp=62.336354 T/sec= 15.377575 D/loss=82.631912 D/acc=0.234251 D/perp=156.638382 D/sec= 0.043977 lr=0.000327
SAMPLE #=> 吾輩は猫である。</s>を生やした。</s>の君。</s>子の動物でいる。</s>ぱちぱちぱちなどで
2018-08-18 13:41:58,798 - main - INFO - [154] T/loss=92.133856 T/acc=0.385590 T/perp=62.435694 T/sec= 16.157604 D/loss=82.735817 D/acc=0.240367 D/perp=157.636948 D/sec= 0.044553 lr=0.000325
SAMPLE #=> 吾輩は猫である。棄さえ近来も云いた。</s>男かある。</s>は間のしむで思案し
2018-08-18 13:42:14,064 - main - INFO - [155] T/loss=92.253759 T/acc=0.384538 T/perp=62.740393 T/sec= 15.221429 D/loss=82.875343 D/acc=0.234251 D/perp=158.987900 D/sec= 0.044263 lr=0.000323
SAMPLE #=> 吾輩は猫である。</s>敷島のよほど、その人の得ろはどうして。と損がある。</s>、教師
2018-08-18 13:42:28,550 - main - INFO - [156] T/loss=92.332785 T/acc=0.385234 T/perp=62.990592 T/sec= 14.441910 D/loss=82.728317 D/acc=0.237309 D/perp=157.564667 D/sec= 0.043764 lr=0.000322
SAMPLE #=> 吾輩は猫である。</s>のさすのごとくなかなか巨人悪い男だ。</s>である。</s>を追払ったごとくじゃれ
2018-08-18 13:42:43,961 - main - INFO - [157] T/loss=92.435041 T/acc=0.385033 T/perp=63.302413 T/sec= 15.368021 D/loss=82.808250 D/acc=0.229969 D/perp=158.336884 D/sec= 0.043203 lr=0.000320
SAMPLE #=> 吾輩は猫である。</s>彼等は驚いたものに八木腰を暗にこの前にあーて、束髪の令嬢
2018-08-18 13:43:00,129 - main - INFO - [158] T/loss=92.503619 T/acc=0.385541 T/perp=63.523738 T/sec= 16.122903 D/loss=83.416687 D/acc=0.232416 D/perp=164.340134 D/sec= 0.044896 lr=0.000319
SAMPLE #=> 吾輩は猫である。</s>兵式体操のごとくぬ訳である。</s>のところがあるのでこの事も眼中
2018-08-18 13:43:15,640 - main - INFO - [159] T/loss=92.779289 T/acc=0.382435 T/perp=64.266039 T/sec= 15.466782 D/loss=83.237137 D/acc=0.235474 D/perp=162.545288 D/sec= 0.044667 lr=0.000317
SAMPLE #=> 吾輩は猫である。</s>で物件なら下女の美学がえらくなっているな、どうだばよく楽です
2018-08-18 13:43:30,082 - main - INFO - [160] T/loss=92.752027 T/acc=0.382685 T/perp=64.127189 T/sec= 14.397793 D/loss=82.790489 D/acc=0.239144 D/perp=158.164902 D/sec= 0.043730 lr=0.000315
SAMPLE #=> 吾輩は猫である。</s>ならぬ士は僕にある。</s>を額にれてという声が垂れ時
2018-08-18 13:43:45,497 - main - INFO - [161] T/loss=92.616979 T/acc=0.384625 T/perp=63.793244 T/sec= 15.371054 D/loss=83.197121 D/acc=0.234862 D/perp=162.147858 D/sec= 0.044816 lr=0.000314
SAMPLE #=> 吾輩は猫である。</s>を認めああ急に懐中たりゃしませんやのように出来て長崎を出してこんな大抵
2018-08-18 13:44:01,767 - main - INFO - [162] T/loss=92.780548 T/acc=0.383381 T/perp=64.224833 T/sec= 16.224654 D/loss=83.544823 D/acc=0.224465 D/perp=165.633087 D/sec= 0.044613 lr=0.000312
SAMPLE #=> 吾輩は猫である。</s>足の各をした。</s>であっそう。</s>を見ました。</s>
2018-08-18 13:44:17,158 - main - INFO - [163] T/loss=92.601292 T/acc=0.386150 T/perp=63.711837 T/sec= 15.348129 D/loss=83.504860 D/acc=0.231193 D/perp=165.228821 D/sec= 0.043353 lr=0.000311
SAMPLE #=> 吾輩は猫である。</s>の膝の三唐突、上り燃えごとく残って一の。</s>で云っないの
2018-08-18 13:44:31,664 - main - INFO - [164] T/loss=92.750153 T/acc=0.386321 T/perp=64.143197 T/sec= 14.462923 D/loss=83.721451 D/acc=0.232416 D/perp=167.432159 D/sec= 0.043280 lr=0.000309
SAMPLE #=> 吾輩は猫である。</s>をその後君の吾輩の誰も持て余す。</s>からまだ行き詰る。</s>を感染し
2018-08-18 13:44:47,021 - main - INFO - [165] T/loss=92.954166 T/acc=0.383643 T/perp=64.733296 T/sec= 15.312721 D/loss=83.383728 D/acc=0.229358 D/perp=164.009155 D/sec= 0.043875 lr=0.000308
SAMPLE #=> 吾輩は猫である。</s>早計へ極めただ。</s>である。と豹変して内幕学士する動静を
2018-08-18 13:45:03,315 - main - INFO - [166] T/loss=93.064559 T/acc=0.383275 T/perp=65.060547 T/sec= 16.249261 D/loss=82.832733 D/acc=0.240979 D/perp=158.574142 D/sec= 0.044778 lr=0.000306
SAMPLE #=> 吾輩は猫である。</s>ステッキを誤りより、どぶん先生、迷亭見かかって聞くのただ何になる事
2018-08-18 13:45:18,670 - main - INFO - [167] T/loss=93.143216 T/acc=0.383275 T/perp=65.347652 T/sec= 15.310803 D/loss=83.748993 D/acc=0.224465 D/perp=167.714386 D/sec= 0.044153 lr=0.000305
SAMPLE #=> 吾輩は猫である。</s>主人はこんな存外下婢女一人が夢中になる。</s>へ行っただろう、
2018-08-18 13:45:33,221 - main - INFO - [168] T/loss=93.236972 T/acc=0.384849 T/perp=65.511004 T/sec= 14.507097 D/loss=82.861229 D/acc=0.236697 D/perp=158.850754 D/sec= 0.044044 lr=0.000303
SAMPLE #=> 吾輩は猫である。</s>も損じぬ事をよごれた晴々が嫁に花瓶の掛金の屋根である鏡
2018-08-18 13:45:48,676 - main - INFO - [169] T/loss=93.314275 T/acc=0.383029 T/perp=65.854671 T/sec= 15.410892 D/loss=82.507851 D/acc=0.242202 D/perp=155.454330 D/sec= 0.043467 lr=0.000302
SAMPLE #=> 吾輩は猫である。</s>這入るつきと大きな残ら心れて椀金縁へあつまっ杭て、感服ダンビラたるのこのこ
2018-08-18 13:46:05,053 - main - INFO - [170] T/loss=93.371441 T/acc=0.383673 T/perp=66.005926 T/sec= 16.333462 D/loss=83.508041 D/acc=0.219572 D/perp=165.260895 D/sec= 0.043937 lr=0.000300
SAMPLE #=> 吾輩は猫である。</s>中る証拠者はない。</s>で思う。</s>刈そうだ。</s>、裏返しまし
2018-08-18 13:46:19,485 - main - INFO - [171] T/loss=93.248514 T/acc=0.385371 T/perp=65.619493 T/sec= 14.388340 D/loss=83.749092 D/acc=0.224465 D/perp=167.715439 D/sec= 0.043439 lr=0.000299
SAMPLE #=> 吾輩は猫である。</s>で構造を雑居二落二子日しどころに一刻の手でももって談話で
2018-08-18 13:46:34,966 - main - INFO - [172] T/loss=93.305944 T/acc=0.385571 T/perp=65.771616 T/sec= 15.437055 D/loss=83.487534 D/acc=0.229358 D/perp=165.053696 D/sec= 0.044053 lr=0.000297
SAMPLE #=> 吾輩は猫である。</s>の御足労ですところは正当御やったのかこりなるのはくだらないえらい。</s>
2018-08-18 13:46:50,703 - main - INFO - [173] T/loss=93.547198 T/acc=0.383874 T/perp=66.485451 T/sec= 15.692538 D/loss=84.455444 D/acc=0.217737 D/perp=175.119934 D/sec= 0.044594 lr=0.000296
SAMPLE #=> 吾輩は猫である。</s>を立つうむ。丈臓腑は少しだけ主人のような事だ。とねえ時
2018-08-18 13:47:07,197 - main - INFO - [174] T/loss=93.538113 T/acc=0.384144 T/perp=66.538438 T/sec= 16.450071 D/loss=83.527596 D/acc=0.233639 D/perp=165.458725 D/sec= 0.044196 lr=0.000294
SAMPLE #=> 吾輩は猫である。</s>は真面目で姉を銭と躍っている。</s>大船に五本来の面目使用ながら一生懸命
2018-08-18 13:47:21,650 - main - INFO - [175] T/loss=93.764454 T/acc=0.380593 T/perp=67.172043 T/sec= 14.406810 D/loss=83.522362 D/acc=0.228135 D/perp=165.405716 D/sec= 0.045639 lr=0.000293
SAMPLE #=> 吾輩は猫である。</s>の招魂社の立ち上るに正式さえ横着な金に凝って、えらい事もおかしくっ蛇
2018-08-18 13:47:37,055 - main - INFO - [176] T/loss=93.676196 T/acc=0.382372 T/perp=66.836733 T/sec= 15.361803 D/loss=83.282188 D/acc=0.244037 D/perp=162.993744 D/sec= 0.043756 lr=0.000291
SAMPLE #=> 吾輩は猫である。</s>につけ加えそう喧嘩をする加減でも、犬の御横につかんをぱっとし
2018-08-18 13:47:52,540 - main - INFO - [177] T/loss=93.723630 T/acc=0.383243 T/perp=67.001586 T/sec= 15.441178 D/loss=83.509415 D/acc=0.229358 D/perp=165.274765 D/sec= 0.044023 lr=0.000290
SAMPLE #=> 吾輩は猫である。</s>は連想が焚いている。</s>にはない。</s>でからいた。</s>
2018-08-18 13:48:08,260 - main - INFO - [178] T/loss=93.732854 T/acc=0.384532 T/perp=66.964381 T/sec= 15.675616 D/loss=83.935837 D/acc=0.226911 D/perp=169.641998 D/sec= 0.044045 lr=0.000288
SAMPLE #=> 吾輩は猫である。</s>でも価も聞く。</s>か、作ったな。吠え出すと、主人は
2018-08-18 13:48:23,710 - main - INFO - [179] T/loss=93.821914 T/acc=0.383533 T/perp=67.340024 T/sec= 15.406190 D/loss=83.833611 D/acc=0.228135 D/perp=168.584671 D/sec= 0.044205 lr=0.000287
SAMPLE #=> 吾輩は猫である。</s>先鋒を何に見てるまま、右奴の顔になぐりつける、少々人は大
2018-08-18 13:48:39,173 - main - INFO - [180] T/loss=93.939820 T/acc=0.382549 T/perp=67.674134 T/sec= 15.418002 D/loss=84.432556 D/acc=0.224465 D/perp=174.874939 D/sec= 0.044799 lr=0.000285
SAMPLE #=> 吾輩は猫である。</s>で以上がふっとを椅子に覚えた。</s>ではこの先から迷亭その長州征伐
2018-08-18 13:48:53,696 - main - INFO - [181] T/loss=93.858465 T/acc=0.383657 T/perp=67.450047 T/sec= 14.478014 D/loss=84.072891 D/acc=0.221407 D/perp=171.069977 D/sec= 0.044953 lr=0.000284
SAMPLE #=> 吾輩は猫である。</s>を廻る。</s>は高くさ。とあるくの主人は見せ。</s>のでは
2018-08-18 13:49:09,999 - main - INFO - [182] T/loss=93.877808 T/acc=0.383610 T/perp=67.470251 T/sec= 16.257297 D/loss=83.752579 D/acc=0.231804 D/perp=167.751175 D/sec= 0.045496 lr=0.000283
SAMPLE #=> 吾輩は猫である。</s>それは君集合と笑いながらそうに美術なったと痛そうが、いい、
2018-08-18 13:49:25,522 - main - INFO - [183] T/loss=93.905956 T/acc=0.384339 T/perp=67.502339 T/sec= 15.478506 D/loss=83.824333 D/acc=0.225076 D/perp=168.489029 D/sec= 0.044501 lr=0.000281
SAMPLE #=> 吾輩は猫である。と主人は手を十せて、筆硯を向か、癖に繋い顔な叔母さん、
2018-08-18 13:49:40,084 - main - INFO - [184] T/loss=94.084020 T/acc=0.383328 T/perp=68.120381 T/sec= 14.518895 D/loss=84.443649 D/acc=0.222630 D/perp=174.993561 D/sec= 0.043534 lr=0.000280
SAMPLE #=> 吾輩は猫である。</s>のように姉分かる松の木である。</s>を聞き真面目で舂きする。</s>と
2018-08-18 13:49:55,553 - main - INFO - [185] T/loss=94.266565 T/acc=0.382755 T/perp=68.697323 T/sec= 15.419190 D/loss=83.809395 D/acc=0.236697 D/perp=168.335175 D/sec= 0.049223 lr=0.000278
SAMPLE #=> 吾輩は猫である。</s>で必ずしもないまで足さがしという——奥さん彼等専門に自分の別人の天以上も
2018-08-18 13:50:11,901 - main - INFO - [186] T/loss=94.269060 T/acc=0.383004 T/perp=68.737095 T/sec= 16.303580 D/loss=84.386948 D/acc=0.228746 D/perp=174.387726 D/sec= 0.044756 lr=0.000277
SAMPLE #=> 吾輩は猫である。</s>の博士にそうでも主人を白しまして何でも高慢ちきなでしょれ。致した
2018-08-18 13:50:26,397 - main - INFO - [187] T/loss=94.390642 T/acc=0.381996 T/perp=68.968695 T/sec= 14.451631 D/loss=84.231499 D/acc=0.225076 D/perp=172.737564 D/sec= 0.044358 lr=0.000276
SAMPLE #=> 吾輩は猫である。</s>は顔をもって行か得た。</s>でバリー・ペーンの炎と云う顔もない
2018-08-18 13:50:41,997 - main - INFO - [188] T/loss=94.392225 T/acc=0.383094 T/perp=69.108991 T/sec= 15.555346 D/loss=84.102516 D/acc=0.231804 D/perp=171.380310 D/sec= 0.044199 lr=0.000274
SAMPLE #=> 吾輩は猫である。</s>を三朋友へ時間を今戸焼学問の見離さ</s>曝さの一あいかわらず所になって
2018-08-18 13:50:57,496 - main - INFO - [189] T/loss=94.439557 T/acc=0.381914 T/perp=69.185848 T/sec= 15.454470 D/loss=83.813454 D/acc=0.221407 D/perp=168.376984 D/sec= 0.044538 lr=0.000273
SAMPLE #=> 吾輩は猫である。</s>の湯かもしたる試みかも知れない。</s>に趣味は陥らも両親。</s>
2018-08-18 13:51:12,920 - main - INFO - [190] T/loss=94.482373 T/acc=0.381806 T/perp=69.320237 T/sec= 15.379481 D/loss=83.525787 D/acc=0.233028 D/perp=165.440414 D/sec= 0.044490 lr=0.000271
SAMPLE #=> 吾輩は猫である。</s>の下げ渡し間のげらげら中はいらうである。</s>ましなか。</s>におく
2018-08-18 13:51:28,329 - main - INFO - [191] T/loss=94.441371 T/acc=0.382915 T/perp=69.244749 T/sec= 15.364870 D/loss=84.445045 D/acc=0.227523 D/perp=175.008575 D/sec= 0.044000 lr=0.000270
SAMPLE #=> 吾輩は猫である。</s>落ちつかリーシャス不評判的ごとく然キシャゴ解さへしんしんといる。</s>勘定。</s>を主人
2018-08-18 13:51:43,886 - main - INFO - [192] T/loss=94.523508 T/acc=0.381485 T/perp=69.547035 T/sec= 15.512073 D/loss=84.120651 D/acc=0.229969 D/perp=171.570496 D/sec= 0.045178 lr=0.000269
SAMPLE #=> 吾輩は猫である。</s>などは一輪の花取らしている。</s>垣根の抗議を号</s>にする。</s>
2018-08-18 13:51:58,530 - main - INFO - [193] T/loss=94.694372 T/acc=0.382273 T/perp=69.976461 T/sec= 14.598597 D/loss=83.834282 D/acc=0.229969 D/perp=168.591492 D/sec= 0.045572 lr=0.000267
SAMPLE #=> 吾輩は猫である。</s>はなぐりつける。</s>か細君に購求をヴァルカンはずの屎送なる顔へ趣味ような
2018-08-18 13:52:15,010 - main - INFO - [194] T/loss=94.832342 T/acc=0.380768 T/perp=70.404205 T/sec= 16.435993 D/loss=84.465561 D/acc=0.215291 D/perp=175.228195 D/sec= 0.043979 lr=0.000266
SAMPLE #=> 吾輩は猫である。</s>で受け取りました。</s>と云うんだ。と寒中も済んに云う花瓶を
2018-08-18 13:52:29,476 - main - INFO - [195] T/loss=94.921462 T/acc=0.381574 T/perp=70.634272 T/sec= 14.423208 D/loss=84.425789 D/acc=0.223242 D/perp=174.802490 D/sec= 0.043208 lr=0.000265
SAMPLE #=> 吾輩は猫である。</s>はにやにや同じく得た。</s>、載せ雲のが蝦蟇口で。</s>の蝙蝠傘を
2018-08-18 13:52:45,067 - main - INFO - [196] T/loss=94.965725 T/acc=0.380786 T/perp=70.910773 T/sec= 15.546300 D/loss=84.668823 D/acc=0.222630 D/perp=177.420319 D/sec= 0.044362 lr=0.000263
SAMPLE #=> 吾輩は猫である。</s>の事がある。</s>自信のような頭がずくっ抗議を時間行徳の
2018-08-18 13:53:00,641 - main - INFO - [197] T/loss=94.894447 T/acc=0.380812 T/perp=70.592721 T/sec= 15.530695 D/loss=85.043732 D/acc=0.220795 D/perp=181.535507 D/sec= 0.043109 lr=0.000262
SAMPLE #=> 吾輩は猫である。</s>筆誅惹くたぜ。</s>あ主人は細君のそれになおも眼識のあるもの
2018-08-18 13:53:16,104 - main - INFO - [198] T/loss=94.857541 T/acc=0.381428 T/perp=70.491840 T/sec= 15.419059 D/loss=84.292107 D/acc=0.228135 D/perp=173.379150 D/sec= 0.043856 lr=0.000261
SAMPLE #=> 吾輩は猫である。</s>でも酔狂、述べ</s>うと思っ騒ぎをして、化金ところに台
2018-08-18 13:53:31,612 - main - INFO - [199] T/loss=94.993513 T/acc=0.380044 T/perp=71.043478 T/sec= 15.463937 D/loss=83.985817 D/acc=0.231193 D/perp=170.161392 D/sec= 0.043854 lr=0.000259
SAMPLE #=> 吾輩は猫である。</s>知れ色気がある。</s>で云う。とは猫にちゃんとしない。</s>べから
2018-08-18 13:53:47,150 - main - INFO - [200] T/loss=95.051153 T/acc=0.381142 T/perp=71.179994 T/sec= 15.494292 D/loss=84.585976 D/acc=0.229969 D/perp=176.523544 D/sec= 0.044184 lr=0.000258
SAMPLE #=> 吾輩は猫である。</s>方法は英吉利の番だ。</s>を文芸倶楽部た。</s>つっよく振っへええて歩き
2018-08-18 13:54:01,587 - main - INFO - [201] T/loss=95.015693 T/acc=0.381821 T/perp=71.031332 T/sec= 14.394119 D/loss=85.314835 D/acc=0.217125 D/perp=184.570755 D/sec= 0.043153 lr=0.000257
SAMPLE #=> 吾輩は猫である。</s>の主人の振り向い中に洋服起して野良犬と横へ高く携えて、調子久しく
2018-08-18 13:54:18,092 - main - INFO - [202] T/loss=95.104079 T/acc=0.381845 T/perp=71.390218 T/sec= 16.454159 D/loss=84.421715 D/acc=0.228135 D/perp=174.758987 D/sec= 0.050327 lr=0.000256
SAMPLE #=> 吾輩は猫である。</s>来ている。</s>かから別人だけ、フロックコートの一気呵成に古ぼけた。</s>は
2018-08-18 13:54:32,579 - main - INFO - [203] T/loss=95.088594 T/acc=0.381981 T/perp=71.285124 T/sec= 14.443752 D/loss=84.562241 D/acc=0.220795 D/perp=176.267426 D/sec= 0.043836 lr=0.000254
SAMPLE #=> 吾輩は猫である。</s>という一本は疲らし御召は呑み乗り出すありがたい顔間に長々うとした。</s>
2018-08-18 13:54:48,089 - main - INFO - [204] T/loss=95.125651 T/acc=0.379417 T/perp=71.468668 T/sec= 15.459968 D/loss=84.472694 D/acc=0.223853 D/perp=175.304733 D/sec= 0.049480 lr=0.000253
SAMPLE #=> 吾輩は猫である。</s>の話を隙ば空前を引き受けて、どうもようたからとなるんは所
2018-08-18 13:55:03,694 - main - INFO - [205] T/loss=95.211623 T/acc=0.382863 T/perp=71.604301 T/sec= 15.559784 D/loss=84.710236 D/acc=0.223853 D/perp=177.870193 D/sec= 0.045156 lr=0.000252
SAMPLE #=> 吾輩は猫である。</s>の声はらしくない。</s>貯蓄のある。</s>摺蟻は或淡するが何
2018-08-18 13:55:19,011 - main - INFO - [206] T/loss=95.188871 T/acc=0.382849 T/perp=71.603107 T/sec= 15.271940 D/loss=84.416870 D/acc=0.229358 D/perp=174.707245 D/sec= 0.045164 lr=0.000251
SAMPLE #=> 吾輩は猫である。</s>といい。</s>は一夜作りの目もれ。</s>で御盆に出した。</s>
2018-08-18 13:55:34,771 - main - INFO - [207] T/loss=95.392967 T/acc=0.380203 T/perp=72.160551 T/sec= 15.716063 D/loss=85.316376 D/acc=0.212844 D/perp=184.588181 D/sec= 0.043528 lr=0.000249
SAMPLE #=> 吾輩は猫である。</s>男は庶境より身震いを広げたにぬ主人の見番などはなあ事を感服
2018-08-18 13:55:49,218 - main - INFO - [208] T/loss=95.443270 T/acc=0.380592 T/perp=72.349588 T/sec= 14.404152 D/loss=84.779083 D/acc=0.225076 D/perp=178.620789 D/sec= 0.043232 lr=0.000248
SAMPLE #=> 吾輩は猫である。</s>でもない。</s>でいる。</s>を思い込ん出て結構だて例の気は
2018-08-18 13:56:04,866 - main - INFO - [209] T/loss=95.542927 T/acc=0.378903 T/perp=72.751234 T/sec= 15.604539 D/loss=85.089943 D/acc=0.216514 D/perp=182.049377 D/sec= 0.043341 lr=0.000247
SAMPLE #=> 吾輩は猫である。</s>の停車場に音楽の・は頭も有るから、立つです。</s>主人だ、
2018-08-18 13:56:21,428 - main - INFO - [210] T/loss=95.435403 T/acc=0.380471 T/perp=72.329516 T/sec= 16.518073 D/loss=84.891075 D/acc=0.223853 D/perp=179.848495 D/sec= 0.044109 lr=0.000246
SAMPLE #=> 吾輩は猫である。</s>の猫には猫か、先の心も良心てっこ暗にでる。</s>主人は
2018-08-18 13:56:35,793 - main - INFO - [211] T/loss=95.395889 T/acc=0.378921 T/perp=72.218124 T/sec= 14.320796 D/loss=85.259888 D/acc=0.217125 D/perp=183.951416 D/sec= 0.043900 lr=0.000244
SAMPLE #=> 吾輩は猫である。</s>を現に猫の心が坐ってもなくなしがるる馬鹿であるから云う、
2018-08-18 13:56:51,455 - main - INFO - [212] T/loss=95.236560 T/acc=0.382312 T/perp=71.802438 T/sec= 15.617897 D/loss=84.579643 D/acc=0.221407 D/perp=176.455139 D/sec= 0.044936 lr=0.000243
SAMPLE #=> 吾輩は猫である。</s>でないなら、君通称を鴨南蛮当時々ごとくすまさぬ期——しまえね。</s>
2018-08-18 13:57:06,001 - main - INFO - [213] T/loss=95.212918 T/acc=0.382305 T/perp=71.687251 T/sec= 14.500475 D/loss=85.255898 D/acc=0.217737 D/perp=183.906601 D/sec= 0.044553 lr=0.000242
SAMPLE #=> 吾輩は猫である。</s>のところである。</s>のごとくデモスセニスの圧迫で有しているのは及びない
2018-08-18 13:57:22,754 - main - INFO - [214] T/loss=95.226223 T/acc=0.382582 T/perp=71.757943 T/sec= 16.708897 D/loss=85.855820 D/acc=0.216514 D/perp=190.779922 D/sec= 0.044431 lr=0.000241
SAMPLE #=> 吾輩は猫である。</s>の癖に云って？</s>味噌汁と見えてわざに寒月も、拾う尽しに
2018-08-18 13:57:37,235 - main - INFO - [215] T/loss=95.333937 T/acc=0.382022 T/perp=71.998598 T/sec= 14.437972 D/loss=85.508728 D/acc=0.226911 D/perp=186.772583 D/sec= 0.043666 lr=0.000239
SAMPLE #=> 吾輩は猫である。</s>の葉巻を走ら寄り付くた奴では驚ている。</s>合せて滅多に緑
2018-08-18 13:57:52,909 - main - INFO - [216] T/loss=95.365447 T/acc=0.382967 T/perp=72.210120 T/sec= 15.628766 D/loss=85.487045 D/acc=0.218349 D/perp=186.524994 D/sec= 0.044864 lr=0.000238
SAMPLE #=> 吾輩は猫である。</s>をこりれるか、原手段を傍聴を朽ちない街道と天保銭うとうとは盗難わ
2018-08-18 13:58:08,591 - main - INFO - [217] T/loss=95.436366 T/acc=0.384193 T/perp=72.334719 T/sec= 15.638189 D/loss=85.112518 D/acc=0.230581 D/perp=182.300949 D/sec= 0.044084 lr=0.000237
SAMPLE #=> 吾輩は猫である。</s>に谷あいしておら</s>紐の綱目俳諧算段一から出ならん。</s>は
2018-08-18 13:58:24,171 - main - INFO - [218] T/loss=95.594427 T/acc=0.381111 T/perp=72.879876 T/sec= 15.536326 D/loss=85.317947 D/acc=0.220795 D/perp=184.605881 D/sec= 0.043405 lr=0.000236
SAMPLE #=> 吾輩は猫である。</s>をとして集っに見たとは衆人は講義のところはつけるだです。</s>
2018-08-18 13:58:39,847 - main - INFO - [219] T/loss=95.674847 T/acc=0.380841 T/perp=73.206342 T/sec= 15.632256 D/loss=85.587440 D/acc=0.222018 D/perp=187.673904 D/sec= 0.043593 lr=0.000235
SAMPLE #=> 吾輩は猫である。</s>の身元はカンヴァスのように主人がと手をいろいろ変化あるあると云うの
2018-08-18 13:58:54,283 - main - INFO - [220] T/loss=95.816507 T/acc=0.383595 T/perp=73.695942 T/sec= 14.391315 D/loss=85.310196 D/acc=0.227523 D/perp=184.518387 D/sec= 0.044850 lr=0.000234
SAMPLE #=> 吾輩は猫である。</s>土管をせ</s>必然を肝胆、帰って醋をどっ疋なるや顔が見
2018-08-18 13:59:10,034 - main - INFO - [221] T/loss=95.833727 T/acc=0.381192 T/perp=73.750345 T/sec= 15.705961 D/loss=85.508163 D/acc=0.217737 D/perp=186.766083 D/sec= 0.044634 lr=0.000232
SAMPLE #=> 吾輩は猫である。</s>を匹近づい称えにしない甘干しは、利かぬ。</s>利目の。</s>金田
2018-08-18 13:59:25,504 - main - INFO - [222] T/loss=96.001568 T/acc=0.379616 T/perp=74.201474 T/sec= 15.425617 D/loss=85.439842 D/acc=0.222630 D/perp=185.987305 D/sec= 0.044204 lr=0.000231
SAMPLE #=> 吾輩は猫である。</s>のあやしいがは、いっこう壁の後ろの面白いには少々海鼠であるが判然
2018-08-18 13:59:41,237 - main - INFO - [223] T/loss=96.130317 T/acc=0.380318 T/perp=74.756281 T/sec= 15.689466 D/loss=85.054268 D/acc=0.226911 D/perp=181.652588 D/sec= 0.044297 lr=0.000230
SAMPLE #=> 吾輩は猫である。</s>とかあろう。</s>と一生懸命にする。</s>の上に指を略するご残り
2018-08-18 13:59:57,098 - main - INFO - [224] T/loss=96.227278 T/acc=0.379114 T/perp=75.012706 T/sec= 15.817268 D/loss=85.978165 D/acc=0.222018 D/perp=192.212799 D/sec= 0.043882 lr=0.000229
SAMPLE #=> 吾輩は猫である。</s>追えを入れて心配を二十度で、句が欠けるようでね。</s>
2018-08-18 14:00:11,541 - main - INFO - [225] T/loss=96.350552 T/acc=0.377986 T/perp=75.412798 T/sec= 14.398476 D/loss=85.721092 D/acc=0.217737 D/perp=189.214325 D/sec= 0.044302 lr=0.000228
SAMPLE #=> 吾輩は猫である。</s>のに奇談で不吾からユーゴーでわあわあ祈念、。</s>をまで頑不出す君
2018-08-18 14:00:28,133 - main - INFO - [226] T/loss=96.309850 T/acc=0.379277 T/perp=75.277395 T/sec= 16.547765 D/loss=85.299805 D/acc=0.220795 D/perp=184.401138 D/sec= 0.043544 lr=0.000227
SAMPLE #=> 吾輩は猫である。</s>通り過ぎるじゃないか、分らないかと文句がある。</s>味区民。</s>と
2018-08-18 14:00:42,545 - main - INFO - [227] T/loss=96.480844 T/acc=0.376362 T/perp=75.866026 T/sec= 14.368751 D/loss=85.868706 D/acc=0.222630 D/perp=190.930267 D/sec= 0.043555 lr=0.000225
SAMPLE #=> 吾輩は猫である。</s>分は、大象酷いと上がって、一応来る賄賂にますて、歴然の首
2018-08-18 14:00:58,322 - main - INFO - [228] T/loss=96.525669 T/acc=0.378733 T/perp=75.967106 T/sec= 15.733567 D/loss=85.629395 D/acc=0.222630 D/perp=188.156082 D/sec= 0.043303 lr=0.000224
SAMPLE #=> 吾輩は猫である。</s>頭でも！、おやなお何に来ているのな充分やである。
2018-08-18 14:01:12,817 - main - INFO - [229] T/loss=96.499698 T/acc=0.376275 T/perp=75.941419 T/sec= 14.450263 D/loss=85.494736 D/acc=0.217737 D/perp=186.612793 D/sec= 0.044955 lr=0.000223
SAMPLE #=> 吾輩は猫である。</s>の辺は吾輩は、隣の落ちれでばかりを胃弱ほどになぐさみの、装っ
2018-08-18 14:01:29,670 - main - INFO - [230] T/loss=96.268927 T/acc=0.379533 T/perp=75.153805 T/sec= 16.810018 D/loss=85.866226 D/acc=0.228135 D/perp=190.901413 D/sec= 0.043275 lr=0.000222
SAMPLE #=> 吾輩は猫である。</s>、人が稀ので抛り出した。</s>六尽くさ心配の入はその繙け中心なる
2018-08-18 14:01:44,054 - main - INFO - [231] T/loss=96.301288 T/acc=0.379308 T/perp=75.198275 T/sec= 14.340899 D/loss=85.702217 D/acc=0.222630 D/perp=188.996017 D/sec= 0.043271 lr=0.000221
SAMPLE #=> 吾輩は猫である。</s>困る云っ座席ではない。</s>ではなおごとく第一ぬ連署鬨の声にしまって
2018-08-18 14:01:59,786 - main - INFO - [232] T/loss=96.359085 T/acc=0.377760 T/perp=75.442565 T/sec= 15.687710 D/loss=86.315041 D/acc=0.217737 D/perp=196.214264 D/sec= 0.043563 lr=0.000220
SAMPLE #=> 吾輩は猫である。</s>とはやけに駄目である。</s>の馬鹿わが物顔に経見世物といる所リスは
2018-08-18 14:02:14,291 - main - INFO - [233] T/loss=96.151345 T/acc=0.379087 T/perp=74.738638 T/sec= 14.458276 D/loss=85.882507 D/acc=0.215291 D/perp=191.091568 D/sec= 0.046731 lr=0.000219
SAMPLE #=> 吾輩は猫である。</s>分りを滑るて羨ましい自らそのざる聞く上っでしな。</s>抔した玉じゃ
2018-08-18 14:02:31,415 - main - INFO - [234] T/loss=96.002103 T/acc=0.381538 T/perp=74.249137 T/sec= 17.079669 D/loss=85.730850 D/acc=0.220795 D/perp=189.327225 D/sec= 0.044175 lr=0.000218
SAMPLE #=> 吾輩は猫である。</s>を三分今日もまたまあと要するにば上げたかは譴責を近々だから、自分
2018-08-18 14:02:47,150 - main - INFO - [235] T/loss=96.157315 T/acc=0.380577 T/perp=74.878528 T/sec= 15.691885 D/loss=86.084824 D/acc=0.222018 D/perp=193.470825 D/sec= 0.043785 lr=0.000217
SAMPLE #=> 吾輩は猫である。</s>である。と、感心するものがそのたるとして弾丸のなあに門をなった
2018-08-18 14:03:01,621 - main - INFO - [236] T/loss=96.165274 T/acc=0.381700 T/perp=74.854303 T/sec= 14.426014 D/loss=85.943619 D/acc=0.214679 D/perp=191.807190 D/sec= 0.044321 lr=0.000216
SAMPLE #=> 吾輩は猫である。</s>も自尊辛抱し皿の気はいる事があるので、あると歌の
2018-08-18 14:03:17,400 - main - INFO - [237] T/loss=96.055383 T/acc=0.381717 T/perp=74.428044 T/sec= 15.734783 D/loss=86.161461 D/acc=0.220795 D/perp=194.379898 D/sec= 0.044712 lr=0.000214
SAMPLE #=> 吾輩は猫である。</s>細君が極人間を朝な夕なさえ日本堤前になるが、あのあらわれ出してならあり
2018-08-18 14:03:32,788 - main - INFO - [238] T/loss=96.124103 T/acc=0.381946 T/perp=74.717800 T/sec= 15.343450 D/loss=86.368530 D/acc=0.215291 D/perp=196.857330 D/sec= 0.044114 lr=0.000213
SAMPLE #=> 吾輩は猫である。</s>に主人が四つ連れて這入って行った事は三話しをなった後を
2018-08-18 14:03:48,491 - main - INFO - [239] T/loss=96.352210 T/acc=0.380195 T/perp=75.420340 T/sec= 15.659641 D/loss=86.119659 D/acc=0.220183 D/perp=193.883438 D/sec= 0.043736 lr=0.000212
SAMPLE #=> 吾輩は猫である。</s>のようから手足を自ずからしうから茶碗へ頂戴なる。</s>刑事ではぷかぷか
2018-08-18 14:04:03,014 - main - INFO - [240] T/loss=96.441348 T/acc=0.380290 T/perp=75.761813 T/sec= 14.478735 D/loss=86.755737 D/acc=0.215291 D/perp=201.574982 D/sec= 0.043973 lr=0.000211
SAMPLE #=> 吾輩は猫である。</s>そうで相成が立てて挿入一番こきゃ</s>在宿しある。</s>にゃ句のは取っ
2018-08-18 14:04:18,745 - main - INFO - [241] T/loss=96.556011 T/acc=0.379803 T/perp=76.152461 T/sec= 15.687594 D/loss=86.271667 D/acc=0.220795 D/perp=195.694458 D/sec= 0.043582 lr=0.000210
SAMPLE #=> 吾輩は猫である。</s>に掠めた気でもぽくて潮水をした者だ。</s>といういくつになってもを
2018-08-18 14:04:34,158 - main - INFO - [242] T/loss=96.598922 T/acc=0.380531 T/perp=76.216145 T/sec= 15.369581 D/loss=86.662140 D/acc=0.211621 D/perp=200.424271 D/sec= 0.043977 lr=0.000209
SAMPLE #=> 吾輩は猫である。</s>回を入国いいものに怨恨た。</s>で云いしたよりは何である
2018-08-18 14:04:50,061 - main - INFO - [243] T/loss=96.604684 T/acc=0.379488 T/perp=76.247774 T/sec= 15.858520 D/loss=86.342384 D/acc=0.215291 D/perp=196.542664 D/sec= 0.044438 lr=0.000208
SAMPLE #=> 吾輩は猫である。</s>分かれを日常を</s>ているからなって、なれたが涸らすだ。</s>ね
2018-08-18 14:05:04,544 - main - INFO - [244] T/loss=96.764355 T/acc=0.378523 T/perp=76.852030 T/sec= 14.438196 D/loss=87.259155 D/acc=0.210398 D/perp=207.878082 D/sec= 0.044591 lr=0.000207
SAMPLE #=> 吾輩は猫である。</s>は黒い。</s>にする困っいなくた寒さ、膨脹を聞いて名づけるのの
2018-08-18 14:05:20,303 - main - INFO - [245] T/loss=96.824182 T/acc=0.379302 T/perp=77.004245 T/sec= 15.713996 D/loss=86.560730 D/acc=0.213456 D/perp=199.185043 D/sec= 0.044911 lr=0.000206
SAMPLE #=> 吾輩は猫である。</s>は式を関せ籠っじゃあ寿司がさ勢へそりゃ。</s>が今度が人容子
2018-08-18 14:05:36,201 - main - INFO - [246] T/loss=96.939991 T/acc=0.380065 T/perp=77.449271 T/sec= 15.854028 D/loss=85.984413 D/acc=0.217737 D/perp=192.286316 D/sec= 0.043805 lr=0.000205
SAMPLE #=> 吾輩は猫である。</s>は弥生でも消えた。</s>として君君の自他では山の間に
2018-08-18 14:05:52,060 - main - INFO - [247] T/loss=97.110514 T/acc=0.377185 T/perp=78.054316 T/sec= 15.815329 D/loss=87.170860 D/acc=0.213456 D/perp=206.758423 D/sec= 0.044266 lr=0.000204
SAMPLE #=> 吾輩は猫である。</s>の勉強をする。</s>が見世物老人でなった。</s>はその主人は善い
2018-08-18 14:06:06,548 - main - INFO - [248] T/loss=97.026853 T/acc=0.379708 T/perp=77.705886 T/sec= 14.444408 D/loss=86.953903 D/acc=0.215902 D/perp=204.032990 D/sec= 0.043303 lr=0.000203
SAMPLE #=> 吾輩は猫である。</s>をなった映じを六に対して僕がじき寒月妙に利いた顔を面白い</s>
2018-08-18 14:06:22,476 - main - INFO - [249] T/loss=96.981871 T/acc=0.378109 T/perp=77.612070 T/sec= 15.884539 D/loss=86.669571 D/acc=0.212844 D/perp=200.515366 D/sec= 0.043273 lr=0.000202
SAMPLE #=> 吾輩は猫である。</s>に違例を吾輩の空気を吹きつけ影して見て取っだ。</s>のに取り寄せ
2018-08-18 14:06:38,201 - main - INFO - [250] T/loss=97.076476 T/acc=0.377766 T/perp=77.940571 T/sec= 15.679993 D/loss=87.142242 D/acc=0.211621 D/perp=206.396912 D/sec= 0.044520 lr=0.000201
SAMPLE #=> 吾輩は猫である。</s>のうちに滔々。</s>なさろが、駄目だけ。</s>を昼。と松構え
2018-08-18 14:06:54,144 - main - INFO - [251] T/loss=96.982871 T/acc=0.379309 T/perp=77.644097 T/sec= 15.899996 D/loss=87.316071 D/acc=0.215902 D/perp=208.602936 D/sec= 0.043676 lr=0.000200
SAMPLE #=> 吾輩は猫である。</s>の降らならそら明いたのいやに例のヵ年は十平気で、</s>あやまれ
2018-08-18 14:07:08,745 - main - INFO - [252] T/loss=97.268767 T/acc=0.377740 T/perp=78.619923 T/sec= 14.556478 D/loss=87.282166 D/acc=0.215291 D/perp=208.170792 D/sec= 0.044055 lr=0.000199
SAMPLE #=> 吾輩は猫である。</s>もによって迷亭に椎茸た七の事でもちょっと残念中を守らが人に
2018-08-18 14:07:24,665 - main - INFO - [253] T/loss=97.215382 T/acc=0.378238 T/perp=78.444766 T/sec= 15.873726 D/loss=86.743126 D/acc=0.219572 D/perp=201.419525 D/sec= 0.046335 lr=0.000198
SAMPLE #=> 吾輩は猫である。</s>話しは主人はすぐ分ってその調子づいなん。</s>にも例の起る一
2018-08-18 14:07:40,688 - main - INFO - [254] T/loss=97.352000 T/acc=0.377171 T/perp=78.916676 T/sec= 15.979094 D/loss=87.115532 D/acc=0.209786 D/perp=206.059921 D/sec= 0.044345 lr=0.000197
SAMPLE #=> 吾輩は猫である。</s>者は枯れと云うそうだ。事と誘うする。</s>、半可通の自分に
2018-08-18 14:07:56,581 - main - INFO - [255] T/loss=97.431132 T/acc=0.374549 T/perp=79.066482 T/sec= 15.847943 D/loss=87.051437 D/acc=0.216514 D/perp=205.253723 D/sec= 0.044557 lr=0.000196
SAMPLE #=> 吾輩は猫である。</s>のは餓死が形の二ぐいぐいへ忘して更紗。</s>が運が如し
2018-08-18 14:08:11,077 - main - INFO - [256] T/loss=97.560114 T/acc=0.375192 T/perp=79.591032 T/sec= 14.452804 D/loss=87.145027 D/acc=0.212232 D/perp=206.432053 D/sec= 0.043454 lr=0.000195
SAMPLE #=> 吾輩は猫である。</s>いい、笑うとを開いた。</s>でちゃん好しに、変らない年廻りが服装
2018-08-18 14:08:26,900 - main - INFO - [257] T/loss=97.510517 T/acc=0.376473 T/perp=79.439661 T/sec= 15.779640 D/loss=87.329353 D/acc=0.216514 D/perp=208.772507 D/sec= 0.043593 lr=0.000194
SAMPLE #=> 吾輩は猫である。と紫のましょ怒気が大根から主人も始めて行かた事にだ。と可哀想前回
2018-08-18 14:08:42,452 - main - INFO - [258] T/loss=97.371509 T/acc=0.377060 T/perp=78.988906 T/sec= 15.508408 D/loss=87.377892 D/acc=0.214679 D/perp=209.393127 D/sec= 0.043344 lr=0.000193
SAMPLE #=> 吾輩は猫である。</s>会を舞わするとはかかりつけを心づか出したと云うの大切から取ってこれぞ
2018-08-18 14:08:58,264 - main - INFO - [259] T/loss=97.457031 T/acc=0.378060 T/perp=79.221372 T/sec= 15.769172 D/loss=87.839539 D/acc=0.208563 D/perp=215.389694 D/sec= 0.043364 lr=0.000192
SAMPLE #=> 吾輩は猫である。</s>とくる。</s>不公平なおかしくっに、自ら二へ告げ三口し思い切って今更神酒
2018-08-18 14:09:12,713 - main - INFO - [260] T/loss=97.507820 T/acc=0.378426 T/perp=79.491121 T/sec= 14.405308 D/loss=87.186089 D/acc=0.214067 D/perp=206.951050 D/sec= 0.043572 lr=0.000191
SAMPLE #=> 吾輩は猫である。</s>さ。</s>気焔をるる。</s>にたい。</s>面を盲て見た斃
2018-08-18 14:09:28,692 - main - INFO - [261] T/loss=97.712088 T/acc=0.376706 T/perp=80.150045 T/sec= 15.933965 D/loss=87.498360 D/acc=0.209174 D/perp=210.941650 D/sec= 0.045130 lr=0.000190
SAMPLE #=> 吾輩は猫である。</s>を御彼のわる抛は下にはずすれた——ぜ。</s>落し再度
2018-08-18 14:09:44,264 - main - INFO - [262] T/loss=97.855424 T/acc=0.375900 T/perp=80.735730 T/sec= 15.528288 D/loss=86.983925 D/acc=0.214679 D/perp=204.407990 D/sec= 0.043361 lr=0.000189
SAMPLE #=> 吾輩は猫である。</s>の足何の飯を高島田のであるです。</s>云わありている。</s>に
2018-08-18 14:10:00,268 - main - INFO - [263] T/loss=97.693644 T/acc=0.375355 T/perp=80.054553 T/sec= 15.960379 D/loss=87.502594 D/acc=0.222018 D/perp=210.996368 D/sec= 0.043778 lr=0.000188
SAMPLE #=> 吾輩は猫である。</s>危機一髪の女を甸語おった。</s>で出さう。</s>代り仙君。</s>
2018-08-18 14:10:14,723 - main - INFO - [264] T/loss=97.627377 T/acc=0.374992 T/perp=79.856836 T/sec= 14.411054 D/loss=87.351906 D/acc=0.213456 D/perp=209.060608 D/sec= 0.043526 lr=0.000187
SAMPLE #=> 吾輩は猫である。</s>がごとくちらちらのへ互になる立てのだだが食っている、孔子に買っ
2018-08-18 14:10:30,655 - main - INFO - [265] T/loss=97.578789 T/acc=0.376551 T/perp=79.823303 T/sec= 15.887658 D/loss=87.365097 D/acc=0.212844 D/perp=209.229340 D/sec= 0.044423 lr=0.000186
SAMPLE #=> 吾輩は猫である。</s>肺病鼻はくらい承るによって結構した。</s>と云う。</s>の現前の琵琶
2018-08-18 14:10:46,120 - main - INFO - [266] T/loss=97.508442 T/acc=0.378690 T/perp=79.390651 T/sec= 15.421172 D/loss=87.486557 D/acc=0.207339 D/perp=210.789413 D/sec= 0.043492 lr=0.000185
SAMPLE #=> 吾輩は猫である。</s>がこんなの、声をくる。</s>でがくべる。</s>を如何とたかい。
2018-08-18 14:11:02,044 - main - INFO - [267] T/loss=97.638337 T/acc=0.377424 T/perp=79.938816 T/sec= 15.878917 D/loss=88.358536 D/acc=0.211009 D/perp=222.336502 D/sec= 0.045439 lr=0.000185
SAMPLE #=> 吾輩は猫である。</s>は来る、見るとまたなお真黒から全く較べば草になっている。</s>
2018-08-18 14:11:16,548 - main - INFO - [268] T/loss=97.714872 T/acc=0.377156 T/perp=80.135719 T/sec= 14.460966 D/loss=87.769722 D/acc=0.206116 D/perp=214.471909 D/sec= 0.043016 lr=0.000184
SAMPLE #=> 吾輩は猫である。</s>に主人がぷんぷんして、一年をせいせい金時計親指にやない、からかおばは
2018-08-18 14:11:32,559 - main - INFO - [269] T/loss=97.777167 T/acc=0.375851 T/perp=80.394857 T/sec= 15.966594 D/loss=88.095558 D/acc=0.214679 D/perp=218.788895 D/sec= 0.044230 lr=0.000183
SAMPLE #=> 吾輩は猫である。</s>は見て取るなり金剛石には思うに申す講ずる。</s>には魂重なっに動揺に
2018-08-18 14:11:48,473 - main - INFO - [270] T/loss=97.546803 T/acc=0.376727 T/perp=79.581122 T/sec= 15.871130 D/loss=87.754166 D/acc=0.204893 D/perp=214.268005 D/sec= 0.043116 lr=0.000182
SAMPLE #=> 吾輩は猫である。</s>とぴいぴいした品性を心に困っしている、、馬鹿に死をわざ
2018-08-18 14:12:04,461 - main - INFO - [271] T/loss=97.508629 T/acc=0.379453 T/perp=79.506832 T/sec= 15.944245 D/loss=87.381676 D/acc=0.208563 D/perp=209.441650 D/sec= 0.043660 lr=0.000181
SAMPLE #=> 吾輩は猫である。</s>には健在のが御確信をなったくらい。</s>恋いやむを得ない。</s>を思っ
2018-08-18 14:12:19,052 - main - INFO - [272] T/loss=97.727934 T/acc=0.378576 T/perp=80.260397 T/sec= 14.547829 D/loss=88.096382 D/acc=0.203670 D/perp=218.800049 D/sec= 0.043015 lr=0.000180
SAMPLE #=> 吾輩は猫である。</s>の軍略はない。</s>までほどうれし毒々しい。</s>。</s>いる事を得それだけ
2018-08-18 14:12:34,984 - main - INFO - [273] T/loss=97.736708 T/acc=0.377933 T/perp=80.262903 T/sec= 15.887116 D/loss=87.956093 D/acc=0.204281 D/perp=216.930634 D/sec= 0.044821 lr=0.000179
SAMPLE #=> 吾輩は猫である。</s>食わし家でまたその可愛がらしようがしてもある。</s>障子である。</s>
2018-08-18 14:12:50,813 - main - INFO - [274] T/loss=97.899955 T/acc=0.376626 T/perp=80.845463 T/sec= 15.785489 D/loss=88.329659 D/acc=0.201835 D/perp=221.944153 D/sec= 0.044103 lr=0.000178
SAMPLE #=> 吾輩は猫である。</s>の友で見ないなら</s>と背負っぬ生れで。んのあきれば。</s>
2018-08-18 14:13:05,218 - main - INFO - [275] T/loss=97.970432 T/acc=0.376950 T/perp=81.069220 T/sec= 14.361134 D/loss=88.218964 D/acc=0.207339 D/perp=220.446518 D/sec= 0.043380 lr=0.000177
SAMPLE #=> 吾輩は猫である。</s>の気が鳴らすだ、満足で印刷たり気掛りだ。</s>だ。</s>とも
2018-08-18 14:13:21,152 - main - INFO - [276] T/loss=98.123836 T/acc=0.376412 T/perp=81.681977 T/sec= 15.889985 D/loss=88.832207 D/acc=0.208563 D/perp=228.871948 D/sec= 0.043948 lr=0.000176
SAMPLE #=> 吾輩は猫である。</s>一つのぎり以来睨めにもある。</s>に軽便でも内に行かぬ。</s>
2018-08-18 14:13:35,635 - main - INFO - [277] T/loss=98.190292 T/acc=0.374903 T/perp=81.933773 T/sec= 14.439050 D/loss=87.840576 D/acc=0.209174 D/perp=215.403351 D/sec= 0.044528 lr=0.000175
SAMPLE #=> 吾輩は猫である。</s>をいらた。</s>が博多に少々したがある。</s>をいつ。</s>
2018-08-18 14:13:52,808 - main - INFO - [278] T/loss=98.257649 T/acc=0.374919 T/perp=82.238261 T/sec= 17.128668 D/loss=88.464279 D/acc=0.204893 D/perp=223.779083 D/sec= 0.044503 lr=0.000175
SAMPLE #=> 吾輩は猫である。</s>ならとか寒月運動の一番感じでなったから、真正はそんな事は分らない
2018-08-18 14:14:07,346 - main - INFO - [279] T/loss=98.114296 T/acc=0.377208 T/perp=81.605941 T/sec= 14.492820 D/loss=88.299698 D/acc=0.204893 D/perp=221.537827 D/sec= 0.044568 lr=0.000174
SAMPLE #=> 吾輩は猫である。</s>のちと困憊腹中になるものと云うんには、ぱっとからともやめよないと
2018-08-18 14:14:23,254 - main - INFO - [280] T/loss=98.317216 T/acc=0.375995 T/perp=82.390997 T/sec= 15.863608 D/loss=88.365135 D/acc=0.209174 D/perp=222.426208 D/sec= 0.044726 lr=0.000173
SAMPLE #=> 吾輩は猫である。欄干再興第見で眼にあるいたからそうの挟まっな思ったね。</s></s>
2018-08-18 14:14:37,745 - main - INFO - [281] T/loss=98.529477 T/acc=0.374807 T/perp=83.154821 T/sec= 14.446947 D/loss=88.265038 D/acc=0.207339 D/perp=221.068649 D/sec= 0.043455 lr=0.000172
SAMPLE #=> 吾輩は猫である。</s>に変らぬわがなしであれも暗い活気てある。</s>に髷所特色で
2018-08-18 14:14:54,734 - main - INFO - [282] T/loss=98.729757 T/acc=0.375580 T/perp=83.937715 T/sec= 16.945767 D/loss=88.013222 D/acc=0.205505 D/perp=217.689957 D/sec= 0.043486 lr=0.000171
SAMPLE #=> 吾輩は猫である。</s>の裸足を三さまざまのよりは着けた、爛れ自慢何分ものから</s>、賤業
2018-08-18 14:15:09,131 - main - INFO - [283] T/loss=98.722822 T/acc=0.373934 T/perp=83.904251 T/sec= 14.353236 D/loss=88.556343 D/acc=0.202446 D/perp=225.042725 D/sec= 0.044224 lr=0.000170
SAMPLE #=> 吾輩は猫である。</s>かたまえ。</s>も襖を一向壺の女返は重がある。</s>拭い
2018-08-18 14:15:23,615 - main - INFO - [284] T/loss=98.786462 T/acc=0.372431 T/perp=84.035271 T/sec= 14.438935 D/loss=88.334457 D/acc=0.204281 D/perp=222.009247 D/sec= 0.044855 lr=0.000169
SAMPLE #=> 吾輩は猫である。</s>の攻撃を昭代その間の、この教育を吾輩一十女からこんな中を奥方
2018-08-18 14:15:39,835 - main - INFO - [285] T/loss=98.664582 T/acc=0.373243 T/perp=83.621425 T/sec= 16.175765 D/loss=88.478622 D/acc=0.200612 D/perp=223.975510 D/sec= 0.044240 lr=0.000169
SAMPLE #=> 吾輩は猫である。</s>の斯様である事は器用に人間とするのから拵えたと、作品が
2018-08-18 14:15:55,191 - main - INFO - [286] T/loss=98.646449 T/acc=0.373641 T/perp=83.617602 T/sec= 15.312453 D/loss=88.572136 D/acc=0.207339 D/perp=225.260223 D/sec= 0.043861 lr=0.000168
SAMPLE #=> 吾輩は猫である。</s>に下などでさようなら。</s>で構えたと云ううちのうちが熱いだろた
2018-08-18 14:16:11,239 - main - INFO - [287] T/loss=98.813873 T/acc=0.372958 T/perp=84.153827 T/sec= 16.003242 D/loss=88.519371 D/acc=0.203058 D/perp=224.534439 D/sec= 0.044155 lr=0.000167
SAMPLE #=> 吾輩は猫である。</s>を云わないと云うようにトウィードし</s>で、洒落れた麺のはない。
2018-08-18 14:16:25,744 - main - INFO - [288] T/loss=98.715359 T/acc=0.372806 T/perp=83.868498 T/sec= 14.460287 D/loss=88.647110 D/acc=0.203058 D/perp=226.295471 D/sec= 0.044635 lr=0.000166
SAMPLE #=> 吾輩は猫である。</s>を伝わっする。</s>は号外どきと歓迎会いながらいるのに小本膏で、
2018-08-18 14:16:41,855 - main - INFO - [289] T/loss=98.604263 T/acc=0.374607 T/perp=83.422334 T/sec= 16.067208 D/loss=88.599785 D/acc=0.206116 D/perp=225.641449 D/sec= 0.044222 lr=0.000165
SAMPLE #=> 吾輩は猫である。</s>に云う肝はその帖が是非共集まるにした。</s>に滋養そんなところを
2018-08-18 14:16:57,278 - main - INFO - [290] T/loss=98.482925 T/acc=0.373266 T/perp=83.042607 T/sec= 15.378963 D/loss=88.773483 D/acc=0.202446 D/perp=228.051437 D/sec= 0.043568 lr=0.000164
SAMPLE #=> 吾輩は猫である。</s>か出任せをあってこちらの出馬だから大概の空しゅうへ聞いて云う見極めで
2018-08-18 14:17:13,314 - main - INFO - [291] T/loss=98.492854 T/acc=0.374484 T/perp=83.046718 T/sec= 15.992598 D/loss=88.684509 D/acc=0.201223 D/perp=226.813705 D/sec= 0.043722 lr=0.000164
SAMPLE #=> 吾輩は猫である。</s>を急にする。</s>の子はすでに飲み聞いたでいたから吹きかけまた
2018-08-18 14:17:27,910 - main - INFO - [292] T/loss=98.470857 T/acc=0.374579 T/perp=83.003535 T/sec= 14.552277 D/loss=88.471169 D/acc=0.203058 D/perp=223.873428 D/sec= 0.044075 lr=0.000163
SAMPLE #=> 吾輩は猫である。</s>屋が猫で、両君の一つ食わないかである。</s>聞いて慶賀を
2018-08-18 14:17:42,385 - main - INFO - [293] T/loss=98.557346 T/acc=0.374263 T/perp=83.336338 T/sec= 14.429641 D/loss=88.767067 D/acc=0.199388 D/perp=227.961945 D/sec= 0.044699 lr=0.000162
SAMPLE #=> 吾輩は猫である。</s>の洲が全くでこれ訳である。</s>が主人は徳するもの訳は
2018-08-18 14:17:59,820 - main - INFO - [294] T/loss=98.477722 T/acc=0.375825 T/perp=82.973175 T/sec= 17.391235 D/loss=89.190903 D/acc=0.195107 D/perp=233.948502 D/sec= 0.044052 lr=0.000161
SAMPLE #=> 吾輩は猫である。</s>のば君がいくら先生があいにくで路がどげんは飛んだから、読み出すなら
2018-08-18 14:18:14,270 - main - INFO - [295] T/loss=98.460897 T/acc=0.376338 T/perp=82.911106 T/sec= 14.405755 D/loss=89.476616 D/acc=0.206728 D/perp=238.072586 D/sec= 0.044370 lr=0.000160
SAMPLE #=> 吾輩は猫である。もの牛肉が惜哉。</s>こら易者のようにも憫笑をとぐろでもという追い詰めは色
2018-08-18 14:18:30,388 - main - INFO - [296] T/loss=98.632964 T/acc=0.374072 T/perp=83.548130 T/sec= 16.071966 D/loss=89.422821 D/acc=0.206116 D/perp=237.290695 D/sec= 0.046225 lr=0.000160
SAMPLE #=> 吾輩は猫である。</s>を雲井たらしまった版か両手である。</s>ににより事じゃあっだだろ
2018-08-18 14:18:44,889 - main - INFO - [297] T/loss=98.865648 T/acc=0.373071 T/perp=84.438175 T/sec= 14.456680 D/loss=89.547165 D/acc=0.203670 D/perp=239.102188 D/sec= 0.043977 lr=0.000159
SAMPLE #=> 吾輩は猫である。</s>時のかども気の夜目まあ如くへ役に立つ老人のためが、使うの湯
2018-08-18 14:19:01,923 - main - INFO - [298] T/loss=98.779960 T/acc=0.374553 T/perp=84.079060 T/sec= 16.990540 D/loss=89.002548 D/acc=0.200000 D/perp=231.268906 D/sec= 0.043839 lr=0.000158
SAMPLE #=> 吾輩は猫である。</s>は捨てしていると、談話がある。</s>は万丈をそのとんと出て
2018-08-18 14:19:16,383 - main - INFO - [299] T/loss=98.933922 T/acc=0.372314 T/perp=84.663856 T/sec= 14.415698 D/loss=88.567772 D/acc=0.201223 D/perp=225.200089 D/sec= 0.044396 lr=0.000157
SAMPLE #=> 吾輩は猫である。</s>促はどうなる。</s>は秒はありいる。</s>をいいと来たと
2018-08-18 14:19:30,912 - main - INFO - [300] T/loss=98.843602 T/acc=0.374162 T/perp=84.322790 T/sec= 14.485338 D/loss=89.144028 D/acc=0.201835 D/perp=233.278687 D/sec= 0.043545 lr=0.000156
SAMPLE #=> 吾輩は猫である。</s>に話しかける。</s>は始まる宴会の泥棒が筧に目だたである天下煖ほどで
loading early stopped-model at epoch 73
吾輩は猫である。
の気になってるものじゃない。寒月君は読売新聞のあたりへ京焼杯入れて鞍何らしいものが想像します。
から妻が聖書掌に行って彼だって近日的に帰るんでございませんなどだから宜だ。
と聞かれたから、ほかにその客なんぞ先月の？
生きますから返す返すまで裸体とか大変、まだいい車屋が鋭目へ呼びかけて、冷笑してくれが吾輩は撮っるを似合？
発表して念じ方だらけ上に甘んじわる半襟でない。
で音量ゆっくりぜ。
のないところにしまったね。
のびては、踰怒って下さい。
ねえ腰を鐘する癖にないです。
か浮身じゃないなかし立てってきっと一事件から東京に寿司を聞いてすましましょう。
なぜと云わますよ。と云う。
摺夢幻さ、鋭字様の異存ならないと欠けた感じにした。
な事になったものだから仕方がない。
に主人と先生ほどやっぱり乾かす髯を膃肭臍を猫のように個自分の用に振り向いて見たり赤く行くくらいであるまいと仕方がない。
には金田が撫でているんだだろう。
な。愛国心の悪口に頑固なるけれども御嫁に行ったいけん。と近頃は世辞のない調子を有した。羽織に背の下け着席を向いて主人はこの間まで切っている。
状態は果食い。と主人はよっぽどくらい男を着ているから少し相手を窺ったと思う。
という所がいただいてヴァイオリンですからそりゃ苦しいよ。と来たそうだ。
の多々良さんが、寒月先生も御前で勿体ないんでさっきんじゃない。
である。
だけになくなる折細く祟りな。、あんまり拝見を落ちていとくるのかね。
東風さんだ。
の——少々ヴァイオリンの連れ事件を度外に骨が渺々たか御嬢さんの馬鹿を経験やっていでしょう。と云った。
御温厚にございました上乗に。
は見付けましたよ？
忍び足の臘から神さんです。と寒月が少し御書生である知らなかった。と主人は話しながら迷亭も寒月部分人民のもの。
と云うよ。
である。

2018-08-18 14:20:05,497 - main - INFO - time spent: 6233.629851 sec
