{
  "train": "datasets/soseki/neko-word-train.txt",
  "test": "datasets/soseki/neko-word-test.txt",
  "w2v": "datasets/soseki/neko_w2v.bin",
  "batchsize": 100,
  "bproplen": 35,
  "epoch": 300,
  "unit": 200,
  "gpu": 0,
  "gradclip": 5,
  "out": "results_rnnlm-2",
  "resume": ""
}
2018-08-21 22:05:32,263 - main - INFO - vocabulary size: 13948
2018-08-21 22:05:32,264 - main - INFO - train data size: 208502
2018-08-21 22:05:32,269 - main - INFO - train data starts with: 吾輩 は 猫 で ある 。 ...
2018-08-21 22:05:32,274 - main - INFO - test  data size: 1735
Initialize the embedding from word2vec model: datasets/soseki/neko_w2v.bin
going to train 625500 iterations (300 epochs)
2018-08-21 22:06:33,494 - main - INFO - [  1] T/loss=7.328618 T/acc=0.033487 T/perp=3228.613648 T/sec= 36.203102 D/loss=6.534453 D/acc=0.058235 D/perp=1537.205945 D/sec= 0.061409 lr=0.000700
SAMPLE #=> 吾輩は猫である。て主人、吾輩し五はの三やるからかうこっちなを時だろ多恨がずつない
2018-08-21 22:07:16,845 - main - INFO - [  2] T/loss=6.363040 T/acc=0.044254 T/perp=605.840347 T/sec= 43.289254 D/loss=6.714728 D/acc=0.118824 D/perp=1574.697584 D/sec= 0.061762 lr=0.000696
SAMPLE #=> 吾輩は猫である。と必ずするこれ出る、ですいる大抵しばしますもんが欠け隠れ消え金度</s>は
2018-08-21 22:07:55,528 - main - INFO - [  3] T/loss=6.017515 T/acc=0.090019 T/perp=432.454808 T/sec= 38.620099 D/loss=5.967736 D/acc=0.113529 D/perp=1028.238295 D/sec= 0.063591 lr=0.000693
SAMPLE #=> 吾輩は猫である。</s>ねよかので者で。よ君だとどれやあの尾、いらっしゃいて
2018-08-21 22:08:39,773 - main - INFO - [  4] T/loss=5.747232 T/acc=0.131823 T/perp=329.600859 T/sec= 44.182929 D/loss=6.211763 D/acc=0.167647 D/perp=1171.226375 D/sec= 0.061611 lr=0.000690
SAMPLE #=> 吾輩は猫である。</s>どう事面白いんけあるへないがねえ。</s>や声と声なら口を
2018-08-21 22:09:18,182 - main - INFO - [  5] T/loss=5.578870 T/acc=0.151899 T/perp=278.814975 T/sec= 38.335240 D/loss=6.199356 D/acc=0.185294 D/perp=1113.758880 D/sec= 0.073657 lr=0.000686
SAMPLE #=> 吾輩は猫である。</s>以しだ。</s>えだ。。</s>いつの間にも頭ないですだ．。</s>
2018-08-21 22:10:02,509 - main - INFO - [  6] T/loss=5.417966 T/acc=0.171180 T/perp=237.733720 T/sec= 44.264430 D/loss=6.019341 D/acc=0.154118 D/perp=984.587652 D/sec= 0.062588 lr=0.000683
SAMPLE #=> 吾輩は猫である。</s>これは最初を紫する、いいんね。</s>あれざる、人の。</s>
2018-08-21 22:10:41,956 - main - INFO - [  7] T/loss=5.287514 T/acc=0.184019 T/perp=208.924915 T/sec= 39.382439 D/loss=6.462158 D/acc=0.122941 D/perp=1286.953111 D/sec= 0.064292 lr=0.000679
SAMPLE #=> 吾輩は猫である。</s>今と掠めイスキラスか在天を置いじゃあいる。</s>が趣味の写真に言わへ
2018-08-21 22:11:26,552 - main - INFO - [  8] T/loss=5.187360 T/acc=0.192791 T/perp=188.978356 T/sec= 44.532557 D/loss=5.969743 D/acc=0.183529 D/perp=970.451890 D/sec= 0.063767 lr=0.000676
SAMPLE #=> 吾輩は猫である。</s>東風事実の教頭な声だとそらがなる男と、喩える——主人で方
2018-08-21 22:12:05,340 - main - INFO - [  9] T/loss=5.103797 T/acc=0.202412 T/perp=173.748877 T/sec= 38.726184 D/loss=5.906748 D/acc=0.178824 D/perp=869.230445 D/sec= 0.062398 lr=0.000672
SAMPLE #=> 吾輩は猫である。．．あるけとせの。</s>迷亭も知りたいが、人中にございですかい。
2018-08-21 22:12:50,751 - main - INFO - [ 10] T/loss=5.033617 T/acc=0.210576 T/perp=162.168114 T/sec= 45.346835 D/loss=6.049498 D/acc=0.169412 D/perp=1018.064954 D/sec= 0.063261 lr=0.000669
SAMPLE #=> 吾輩は猫である。</s>がす。</s>きっとかくもきっとに云う。</s>金魚猫の是非たちまち遠慮した
2018-08-21 22:13:30,499 - main - INFO - [ 11] T/loss=4.972359 T/acc=0.218034 T/perp=152.454764 T/sec= 39.686148 D/loss=6.062382 D/acc=0.155882 D/perp=1030.633416 D/sec= 0.062765 lr=0.000666
SAMPLE #=> 吾輩は猫である。</s>それで夫の食事へよかろうと云う顔が鰹節などなものを盃にゆか
2018-08-21 22:14:10,545 - main - INFO - [ 12] T/loss=4.916733 T/acc=0.224412 T/perp=144.050659 T/sec= 39.981078 D/loss=6.440115 D/acc=0.142941 D/perp=1194.018611 D/sec= 0.064161 lr=0.000662
SAMPLE #=> 吾輩は猫である。</s>一杯主たるユーゴーな丹波へ陣取って、聞いて真赤を勿論事を怒るくらいと
2018-08-21 22:14:57,967 - main - INFO - [ 13] T/loss=4.873199 T/acc=0.229137 T/perp=137.906963 T/sec= 47.359645 D/loss=6.030909 D/acc=0.182941 D/perp=1002.430007 D/sec= 0.063015 lr=0.000659
SAMPLE #=> 吾輩は猫である。</s>なあに蔦か妻君でも突き飛ばしている。</s>主人はこの余でながら出来る。</s>
2018-08-21 22:15:37,649 - main - INFO - [ 14] T/loss=4.832977 T/acc=0.232062 T/perp=132.574641 T/sec= 39.617226 D/loss=6.271688 D/acc=0.168235 D/perp=1170.036985 D/sec= 0.064688 lr=0.000656
SAMPLE #=> 吾輩は猫である。</s>御熱い糟ですから、僕私の渡すと、見ると寒月くらい令嬢で太平
2018-08-21 22:16:18,367 - main - INFO - [ 15] T/loss=4.794988 T/acc=0.236590 T/perp=127.497261 T/sec= 40.654097 D/loss=6.253054 D/acc=0.118235 D/perp=1103.333988 D/sec= 0.063921 lr=0.000653
SAMPLE #=> 吾輩は猫である。．長物です。</s>おやじが泣きれておりたい。</s>作家の所でいるよう
2018-08-21 22:17:03,164 - main - INFO - [ 16] T/loss=4.764991 T/acc=0.240201 T/perp=123.709939 T/sec= 44.733936 D/loss=6.058324 D/acc=0.157647 D/perp=1011.119439 D/sec= 0.062258 lr=0.000649
SAMPLE #=> 吾輩は猫である。</s>梅の御日じゃ迹である。と寒月様はなら、それほどでも少し盛
2018-08-21 22:17:42,080 - main - INFO - [ 17] T/loss=4.734056 T/acc=0.242192 T/perp=119.872627 T/sec= 38.852531 D/loss=6.020564 D/acc=0.167647 D/perp=1026.564010 D/sec= 0.063525 lr=0.000646
SAMPLE #=> 吾輩は猫である。</s>はなはだいっしょまでつかつかそこそこに伯父共三利く原論な声ももごもごよく語源られに
2018-08-21 22:18:26,556 - main - INFO - [ 18] T/loss=4.707021 T/acc=0.245933 T/perp=116.648366 T/sec= 44.412352 D/loss=6.056534 D/acc=0.159412 D/perp=1052.608689 D/sec= 0.064374 lr=0.000643
SAMPLE #=> 吾輩は猫である。と坊や四木綿に差し出すくらいがない。</s>どうもちょっと是非すそに領に長州征伐冗談
2018-08-21 22:19:05,326 - main - INFO - [ 19] T/loss=4.684027 T/acc=0.247372 T/perp=113.913572 T/sec= 38.706837 D/loss=5.824588 D/acc=0.149412 D/perp=1007.375927 D/sec= 0.063254 lr=0.000640
SAMPLE #=> 吾輩は猫である。時分は朝だろう。</s>やがて細君を多々良坊主が——大の同勢は、その
2018-08-21 22:19:49,568 - main - INFO - [ 20] T/loss=4.664502 T/acc=0.249659 T/perp=111.876381 T/sec= 44.177810 D/loss=6.076741 D/acc=0.170000 D/perp=1124.503301 D/sec= 0.063488 lr=0.000636
SAMPLE #=> 吾輩は猫である。蛇と云うか。と一朝いたようだよ。</s>私でもあろうわ
2018-08-21 22:20:28,123 - main - INFO - [ 21] T/loss=4.643733 T/acc=0.251204 T/perp=109.459893 T/sec= 38.490825 D/loss=6.117692 D/acc=0.165294 D/perp=1152.253803 D/sec= 0.064241 lr=0.000633
SAMPLE #=> 吾輩は猫である。</s>こうして滑らか、強いのなおだやかは云った事が足に自由くらいと上りなかっ
/usr/local/lib/python3.6/dist-packages/matplotlib/pyplot.py:528: RuntimeWarning: More than 20 figures have been opened. Figures created through the pyplot interface (`matplotlib.pyplot.figure`) are retained until explicitly closed and may consume too much memory. (To control this warning, see the rcParam `figure.max_open_warning`).
  max_open_warning, RuntimeWarning)
2018-08-21 22:21:14,835 - main - INFO - [ 22] T/loss=4.622594 T/acc=0.254101 T/perp=107.135531 T/sec= 46.649400 D/loss=6.181501 D/acc=0.154118 D/perp=1156.594412 D/sec= 0.062802 lr=0.000630
SAMPLE #=> 吾輩は猫である。</s>何だか始終多々良先生の鼻などうぞと云ったつもりで近来がちと分らないよう
2018-08-21 22:21:54,074 - main - INFO - [ 23] T/loss=4.605803 T/acc=0.254767 T/perp=105.357424 T/sec= 39.175901 D/loss=6.287988 D/acc=0.164706 D/perp=1179.540060 D/sec= 0.062848 lr=0.000627
SAMPLE #=> 吾輩は猫である。と迷亭さん君御それに頃で大源が惚れ込んで茶の間でいる。</s>聞くと
2018-08-21 22:22:34,206 - main - INFO - [ 24] T/loss=4.588484 T/acc=0.256297 T/perp=103.451651 T/sec= 40.069171 D/loss=6.162608 D/acc=0.127059 D/perp=1114.014867 D/sec= 0.063240 lr=0.000624
SAMPLE #=> 吾輩は猫である。それと云うといえ坊さんが黒だって下等に斑ないものにするが、一つ面白く
2018-08-21 22:23:19,077 - main - INFO - [ 25] T/loss=4.571447 T/acc=0.257607 T/perp=101.692103 T/sec= 44.807942 D/loss=6.111320 D/acc=0.126471 D/perp=1095.525499 D/sec= 0.062494 lr=0.000621
SAMPLE #=> 吾輩は猫である。</s>そんな女がない。</s>主人はいかなる始めになる。</s>乙でも学校の
2018-08-21 22:23:57,821 - main - INFO - [ 26] T/loss=4.557566 T/acc=0.258230 T/perp=100.293766 T/sec= 38.681665 D/loss=6.328356 D/acc=0.100588 D/perp=1148.023916 D/sec= 0.062879 lr=0.000618
SAMPLE #=> 吾輩は猫である。</s>見極めを押す、御念の足跡一ずつ謙遜見て遠因に両あらい心理の顔
2018-08-21 22:24:42,189 - main - INFO - [ 27] T/loss=4.543655 T/acc=0.259827 T/perp=99.005711 T/sec= 44.293701 D/loss=6.383534 D/acc=0.172353 D/perp=1163.492862 D/sec= 0.073792 lr=0.000614
SAMPLE #=> 吾輩は猫である。</s>向うああ金田不独りでどこが衣服には心配して五晩考え出す人の
2018-08-21 22:25:20,874 - main - INFO - [ 28] T/loss=4.530614 T/acc=0.260283 T/perp=97.608918 T/sec= 38.620773 D/loss=6.070990 D/acc=0.144706 D/perp=952.769852 D/sec= 0.064528 lr=0.000611
SAMPLE #=> 吾輩は猫である。</s>主人は、それが軒である。</s>金田君だって、しばらく二は胃か
2018-08-21 22:26:05,109 - main - INFO - [ 29] T/loss=4.519379 T/acc=0.262201 T/perp=96.490477 T/sec= 44.171313 D/loss=5.939941 D/acc=0.205294 D/perp=851.515687 D/sec= 0.063519 lr=0.000608
SAMPLE #=> 吾輩は猫である。</s>するとぎりなのよ、教師がず、いろいろ感じの顔を突き飛ばしても感心して
2018-08-21 22:26:43,734 - main - INFO - [ 30] T/loss=4.506150 T/acc=0.262077 T/perp=95.183117 T/sec= 38.563554 D/loss=6.308997 D/acc=0.185882 D/perp=1113.503206 D/sec= 0.062182 lr=0.000605
SAMPLE #=> 吾輩は猫である。</s>雪江仙日曜</s>二絃琴の御のと攻撃が帰ったんで、そう瘋癲とか待つ
2018-08-21 22:27:28,367 - main - INFO - [ 31] T/loss=4.494151 T/acc=0.263847 T/perp=93.929938 T/sec= 44.569625 D/loss=6.058470 D/acc=0.157647 D/perp=950.920764 D/sec= 0.062964 lr=0.000602
SAMPLE #=> 吾輩は猫である。</s>仕方がない。くらいこのならエヘンなと威張った罪悪だ。と比較にと一つする
2018-08-21 22:28:06,898 - main - INFO - [ 32] T/loss=4.482518 T/acc=0.263918 T/perp=92.910980 T/sec= 38.468527 D/loss=6.094531 D/acc=0.137647 D/perp=970.281299 D/sec= 0.062352 lr=0.000599
SAMPLE #=> 吾輩は猫である。</s>こんな境界に引きうちの猫に丸くしてある。</s>御もし大幅が合点すると
2018-08-21 22:28:51,211 - main - INFO - [ 33] T/loss=4.473832 T/acc=0.265089 T/perp=92.117994 T/sec= 44.249534 D/loss=6.580513 D/acc=0.081176 D/perp=1209.485436 D/sec= 0.063102 lr=0.000596
SAMPLE #=> 吾輩は猫である。</s>こりゃ読めるだろうね。</s>．．．．．理窟の主人の方はT
2018-08-21 22:29:29,492 - main - INFO - [ 34] T/loss=4.466511 T/acc=0.265453 T/perp=91.440286 T/sec= 38.218618 D/loss=6.468636 D/acc=0.112353 D/perp=1238.108838 D/sec= 0.062769 lr=0.000593
SAMPLE #=> 吾輩は猫である。</s>化物の方針ぷうぷうである。</s>私を詰問しますが、神君のおお
2018-08-21 22:30:13,879 - main - INFO - [ 35] T/loss=4.454960 T/acc=0.265899 T/perp=90.362136 T/sec= 44.323578 D/loss=5.983552 D/acc=0.138824 D/perp=1044.005016 D/sec= 0.063665 lr=0.000590
SAMPLE #=> 吾輩は猫である。</s>そりゃいい時を催眠術を寝かしておいたり曲っては個人だが、その時
2018-08-21 22:30:52,178 - main - INFO - [ 36] T/loss=4.448963 T/acc=0.266801 T/perp=89.809989 T/sec= 38.224473 D/loss=6.163746 D/acc=0.153529 D/perp=1088.040319 D/sec= 0.073948 lr=0.000587
SAMPLE #=> 吾輩は猫である。</s>耳鶏肉っぽい多いにはやはり大きく感心しておくが一寸断も悪い依って
2018-08-21 22:31:38,860 - main - INFO - [ 37] T/loss=4.439131 T/acc=0.267252 T/perp=88.990302 T/sec= 46.620476 D/loss=6.232810 D/acc=0.148824 D/perp=1197.806767 D/sec= 0.062146 lr=0.000584
SAMPLE #=> 吾輩は猫である。</s>考きのやむを得ず尻の上の上でおいたわのにそれじゃ、犬をもっ
2018-08-21 22:32:18,281 - main - INFO - [ 38] T/loss=4.428612 T/acc=0.267175 T/perp=87.980440 T/sec= 39.358163 D/loss=6.713801 D/acc=0.132353 D/perp=1410.632337 D/sec= 0.063036 lr=0.000582
SAMPLE #=> 吾輩は猫である。</s>みんな心の報は表面である。</s>ちょっと物静かではないようでも何
2018-08-21 22:32:58,461 - main - INFO - [ 39] T/loss=4.417529 T/acc=0.269875 T/perp=87.084372 T/sec= 40.106648 D/loss=6.290830 D/acc=0.137059 D/perp=1158.604535 D/sec= 0.072987 lr=0.000579
SAMPLE #=> 吾輩は猫である。</s>臨時ですものとそう共何で。と、その十の名は寒月の顔
2018-08-21 22:33:43,026 - main - INFO - [ 40] T/loss=4.412006 T/acc=0.269583 T/perp=86.514030 T/sec= 44.501484 D/loss=6.698040 D/acc=0.131176 D/perp=1357.454838 D/sec= 0.063668 lr=0.000576
SAMPLE #=> 吾輩は猫である。</s>際限が、まず気を聞いてメートルと多少首縊りを庵廻さ警察のあたわむるところで
2018-08-21 22:34:21,922 - main - INFO - [ 41] T/loss=4.404496 T/acc=0.269851 T/perp=85.970471 T/sec= 38.832252 D/loss=6.533633 D/acc=0.111765 D/perp=1271.032921 D/sec= 0.063374 lr=0.000573
SAMPLE #=> 吾輩は猫である。</s>それから日曜の参酌が拡げたくなるののこの肋骨をそこで塊的闘に乗る
2018-08-21 22:35:06,735 - main - INFO - [ 42] T/loss=4.397193 T/acc=0.269650 T/perp=85.327794 T/sec= 44.747695 D/loss=6.195007 D/acc=0.148235 D/perp=1129.389273 D/sec= 0.065358 lr=0.000570
SAMPLE #=> 吾輩は猫である。</s>そうな力学だからと云いられちゃ逼してくれた。</s>残念、いい
2018-08-21 22:35:45,203 - main - INFO - [ 43] T/loss=4.389028 T/acc=0.270317 T/perp=84.610198 T/sec= 38.404716 D/loss=6.539589 D/acc=0.145882 D/perp=1321.885962 D/sec= 0.063057 lr=0.000567
SAMPLE #=> 吾輩は猫である。</s>摺羅黒猫の御師匠さんにあったり新体詩をますると、寺の神さん
2018-08-21 22:36:29,641 - main - INFO - [ 44] T/loss=4.379203 T/acc=0.271837 T/perp=83.730991 T/sec= 44.371959 D/loss=6.223052 D/acc=0.124118 D/perp=1187.774008 D/sec= 0.065973 lr=0.000564
SAMPLE #=> 吾輩は猫である。</s>三後労自重見習うを演習にすさまじいと筆法はうごしている。</s>いわんや
2018-08-21 22:37:08,185 - main - INFO - [ 45] T/loss=4.373421 T/acc=0.271482 T/perp=83.279956 T/sec= 38.480423 D/loss=6.564247 D/acc=0.100000 D/perp=1349.671928 D/sec= 0.063614 lr=0.000561
SAMPLE #=> 吾輩は猫である。</s>掃除は考えた。</s>床の間が禿げたらいる事になる。</s>人通りの時候
2018-08-21 22:37:53,069 - main - INFO - [ 46] T/loss=4.366091 T/acc=0.273137 T/perp=82.648338 T/sec= 44.822181 D/loss=6.096528 D/acc=0.230588 D/perp=1085.408303 D/sec= 0.062416 lr=0.000559
SAMPLE #=> 吾輩は猫である。</s>右病気くらい三分かかった事はない。</s>こことして有名な男がある
2018-08-21 22:38:31,347 - main - INFO - [ 47] T/loss=4.357889 T/acc=0.272504 T/perp=82.018155 T/sec= 38.213359 D/loss=6.270646 D/acc=0.186471 D/perp=1114.107992 D/sec= 0.064140 lr=0.000556
SAMPLE #=> 吾輩は猫である。</s>道理で別途へ前に尽したもんにした。</s>ところが違って見ろ。と
2018-08-21 22:39:16,680 - main - INFO - [ 48] T/loss=4.356311 T/acc=0.273415 T/perp=81.825624 T/sec= 45.270265 D/loss=6.231936 D/acc=0.167647 D/perp=1092.058485 D/sec= 0.062517 lr=0.000553
SAMPLE #=> 吾輩は猫である。</s>せんだってが白心にはらはらだか。</s>そりゃ大丈夫になるから、せめて見て
2018-08-21 22:39:55,569 - main - INFO - [ 49] T/loss=4.346674 T/acc=0.274010 T/perp=81.182049 T/sec= 38.825271 D/loss=5.827817 D/acc=0.232353 D/perp=893.528705 D/sec= 0.063924 lr=0.000550
SAMPLE #=> 吾輩は猫である。</s>そんなに分らん事をしたら見違えるならども暫時こす的野郎と恨も過ぎるのです
2018-08-21 22:40:39,803 - main - INFO - [ 50] T/loss=4.344824 T/acc=0.274341 T/perp=81.041055 T/sec= 44.170406 D/loss=6.016484 D/acc=0.179412 D/perp=988.770842 D/sec= 0.064016 lr=0.000548
SAMPLE #=> 吾輩は猫である。</s>いいチリリリリンだな。</s>仮令戦勝国と誰の返事はなくませんか。な
2018-08-21 22:41:18,694 - main - INFO - [ 51] T/loss=4.334589 T/acc=0.274436 T/perp=80.171340 T/sec= 38.828820 D/loss=6.093718 D/acc=0.197647 D/perp=1103.780115 D/sec= 0.062478 lr=0.000545
SAMPLE #=> 吾輩は猫である。</s>こんな声を時下渡るものはほんのないちょうど、骨の妻君に対して五面や御
2018-08-21 22:42:04,169 - main - INFO - [ 52] T/loss=4.327891 T/acc=0.275213 T/perp=79.642534 T/sec= 45.413827 D/loss=6.044274 D/acc=0.155294 D/perp=1118.555092 D/sec= 0.061019 lr=0.000542
SAMPLE #=> 吾輩は猫である。</s>繁く尼も志願兵からもっとも苦沙弥と云うので、だいぶ加減に置くとこんな泥棒
2018-08-21 22:42:42,848 - main - INFO - [ 53] T/loss=4.321856 T/acc=0.274959 T/perp=79.148891 T/sec= 38.615499 D/loss=5.963537 D/acc=0.210588 D/perp=1096.596040 D/sec= 0.063116 lr=0.000539
SAMPLE #=> 吾輩は猫である。</s>余所ながら家交競争にするのはようやく馬であるものは御馳走である。</s>
2018-08-21 22:43:27,168 - main - INFO - [ 54] T/loss=4.315281 T/acc=0.276868 T/perp=78.631605 T/sec= 44.245444 D/loss=6.196560 D/acc=0.171765 D/perp=1202.743056 D/sec= 0.075144 lr=0.000537
SAMPLE #=> 吾輩は猫である。</s>要するに取っていろ。</s>あんな半襟だぜ。と聞くから迷亭君の老人が
2018-08-21 22:44:05,655 - main - INFO - [ 55] T/loss=4.310023 T/acc=0.276921 T/perp=78.221978 T/sec= 38.423339 D/loss=6.393920 D/acc=0.165882 D/perp=1267.223600 D/sec= 0.062711 lr=0.000534
SAMPLE #=> 吾輩は猫である。</s>右手にも御箍です。</s>当人もの三十分人は分らん了見
2018-08-21 22:44:50,283 - main - INFO - [ 56] T/loss=4.300938 T/acc=0.276743 T/perp=77.428609 T/sec= 44.563150 D/loss=6.408325 D/acc=0.190000 D/perp=1231.971155 D/sec= 0.065562 lr=0.000531
SAMPLE #=> 吾輩は猫である。</s>現代は八桶にうちに寝た通りは仕方がないと思って、大概書斎を
2018-08-21 22:45:28,839 - main - INFO - [ 57] T/loss=4.294337 T/acc=0.278158 T/perp=76.902206 T/sec= 38.493168 D/loss=6.373714 D/acc=0.117647 D/perp=1183.785080 D/sec= 0.062994 lr=0.000529
SAMPLE #=> 吾輩は猫である。</s>僕の色を美しい事をするものか得意にいた。</s>教師は起っ
2018-08-21 22:46:13,873 - main - INFO - [ 58] T/loss=4.291306 T/acc=0.277760 T/perp=76.661957 T/sec= 44.970409 D/loss=6.043230 D/acc=0.184706 D/perp=1033.975954 D/sec= 0.063132 lr=0.000526
SAMPLE #=> 吾輩は猫である。</s>広ければ、今日だと云ってから威張った時に駄目と思ったの、
2018-08-21 22:46:53,733 - main - INFO - [ 59] T/loss=4.289517 T/acc=0.277847 T/perp=76.511909 T/sec= 39.798376 D/loss=6.461266 D/acc=0.100000 D/perp=1229.316091 D/sec= 0.061925 lr=0.000523
SAMPLE #=> 吾輩は猫である。に読み出すの要素は——御是非毎日おとなしくなって飛ぶうがないじゃありませそう
2018-08-21 22:47:34,142 - main - INFO - [ 60] T/loss=4.286207 T/acc=0.278998 T/perp=76.325987 T/sec= 40.346074 D/loss=6.338537 D/acc=0.137647 D/perp=1254.653638 D/sec= 0.062556 lr=0.000521
SAMPLE #=> 吾輩は猫である。</s>真空なと云うものだ。</s>それはその議論ではあれでもなくられて
2018-08-21 22:48:18,258 - main - INFO - [ 61] T/loss=4.289927 T/acc=0.278221 T/perp=76.622943 T/sec= 44.052690 D/loss=6.514624 D/acc=0.128235 D/perp=1367.050569 D/sec= 0.063329 lr=0.000518
SAMPLE #=> 吾輩は猫である。</s>何も目障りである。</s>山の凡眼のど蝉からそり返ってにした
2018-08-21 22:48:43,232 - main - INFO - [ 62] T/loss=4.283121 T/acc=0.278595 T/perp=76.106366 T/sec= 24.910389 D/loss=6.228735 D/acc=0.164118 D/perp=1152.786078 D/sec= 0.063504 lr=0.000516
SAMPLE #=> 吾輩は猫である。</s>聞く人のためから立木なんかかかるようだ。と迷亭君は何だが、
2018-08-21 22:49:27,156 - main - INFO - [ 63] T/loss=4.285078 T/acc=0.279544 T/perp=76.219142 T/sec= 43.855470 D/loss=6.278366 D/acc=0.187059 D/perp=1200.046941 D/sec= 0.068429 lr=0.000513
SAMPLE #=> 吾輩は猫である。</s>当時垣根や羽根をあとでも出来ぬ事をなすったである。</s>、
2018-08-21 22:49:51,290 - main - INFO - [ 64] T/loss=4.280213 T/acc=0.279094 T/perp=75.879779 T/sec= 24.072805 D/loss=6.525863 D/acc=0.180000 D/perp=1303.797172 D/sec= 0.061360 lr=0.000510
SAMPLE #=> 吾輩は猫である。</s>おいそうか事を云わんのかむずかしい。</s>そうで、顔を壱円
2018-08-21 22:50:35,082 - main - INFO - [ 65] T/loss=4.273798 T/acc=0.280302 T/perp=75.424024 T/sec= 43.729679 D/loss=6.182079 D/acc=0.213529 D/perp=1122.832145 D/sec= 0.062160 lr=0.000508
SAMPLE #=> 吾輩は猫である。</s>御見ると今から参りたい。</s>細君だよ、たちまち曝さ頑固になって
2018-08-21 22:51:13,188 - main - INFO - [ 66] T/loss=4.264746 T/acc=0.279755 T/perp=74.614001 T/sec= 38.045367 D/loss=6.564223 D/acc=0.109412 D/perp=1265.867433 D/sec= 0.060792 lr=0.000505
SAMPLE #=> 吾輩は猫である。</s>一挙両得にええか。</s>頑固でもにくくっている者の第十は六取りばかり
2018-08-21 22:51:57,421 - main - INFO - [ 67] T/loss=4.261652 T/acc=0.279971 T/perp=74.478292 T/sec= 44.168932 D/loss=6.301677 D/acc=0.157059 D/perp=1197.297218 D/sec= 0.063790 lr=0.000503
SAMPLE #=> 吾輩は猫である。か、やんが何にも、表のごとく放した男ですから、私はどんなものでも
2018-08-21 22:52:36,038 - main - INFO - [ 68] T/loss=4.251344 T/acc=0.281751 T/perp=73.649848 T/sec= 38.552583 D/loss=6.202128 D/acc=0.154118 D/perp=1147.262673 D/sec= 0.064443 lr=0.000500
SAMPLE #=> 吾輩は猫である。</s>もっともこの猫結構がない。</s>何だか面白いと、この間もとにかく困るなるよ。
2018-08-21 22:53:20,239 - main - INFO - [ 69] T/loss=4.245904 T/acc=0.281631 T/perp=73.285585 T/sec= 44.137772 D/loss=6.484269 D/acc=0.141765 D/perp=1312.096810 D/sec= 0.063534 lr=0.000498
SAMPLE #=> 吾輩は猫である。</s>うん、痛くそうかな人が出たんである。</s>七本何じゃ
2018-08-21 22:53:59,146 - main - INFO - [ 70] T/loss=4.242317 T/acc=0.282374 T/perp=73.015271 T/sec= 38.841549 D/loss=6.537398 D/acc=0.127647 D/perp=1309.483419 D/sec= 0.065081 lr=0.000495
SAMPLE #=> 吾輩は猫である。</s>何だかつけますから、いくら急いで、先生はとうとう大分勉強しないのですから
2018-08-21 22:54:43,365 - main - INFO - [ 71] T/loss=4.241430 T/acc=0.282153 T/perp=72.955150 T/sec= 44.156567 D/loss=6.497282 D/acc=0.176471 D/perp=1352.285213 D/sec= 0.062943 lr=0.000493
SAMPLE #=> 吾輩は猫である。と云う時分へが世間の検襟飾りを食った。</s>近所と妻君なら茫然しから
2018-08-21 22:55:22,039 - main - INFO - [ 72] T/loss=4.234418 T/acc=0.282863 T/perp=72.458468 T/sec= 38.610952 D/loss=6.348861 D/acc=0.181765 D/perp=1220.867717 D/sec= 0.062824 lr=0.000490
SAMPLE #=> 吾輩は猫である。</s>この御身真面目でそうかよほど鰡の体であるから仕方がない。</s>いいえ、もう少し
2018-08-21 22:56:06,456 - main - INFO - [ 73] T/loss=4.234365 T/acc=0.282446 T/perp=72.361306 T/sec= 44.353518 D/loss=6.459769 D/acc=0.175294 D/perp=1245.441876 D/sec= 0.063859 lr=0.000488
SAMPLE #=> 吾輩は猫である。</s>三角上りちきりんを抛り出したらせる戦争でありました。と主人の以来、どう
2018-08-21 22:56:45,154 - main - INFO - [ 74] T/loss=4.232204 T/acc=0.282743 T/perp=72.320116 T/sec= 38.634197 D/loss=6.416368 D/acc=0.176471 D/perp=1106.959034 D/sec= 0.063286 lr=0.000485
SAMPLE #=> 吾輩は猫である。</s>秋は赤十字として製造なるのみに関してない批評をしている。</s>自としてそこ
2018-08-21 22:57:31,950 - main - INFO - [ 75] T/loss=4.227321 T/acc=0.283309 T/perp=71.993885 T/sec= 46.721320 D/loss=6.164325 D/acc=0.218824 D/perp=843.077047 D/sec= 0.074725 lr=0.000483
SAMPLE #=> 吾輩は猫である。</s>そうばかりないものだが、主人で逢っておる事が僕も裸体でなく
2018-08-21 22:58:11,626 - main - INFO - [ 76] T/loss=4.222763 T/acc=0.283938 T/perp=71.750673 T/sec= 39.612633 D/loss=6.139513 D/acc=0.202941 D/perp=855.148992 D/sec= 0.063386 lr=0.000481
SAMPLE #=> 吾輩は猫である。</s>下を一本相撲を回復する。</s>その喩見受けぬ燕においては書物の方
2018-08-21 22:58:52,107 - main - INFO - [ 77] T/loss=4.219506 T/acc=0.283520 T/perp=71.417529 T/sec= 40.416401 D/loss=5.773874 D/acc=0.232941 D/perp=682.687840 D/sec= 0.064654 lr=0.000478
SAMPLE #=> 吾輩は猫である。</s>御可から悪るい事はないものである。</s>ありがたい世界がたちまち箸が
2018-08-21 22:59:36,488 - main - INFO - [ 78] T/loss=4.214628 T/acc=0.284777 T/perp=71.095885 T/sec= 44.317909 D/loss=5.591719 D/acc=0.234706 D/perp=701.537720 D/sec= 0.063121 lr=0.000476
SAMPLE #=> 吾輩は猫である。</s>いえ、それで知ってる、嬉しくました。</s>誓って駄目ですね。とやめて
2018-08-21 23:00:15,674 - main - INFO - [ 79] T/loss=4.208845 T/acc=0.285209 T/perp=70.700122 T/sec= 39.114105 D/loss=6.009010 D/acc=0.213529 D/perp=908.204254 D/sec= 0.072407 lr=0.000473
SAMPLE #=> 吾輩は猫である。</s>すんくらいを猫のほかで発端の。</s>譫語の鞍で我体の鼻
2018-08-21 23:01:00,858 - main - INFO - [ 80] T/loss=4.208869 T/acc=0.284398 T/perp=70.717943 T/sec= 45.119358 D/loss=6.102133 D/acc=0.211765 D/perp=935.978173 D/sec= 0.063835 lr=0.000471
SAMPLE #=> 吾輩は猫である。と細君は愉快何分感じたかです。</s>さあ。</s>どうも長くゆかず、個
2018-08-21 23:01:25,489 - main - INFO - [ 81] T/loss=4.209367 T/acc=0.285084 T/perp=70.737743 T/sec= 24.569362 D/loss=5.995372 D/acc=0.224706 D/perp=897.907267 D/sec= 0.062542 lr=0.000469
SAMPLE #=> 吾輩は猫である。</s>普通の条になる所の気もすこぶる感じと孔雀を表しるる鼻毛がで
2018-08-21 23:01:51,133 - main - INFO - [ 82] T/loss=4.205092 T/acc=0.285132 T/perp=70.453618 T/sec= 25.578571 D/loss=6.062747 D/acc=0.225882 D/perp=901.472392 D/sec= 0.064542 lr=0.000466
SAMPLE #=> 吾輩は猫である。</s>やがてただ心を作った事はさあまい。</s>それもどうやほかだと
2018-08-21 23:02:37,131 - main - INFO - [ 83] T/loss=4.202430 T/acc=0.286475 T/perp=70.279775 T/sec= 45.933534 D/loss=5.660292 D/acc=0.208824 D/perp=762.940435 D/sec= 0.064830 lr=0.000464
SAMPLE #=> 吾輩は猫である。</s>もっとも話すのだよ。</s>うん帰れって僕も今日は勝手な事を云っ
2018-08-21 23:03:21,822 - main - INFO - [ 84] T/loss=4.194944 T/acc=0.285501 T/perp=69.710682 T/sec= 44.626824 D/loss=5.815993 D/acc=0.223529 D/perp=828.458198 D/sec= 0.064392 lr=0.000462
SAMPLE #=> 吾輩は猫である。</s>吾輩は前子は唐詩選である。</s>その時十経がごろつきビジネス実験室も
2018-08-21 23:04:00,232 - main - INFO - [ 85] T/loss=4.191959 T/acc=0.285170 T/perp=69.484210 T/sec= 38.344360 D/loss=6.064924 D/acc=0.119412 D/perp=932.618541 D/sec= 0.065118 lr=0.000459
SAMPLE #=> 吾輩は猫である。</s>跳返役朝風呂ばかり</s>大方あったまり待っているのだと云うもんだ。折違
2018-08-21 23:04:45,844 - main - INFO - [ 86] T/loss=4.186292 T/acc=0.286849 T/perp=69.150752 T/sec= 45.547947 D/loss=5.924752 D/acc=0.238235 D/perp=927.760940 D/sec= 0.064512 lr=0.000457
SAMPLE #=> 吾輩は猫である。</s>独り言の靴をいま極めて縺れました。公平縮緬の四半分も大きな撓り興奮から
2018-08-21 23:05:25,511 - main - INFO - [ 87] T/loss=4.183767 T/acc=0.287146 T/perp=68.880329 T/sec= 39.604120 D/loss=6.213739 D/acc=0.176471 D/perp=1078.087741 D/sec= 0.063154 lr=0.000455
SAMPLE #=> 吾輩は猫である。</s>鳥が二いくら頃を過ぎて、太陽を愛するからかさね居候から、抜き取っを
2018-08-21 23:06:05,663 - main - INFO - [ 88] T/loss=4.181986 T/acc=0.287127 T/perp=68.785385 T/sec= 40.078846 D/loss=6.248428 D/acc=0.188235 D/perp=1052.490925 D/sec= 0.073007 lr=0.000453
SAMPLE #=> 吾輩は猫である。</s>何じゃない。</s>木どうして境遇が飲もうと云ったが多い。</s>その後
2018-08-21 23:06:50,200 - main - INFO - [ 89] T/loss=4.178347 T/acc=0.288225 T/perp=68.554793 T/sec= 44.475148 D/loss=6.454186 D/acc=0.167647 D/perp=1210.709034 D/sec= 0.062039 lr=0.000450
SAMPLE #=> 吾輩は猫である。</s>何でも花嫁——吾輩の令嬢の犇出る。</s>うち子は企てば実業家を
2018-08-21 23:07:28,786 - main - INFO - [ 90] T/loss=4.174316 T/acc=0.288110 T/perp=68.283493 T/sec= 38.522228 D/loss=6.218566 D/acc=0.170588 D/perp=1054.039612 D/sec= 0.063318 lr=0.000448
SAMPLE #=> 吾輩は猫である。</s>先日は食ったものだぜ。</s>羅甸語には取られなったか。
2018-08-21 23:08:13,694 - main - INFO - [ 91] T/loss=4.173888 T/acc=0.287856 T/perp=68.271292 T/sec= 44.843738 D/loss=6.205961 D/acc=0.141176 D/perp=1030.521965 D/sec= 0.064613 lr=0.000446
SAMPLE #=> 吾輩は猫である。とお迷亭君と妙た鼻がもう援ちゃ容赦を大人気する。</s>実際目
2018-08-21 23:08:52,415 - main - INFO - [ 92] T/loss=4.170816 T/acc=0.288408 T/perp=68.055953 T/sec= 38.657570 D/loss=6.414363 D/acc=0.110588 D/perp=1104.749891 D/sec= 0.063252 lr=0.000444
SAMPLE #=> 吾輩は猫である。</s>桂月は帯で誘わずが、今の事情を思い出す。</s>寒月君はある
2018-08-21 23:09:37,279 - main - INFO - [ 93] T/loss=4.168904 T/acc=0.288748 T/perp=67.927731 T/sec= 44.801054 D/loss=6.624581 D/acc=0.127059 D/perp=1301.309146 D/sec= 0.063155 lr=0.000441
SAMPLE #=> 吾輩は猫である。</s>月賦飯刺し天下風はますます相応の源を塗って、日本文学収縮明け放って、
2018-08-21 23:10:15,251 - main - INFO - [ 94] T/loss=4.169700 T/acc=0.288182 T/perp=67.959183 T/sec= 37.909050 D/loss=6.164863 D/acc=0.184118 D/perp=1061.627624 D/sec= 0.062817 lr=0.000439
SAMPLE #=> 吾輩は猫である。と主人が、にやにや気を攻撃する。</s>叔父さんはまた一層疑問である。</s>
2018-08-21 23:10:40,990 - main - INFO - [ 95] T/loss=4.166310 T/acc=0.287827 T/perp=67.770772 T/sec= 25.675437 D/loss=5.998279 D/acc=0.186471 D/perp=972.388786 D/sec= 0.062917 lr=0.000437
SAMPLE #=> 吾輩は猫である。</s>今と今度はかくが金を申にしてまた都合の写生である、
2018-08-21 23:11:24,684 - main - INFO - [ 96] T/loss=4.165481 T/acc=0.289180 T/perp=67.756506 T/sec= 43.629713 D/loss=6.100063 D/acc=0.191765 D/perp=1052.229460 D/sec= 0.064641 lr=0.000435
SAMPLE #=> 吾輩は猫である。</s>大気おもちゃなって、果せるです。</s>就たとかも無難で行わない。</s>
2018-08-21 23:12:10,398 - main - INFO - [ 97] T/loss=4.163957 T/acc=0.288739 T/perp=67.623351 T/sec= 45.649430 D/loss=6.729273 D/acc=0.171176 D/perp=1409.479674 D/sec= 0.064813 lr=0.000433
SAMPLE #=> 吾輩は猫である。訳を見るだろうのかい。</s>二十時御馳走がよ君か。</s>あの
2018-08-21 23:12:51,342 - main - INFO - [ 98] T/loss=4.159064 T/acc=0.289151 T/perp=67.275082 T/sec= 40.878589 D/loss=6.373850 D/acc=0.173529 D/perp=1161.478309 D/sec= 0.065236 lr=0.000430
SAMPLE #=> 吾輩は猫である。</s>すべての間には僕の太刀になる。</s>かくそうでも悪い病気も
2018-08-21 23:13:31,865 - main - INFO - [ 99] T/loss=4.156558 T/acc=0.290739 T/perp=67.099241 T/sec= 40.458076 D/loss=6.392547 D/acc=0.175294 D/perp=1103.522927 D/sec= 0.064897 lr=0.000428
SAMPLE #=> 吾輩は猫である。</s>水平線は罹ったの極のにも八分所の上に区劃を飛び込まぬと
2018-08-21 23:14:16,382 - main - INFO - [100] T/loss=4.151502 T/acc=0.290777 T/perp=66.761096 T/sec= 44.453733 D/loss=6.371153 D/acc=0.170000 D/perp=1146.040791 D/sec= 0.063254 lr=0.000426
SAMPLE #=> 吾輩は猫である。</s>人を留めて大小返駆られている。</s>自殺の前に組み合せから昨夜
2018-08-21 23:14:55,210 - main - INFO - [101] T/loss=4.154643 T/acc=0.289127 T/perp=66.925668 T/sec= 38.764727 D/loss=6.213342 D/acc=0.157647 D/perp=992.151523 D/sec= 0.063639 lr=0.000424
SAMPLE #=> 吾輩は猫である。</s>打ちゃに色の代理で立ち上る掛らがある。</s>取り胡麻塩奴が卵だろう
2018-08-21 23:15:20,927 - main - INFO - [102] T/loss=4.151771 T/acc=0.289894 T/perp=66.809794 T/sec= 25.652560 D/loss=6.476019 D/acc=0.170000 D/perp=1201.107669 D/sec= 0.063690 lr=0.000422
SAMPLE #=> 吾輩は猫である。</s>このでかくにしては牛飼答はあって取るでしょう。</s>僕も夢にも
2018-08-21 23:15:45,734 - main - INFO - [103] T/loss=4.150829 T/acc=0.290403 T/perp=66.708077 T/sec= 24.743368 D/loss=6.279937 D/acc=0.171765 D/perp=1099.534688 D/sec= 0.064374 lr=0.000420
SAMPLE #=> 吾輩は猫である。</s>今度は希積極主義にしているとそうで出る。</s>主人は考が
2018-08-21 23:16:29,464 - main - INFO - [104] T/loss=4.148007 T/acc=0.290412 T/perp=66.475282 T/sec= 43.658609 D/loss=6.101803 D/acc=0.169412 D/perp=1043.480808 D/sec= 0.071002 lr=0.000418
SAMPLE #=> 吾輩は猫である。</s>ただ主人が僕は迷惑な。</s>このくらいは結構いっしょなものにはあと
2018-08-21 23:17:10,701 - main - INFO - [105] T/loss=4.145538 T/acc=0.290077 T/perp=66.316459 T/sec= 41.161311 D/loss=5.951298 D/acc=0.220000 D/perp=1010.940866 D/sec= 0.075466 lr=0.000416
SAMPLE #=> 吾輩は猫である。</s>そうさ。</s>独仙君に発達して大根の折れる所を上今から一度
2018-08-21 23:17:56,222 - main - INFO - [106] T/loss=4.144861 T/acc=0.291127 T/perp=66.262842 T/sec= 45.458514 D/loss=6.058320 D/acc=0.190588 D/perp=1001.070930 D/sec= 0.062979 lr=0.000414
SAMPLE #=> 吾輩は猫である。</s>主人は偉大せっかく大隈芸当気に言って見るのに人間の神酒にするので笹原
2018-08-21 23:18:35,515 - main - INFO - [107] T/loss=4.139028 T/acc=0.291755 T/perp=65.869842 T/sec= 39.229579 D/loss=6.284145 D/acc=0.167647 D/perp=1080.064548 D/sec= 0.063186 lr=0.000411
SAMPLE #=> 吾輩は猫である。</s>慈善会だって悪い。</s>まるで髯の近所から朗らかに文明の顔を置けば不器量
2018-08-21 23:19:15,911 - main - INFO - [108] T/loss=4.138718 T/acc=0.290878 T/perp=65.856199 T/sec= 40.332449 D/loss=6.004345 D/acc=0.215294 D/perp=930.257462 D/sec= 0.063862 lr=0.000409
SAMPLE #=> 吾輩は猫である。</s>物珍しやれて骨は？</s>話せんよ。</s>奥さんよくよく板間かねになる
2018-08-21 23:20:00,615 - main - INFO - [109] T/loss=4.137462 T/acc=0.291631 T/perp=65.780640 T/sec= 44.639946 D/loss=6.130611 D/acc=0.177059 D/perp=1026.661692 D/sec= 0.064042 lr=0.000407
SAMPLE #=> 吾輩は猫である。</s>何が着物す。</s>切手の。そうである。</s>いいえ。</s>御嫁
2018-08-21 23:20:39,218 - main - INFO - [110] T/loss=4.136531 T/acc=0.291588 T/perp=65.724029 T/sec= 38.539320 D/loss=6.175028 D/acc=0.172941 D/perp=1040.763249 D/sec= 0.063805 lr=0.000405
SAMPLE #=> 吾輩は猫である。</s>よく女子に今だけ目とか劣らずちょっと呼ぶ。</s>長火鉢の中に出現し
2018-08-21 23:21:23,853 - main - INFO - [111] T/loss=4.135257 T/acc=0.291875 T/perp=65.624574 T/sec= 44.572759 D/loss=6.110272 D/acc=0.138235 D/perp=1058.830515 D/sec= 0.062080 lr=0.000403
SAMPLE #=> 吾輩は猫である。</s>耐途中に来ても意見な感をして手近。</s>練教師は壊
2018-08-21 23:22:02,972 - main - INFO - [112] T/loss=4.135108 T/acc=0.292029 T/perp=65.607602 T/sec= 39.053778 D/loss=6.274657 D/acc=0.199412 D/perp=1140.736651 D/sec= 0.065354 lr=0.000401
SAMPLE #=> 吾輩は猫である。</s>怒る書生のある。</s>それが暑いので事実がして当然という事でね
2018-08-21 23:22:47,805 - main - INFO - [113] T/loss=4.137733 T/acc=0.291659 T/perp=65.738772 T/sec= 44.770672 D/loss=6.188447 D/acc=0.161765 D/perp=1122.816536 D/sec= 0.061607 lr=0.000399
SAMPLE #=> 吾輩は猫である。</s>取れない。</s>先生このそうに破天荒の厭味を同じだけがさげば苦沙弥
2018-08-21 23:23:12,182 - main - INFO - [114] T/loss=4.141455 T/acc=0.291717 T/perp=66.011610 T/sec= 24.313818 D/loss=6.302782 D/acc=0.189412 D/perp=1155.979111 D/sec= 0.063125 lr=0.000397
SAMPLE #=> 吾輩は猫である。</s>鼻の離合夜光のつれと慈善の思想が憤慨一般で出来てしまうか。
2018-08-21 23:23:37,697 - main - INFO - [115] T/loss=4.137578 T/acc=0.292211 T/perp=65.753470 T/sec= 25.453069 D/loss=6.275758 D/acc=0.208235 D/perp=1126.302890 D/sec= 0.062851 lr=0.000395
SAMPLE #=> 吾輩は猫である。</s>細君を聞き果さなければ、勝ち尽した。</s>煙草の方に入れたい。
2018-08-21 23:24:02,544 - main - INFO - [116] T/loss=4.141545 T/acc=0.292307 T/perp=65.987731 T/sec= 24.783092 D/loss=6.280764 D/acc=0.137059 D/perp=1116.153640 D/sec= 0.063567 lr=0.000393
SAMPLE #=> 吾輩は猫である。</s>何だ昭代に対する金田君の質問は此消極からいる。</s>吉野紙の揉み御門を
2018-08-21 23:24:27,185 - main - INFO - [117] T/loss=4.138014 T/acc=0.293237 T/perp=65.741934 T/sec= 24.577241 D/loss=6.270295 D/acc=0.182353 D/perp=1090.523914 D/sec= 0.063461 lr=0.000391
SAMPLE #=> 吾輩は猫である。とちょっと手にする。</s>暮の事が判然しん夢だから、チリリリリンぞ
2018-08-21 23:24:52,172 - main - INFO - [118] T/loss=4.130585 T/acc=0.292365 T/perp=65.252401 T/sec= 24.924281 D/loss=6.605523 D/acc=0.094706 D/perp=1272.897019 D/sec= 0.063285 lr=0.000389
SAMPLE #=> 吾輩は猫である。</s>黒はその婚姻は細君だから一同口の生徒疋来に極病にして
2018-08-21 23:25:36,409 - main - INFO - [119] T/loss=4.127596 T/acc=0.292547 T/perp=65.063071 T/sec= 44.172538 D/loss=6.352905 D/acc=0.189412 D/perp=1199.494395 D/sec= 0.064153 lr=0.000387
SAMPLE #=> 吾輩は猫である。鼻に一本かけながら水が拝見している。</s>どうしても出会った今時分も突然米
2018-08-21 23:26:21,519 - main - INFO - [120] T/loss=4.124232 T/acc=0.293276 T/perp=64.830862 T/sec= 45.046965 D/loss=6.118035 D/acc=0.184118 D/perp=1154.915655 D/sec= 0.063218 lr=0.000386
SAMPLE #=> 吾輩は猫である。</s>また無言の償おから主人を顧みる。</s>松脂のを甘んじたところであるが
2018-08-21 23:26:59,626 - main - INFO - [121] T/loss=4.123407 T/acc=0.293703 T/perp=64.788660 T/sec= 38.043499 D/loss=6.061066 D/acc=0.204118 D/perp=1049.439859 D/sec= 0.062799 lr=0.000384
SAMPLE #=> 吾輩は猫である。</s>鰻は伸し——。</s>ああ飽き飽きしましょうか。</s>私は腫物、立つ瀬もない
2018-08-21 23:27:44,469 - main - INFO - [122] T/loss=4.120534 T/acc=0.293564 T/perp=64.573091 T/sec= 44.774091 D/loss=5.944303 D/acc=0.212941 D/perp=1004.503402 D/sec= 0.069338 lr=0.000382
SAMPLE #=> 吾輩は猫である。と主人は吃驚する。</s>しかしぶとすぐ貴骨だ。</s>そんななんて落ちかねる
2018-08-21 23:28:26,298 - main - INFO - [123] T/loss=4.116667 T/acc=0.293712 T/perp=64.340255 T/sec= 41.766530 D/loss=6.725170 D/acc=0.138235 D/perp=1423.780824 D/sec= 0.062539 lr=0.000380
SAMPLE #=> 吾輩は猫である。</s>信ずるか鼻にとって口と見ると主人が大に瘧を徴集をひやひや出来なかっ
2018-08-21 23:29:06,032 - main - INFO - [124] T/loss=4.116575 T/acc=0.294355 T/perp=64.347042 T/sec= 39.669967 D/loss=6.263549 D/acc=0.171176 D/perp=1123.719469 D/sec= 0.064434 lr=0.000378
SAMPLE #=> 吾輩は猫である。と迷亭は十一月まで静岡へ国を一作亭に万年する。</s>ああ寒月夫婦
2018-08-21 23:29:50,611 - main - INFO - [125] T/loss=4.115440 T/acc=0.295276 T/perp=64.250891 T/sec= 44.515432 D/loss=6.600329 D/acc=0.121765 D/perp=1258.112196 D/sec= 0.063058 lr=0.000376
SAMPLE #=> 吾輩は猫である。と形が当らら体に眠いんと思っていた。</s>多分無愛嬌な。
2018-08-21 23:30:29,637 - main - INFO - [126] T/loss=4.111294 T/acc=0.296000 T/perp=63.955074 T/sec= 38.961270 D/loss=6.533090 D/acc=0.138235 D/perp=1254.728700 D/sec= 0.065208 lr=0.000374
SAMPLE #=> 吾輩は猫である。と省けた顔がつい狆人に対する白雨書斎を持って通った。</s>二の
2018-08-21 23:31:13,900 - main - INFO - [127] T/loss=4.112478 T/acc=0.294796 T/perp=64.050986 T/sec= 44.198355 D/loss=6.115144 D/acc=0.209412 D/perp=1040.399186 D/sec= 0.064301 lr=0.000372
SAMPLE #=> 吾輩は猫である。</s>ハンケチを御覧に買って距離を舞踏しながらはめて来る。</s>ところとし
2018-08-21 23:31:38,726 - main - INFO - [128] T/loss=4.108102 T/acc=0.294388 T/perp=63.760653 T/sec= 24.765049 D/loss=6.500051 D/acc=0.166471 D/perp=1291.152118 D/sec= 0.060935 lr=0.000370
SAMPLE #=> 吾輩は猫である。やっぱり応えるのか昔の鼻拍子木を開いて擅のくらいだ。</s>本体へ夕月
2018-08-21 23:32:23,042 - main - INFO - [129] T/loss=4.109109 T/acc=0.295156 T/perp=63.788598 T/sec= 44.252344 D/loss=6.455443 D/acc=0.135882 D/perp=1237.839158 D/sec= 0.064029 lr=0.000369
SAMPLE #=> 吾輩は猫である。</s>美しく得ている。</s>先生もし断わっている以上夫人でも駄目だが、
2018-08-21 23:32:47,819 - main - INFO - [130] T/loss=4.105576 T/acc=0.295113 T/perp=63.617597 T/sec= 24.713451 D/loss=6.560625 D/acc=0.155882 D/perp=1373.425708 D/sec= 0.063163 lr=0.000367
SAMPLE #=> 吾輩は猫である。</s>輪廓を出て、鏡に、当家の国の真中に一寸茶の間に亡ぼされ
2018-08-21 23:33:33,399 - main - INFO - [131] T/loss=4.108115 T/acc=0.295482 T/perp=63.740381 T/sec= 45.516809 D/loss=6.292452 D/acc=0.210588 D/perp=1159.623069 D/sec= 0.062879 lr=0.000365
SAMPLE #=> 吾輩は猫である。</s>どうせ大分漬で命でもする。</s>骨がやる所以か。</s>天井を食っ
2018-08-21 23:33:58,001 - main - INFO - [132] T/loss=4.117873 T/acc=0.294206 T/perp=64.378168 T/sec= 24.540366 D/loss=6.454010 D/acc=0.181765 D/perp=1180.644756 D/sec= 0.062392 lr=0.000363
SAMPLE #=> 吾輩は猫である。</s>面白いようだから人で寒からからもやる。と税払って迷亭が手を
2018-08-21 23:34:23,819 - main - INFO - [133] T/loss=4.114166 T/acc=0.295084 T/perp=64.114250 T/sec= 25.753150 D/loss=6.027944 D/acc=0.184706 D/perp=1002.448515 D/sec= 0.064481 lr=0.000361
SAMPLE #=> 吾輩は猫である。</s>追い込んじゃ云ったか。と主人は平手に近寄りを眼へ丁寧に律す場合
2018-08-21 23:34:47,908 - main - INFO - [134] T/loss=4.113650 T/acc=0.294820 T/perp=64.054018 T/sec= 24.025925 D/loss=6.006859 D/acc=0.228235 D/perp=962.080801 D/sec= 0.062798 lr=0.000359
SAMPLE #=> 吾輩は猫である。</s>一助にが買ってしまう。</s>現にだろうと思うと風邪を旧劇にに
2018-08-21 23:35:12,816 - main - INFO - [135] T/loss=4.113931 T/acc=0.295655 T/perp=64.077527 T/sec= 24.846005 D/loss=6.199397 D/acc=0.181176 D/perp=1081.097879 D/sec= 0.061992 lr=0.000358
SAMPLE #=> 吾輩は猫である。</s>一遠くからページて、先生は上がろうと、吾輩は美しいうまく有ったね
2018-08-21 23:35:37,707 - main - INFO - [136] T/loss=4.112260 T/acc=0.295448 T/perp=64.014522 T/sec= 24.827069 D/loss=6.240739 D/acc=0.157059 D/perp=1135.138792 D/sec= 0.063874 lr=0.000356
SAMPLE #=> 吾輩は猫である。</s>まるで誓って富には関係がない。</s>安くないと思うので、床を持っ
2018-08-21 23:36:02,529 - main - INFO - [137] T/loss=4.113074 T/acc=0.295650 T/perp=64.080204 T/sec= 24.758635 D/loss=5.981108 D/acc=0.177647 D/perp=1039.259891 D/sec= 0.063837 lr=0.000354
SAMPLE #=> 吾輩は猫である。</s>主人などが精一杯に掛けたら揃って矢鱈だが君子ならん事はない。
2018-08-21 23:36:27,288 - main - INFO - [138] T/loss=4.110904 T/acc=0.296950 T/perp=63.941798 T/sec= 24.696198 D/loss=5.998049 D/acc=0.241176 D/perp=1047.479376 D/sec= 0.062934 lr=0.000352
SAMPLE #=> 吾輩は猫である。</s>その牛を結いせるときは嘘がないと云おてる。</s>売一方でると
2018-08-21 23:36:52,391 - main - INFO - [139] T/loss=4.111269 T/acc=0.295760 T/perp=63.965581 T/sec= 25.039559 D/loss=6.312868 D/acc=0.207647 D/perp=1191.978378 D/sec= 0.062616 lr=0.000350
SAMPLE #=> 吾輩は猫である。</s>険え語勢のわるいが、旅行やっているのです。</s>馬鹿にもし
2018-08-21 23:37:17,313 - main - INFO - [140] T/loss=4.111139 T/acc=0.295573 T/perp=64.005323 T/sec= 24.859029 D/loss=6.447004 D/acc=0.180588 D/perp=1237.855977 D/sec= 0.063567 lr=0.000349
SAMPLE #=> 吾輩は猫である。</s>随分疑問だからね。</s>もっともあの片無形を見ると気ははなはだ万事から
2018-08-21 23:37:41,542 - main - INFO - [141] T/loss=4.106172 T/acc=0.295890 T/perp=63.659879 T/sec= 24.164726 D/loss=6.184941 D/acc=0.231176 D/perp=1060.662487 D/sec= 0.064504 lr=0.000347
SAMPLE #=> 吾輩は猫である。</s>習おうと云った。</s>ハハハハ、あんなに武者し同等に飛んでおくもんだ
2018-08-21 23:38:07,605 - main - INFO - [142] T/loss=4.102083 T/acc=0.296561 T/perp=63.388336 T/sec= 25.999190 D/loss=5.957095 D/acc=0.154118 D/perp=1000.624375 D/sec= 0.063075 lr=0.000345
SAMPLE #=> 吾輩は猫である。と気を立てる。</s>主人は吾輩の主人と襖を破る。</s>無論無能だ
2018-08-21 23:38:52,704 - main - INFO - [143] T/loss=4.101670 T/acc=0.296523 T/perp=63.354775 T/sec= 45.035483 D/loss=6.193486 D/acc=0.178824 D/perp=1088.988201 D/sec= 0.063399 lr=0.000344
SAMPLE #=> 吾輩は猫である。藤十郎夫人の名前を悪口が撰んである。</s>学校の途中は話せる名文だ。
2018-08-21 23:39:38,507 - main - INFO - [144] T/loss=4.098748 T/acc=0.295612 T/perp=63.194826 T/sec= 45.740445 D/loss=6.404109 D/acc=0.118824 D/perp=1185.162318 D/sec= 0.063050 lr=0.000342
SAMPLE #=> 吾輩は猫である。</s>その時主人はこれも名誉だからけれども寄席を要た二雑然火として打ち
2018-08-21 23:40:18,409 - main - INFO - [145] T/loss=4.097470 T/acc=0.297612 T/perp=63.102559 T/sec= 39.839660 D/loss=6.175325 D/acc=0.226471 D/perp=1072.357644 D/sec= 0.062749 lr=0.000340
SAMPLE #=> 吾輩は猫である。</s>なるほど始めて時代に向ってもついでの事のなくて、それを死んでも
2018-08-21 23:40:58,076 - main - INFO - [146] T/loss=4.093050 T/acc=0.297472 T/perp=62.846847 T/sec= 39.604031 D/loss=6.489784 D/acc=0.166471 D/perp=1342.034867 D/sec= 0.062921 lr=0.000338
SAMPLE #=> 吾輩は猫である。山の芋へは胃のような調子にある。</s>おいって、貯金はあると云う
2018-08-21 23:41:43,092 - main - INFO - [147] T/loss=4.088822 T/acc=0.298465 T/perp=62.550008 T/sec= 44.949523 D/loss=6.338776 D/acc=0.174118 D/perp=1229.251405 D/sec= 0.065601 lr=0.000337
SAMPLE #=> 吾輩は猫である。</s>しかしこれらの厘で何にも貼り坊さんなどが中学の殺気も利かない。</s>知ら
2018-08-21 23:42:21,467 - main - INFO - [148] T/loss=4.091371 T/acc=0.296916 T/perp=62.689351 T/sec= 38.312355 D/loss=6.382069 D/acc=0.205294 D/perp=1241.130005 D/sec= 0.062962 lr=0.000335
SAMPLE #=> 吾輩は猫である。</s>不具だから、心が鎖内に白眉はないといい容子な仕合せな気
2018-08-21 23:42:47,264 - main - INFO - [149] T/loss=4.086152 T/acc=0.298446 T/perp=62.450927 T/sec= 25.734715 D/loss=6.553526 D/acc=0.146471 D/perp=1338.405892 D/sec= 0.062201 lr=0.000333
SAMPLE #=> 吾輩は猫である。屋根犬見ず知らずは目でいる。</s>見たわ。</s>奥さん先生自身が、風
2018-08-21 23:43:30,088 - main - INFO - [150] T/loss=4.090093 T/acc=0.298235 T/perp=62.688436 T/sec= 42.762262 D/loss=6.417261 D/acc=0.148824 D/perp=1204.450407 D/sec= 0.061588 lr=0.000332
SAMPLE #=> 吾輩は猫である。</s>傲慢でしょうとも是非文章がするもんでがない。</s>どうかすれば、
2018-08-21 23:43:56,344 - main - INFO - [151] T/loss=4.087053 T/acc=0.298096 T/perp=62.473220 T/sec= 26.194439 D/loss=6.484224 D/acc=0.140000 D/perp=1194.239428 D/sec= 0.061565 lr=0.000330
SAMPLE #=> 吾輩は猫である。</s>何がへ頼みなければならん、これで出来ぬものと怒鳴ると存し
2018-08-21 23:44:20,461 - main - INFO - [152] T/loss=4.085874 T/acc=0.298983 T/perp=62.456059 T/sec= 24.053925 D/loss=6.360087 D/acc=0.157059 D/perp=1209.150692 D/sec= 0.063182 lr=0.000328
SAMPLE #=> 吾輩は猫である。</s>彼が書斎の表情苦心おとなしくしていた。</s>このものは平常晩腹の中
2018-08-21 23:45:05,148 - main - INFO - [153] T/loss=4.083921 T/acc=0.298681 T/perp=62.350763 T/sec= 44.624623 D/loss=6.304124 D/acc=0.175882 D/perp=1205.187619 D/sec= 0.062540 lr=0.000327
SAMPLE #=> 吾輩は猫である。</s>泥棒はきのうのだかんはならない。</s>シーシーと、ここに行く。</s>自分
2018-08-21 23:45:45,082 - main - INFO - [154] T/loss=4.088308 T/acc=0.298892 T/perp=62.632159 T/sec= 39.870585 D/loss=6.338046 D/acc=0.175294 D/perp=1213.277961 D/sec= 0.063988 lr=0.000325
SAMPLE #=> 吾輩は猫である。</s>髯は天開け放って丸くしている。</s>鈴木君はむかっ腹を並べての
2018-08-21 23:46:11,032 - main - INFO - [155] T/loss=4.086755 T/acc=0.298508 T/perp=62.472387 T/sec= 25.887601 D/loss=6.226360 D/acc=0.169412 D/perp=1153.723826 D/sec= 0.061766 lr=0.000323
SAMPLE #=> 吾輩は猫である。</s>こう思い出したのはいつだと云った。</s>這入るものは嫌だ。</s>
2018-08-21 23:46:35,028 - main - INFO - [156] T/loss=4.089085 T/acc=0.299324 T/perp=62.661185 T/sec= 23.930004 D/loss=6.665351 D/acc=0.167059 D/perp=1427.593331 D/sec= 0.066627 lr=0.000322
SAMPLE #=> 吾輩は猫である。</s>なるほど苦沙弥先生の御細君が送籍のへ引きあげる。</s>またかんののに
2018-08-21 23:47:00,108 - main - INFO - [157] T/loss=4.084580 T/acc=0.298863 T/perp=62.368116 T/sec= 25.016092 D/loss=6.390288 D/acc=0.194118 D/perp=1234.342079 D/sec= 0.063575 lr=0.000320
SAMPLE #=> 吾輩は猫である。得意の肴は魔物人だが、あなたも冷淡で称も構わぬどうしては立派
2018-08-21 23:47:24,754 - main - INFO - [158] T/loss=4.084898 T/acc=0.298978 T/perp=62.411663 T/sec= 24.584260 D/loss=6.429044 D/acc=0.189412 D/perp=1168.542447 D/sec= 0.061498 lr=0.000319
SAMPLE #=> 吾輩は猫である。</s>今は猫には御逆上を起してしまうのに、そうばかり？</s>吸い取らくべ
2018-08-21 23:47:49,095 - main - INFO - [159] T/loss=4.084867 T/acc=0.298638 T/perp=62.387790 T/sec= 24.279416 D/loss=6.252580 D/acc=0.160000 D/perp=1138.885273 D/sec= 0.061933 lr=0.000317
SAMPLE #=> 吾輩は猫である。と云った一人は先生、老上の滑らない。と迷亭独仙金田君に
2018-08-21 23:48:13,661 - main - INFO - [160] T/loss=4.081799 T/acc=0.299578 T/perp=62.100144 T/sec= 24.502598 D/loss=6.260051 D/acc=0.198824 D/perp=1094.439934 D/sec= 0.062964 lr=0.000315
SAMPLE #=> 吾輩は猫である。</s>君から許さ逆ておく次第が愛想等も蝉万で黒を一枚が
2018-08-21 23:48:57,941 - main - INFO - [161] T/loss=4.078616 T/acc=0.299885 T/perp=62.002486 T/sec= 44.216121 D/loss=6.201803 D/acc=0.196471 D/perp=1114.223213 D/sec= 0.063733 lr=0.000314
SAMPLE #=> 吾輩は猫である。</s>もってのほかへ低くないから善いものだ。</s>いえもう而生ません。</s>こりゃいや
2018-08-21 23:49:36,501 - main - INFO - [162] T/loss=4.079598 T/acc=0.300091 T/perp=62.045185 T/sec= 38.497881 D/loss=6.361914 D/acc=0.179412 D/perp=1241.945645 D/sec= 0.062984 lr=0.000312
SAMPLE #=> 吾輩は猫である。もっとも君の月並ですな。</s>どうでも恐れ入るね。</s>その方に超そちらじゃ
2018-08-21 23:50:01,697 - main - INFO - [163] T/loss=4.077280 T/acc=0.299832 T/perp=61.962741 T/sec= 25.132370 D/loss=6.046618 D/acc=0.202941 D/perp=1090.910691 D/sec= 0.063554 lr=0.000311
SAMPLE #=> 吾輩は猫である。</s>開き直ってがさがさ奴日あらゆる二年退校というようのロースが幾何学巓に申すだろ
2018-08-21 23:50:45,409 - main - INFO - [164] T/loss=4.075023 T/acc=0.301170 T/perp=61.809482 T/sec= 43.649307 D/loss=6.218225 D/acc=0.224706 D/perp=1169.833902 D/sec= 0.062174 lr=0.000309
SAMPLE #=> 吾輩は猫である。</s>主人の近づくのは三つの方面へある事である。</s>主人はすべからく湧い
2018-08-21 23:51:29,476 - main - INFO - [165] T/loss=4.076214 T/acc=0.300532 T/perp=61.859129 T/sec= 43.999569 D/loss=6.260427 D/acc=0.207059 D/perp=1156.153333 D/sec= 0.067559 lr=0.000308
SAMPLE #=> 吾輩は猫である。ええ吠えてる。と叮嚀になる。</s>今に武さい御勢と聞いて、ちと
2018-08-21 23:51:54,262 - main - INFO - [166] T/loss=4.073949 T/acc=0.300158 T/perp=61.698570 T/sec= 24.722296 D/loss=6.486617 D/acc=0.170000 D/perp=1290.158691 D/sec= 0.063448 lr=0.000306
SAMPLE #=> 吾輩は猫である。</s>御少忌々しくっですか。</s>明けて根を我と事になりました様子でも困っ
2018-08-21 23:52:37,897 - main - INFO - [167] T/loss=4.077024 T/acc=0.300235 T/perp=61.928965 T/sec= 43.575273 D/loss=6.165813 D/acc=0.210588 D/perp=1062.082719 D/sec= 0.060168 lr=0.000305
SAMPLE #=> 吾輩は猫である。</s>それが立ち行くないもの、ゃたと云うかご、今は百引き返しでも貰いれる
2018-08-21 23:53:02,544 - main - INFO - [168] T/loss=4.077073 T/acc=0.300043 T/perp=61.916358 T/sec= 24.583728 D/loss=6.127636 D/acc=0.172941 D/perp=1069.860416 D/sec= 0.063257 lr=0.000303
SAMPLE #=> 吾輩は猫である。</s>交通はあまり巡査が適例に仕方がない。</s>天井も書斎へ通用する。</s>なるほど
2018-08-21 23:53:27,384 - main - INFO - [169] T/loss=4.076085 T/acc=0.301002 T/perp=61.820604 T/sec= 24.776132 D/loss=6.105888 D/acc=0.175882 D/perp=1042.399231 D/sec= 0.063900 lr=0.000302
SAMPLE #=> 吾輩は猫である。</s>あのじゃあの作を未練全体運動をも原稿用紙をする。</s>今一二世紀の
2018-08-21 23:53:51,944 - main - INFO - [170] T/loss=4.072875 T/acc=0.300561 T/perp=61.663491 T/sec= 24.486913 D/loss=6.286797 D/acc=0.140000 D/perp=1179.359541 D/sec= 0.073030 lr=0.000300
SAMPLE #=> 吾輩は猫である。</s>細君は交際も洩らさない。</s>灯下にちまうと誰をもって見かかるよ
2018-08-21 23:54:36,873 - main - INFO - [171] T/loss=4.074356 T/acc=0.301386 T/perp=61.706033 T/sec= 44.864629 D/loss=6.234059 D/acc=0.231765 D/perp=1151.208628 D/sec= 0.063913 lr=0.000299
SAMPLE #=> 吾輩は猫である。</s>容子の教師は同年輩の地位のに思うのみも保険野心でない結果を不器用
2018-08-21 23:55:02,019 - main - INFO - [172] T/loss=4.074000 T/acc=0.299727 T/perp=61.777660 T/sec= 25.084487 D/loss=6.247619 D/acc=0.195294 D/perp=1228.101887 D/sec= 0.062046 lr=0.000297
SAMPLE #=> 吾輩は猫である。</s>仲働きつらていい。</s>小供の人物に何に達するの画は学校の問題
2018-08-21 23:55:26,095 - main - INFO - [173] T/loss=4.071740 T/acc=0.301070 T/perp=61.576272 T/sec= 24.012646 D/loss=6.316965 D/acc=0.207647 D/perp=1220.747062 D/sec= 0.063424 lr=0.000296
SAMPLE #=> 吾輩は猫である。と派のよすまではその後書斎に無惨が這入る。</s>障子の子世界の腹
2018-08-21 23:56:10,880 - main - INFO - [174] T/loss=4.076079 T/acc=0.300676 T/perp=61.908167 T/sec= 44.724294 D/loss=6.412393 D/acc=0.211176 D/perp=1267.257315 D/sec= 0.060803 lr=0.000294
SAMPLE #=> 吾輩は猫である。</s>ハハハ落ちつき響いたら、緩やかだが。どうでも、コン辺を受けるのの方法
2018-08-21 23:56:35,189 - main - INFO - [175] T/loss=4.081498 T/acc=0.300700 T/perp=62.271154 T/sec= 24.242910 D/loss=6.428168 D/acc=0.167647 D/perp=1246.099405 D/sec= 0.065333 lr=0.000293
SAMPLE #=> 吾輩は猫である。あの二人ばかりくん崩した顔を連れている。</s>その鉄妻君君も朱
2018-08-21 23:57:01,295 - main - INFO - [176] T/loss=4.080821 T/acc=0.301329 T/perp=62.216811 T/sec= 26.042724 D/loss=6.125221 D/acc=0.187647 D/perp=1079.001308 D/sec= 0.064063 lr=0.000291
SAMPLE #=> 吾輩は猫である。</s>知らないな。</s>御苦労にが折った事にしてaに見るという
2018-08-21 23:57:25,689 - main - INFO - [177] T/loss=4.079783 T/acc=0.301583 T/perp=62.143623 T/sec= 24.318906 D/loss=6.777461 D/acc=0.095882 D/perp=1437.527070 D/sec= 0.075033 lr=0.000290
SAMPLE #=> 吾輩は猫である。</s>寒月君だけは自分は嫌で愚見ざも帽を見つめている。</s>何
2018-08-21 23:57:50,713 - main - INFO - [178] T/loss=4.078445 T/acc=0.301333 T/perp=62.042493 T/sec= 24.949177 D/loss=6.461787 D/acc=0.171176 D/perp=1292.287830 D/sec= 0.074391 lr=0.000288
SAMPLE #=> 吾輩は猫である。</s>なるほどもっとも質問をした、左の時へ枝を開いているの物に
2018-08-21 23:58:15,832 - main - INFO - [179] T/loss=4.082336 T/acc=0.300125 T/perp=62.345704 T/sec= 25.056360 D/loss=6.195626 D/acc=0.198235 D/perp=1241.516560 D/sec= 0.062663 lr=0.000287
SAMPLE #=> 吾輩は猫である。真黒の碁盤も催って、だんだん買ったかも知れ出来た。</s>思い切って来
2018-08-21 23:58:40,784 - main - INFO - [180] T/loss=4.081937 T/acc=0.300460 T/perp=62.417650 T/sec= 24.889305 D/loss=6.314563 D/acc=0.201765 D/perp=1245.564036 D/sec= 0.063126 lr=0.000285
SAMPLE #=> 吾輩は猫である。</s>第一いらっしゃると云ったね。</s>棒組ですから、それの八幡大かい。</s>
2018-08-21 23:59:04,742 - main - INFO - [181] T/loss=4.085236 T/acc=0.300978 T/perp=62.561721 T/sec= 23.896082 D/loss=6.118165 D/acc=0.194118 D/perp=1144.057783 D/sec= 0.061794 lr=0.000284
SAMPLE #=> 吾輩は猫である。</s>そろそろ半可通に遠征といったつら掛利かん。</s>奥歯が両立しを表しられた
2018-08-21 23:59:29,569 - main - INFO - [182] T/loss=4.079072 T/acc=0.301664 T/perp=62.212678 T/sec= 24.760228 D/loss=6.780955 D/acc=0.151176 D/perp=1542.678786 D/sec= 0.066089 lr=0.000283
SAMPLE #=> 吾輩は猫である。と云うさんなどと大変渇仰の頭を首をま込んで姉の反古を訪問
2018-08-21 23:59:54,761 - main - INFO - [183] T/loss=4.077771 T/acc=0.300897 T/perp=62.116565 T/sec= 25.128409 D/loss=6.169578 D/acc=0.177647 D/perp=1132.849855 D/sec= 0.063639 lr=0.000281
SAMPLE #=> 吾輩は猫である。</s>象の弱いとあながち、今日でも松なんか出るか大的なんぞは諸君の畏し
2018-08-22 00:00:19,217 - main - INFO - [184] T/loss=4.076731 T/acc=0.301132 T/perp=61.975490 T/sec= 24.393638 D/loss=6.744836 D/acc=0.156471 D/perp=1404.918082 D/sec= 0.062749 lr=0.000280
SAMPLE #=> 吾輩は猫である。</s>こちらで小供のれるところを痛くしている。</s>履行であると十二締
2018-08-22 00:00:45,165 - main - INFO - [185] T/loss=4.073174 T/acc=0.301899 T/perp=61.774702 T/sec= 25.883822 D/loss=6.493989 D/acc=0.141176 D/perp=1288.059951 D/sec= 0.063917 lr=0.000278
SAMPLE #=> 吾輩は猫である。</s>木の根も引窓があろう。</s>わるかった？</s>小児で待っている。</s>
2018-08-22 00:01:09,445 - main - INFO - [186] T/loss=4.074982 T/acc=0.301338 T/perp=61.898994 T/sec= 24.206798 D/loss=6.158664 D/acc=0.241176 D/perp=1114.134419 D/sec= 0.073681 lr=0.000277
SAMPLE #=> 吾輩は猫である。何だ妻君も娘を辟易する事は芸術が耳をあるき殊勝の若僧を忘れて
2018-08-22 00:01:34,509 - main - INFO - [187] T/loss=4.071247 T/acc=0.301976 T/perp=61.686348 T/sec= 24.998857 D/loss=6.567439 D/acc=0.181765 D/perp=1384.038037 D/sec= 0.064640 lr=0.000276
SAMPLE #=> 吾輩は猫である。</s>落ちつけて行ってあるいている。</s>人間はやはり牛乳を食いしてその男
2018-08-22 00:02:19,385 - main - INFO - [188] T/loss=4.072685 T/acc=0.302043 T/perp=61.773846 T/sec= 44.812170 D/loss=6.266422 D/acc=0.177647 D/perp=1184.967603 D/sec= 0.063649 lr=0.000274
SAMPLE #=> 吾輩は猫である。</s>さすが我儘を飲んで見えるよ。ととうとう細君の言い尋ねるそうでいた。
2018-08-22 00:02:43,756 - main - INFO - [189] T/loss=4.070502 T/acc=0.303132 T/perp=61.596842 T/sec= 24.306269 D/loss=6.376275 D/acc=0.189412 D/perp=1317.171683 D/sec= 0.065073 lr=0.000273
SAMPLE #=> 吾輩は猫である。金田と火鉢の交友の珍人を出す。</s>三角な字には出来、今
2018-08-22 00:03:28,956 - main - INFO - [190] T/loss=4.070675 T/acc=0.302595 T/perp=61.720414 T/sec= 45.136351 D/loss=6.162142 D/acc=0.217059 D/perp=1160.369954 D/sec= 0.064178 lr=0.000271
SAMPLE #=> 吾輩は猫である。</s>するとあとで真赤ではない。</s>悠々は人間に面て馬鹿なしてある
2018-08-22 00:03:53,549 - main - INFO - [191] T/loss=4.072550 T/acc=0.301530 T/perp=61.715715 T/sec= 24.529253 D/loss=6.449765 D/acc=0.183529 D/perp=1256.515092 D/sec= 0.063646 lr=0.000270
SAMPLE #=> 吾輩は猫である。</s>寒月までは少し生涯まがったようだから。</s>。</s>そこで頭の逸出も
2018-08-22 00:04:19,435 - main - INFO - [192] T/loss=4.068316 T/acc=0.302528 T/perp=61.470760 T/sec= 25.810605 D/loss=6.224171 D/acc=0.194118 D/perp=1136.566395 D/sec= 0.075203 lr=0.000269
SAMPLE #=> 吾輩は猫である。</s>あらい種類のには一度に帰っていたのだと待ち構えた。</s>せんだって
2018-08-22 00:05:03,160 - main - INFO - [193] T/loss=4.070076 T/acc=0.302988 T/perp=61.586350 T/sec= 43.654584 D/loss=6.007099 D/acc=0.232353 D/perp=982.875237 D/sec= 0.070745 lr=0.000267
SAMPLE #=> 吾輩は猫である。落日を窺う者に悟っても女の事に起こされて、何が此間君子
2018-08-22 00:05:29,272 - main - INFO - [194] T/loss=4.068052 T/acc=0.302758 T/perp=61.546667 T/sec= 26.047559 D/loss=6.116568 D/acc=0.202941 D/perp=1082.964734 D/sec= 0.064265 lr=0.000266
SAMPLE #=> 吾輩は猫である。</s>なるほど困ったので金はしねえの。</s>まだどうかしないな、自分が
2018-08-22 00:06:12,766 - main - INFO - [195] T/loss=4.067010 T/acc=0.303118 T/perp=61.496619 T/sec= 43.431587 D/loss=6.128377 D/acc=0.202941 D/perp=1106.970307 D/sec= 0.062387 lr=0.000265
SAMPLE #=> 吾輩は猫である。</s>聾にするのはまた反覆馬堤とする価値である。</s>人間が落ちつきだらけ
2018-08-22 00:06:57,676 - main - INFO - [196] T/loss=4.069874 T/acc=0.302921 T/perp=61.657161 T/sec= 44.843858 D/loss=6.126156 D/acc=0.147647 D/perp=1123.153456 D/sec= 0.066091 lr=0.000263
SAMPLE #=> 吾輩は猫である。告朔でいいものか、って、いえ嘘が聞きません、英語を麩因と
2018-08-22 00:07:22,811 - main - INFO - [197] T/loss=4.064038 T/acc=0.304082 T/perp=61.279777 T/sec= 25.069151 D/loss=5.937558 D/acc=0.249412 D/perp=1029.843837 D/sec= 0.065176 lr=0.000262
SAMPLE #=> 吾輩は猫である。と細君は例のもの嬢の問をその代りに畳み込んと暗室に取りかかると云っ
2018-08-22 00:08:07,572 - main - INFO - [198] T/loss=4.066042 T/acc=0.303683 T/perp=61.376804 T/sec= 44.697330 D/loss=6.370290 D/acc=0.207059 D/perp=1298.610054 D/sec= 0.063933 lr=0.000261
SAMPLE #=> 吾輩は猫である。</s>喰う鏡は到底知らぬものにの漫になるものである。</s>せっかくは
2018-08-22 00:08:32,746 - main - INFO - [199] T/loss=4.070707 T/acc=0.303516 T/perp=61.650004 T/sec= 25.109907 D/loss=6.469667 D/acc=0.171176 D/perp=1314.631993 D/sec= 0.063882 lr=0.000259
SAMPLE #=> 吾輩は猫である。</s>君学校が何だろう。</s>そうで芝居だ。</s>これからは先生はやり
2018-08-22 00:08:58,023 - main - INFO - [200] T/loss=4.070938 T/acc=0.302422 T/perp=61.639077 T/sec= 25.213905 D/loss=6.244245 D/acc=0.225294 D/perp=1138.076114 D/sec= 0.063486 lr=0.000258
SAMPLE #=> 吾輩は猫である。</s>真黒さ。</s>例はひとにはいわゆるからかっていても一つしたので
2018-08-22 00:09:22,935 - main - INFO - [201] T/loss=4.072476 T/acc=0.302350 T/perp=61.823237 T/sec= 24.848226 D/loss=5.972639 D/acc=0.180588 D/perp=1030.093402 D/sec= 0.063284 lr=0.000257
SAMPLE #=> 吾輩は猫である。</s>平面の間するところは常に一比であろう。</s>世の中のごとく背で
2018-08-22 00:09:47,298 - main - INFO - [202] T/loss=4.071004 T/acc=0.302897 T/perp=61.658774 T/sec= 24.300511 D/loss=6.092608 D/acc=0.195882 D/perp=1027.054568 D/sec= 0.062916 lr=0.000256
SAMPLE #=> 吾輩は猫である。</s>次には切にマドンナを悩まして、初恋をかけるの草履のばってんのようでは
2018-08-22 00:10:12,503 - main - INFO - [203] T/loss=4.072416 T/acc=0.303233 T/perp=61.703818 T/sec= 25.138893 D/loss=6.408530 D/acc=0.131765 D/perp=1223.513670 D/sec= 0.065810 lr=0.000254
SAMPLE #=> 吾輩は猫である。と御渡ると苦痛がなお別居を変化する。</s>台所を隔てて鼻に指
2018-08-22 00:10:37,779 - main - INFO - [204] T/loss=4.069492 T/acc=0.303818 T/perp=61.517004 T/sec= 25.213237 D/loss=6.275145 D/acc=0.186471 D/perp=1180.226241 D/sec= 0.063049 lr=0.000253
SAMPLE #=> 吾輩は猫である。</s>何という理由を前に利害なんか、何だか探偵も早計神と困るのみだ安い
2018-08-22 00:11:02,168 - main - INFO - [205] T/loss=4.069883 T/acc=0.303540 T/perp=61.562040 T/sec= 24.326878 D/loss=6.453907 D/acc=0.194706 D/perp=1382.901239 D/sec= 0.062602 lr=0.000252
SAMPLE #=> 吾輩は猫である。輪廓を見る声になる。</s>向うに三平君では筆をはかないのなしが
2018-08-22 00:11:28,303 - main - INFO - [206] T/loss=4.067399 T/acc=0.303252 T/perp=61.431247 T/sec= 26.070680 D/loss=6.028465 D/acc=0.221176 D/perp=1104.730430 D/sec= 0.064028 lr=0.000251
SAMPLE #=> 吾輩は猫である。</s>九時間は存外大きく云うと、患者につつある。</s>恐れ入ら過ぎるから、どうも
2018-08-22 00:11:52,564 - main - INFO - [207] T/loss=4.069014 T/acc=0.304537 T/perp=61.533910 T/sec= 24.197699 D/loss=6.252607 D/acc=0.215294 D/perp=1213.838978 D/sec= 0.063345 lr=0.000249
SAMPLE #=> 吾輩は猫である。</s>達観しない訳はどうないのですがしかし水道を持つ。</s>こりゃ音の
2018-08-22 00:12:16,674 - main - INFO - [208] T/loss=4.066334 T/acc=0.303693 T/perp=61.281043 T/sec= 24.044805 D/loss=6.663113 D/acc=0.167059 D/perp=1442.124681 D/sec= 0.064799 lr=0.000248
SAMPLE #=> 吾輩は猫である。と以太歩盲間にステッキを引き取った。</s>おかしくって食うのは到底自と
2018-08-22 00:12:42,730 - main - INFO - [209] T/loss=4.064363 T/acc=0.304806 T/perp=61.141855 T/sec= 25.993477 D/loss=6.373359 D/acc=0.178235 D/perp=1219.873750 D/sec= 0.062466 lr=0.000247
SAMPLE #=> 吾輩は猫である。</s>大頭としておこす穴な語を見下ろしている新体詩を左って飲んだところだ。
2018-08-22 00:13:07,141 - main - INFO - [210] T/loss=4.065653 T/acc=0.304005 T/perp=61.300663 T/sec= 24.347574 D/loss=6.650024 D/acc=0.134706 D/perp=1343.330709 D/sec= 0.064013 lr=0.000246
SAMPLE #=> 吾輩は猫である。</s>とれん生国が無用でない。と勘定して来ている。</s>細君という服装
2018-08-22 00:13:32,331 - main - INFO - [211] T/loss=4.065515 T/acc=0.304494 T/perp=61.254615 T/sec= 25.126669 D/loss=6.351036 D/acc=0.160588 D/perp=1245.054277 D/sec= 0.063194 lr=0.000244
SAMPLE #=> 吾輩は猫である。ばかりおやじもこれで飛び出したままが仕方がない。</s>博士な熱い玉は知らんよう
2018-08-22 00:13:57,496 - main - INFO - [212] T/loss=4.064558 T/acc=0.303923 T/perp=61.244021 T/sec= 25.101566 D/loss=6.067125 D/acc=0.229412 D/perp=1111.630862 D/sec= 0.063381 lr=0.000243
SAMPLE #=> 吾輩は猫である。その鉄扇はなぜのかい。それがあるの、何よると鈴木先生は無論や
2018-08-22 00:14:22,592 - main - INFO - [213] T/loss=4.067121 T/acc=0.304254 T/perp=61.354610 T/sec= 25.032018 D/loss=6.422413 D/acc=0.192353 D/perp=1289.273208 D/sec= 0.063959 lr=0.000242
SAMPLE #=> 吾輩は猫である。三平君を二不転じて主人を三で下る竹でもしにくいで。</s>
2018-08-22 00:14:46,474 - main - INFO - [214] T/loss=4.066074 T/acc=0.304638 T/perp=61.293233 T/sec= 23.819144 D/loss=6.313241 D/acc=0.176471 D/perp=1232.509715 D/sec= 0.062763 lr=0.000241
SAMPLE #=> 吾輩は猫である。とどうも気風の下※お待ちんに、元のにみんな一五五右の二
2018-08-22 00:15:11,202 - main - INFO - [215] T/loss=4.065775 T/acc=0.304317 T/perp=61.216885 T/sec= 24.662888 D/loss=6.644647 D/acc=0.188824 D/perp=1454.589669 D/sec= 0.064719 lr=0.000239
SAMPLE #=> 吾輩は猫である。</s>今何とか競の皮を拍影が帰らせないものは出来ない。</s>ことに
2018-08-22 00:15:36,159 - main - INFO - [216] T/loss=4.069161 T/acc=0.303741 T/perp=61.531245 T/sec= 24.894654 D/loss=6.316436 D/acc=0.198824 D/perp=1196.355551 D/sec= 0.062800 lr=0.000238
SAMPLE #=> 吾輩は猫である。じき主人はところが不平になったにに。</s>今度蝉人で書斎へ裏へ
2018-08-22 00:16:00,305 - main - INFO - [217] T/loss=4.071849 T/acc=0.304259 T/perp=61.694258 T/sec= 24.082428 D/loss=6.553622 D/acc=0.182941 D/perp=1288.050930 D/sec= 0.063413 lr=0.000237
SAMPLE #=> 吾輩は猫である。</s>撓め見て叔父さんが神経衰弱としてあまり噂をするだろう。</s>猫のように駱駝が満足
2018-08-22 00:16:26,276 - main - INFO - [218] T/loss=4.071515 T/acc=0.304225 T/perp=61.606603 T/sec= 25.910156 D/loss=6.155560 D/acc=0.176471 D/perp=1118.735689 D/sec= 0.060954 lr=0.000236
SAMPLE #=> 吾輩は猫である。と今眼に首を撫で取り上げた。</s>ただ人殺しは容易へ聞いておらよく
2018-08-22 00:16:50,466 - main - INFO - [219] T/loss=4.065704 T/acc=0.305540 T/perp=61.341273 T/sec= 24.127940 D/loss=6.096880 D/acc=0.231176 D/perp=1029.211385 D/sec= 0.062501 lr=0.000235
SAMPLE #=> 吾輩は猫である。</s>やはり鮪に飲めたと思う者だから主人のわるかった迷亭は例へ辟易
2018-08-22 00:17:14,427 - main - INFO - [220] T/loss=4.062909 T/acc=0.303885 T/perp=61.101327 T/sec= 23.886975 D/loss=6.300953 D/acc=0.212353 D/perp=1201.677205 D/sec= 0.073548 lr=0.000234
SAMPLE #=> 吾輩は猫である。</s>障子へ着いて金の方面へ罹ったと喧嘩をせば出来た。</s>
2018-08-22 00:18:00,357 - main - INFO - [221] T/loss=4.064024 T/acc=0.304652 T/perp=61.130537 T/sec= 45.867238 D/loss=6.190954 D/acc=0.211765 D/perp=1154.856563 D/sec= 0.062813 lr=0.000232
SAMPLE #=> 吾輩は猫である。貰うずくめは妙をわざわざ人を谷切って、召し廻って知らん顔をしてくる
2018-08-22 00:18:24,371 - main - INFO - [222] T/loss=4.061971 T/acc=0.305151 T/perp=61.015213 T/sec= 23.949735 D/loss=5.986146 D/acc=0.199412 D/perp=1084.617813 D/sec= 0.064650 lr=0.000231
SAMPLE #=> 吾輩は猫である。</s>翻ってあばか柄にその度思の鳥屋嫌にはやめであり、むののかたき
2018-08-22 00:19:08,562 - main - INFO - [223] T/loss=4.066057 T/acc=0.304820 T/perp=61.271219 T/sec= 44.126961 D/loss=6.313090 D/acc=0.222353 D/perp=1197.531920 D/sec= 0.063957 lr=0.000230
SAMPLE #=> 吾輩は猫である。</s>但し何だか人でぶらさげて湯気を切らして淡泊を下げたがどうでしょう、僕に
2018-08-22 00:19:33,944 - main - INFO - [224] T/loss=4.067034 T/acc=0.304695 T/perp=61.299179 T/sec= 25.315878 D/loss=6.427990 D/acc=0.208824 D/perp=1265.673760 D/sec= 0.066146 lr=0.000229
SAMPLE #=> 吾輩は猫である。手数だってはない。</s>——全く君皇はどう敵愾心たんですよ。</s>だまっ
2018-08-22 00:19:58,814 - main - INFO - [225] T/loss=4.064019 T/acc=0.304422 T/perp=61.061103 T/sec= 24.805839 D/loss=6.405476 D/acc=0.179412 D/perp=1278.876283 D/sec= 0.064000 lr=0.000228
SAMPLE #=> 吾輩は猫である。と寒月君は御師匠さん何、一昨日としておいでの行かない気だからいいじゃ
2018-08-22 00:20:23,138 - main - INFO - [226] T/loss=4.066048 T/acc=0.304345 T/perp=61.140691 T/sec= 24.259030 D/loss=6.379187 D/acc=0.211176 D/perp=1221.401729 D/sec= 0.064859 lr=0.000227
SAMPLE #=> 吾輩は猫である。</s>傷狂な、あすこの躍り出を云うのにあるのでも行かない。</s>
2018-08-22 00:20:48,537 - main - INFO - [227] T/loss=4.061216 T/acc=0.305252 T/perp=60.953973 T/sec= 25.334409 D/loss=6.045425 D/acc=0.194118 D/perp=1037.023415 D/sec= 0.064247 lr=0.000225
SAMPLE #=> 吾輩は猫である。とそれから順列、どうする。</s>今日は少々むしろ極りでなったら。</s>万年と
2018-08-22 00:21:32,905 - main - INFO - [228] T/loss=4.063104 T/acc=0.304163 T/perp=61.041345 T/sec= 44.304917 D/loss=6.101627 D/acc=0.220000 D/perp=1052.402486 D/sec= 0.063817 lr=0.000224
SAMPLE #=> 吾輩は猫である。</s>煩わしくていいのと風流事はないと思う。</s>今が弁当をなさ若い
2018-08-22 00:21:58,143 - main - INFO - [229] T/loss=4.063290 T/acc=0.305213 T/perp=61.013536 T/sec= 25.169559 D/loss=6.261712 D/acc=0.142353 D/perp=1157.139385 D/sec= 0.067501 lr=0.000223
SAMPLE #=> 吾輩は猫である。</s>こう云えば撲っていろ。</s>欺我慢する。</s>気へ陣笠ながら、少々
2018-08-22 00:22:23,213 - main - INFO - [230] T/loss=4.063729 T/acc=0.306024 T/perp=61.035133 T/sec= 24.999332 D/loss=6.201501 D/acc=0.218824 D/perp=1158.364954 D/sec= 0.070937 lr=0.000222
SAMPLE #=> 吾輩は猫である。気持にするはずみは拝見してはどたばたむっくと現今に貴からず、世辞のれ得
2018-08-22 00:22:47,497 - main - INFO - [231] T/loss=4.065054 T/acc=0.305707 T/perp=61.148566 T/sec= 24.219547 D/loss=6.351626 D/acc=0.187059 D/perp=1312.410760 D/sec= 0.065084 lr=0.000221
SAMPLE #=> 吾輩は猫である。声を分間笑うのみもないからいい。</s>いかに御舌を弾くとかも見える。
2018-08-22 00:23:12,769 - main - INFO - [232] T/loss=4.060030 T/acc=0.306552 T/perp=60.823205 T/sec= 25.207330 D/loss=6.331456 D/acc=0.217059 D/perp=1230.518898 D/sec= 0.063904 lr=0.000220
SAMPLE #=> 吾輩は猫である。</s>車屋は好んに自分が近道に笑ったか全く彼はどうするところを嚇し
2018-08-22 00:23:57,370 - main - INFO - [233] T/loss=4.057319 T/acc=0.305506 T/perp=60.709367 T/sec= 44.538527 D/loss=6.377963 D/acc=0.208235 D/perp=1267.109589 D/sec= 0.062719 lr=0.000219
SAMPLE #=> 吾輩は猫である。</s>四海大戸がおったから、その中絶丼とガル切られてああ云う口調に
2018-08-22 00:24:36,141 - main - INFO - [234] T/loss=4.061195 T/acc=0.305986 T/perp=60.895953 T/sec= 38.708832 D/loss=6.407165 D/acc=0.187059 D/perp=1267.726240 D/sec= 0.062641 lr=0.000218
SAMPLE #=> 吾輩は猫である。</s>いや猫何だか。</s>それなら御免の善くさ。</s>ふいと警察へ吐く石
2018-08-22 00:25:02,113 - main - INFO - [235] T/loss=4.065741 T/acc=0.305933 T/perp=61.246230 T/sec= 25.910713 D/loss=6.231367 D/acc=0.182353 D/perp=1141.195309 D/sec= 0.060905 lr=0.000217
SAMPLE #=> 吾輩は猫である。と眠く嫌い。</s>このその球を食えてしきりに座去っ下りて見ると急と
2018-08-22 00:25:26,342 - main - INFO - [236] T/loss=4.062970 T/acc=0.305727 T/perp=61.027136 T/sec= 24.165545 D/loss=6.705140 D/acc=0.138824 D/perp=1389.747624 D/sec= 0.063006 lr=0.000216
SAMPLE #=> 吾輩は猫である。</s>こう云う雑煮を引いて見ると主人は嫌うからこんな猫か、ちょっと落して
2018-08-22 00:25:50,584 - main - INFO - [237] T/loss=4.067647 T/acc=0.304494 T/perp=61.338568 T/sec= 24.179516 D/loss=6.757956 D/acc=0.144706 D/perp=1523.453214 D/sec= 0.063137 lr=0.000214
SAMPLE #=> 吾輩は猫である。</s>書き付けて施して、へ三小用のし切り通しと全快せば如是とか監督で
2018-08-22 00:26:16,990 - main - INFO - [238] T/loss=4.066656 T/acc=0.305496 T/perp=61.267186 T/sec= 26.341665 D/loss=6.106739 D/acc=0.228235 D/perp=1173.456439 D/sec= 0.064141 lr=0.000213
SAMPLE #=> 吾輩は猫である。</s>鉄砲だから知らんによかろうと退校になるんです歯。ともなぜ恬として
2018-08-22 00:26:40,921 - main - INFO - [239] T/loss=4.064700 T/acc=0.306062 T/perp=61.130892 T/sec= 23.870377 D/loss=6.218800 D/acc=0.222353 D/perp=1189.958653 D/sec= 0.060908 lr=0.000212
SAMPLE #=> 吾輩は猫である。権利は聞く。</s>主人は迷亭はどう記述して所へ下に見廻すと、
2018-08-22 00:27:05,973 - main - INFO - [240] T/loss=4.060741 T/acc=0.305808 T/perp=60.970854 T/sec= 24.989424 D/loss=6.076872 D/acc=0.222353 D/perp=1134.838064 D/sec= 0.061989 lr=0.000211
SAMPLE #=> 吾輩は猫である。</s>そう万エヘンね、平生よそうと思った。</s>小供の通り、あんな奴
2018-08-22 00:27:31,091 - main - INFO - [241] T/loss=4.058949 T/acc=0.306906 T/perp=60.806736 T/sec= 25.055576 D/loss=6.759816 D/acc=0.212941 D/perp=1526.375767 D/sec= 0.063024 lr=0.000210
SAMPLE #=> 吾輩は猫である。</s>探偵で決してくれねえから、あまり当りはずさ。</s>教師が相談がしも
2018-08-22 00:27:55,324 - main - INFO - [242] T/loss=4.063510 T/acc=0.306129 T/perp=61.107061 T/sec= 24.170587 D/loss=6.435924 D/acc=0.207059 D/perp=1290.727251 D/sec= 0.062488 lr=0.000209
SAMPLE #=> 吾輩は猫である。</s>私はそんな夜具へ出て見て、臥竜空海叩いに遠慮をすれば人間
2018-08-22 00:28:20,596 - main - INFO - [243] T/loss=4.064544 T/acc=0.305621 T/perp=61.172670 T/sec= 25.208673 D/loss=6.557524 D/acc=0.183529 D/perp=1271.776199 D/sec= 0.063236 lr=0.000208
SAMPLE #=> 吾輩は猫である。</s>どうせあって普通の九人が不完全に惚れるの女である。</s>実業家、
2018-08-22 00:28:45,736 - main - INFO - [244] T/loss=4.059752 T/acc=0.305957 T/perp=60.893989 T/sec= 25.074283 D/loss=6.441549 D/acc=0.159412 D/perp=1283.085089 D/sec= 0.065303 lr=0.000207
SAMPLE #=> 吾輩は猫である。</s>主人は坊ては同じ作家な耳に罹ったんで蛇置かれる男になり
2018-08-22 00:29:10,097 - main - INFO - [245] T/loss=4.064939 T/acc=0.304854 T/perp=61.181904 T/sec= 24.295588 D/loss=6.162299 D/acc=0.223529 D/perp=1101.054194 D/sec= 0.066009 lr=0.000206
SAMPLE #=> 吾輩は猫である。</s>当家の邸主義であると短明るくだ、十分ずつなくっても買わない
2018-08-22 00:29:35,541 - main - INFO - [246] T/loss=4.061757 T/acc=0.306417 T/perp=61.004280 T/sec= 25.378999 D/loss=6.594853 D/acc=0.208235 D/perp=1378.366239 D/sec= 0.064240 lr=0.000205
SAMPLE #=> 吾輩は猫である。</s>——公平の道具があって御暗いときと活版から吹いだらけ要件な声を
2018-08-22 00:30:00,660 - main - INFO - [247] T/loss=4.064874 T/acc=0.306139 T/perp=61.149956 T/sec= 25.050648 D/loss=6.209050 D/acc=0.197059 D/perp=1153.951924 D/sec= 0.068484 lr=0.000204
SAMPLE #=> 吾輩は猫である。</s>その後善意を待つ者があるにつきて小さななしは桜さえ買っているので
2018-08-22 00:30:24,773 - main - INFO - [248] T/loss=4.065926 T/acc=0.306935 T/perp=61.290997 T/sec= 24.047979 D/loss=6.082710 D/acc=0.191765 D/perp=1147.533966 D/sec= 0.065026 lr=0.000203
SAMPLE #=> 吾輩は猫である。</s>スッポン給え、そんなところでも被る話じゃない。</s>実業家はまず軽蔑しられる
2018-08-22 00:30:50,266 - main - INFO - [249] T/loss=4.060308 T/acc=0.306686 T/perp=60.956815 T/sec= 25.430564 D/loss=6.210309 D/acc=0.207647 D/perp=1207.618839 D/sec= 0.062246 lr=0.000202
SAMPLE #=> 吾輩は猫である。</s>面白いはずもないか。と傍から這入る。</s>バルザックの横顔に立ち入ったら落
2018-08-22 00:31:15,569 - main - INFO - [250] T/loss=4.060601 T/acc=0.307199 T/perp=60.932395 T/sec= 25.239779 D/loss=6.229399 D/acc=0.229412 D/perp=1157.418776 D/sec= 0.063974 lr=0.000201
SAMPLE #=> 吾輩は猫である。穴からあたる、猫の幾分と主人は陳述しないものだが、気が来
2018-08-22 00:31:39,890 - main - INFO - [251] T/loss=4.061887 T/acc=0.306331 T/perp=61.051259 T/sec= 24.257528 D/loss=6.358278 D/acc=0.184706 D/perp=1213.466867 D/sec= 0.063237 lr=0.000200
SAMPLE #=> 吾輩は猫である。除きていたくなって空名境界つきて、一先ず明治へ冬のて三丁の
2018-08-22 00:32:05,407 - main - INFO - [252] T/loss=4.060173 T/acc=0.306067 T/perp=60.992151 T/sec= 25.452565 D/loss=5.948864 D/acc=0.264118 D/perp=995.121772 D/sec= 0.064524 lr=0.000199
SAMPLE #=> 吾輩は猫である。あらまあ迷亭の我が頑固に散歩にして待っている。</s>このとどこ時
2018-08-22 00:32:31,169 - main - INFO - [253] T/loss=4.058949 T/acc=0.307640 T/perp=60.876088 T/sec= 25.698041 D/loss=6.230804 D/acc=0.193529 D/perp=1152.209419 D/sec= 0.063232 lr=0.000198
SAMPLE #=> 吾輩は猫である。から君が下女を添うて一尺方は垣の大僧まで描いている。</s>
2018-08-22 00:32:55,460 - main - INFO - [254] T/loss=4.057381 T/acc=0.307779 T/perp=60.773500 T/sec= 24.228495 D/loss=6.215934 D/acc=0.198235 D/perp=1121.400883 D/sec= 0.063222 lr=0.000197
SAMPLE #=> 吾輩は猫である。</s>驀然な志願兵かは固より、何ははたきを立てて、生薬けせるの。</s>
2018-08-22 00:33:20,845 - main - INFO - [255] T/loss=4.054945 T/acc=0.308336 T/perp=60.582736 T/sec= 25.321159 D/loss=6.126649 D/acc=0.157059 D/perp=1157.810406 D/sec= 0.063662 lr=0.000196
SAMPLE #=> 吾輩は猫である。くらいですまでがいやでも月並からある。</s>甘木さんが大変な一地蔵ばかりじゃ
2018-08-22 00:34:05,118 - main - INFO - [256] T/loss=4.058699 T/acc=0.307151 T/perp=60.820917 T/sec= 44.210304 D/loss=6.215800 D/acc=0.238235 D/perp=1154.783725 D/sec= 0.062284 lr=0.000195
SAMPLE #=> 吾輩は猫である。</s>まず細長い世は副として背の燃殻はどうなうちにばかりが不可能のよう
2018-08-22 00:34:29,283 - main - INFO - [257] T/loss=4.062519 T/acc=0.306892 T/perp=61.095812 T/sec= 24.101243 D/loss=6.260907 D/acc=0.240588 D/perp=1235.848322 D/sec= 0.064056 lr=0.000194
SAMPLE #=> 吾輩は猫である。</s>お寺が困った時、わざと可哀そうにも悪寒がないようなところな所に
2018-08-22 00:34:55,628 - main - INFO - [258] T/loss=4.059495 T/acc=0.307281 T/perp=60.931306 T/sec= 26.281001 D/loss=6.413668 D/acc=0.209412 D/perp=1298.256774 D/sec= 0.063627 lr=0.000193
SAMPLE #=> 吾輩は猫である。といえじれっただが、君。</s>ことにはどこ。とステッキをわざわざ答えたが
2018-08-22 00:35:19,652 - main - INFO - [259] T/loss=4.056956 T/acc=0.307305 T/perp=60.735147 T/sec= 23.960598 D/loss=6.488276 D/acc=0.236471 D/perp=1286.512554 D/sec= 0.063991 lr=0.000192
SAMPLE #=> 吾輩は猫である。さして僕専門へ削るたものである。</s>主人はいよいよ釈教の九に対して終りを
2018-08-22 00:35:43,993 - main - INFO - [260] T/loss=4.057368 T/acc=0.307300 T/perp=60.772414 T/sec= 24.278269 D/loss=6.292754 D/acc=0.185294 D/perp=1166.785152 D/sec= 0.062086 lr=0.000191
SAMPLE #=> 吾輩は猫である。</s>次はとうてい聞いてならない。</s>紅白のなど曇っても骨が無茶苦茶で
2018-08-22 00:36:10,437 - main - INFO - [261] T/loss=4.056197 T/acc=0.308350 T/perp=60.715524 T/sec= 26.381194 D/loss=6.095313 D/acc=0.197059 D/perp=1037.637786 D/sec= 0.063603 lr=0.000190
SAMPLE #=> 吾輩は猫である。</s>運んで見ようと僕に心を見て車屋にこんな事が行かん。
2018-08-22 00:36:34,681 - main - INFO - [262] T/loss=4.058198 T/acc=0.307612 T/perp=60.790207 T/sec= 24.178972 D/loss=6.600357 D/acc=0.141765 D/perp=1355.971320 D/sec= 0.064713 lr=0.000189
SAMPLE #=> 吾輩は猫である。</s>この中なんかそんなにコップと共に他を破壊する事、真黒あのものがあるなら、
2018-08-22 00:36:58,851 - main - INFO - [263] T/loss=4.057746 T/acc=0.307899 T/perp=60.767913 T/sec= 24.105882 D/loss=6.437727 D/acc=0.205882 D/perp=1282.986980 D/sec= 0.063817 lr=0.000188
SAMPLE #=> 吾輩は猫である。</s>矚目男なら随分時に入ると多忙な法学申す研究は振り向くかも知れない。</s>
2018-08-22 00:37:25,196 - main - INFO - [264] T/loss=4.056558 T/acc=0.308072 T/perp=60.722203 T/sec= 26.280210 D/loss=6.203226 D/acc=0.225294 D/perp=1250.357751 D/sec= 0.065155 lr=0.000187
SAMPLE #=> 吾輩は猫である。と極めて従卒だ。</s>これも暮れて四中越しだと思う。</s>但し相
2018-08-22 00:37:49,364 - main - INFO - [265] T/loss=4.057536 T/acc=0.307496 T/perp=60.811021 T/sec= 24.105079 D/loss=6.272876 D/acc=0.239412 D/perp=1207.946478 D/sec= 0.063031 lr=0.000186
SAMPLE #=> 吾輩は猫である。の人間にいつになるほど以上の特色がなるべく誰だ保証は近来あるのでならない
2018-08-22 00:38:13,577 - main - INFO - [266] T/loss=4.060740 T/acc=0.308062 T/perp=60.917385 T/sec= 24.148217 D/loss=6.093343 D/acc=0.234706 D/perp=1102.459981 D/sec= 0.064871 lr=0.000185
SAMPLE #=> 吾輩は猫である。手なんか肴を出してここへ行くが、平気は好いちゃんかバク眼だよ
2018-08-22 00:38:39,853 - main - INFO - [267] T/loss=4.054159 T/acc=0.307568 T/perp=60.531550 T/sec= 26.210736 D/loss=6.677231 D/acc=0.180000 D/perp=1437.699197 D/sec= 0.064626 lr=0.000185
SAMPLE #=> 吾輩は猫である。と月下術睨め料理を切って、第然るにはそりゃ旅順即ち今のな小供で
2018-08-22 00:39:23,455 - main - INFO - [268] T/loss=4.055342 T/acc=0.307957 T/perp=60.670758 T/sec= 43.538462 D/loss=6.354334 D/acc=0.189412 D/perp=1193.030793 D/sec= 0.063421 lr=0.000184
SAMPLE #=> 吾輩は猫である。とすると三字の小石川決心見たから、皆金の水仙のように一
2018-08-22 00:39:48,588 - main - INFO - [269] T/loss=4.051542 T/acc=0.308763 T/perp=60.363065 T/sec= 25.069689 D/loss=6.544369 D/acc=0.168235 D/perp=1274.334365 D/sec= 0.063468 lr=0.000183
SAMPLE #=> 吾輩は猫である。</s>まあ、おれとは立ち上っますると云ったられないのかい。</s>仕方がない。</s>
2018-08-22 00:40:32,644 - main - INFO - [270] T/loss=4.055484 T/acc=0.308302 T/perp=60.640978 T/sec= 43.983663 D/loss=6.425233 D/acc=0.185882 D/perp=1266.875066 D/sec= 0.072794 lr=0.000182
SAMPLE #=> 吾輩は猫である。それは気の毒な言葉婚儀、ここから騒ぎ立てる。</s>僕は山伏の落葉なえで
2018-08-22 00:40:57,876 - main - INFO - [271] T/loss=4.056578 T/acc=0.308168 T/perp=60.704611 T/sec= 25.169268 D/loss=6.096739 D/acc=0.267647 D/perp=1094.693854 D/sec= 0.062668 lr=0.000181
SAMPLE #=> 吾輩は猫である。</s>その哲学者から晩行きたくない自家を張りにした。</s>夜詩人の手際である
2018-08-22 00:41:22,086 - main - INFO - [272] T/loss=4.055519 T/acc=0.309127 T/perp=60.652870 T/sec= 24.145679 D/loss=6.505593 D/acc=0.205294 D/perp=1376.932927 D/sec= 0.064143 lr=0.000180
SAMPLE #=> 吾輩は猫である。経験銀さんはひっくり返ったのも、このテレマカスが但し彼等の切り開いを著つけたこちら
2018-08-22 00:41:47,547 - main - INFO - [273] T/loss=4.054690 T/acc=0.307717 T/perp=60.573484 T/sec= 25.395676 D/loss=6.376867 D/acc=0.194706 D/perp=1249.288986 D/sec= 0.065657 lr=0.000179
SAMPLE #=> 吾輩は猫である。</s>中心から東風君のような暁にも必ず喧嘩腰のにする。</s>没交渉に
2018-08-22 00:42:12,698 - main - INFO - [274] T/loss=4.054885 T/acc=0.308719 T/perp=60.680276 T/sec= 25.086575 D/loss=6.574412 D/acc=0.191176 D/perp=1405.147732 D/sec= 0.064525 lr=0.000178
SAMPLE #=> 吾輩は猫である。</s>仰せは教師と思って、まだ殺している。</s>あなた君主人は美挙でも
2018-08-22 00:42:36,983 - main - INFO - [275] T/loss=4.051315 T/acc=0.308417 T/perp=60.510712 T/sec= 24.222174 D/loss=6.361501 D/acc=0.197647 D/perp=1210.247197 D/sec= 0.062950 lr=0.000177
SAMPLE #=> 吾輩は猫である。と因縁を違って聞きした迷亭は地面そんなようには智慧もやったかも
2018-08-22 00:43:22,509 - main - INFO - [276] T/loss=4.053599 T/acc=0.308508 T/perp=60.588682 T/sec= 45.460441 D/loss=6.552582 D/acc=0.195294 D/perp=1291.708062 D/sec= 0.064855 lr=0.000176
SAMPLE #=> 吾輩は猫である。</s>それから時々殿の可雲館の帯を心の不動智神妙録と思ったり、下へ
2018-08-22 00:43:46,776 - main - INFO - [277] T/loss=4.053694 T/acc=0.308580 T/perp=60.576719 T/sec= 24.204017 D/loss=6.140881 D/acc=0.206471 D/perp=1111.010445 D/sec= 0.063313 lr=0.000175
SAMPLE #=> 吾輩は猫である。</s>これの自任云っているから、書斎に出て来て、あれに盥て
2018-08-22 00:44:10,999 - main - INFO - [278] T/loss=4.055864 T/acc=0.307962 T/perp=60.818946 T/sec= 24.160269 D/loss=5.994433 D/acc=0.280000 D/perp=1007.472994 D/sec= 0.062961 lr=0.000175
SAMPLE #=> 吾輩は猫である。と迷亭君の部下はツユで貰えば車屋の顔にして、ここへ下宿
2018-08-22 00:44:37,538 - main - INFO - [279] T/loss=4.054567 T/acc=0.308811 T/perp=60.684425 T/sec= 26.476623 D/loss=6.226673 D/acc=0.227647 D/perp=1144.337403 D/sec= 0.061652 lr=0.000174
SAMPLE #=> 吾輩は猫である。両人は自覚反身としてある。</s>椎茸を抜くのは酔狂鍋を呼ぶか、寒竹
2018-08-22 00:45:01,948 - main - INFO - [280] T/loss=4.053221 T/acc=0.308129 T/perp=60.569881 T/sec= 24.334005 D/loss=6.135312 D/acc=0.230000 D/perp=1132.263664 D/sec= 0.076702 lr=0.000173
SAMPLE #=> 吾輩は猫である。</s>愚見に合わないが、そのくらい間に合わなくが考えるさまな訳がおくれがある
2018-08-22 00:45:26,323 - main - INFO - [281] T/loss=4.051507 T/acc=0.309218 T/perp=60.472118 T/sec= 24.311354 D/loss=5.947233 D/acc=0.212353 D/perp=1062.819480 D/sec= 0.063484 lr=0.000172
SAMPLE #=> 吾輩は猫である。</s>二年生より九月に三種の達せたのは監督の実行するのですが。
2018-08-22 00:45:51,511 - main - INFO - [282] T/loss=4.056102 T/acc=0.308935 T/perp=60.891520 T/sec= 25.124413 D/loss=6.298880 D/acc=0.213529 D/perp=1203.057904 D/sec= 0.063022 lr=0.000171
SAMPLE #=> 吾輩は猫である。</s>妙な角張ったうちにすると、空の八をもってそんな特別が堂
2018-08-22 00:46:17,096 - main - INFO - [283] T/loss=4.054086 T/acc=0.308600 T/perp=60.713322 T/sec= 25.520885 D/loss=6.473362 D/acc=0.207647 D/perp=1306.304625 D/sec= 0.064337 lr=0.000170
SAMPLE #=> 吾輩は猫である。</s>今日は人間に小さくなって同情を思い入れの増加する。</s>吾輩は先生は
2018-08-22 00:46:41,291 - main - INFO - [284] T/loss=4.054067 T/acc=0.309894 T/perp=60.643391 T/sec= 24.130435 D/loss=6.449547 D/acc=0.175294 D/perp=1300.662168 D/sec= 0.064401 lr=0.000169
SAMPLE #=> 吾輩は猫である。</s>いわんやきっと入を命ぜ込んがかくの方を引き寄せると思って、驚かぬが
2018-08-22 00:47:06,135 - main - INFO - [285] T/loss=4.055282 T/acc=0.308609 T/perp=60.840496 T/sec= 24.782030 D/loss=6.363260 D/acc=0.250000 D/perp=1196.217514 D/sec= 0.062726 lr=0.000169
SAMPLE #=> 吾輩は猫である。</s>——だけ労力を読めぬところのまだある。</s>案外そんな波にもこっちが
2018-08-22 00:47:31,562 - main - INFO - [286] T/loss=4.052837 T/acc=0.310470 T/perp=60.642853 T/sec= 25.362794 D/loss=5.884449 D/acc=0.224706 D/perp=1002.909827 D/sec= 0.064299 lr=0.000168
SAMPLE #=> 吾輩は猫である。と主人の主人は背いの前を向けて薨去ながらついたら通人のであろう
2018-08-22 00:47:56,324 - main - INFO - [287] T/loss=4.050055 T/acc=0.309453 T/perp=60.470492 T/sec= 24.696210 D/loss=6.361801 D/acc=0.215882 D/perp=1192.939558 D/sec= 0.065025 lr=0.000167
SAMPLE #=> 吾輩は猫である。</s>生れ変っなるてりゃ御念の不利を並んでに寝た訳だ。</s>依然としてその頭
2018-08-22 00:48:40,381 - main - INFO - [288] T/loss=4.053957 T/acc=0.309118 T/perp=60.664701 T/sec= 43.993498 D/loss=6.310450 D/acc=0.155294 D/perp=1165.679222 D/sec= 0.063573 lr=0.000166
SAMPLE #=> 吾輩は猫である。</s>東風君せんだって折へ動揺謀叛にしゃくい上がるに罹りましたが無理の世は
2018-08-22 00:49:05,828 - main - INFO - [289] T/loss=4.053843 T/acc=0.308662 T/perp=60.671372 T/sec= 25.383842 D/loss=6.146453 D/acc=0.240000 D/perp=1111.239042 D/sec= 0.063416 lr=0.000165
SAMPLE #=> 吾輩は猫である。</s>それはいかに自然が粗末の役員である事とも云わないのはやがて心配
2018-08-22 00:49:31,144 - main - INFO - [290] T/loss=4.049744 T/acc=0.310139 T/perp=60.426287 T/sec= 25.253240 D/loss=6.481812 D/acc=0.192353 D/perp=1348.479127 D/sec= 0.062758 lr=0.000164
SAMPLE #=> 吾輩は猫である。</s>厄介になる天気では床が明けてだけで、食わせるがはいまだに、主人公が
2018-08-22 00:50:14,541 - main - INFO - [291] T/loss=4.052149 T/acc=0.309137 T/perp=60.542079 T/sec= 43.334048 D/loss=6.413241 D/acc=0.203529 D/perp=1284.633632 D/sec= 0.063410 lr=0.000164
SAMPLE #=> 吾輩は猫である。画工は嫌なと見えて、すぐ——その顔を気焔の細君は少しは真面目
2018-08-22 00:50:39,472 - main - INFO - [292] T/loss=4.051559 T/acc=0.309338 T/perp=60.581565 T/sec= 24.864139 D/loss=6.473941 D/acc=0.216471 D/perp=1305.619447 D/sec= 0.066895 lr=0.000163
SAMPLE #=> 吾輩は猫である。獅鼻まで寒月君は申し合せたところに答えた。</s>涎話しから戻って乗っない
2018-08-22 00:51:04,909 - main - INFO - [293] T/loss=4.050441 T/acc=0.309890 T/perp=60.453872 T/sec= 25.373150 D/loss=6.496224 D/acc=0.210588 D/perp=1322.404600 D/sec= 0.063074 lr=0.000162
SAMPLE #=> 吾輩は猫である。。と迷亭の枯木にまた三杯を一番食べた。</s>主人も無不明瞭な
2018-08-22 00:51:29,076 - main - INFO - [294] T/loss=4.048776 T/acc=0.310619 T/perp=60.415652 T/sec= 24.101523 D/loss=6.317737 D/acc=0.210000 D/perp=1177.035962 D/sec= 0.065502 lr=0.000161
SAMPLE #=> 吾輩は猫である。と足られた勢にも個々財産を存ない。</s>主人はこの庸歩を
2018-08-22 00:52:13,354 - main - INFO - [295] T/loss=4.047203 T/acc=0.309976 T/perp=60.325852 T/sec= 44.214378 D/loss=6.608583 D/acc=0.165294 D/perp=1311.668323 D/sec= 0.063760 lr=0.000160
SAMPLE #=> 吾輩は猫である。</s>活版等口から百六分後ろに端ましていると少々研究して見せる
2018-08-22 00:52:53,205 - main - INFO - [296] T/loss=4.049127 T/acc=0.309257 T/perp=60.452136 T/sec= 39.776476 D/loss=6.433272 D/acc=0.180588 D/perp=1273.742265 D/sec= 0.074904 lr=0.000160
SAMPLE #=> 吾輩は猫である。</s>は地中でもこの連中である。</s>なかなか寒月君のように布団のくらさ
2018-08-22 00:53:18,520 - main - INFO - [297] T/loss=4.046883 T/acc=0.309856 T/perp=60.249037 T/sec= 25.252002 D/loss=6.295343 D/acc=0.223529 D/perp=1233.424901 D/sec= 0.062996 lr=0.000159
SAMPLE #=> 吾輩は猫である。</s>主人に大源居しない男だ。</s>口の婦人をバケツの場所が照らさ
2018-08-22 00:54:01,634 - main - INFO - [298] T/loss=4.052713 T/acc=0.310201 T/perp=60.630124 T/sec= 43.052819 D/loss=6.274805 D/acc=0.226471 D/perp=1182.003594 D/sec= 0.060986 lr=0.000158
SAMPLE #=> 吾輩は猫である。</s>しきりに累々として陰士がおめでたい女である。</s>先生その広告かから御かむ
2018-08-22 00:54:26,237 - main - INFO - [299] T/loss=4.047920 T/acc=0.310604 T/perp=60.375724 T/sec= 24.541039 D/loss=6.088823 D/acc=0.238824 D/perp=1116.782142 D/sec= 0.061999 lr=0.000157
SAMPLE #=> 吾輩は猫である。</s>君を気の毒な愛でも見上げた気は欠伸もぐらぐらしたと云いテラテラ
2018-08-22 00:54:51,856 - main - INFO - [300] T/loss=4.049765 T/acc=0.310676 T/perp=60.466927 T/sec= 25.557390 D/loss=6.711464 D/acc=0.214118 D/perp=1499.227211 D/sec= 0.061401 lr=0.000156
SAMPLE #=> 吾輩は猫である。</s>数のまずまず仲間で加茂川が知らざる無駄口を置き去りにやると心をつける気
loading early stopped-model at epoch 297
吾輩は猫である。
先ず、ただほど畳の牛を便宜がする。
そこでいつつづらを生ずるなんかなります。
ゆうべ、顔に見れば俳諧霊磨りトントン。
これはどうでも起った男だよ。
この時はこれからや問答がなりますよ。
交際が蔭で乗らませないよ。
全くどこを逸出して乾坤方には食べませんよ。
窓から牛を踏み出して来る。
今月は余計ですから、上がれ？
少し見たんです。
寒月君名産まった何三そんな顔さ。
そりゃ今度は苦し資格がありましたぜ。
何だか未だ身のかいないか、盤の方に行ったね。
その辻へ旨いもんだ。
ところが、幸い梅干を命じても出来んあ。
古井僕はやはり派手で秋のへきて聞かれてしまう。
なるほど悪くは分らない。
何でも目付躁狂君は描写足投通りもがいている。
雅だので、鏡を出して見るがあんな事がもなかったと云って、正御母の裏表から、抱えじらして塗りつけです、具ですか。
ぶんなぐるやさ。
世故などうがありませんね。
娘のねね。
それだよ。
ついか蕎麦も出ている。
この時なぞもどこへ苦悶の下へ白眉だ。
一風智慧をするさ。
重ねて来た。
昔すかくが金です。
奥さん、布哇の苦沙弥独仙君の名前をさないと云う事をさ、三日は是非笑った。
足音をしていたなら好い鮑へ参る。
あの士で、蛙の中へ出て来る訳をしてありがたがる事はない。
シャンパンもいいね。
位置ばかり犬だけ当家拝借の通にしたと云いやしない。
十一と細君はまた難関の方である。
前足だけ鼻息の来ていると生意気になる。
そんかい。
どうせなんか鋏を体裁、通されなければ尋ねると思う。
へえ、あの上ですから逃げると迷亭は無青空に出ます。
——声が仏語がそんなに買候が天然妙です。
昔さ君遊んだと思ったら先生、あれを云い
さ、と思い一杯来て知ら
2018-08-22 00:55:16,770 - main - INFO - time spent: 10203.450113 sec
