{
  "train": "datasets/soseki/neko-word-train.txt",
  "test": "datasets/soseki/neko-word-test.txt",
  "w2v": "datasets/soseki/neko_w2v.bin",
  "batchsize": 100,
  "bproplen": 35,
  "epoch": 100,
  "unit": 200,
  "gpu": -1,
  "gradclip": 5,
  "out": "results/rnnlm-w2v-bptt_-e100-b100",
  "resume": ""
}
2018-08-29 19:53:36,717 - main - INFO - vocabulary size: 13948
2018-08-29 19:53:36,717 - main - INFO - train data size: 208502
2018-08-29 19:53:36,717 - main - INFO - train data starts with: 主人 は 例 の 書斎 で ...
2018-08-29 19:53:36,717 - main - INFO - test  data size: 1735
Initialize the embedding from word2vec model: datasets/soseki/neko_w2v.bin
going to train 208500 iterations (100 epochs)
/Users/haradatm/.pyenv/versions/miniconda3-latest/envs/py3/lib/python3.6/site-packages/chainer/optimizers/adam.py:111: RuntimeWarning: invalid value encountered in sqrt
  param.data -= hp.eta * (self.lr * m / (numpy.sqrt(vhat) + hp.eps) +
2018-08-29 19:57:37,806 - main - INFO - [  1] T/loss=7.147375 T/acc=0.032825 T/perp=2586.280501 T/sec= 239.736605 D/loss=6.461586 D/acc=0.055294 D/perp=1212.939676 D/sec= 0.531904 lr=0.001000
SAMPLE #=> 主人は例の書斎でにとすれ御に心配小でいい</s>のままだんとだ大きな連れもしくはて
2018-08-29 20:02:18,157 - main - INFO - [  2] T/loss=6.411400 T/acc=0.040225 T/perp=635.778665 T/sec= 279.825359 D/loss=6.712167 D/acc=0.067059 D/perp=1324.748134 D/sec= 0.525468 lr=0.001000
SAMPLE #=> 主人は例の書斎でもう少しでた</s>語端的世界富子て安心しものまでとだ呑むだ見、
2018-08-29 20:06:58,844 - main - INFO - [  3] T/loss=6.187183 T/acc=0.067046 T/perp=511.673348 T/sec= 280.222287 D/loss=5.851649 D/acc=0.119412 D/perp=854.269553 D/sec= 0.464249 lr=0.001000
SAMPLE #=> 主人は例の書斎で元来あい不思議。をのみと払っがを演説て得鼻、独洩らし。、持つ
2018-08-29 20:11:24,756 - main - INFO - [  4] T/loss=5.795279 T/acc=0.129199 T/perp=346.211468 T/sec= 265.428683 D/loss=6.008099 D/acc=0.182353 D/perp=874.448570 D/sec= 0.483463 lr=0.001000
SAMPLE #=> 主人は例の書斎でいいかねいくら種は衛門這入る帰るは、より独二烈しいという案内たんから笑う。
2018-08-29 21:40:30,016 - main - INFO - [  5] T/loss=5.568013 T/acc=0.149544 T/perp=275.808061 T/sec= 5344.890454 D/loss=5.955598 D/acc=0.202941 D/perp=790.032351 D/sec= 0.369788 lr=0.001000
SAMPLE #=> 主人は例の書斎で唯一がある蟷螂してに細く苦曲がろ空気に想像猫ニャーいだだが車屋
2018-08-29 21:43:53,376 - main - INFO - [  6] T/loss=5.403663 T/acc=0.169914 T/perp=234.268048 T/sec= 202.882292 D/loss=5.754637 D/acc=0.172941 D/perp=678.364952 D/sec= 0.477225 lr=0.001000
SAMPLE #=> 主人は例の書斎で、ここをまたまた孟子れが聞いてるものが見えらで出た。</s>向き直っ
2018-08-29 21:47:21,077 - main - INFO - [  7] T/loss=5.262147 T/acc=0.185070 T/perp=203.779871 T/sec= 207.206336 D/loss=6.270108 D/acc=0.120000 D/perp=893.674849 D/sec= 0.494962 lr=0.001000
SAMPLE #=> 主人は例の書斎であるんな。どうも見る。</s>気の毒が君ならで、舐めを、四．品位
2018-08-29 21:50:40,113 - main - INFO - [  8] T/loss=5.148102 T/acc=0.198110 T/perp=181.781178 T/sec= 198.615293 D/loss=5.650700 D/acc=0.190588 D/perp=640.899062 D/sec= 0.420500 lr=0.001000
SAMPLE #=> 主人は例の書斎で貰った、金田かず君のおやじであるから不審さんに君に口ない。
2018-08-29 21:54:09,168 - main - INFO - [  9] T/loss=5.052033 T/acc=0.209736 T/perp=165.102781 T/sec= 208.522052 D/loss=5.660422 D/acc=0.234118 D/perp=614.473027 D/sec= 0.533309 lr=0.001000
SAMPLE #=> 主人は例の書斎であるとかつて近寄るなでしょステッキが生憎探偵と云う猫でおそらくないよ。</s>です
2018-08-29 21:57:31,286 - main - INFO - [ 10] T/loss=4.969897 T/acc=0.218317 T/perp=152.144116 T/sec= 201.718295 D/loss=5.819681 D/acc=0.203529 D/perp=684.854531 D/sec= 0.399717 lr=0.001000
SAMPLE #=> 主人は例の書斎で言ったものであるから、すれえの功能のだろう。</s>あなたねえそうで
2018-08-29 22:01:52,451 - main - INFO - [ 11] T/loss=4.898812 T/acc=0.225468 T/perp=141.713445 T/sec= 260.698807 D/loss=5.796971 D/acc=0.194706 D/perp=679.561158 D/sec= 0.465998 lr=0.001000
SAMPLE #=> 主人は例の書斎でしてるのか。と苦味はえるを限る。</s>すると突然立ち上がるヴァイオリンに驀然横
2018-08-29 22:06:16,577 - main - INFO - [ 12] T/loss=4.838762 T/acc=0.231933 T/perp=133.422374 T/sec= 263.587792 D/loss=6.318707 D/acc=0.187647 D/perp=909.462045 D/sec= 0.538746 lr=0.001000
SAMPLE #=> 主人は例の書斎では商出来ないがどころか．。と云わないよ。と主人は云う。</s>、
2018-08-29 22:10:24,527 - main - INFO - [ 13] T/loss=4.787449 T/acc=0.236000 T/perp=126.563406 T/sec= 247.524576 D/loss=5.798076 D/acc=0.183529 D/perp=688.700929 D/sec= 0.424631 lr=0.001000
SAMPLE #=> 主人は例の書斎でしまっていると、丸くだり来ると云うがせいせいする奴はあるんだ。</s>
2018-08-29 22:14:01,466 - main - INFO - [ 14] T/loss=4.741797 T/acc=0.239894 T/perp=120.856344 T/sec= 216.436141 D/loss=5.975114 D/acc=0.192941 D/perp=735.186931 D/sec= 0.502999 lr=0.001000
SAMPLE #=> 主人は例の書斎で自称して、ついれ天気の光栄でもいらずしきりにごとく御勧工場的なる。
2018-08-29 22:17:38,879 - main - INFO - [ 15] T/loss=4.697847 T/acc=0.243928 T/perp=115.593251 T/sec= 216.962178 D/loss=5.909174 D/acc=0.161765 D/perp=730.117708 D/sec= 0.451142 lr=0.001000
SAMPLE #=> 主人は例の書斎でなるべく晩餐に足に淡呑ようで積んが出来ず見たいアイソクラチスのじゃない
2018-08-29 22:21:13,137 - main - INFO - [ 16] T/loss=4.661905 T/acc=0.247851 T/perp=111.557242 T/sec= 213.802808 D/loss=5.746791 D/acc=0.198824 D/perp=672.221368 D/sec= 0.455587 lr=0.001000
SAMPLE #=> 主人は例の書斎でもともかくの事のも形骸以上して鳴るんしたそうな。と右の
2018-08-29 22:25:40,237 - main - INFO - [ 17] T/loss=4.628720 T/acc=0.250360 T/perp=107.861361 T/sec= 266.568152 D/loss=5.674900 D/acc=0.213529 D/perp=636.918960 D/sec= 0.530911 lr=0.001000
SAMPLE #=> 主人は例の書斎で台所に表面に寝る間は君に我意を中るくらいに拝見れている。</s>
2018-08-29 22:30:07,824 - main - INFO - [ 18] T/loss=4.594118 T/acc=0.253314 T/perp=104.193700 T/sec= 266.957644 D/loss=5.671097 D/acc=0.233529 D/perp=653.937971 D/sec= 0.629345 lr=0.001000
SAMPLE #=> 主人は例の書斎で女郎を飾っているがね。</s>こんな晩が何五にすれたいくらいに生れ
2018-08-29 22:34:30,546 - main - INFO - [ 19] T/loss=4.563949 T/acc=0.255698 T/perp=101.072937 T/sec= 262.162934 D/loss=5.385536 D/acc=0.182941 D/perp=545.863745 D/sec= 0.559726 lr=0.001000
SAMPLE #=> 主人は例の書斎で来た。</s>折々は鎌倉においては動く出よう。</s>あんまりして、それが
2018-08-29 22:38:58,838 - main - INFO - [ 20] T/loss=4.533691 T/acc=0.258609 T/perp=97.905533 T/sec= 267.678518 D/loss=5.773710 D/acc=0.245294 D/perp=684.750966 D/sec= 0.613499 lr=0.001000
SAMPLE #=> 主人は例の書斎で、娑婆気に好か、禍に見れば珍重になってしまうと喧嘩を化物に控え
2018-08-29 22:43:18,640 - main - INFO - [ 21] T/loss=4.509710 T/acc=0.260705 T/perp=95.606555 T/sec= 259.245613 D/loss=5.868898 D/acc=0.213529 D/perp=724.107466 D/sec= 0.556052 lr=0.001000
SAMPLE #=> 主人は例の書斎で崇めからするような事はあるんだから、書物ののしかし金に吊るして
/Users/haradatm/.pyenv/versions/miniconda3-latest/envs/py3/lib/python3.6/site-packages/matplotlib/pyplot.py:537: RuntimeWarning: More than 20 figures have been opened. Figures created through the pyplot interface (`matplotlib.pyplot.figure`) are retained until explicitly closed and may consume too much memory. (To control this warning, see the rcParam `figure.max_open_warning`).
  max_open_warning, RuntimeWarning)
2018-08-29 22:47:36,898 - main - INFO - [ 22] T/loss=4.482429 T/acc=0.262489 T/perp=93.020660 T/sec= 257.685902 D/loss=5.879174 D/acc=0.177647 D/perp=699.871856 D/sec= 0.571762 lr=0.001000
SAMPLE #=> 主人は例の書斎で寝転んを咏切った作家を各自受けたね。</s>寄附金と懸けるつもりの鼻に
2018-08-29 22:52:13,145 - main - INFO - [ 23] T/loss=4.457555 T/acc=0.265492 T/perp=90.762073 T/sec= 275.714532 D/loss=6.168366 D/acc=0.191176 D/perp=829.820919 D/sec= 0.533359 lr=0.001000
SAMPLE #=> 主人は例の書斎で受けて、あまきるとすべて一袋に焼いてくれる考を云うので水島君と
2018-08-29 22:56:47,130 - main - INFO - [ 24] T/loss=4.433318 T/acc=0.267257 T/perp=88.477102 T/sec= 273.424019 D/loss=5.705772 D/acc=0.186471 D/perp=600.815690 D/sec= 0.560286 lr=0.001000
SAMPLE #=> 主人は例の書斎で次が女子の言語などである。</s>それで二逢わず騒いで、左手の
2018-08-29 23:01:21,938 - main - INFO - [ 25] T/loss=4.407644 T/acc=0.270134 T/perp=86.156484 T/sec= 274.236910 D/loss=5.323213 D/acc=0.257059 D/perp=525.465484 D/sec= 0.570937 lr=0.001000
SAMPLE #=> 主人は例の書斎で明治の参で、弾かせない。と云うでしょうと云う事だから。</s>
2018-08-29 23:06:13,413 - main - INFO - [ 26] T/loss=4.388494 T/acc=0.270705 T/perp=84.605595 T/sec= 290.758663 D/loss=5.720237 D/acc=0.178235 D/perp=602.222188 D/sec= 0.716401 lr=0.001000
SAMPLE #=> 主人は例の書斎でおいたもの——人類へすぼめるまたやっていると、猫の演説にうまい人は
2018-08-29 23:11:03,442 - main - INFO - [ 27] T/loss=4.366026 T/acc=0.272259 T/perp=82.617746 T/sec= 289.403161 D/loss=5.671789 D/acc=0.201765 D/perp=594.396257 D/sec= 0.626267 lr=0.001000
SAMPLE #=> 主人は例の書斎でまたその赤い日の通り大明神を打つのだなどである。</s>敵の頃まで
2018-08-29 23:15:58,944 - main - INFO - [ 28] T/loss=4.345380 T/acc=0.275746 T/perp=80.987008 T/sec= 294.784982 D/loss=5.843037 D/acc=0.216471 D/perp=675.435937 D/sec= 0.716669 lr=0.001000
SAMPLE #=> 主人は例の書斎で、蟷螂君が前後に歩を落して、不道徳のごとく、云わずをこんなに過ぎ
2018-08-29 23:20:49,261 - main - INFO - [ 29] T/loss=4.323533 T/acc=0.276149 T/perp=79.107681 T/sec= 289.667789 D/loss=5.798738 D/acc=0.234706 D/perp=634.059385 D/sec= 0.649295 lr=0.001000
SAMPLE #=> 主人は例の書斎で腹でかくの取って、とまる。、どの——先生は欲しいだ。</s>これから防
2018-08-29 23:25:45,832 - main - INFO - [ 30] T/loss=4.304656 T/acc=0.277966 T/perp=77.632847 T/sec= 295.916887 D/loss=6.001391 D/acc=0.238824 D/perp=697.298486 D/sec= 0.653903 lr=0.001000
SAMPLE #=> 主人は例の書斎で一馬が一々油断だが、直線に蠅に来いなど、首に迂回せらめ
2018-08-29 23:30:40,058 - main - INFO - [ 31] T/loss=4.285595 T/acc=0.279463 T/perp=76.088309 T/sec= 293.503723 D/loss=5.652769 D/acc=0.223529 D/perp=587.821145 D/sec= 0.722721 lr=0.001000
SAMPLE #=> 主人は例の書斎でいただきたいと思っていると称の客間を一つ大きなって、山の芋の系統への
2018-08-29 23:35:40,564 - main - INFO - [ 32] T/loss=4.267582 T/acc=0.280115 T/perp=74.742275 T/sec= 299.905094 D/loss=5.616561 D/acc=0.226471 D/perp=546.900278 D/sec= 0.600686 lr=0.001000
SAMPLE #=> 主人は例の書斎での事件に向って道場の方に来ると云うものだと見える。</s>しかし天地
2018-08-29 23:40:41,427 - main - INFO - [ 33] T/loss=4.247737 T/acc=0.283137 T/perp=73.228707 T/sec= 300.167667 D/loss=6.304107 D/acc=0.128824 D/perp=772.686733 D/sec= 0.695012 lr=0.001000
SAMPLE #=> 主人は例の書斎で何ほど手を知るうるである。と冥時の見たでもない人の
2018-08-29 23:45:43,635 - main - INFO - [ 34] T/loss=4.232624 T/acc=0.284101 T/perp=72.130731 T/sec= 301.564567 D/loss=6.249687 D/acc=0.170588 D/perp=749.277755 D/sec= 0.644301 lr=0.001000
SAMPLE #=> 主人は例の書斎で話し損じたものだが、こんな若いさんがちょっとこのくらい善の結果にようやくあちら
2018-08-29 23:50:51,416 - main - INFO - [ 35] T/loss=4.215023 T/acc=0.284336 T/perp=70.895698 T/sec= 307.034395 D/loss=5.458248 D/acc=0.257059 D/perp=462.942754 D/sec= 0.745978 lr=0.001000
SAMPLE #=> 主人は例の書斎で立派な関係を叩いている。</s>と買う事がないんが出給え。</s>
2018-08-29 23:55:58,550 - main - INFO - [ 36] T/loss=4.195098 T/acc=0.286590 T/perp=69.525052 T/sec= 306.571368 D/loss=5.886581 D/acc=0.226471 D/perp=579.678209 D/sec= 0.562711 lr=0.001000
SAMPLE #=> 主人は例の書斎で出ても何等の罪の立っているのである。</s>迷亭はむやみに知るべ
2018-08-30 00:01:10,047 - main - INFO - [ 37] T/loss=4.179273 T/acc=0.287357 T/perp=68.349946 T/sec= 310.666186 D/loss=5.847407 D/acc=0.229412 D/perp=548.461367 D/sec= 0.831437 lr=0.001000
SAMPLE #=> 主人は例の書斎でおれを始終時の鳴き声が尻尾の掃除を移して主人が天下にいきなり込んで
2018-08-30 00:06:20,900 - main - INFO - [ 38] T/loss=4.161647 T/acc=0.288561 T/perp=67.097659 T/sec= 310.162252 D/loss=6.572260 D/acc=0.184118 D/perp=906.874632 D/sec= 0.690266 lr=0.001000
SAMPLE #=> 主人は例の書斎で酒を驚かすの摺会では奇観な。</s>何なところが気の体で
2018-08-30 00:11:30,658 - main - INFO - [ 39] T/loss=4.146545 T/acc=0.290273 T/perp=66.161732 T/sec= 309.072180 D/loss=5.820536 D/acc=0.207647 D/perp=512.830663 D/sec= 0.685460 lr=0.001000
SAMPLE #=> 主人は例の書斎で棚の煙草を発見して風教上をピラミッドのごとく新劇に考え込んだ。</s>尻尾
2018-08-30 00:16:38,612 - main - INFO - [ 40] T/loss=4.129560 T/acc=0.290959 T/perp=65.027954 T/sec= 307.329809 D/loss=6.517092 D/acc=0.192941 D/perp=791.430625 D/sec= 0.624900 lr=0.001000
SAMPLE #=> 主人は例の書斎で、やっと忘却しているものである。</s>もう少し牡蠣人間の高さを孔雀の珠
2018-08-30 00:21:50,372 - main - INFO - [ 41] T/loss=4.118721 T/acc=0.290930 T/perp=64.308568 T/sec= 311.099707 D/loss=6.151901 D/acc=0.139412 D/perp=617.471023 D/sec= 0.659775 lr=0.001000
SAMPLE #=> 主人は例の書斎で一面だけへ持ち不思議だかとやはり翌朝にしていると云われると思う
2018-08-30 00:27:06,535 - main - INFO - [ 42] T/loss=4.101450 T/acc=0.292609 T/perp=63.180261 T/sec= 315.269263 D/loss=5.928040 D/acc=0.206471 D/perp=515.105671 D/sec= 0.893899 lr=0.001000
SAMPLE #=> 主人は例の書斎でいるらしい。と聞いて、同老超然のまですものの音がとった事が
2018-08-30 00:32:14,546 - main - INFO - [ 43] T/loss=4.087504 T/acc=0.293348 T/perp=62.267770 T/sec= 307.393849 D/loss=6.518629 D/acc=0.181765 D/perp=810.830030 D/sec= 0.617085 lr=0.001000
SAMPLE #=> 主人は例の書斎で叮嚀に我慢すると云ったもので勤まる。</s>現に迷亭君は幸福が悲壮の
2018-08-30 00:37:22,067 - main - INFO - [ 44] T/loss=4.073953 T/acc=0.294072 T/perp=61.426981 T/sec= 306.830024 D/loss=5.775580 D/acc=0.236471 D/perp=463.812542 D/sec= 0.691208 lr=0.001000
SAMPLE #=> 主人は例の書斎で薫ずる椀時以上に控えて、薄い苦い臘で冷然といえば貰いかねる。</s>
2018-08-30 00:42:26,042 - main - INFO - [ 45] T/loss=4.059735 T/acc=0.294369 T/perp=60.539682 T/sec= 303.331602 D/loss=5.871467 D/acc=0.201765 D/perp=486.238374 D/sec= 0.643245 lr=0.001000
SAMPLE #=> 主人は例の書斎でつくづく自分の煉瓦を構えて狭き旨いになる。</s>真黒なじゃない。</s>偶然
2018-08-30 00:47:31,639 - main - INFO - [ 46] T/loss=4.045380 T/acc=0.295871 T/perp=59.671344 T/sec= 304.974571 D/loss=5.839991 D/acc=0.217059 D/perp=498.875757 D/sec= 0.622913 lr=0.001000
SAMPLE #=> 主人は例の書斎で警察を持って鍔と椽側攫みをは出してると見えて猫があって、
2018-08-30 00:52:36,295 - main - INFO - [ 47] T/loss=4.032628 T/acc=0.297103 T/perp=58.887715 T/sec= 304.073998 D/loss=6.433537 D/acc=0.187647 D/perp=782.832445 D/sec= 0.581749 lr=0.001000
SAMPLE #=> 主人は例の書斎でも考え込んの所に遭遇すばならぬくらいに心配している。</s>鼠は
2018-08-30 00:57:43,874 - main - INFO - [ 48] T/loss=4.020049 T/acc=0.296715 T/perp=58.198921 T/sec= 306.875548 D/loss=6.276921 D/acc=0.141176 D/perp=672.830241 D/sec= 0.702863 lr=0.001000
SAMPLE #=> 主人は例の書斎で罪に往来を癒す写生があると云ったのじゃないの。と主人は御馳走
2018-08-30 01:02:49,724 - main - INFO - [ 49] T/loss=4.007303 T/acc=0.297026 T/perp=57.457842 T/sec= 305.191705 D/loss=5.761414 D/acc=0.222941 D/perp=463.543263 D/sec= 0.659088 lr=0.001000
SAMPLE #=> 主人は例の書斎で茶碗でゴシゴシ針箱から後ろへひどく体面が出る。</s>約年寒月の援兵からかけ
2018-08-30 01:07:55,766 - main - INFO - [ 50] T/loss=3.993997 T/acc=0.299252 T/perp=56.700554 T/sec= 305.429897 D/loss=5.936694 D/acc=0.174706 D/perp=502.824381 D/sec= 0.611719 lr=0.001000
SAMPLE #=> 主人は例の書斎であると誇る猫だと無理が、発達して以上も非常に出来ずで険
2018-08-30 01:13:04,712 - main - INFO - [ 51] T/loss=3.982150 T/acc=0.299765 T/perp=55.999433 T/sec= 308.274736 D/loss=5.844706 D/acc=0.197059 D/perp=488.066512 D/sec= 0.671053 lr=0.001000
SAMPLE #=> 主人は例の書斎で、食事を崩すとはないな、主人は遥かに聞くものに随分人望とこに
2018-08-30 01:18:07,416 - main - INFO - [ 52] T/loss=3.970568 T/acc=0.300537 T/perp=55.356495 T/sec= 301.939117 D/loss=5.596154 D/acc=0.172353 D/perp=374.203045 D/sec= 0.765489 lr=0.001000
SAMPLE #=> 主人は例の書斎で判然する方より承知なる。</s>大和魂は固より武抜けだした。</s>だから主人の
2018-08-30 01:23:12,434 - main - INFO - [ 53] T/loss=3.959363 T/acc=0.300436 T/perp=54.775427 T/sec= 304.329154 D/loss=5.679818 D/acc=0.207059 D/perp=449.850456 D/sec= 0.688344 lr=0.001000
SAMPLE #=> 主人は例の書斎でいた。</s>思い切って東西時間は相する句はない。</s>君はいえ。
2018-08-30 01:28:17,336 - main - INFO - [ 54] T/loss=3.945360 T/acc=0.302091 T/perp=54.001684 T/sec= 304.257545 D/loss=6.141545 D/acc=0.178824 D/perp=600.611908 D/sec= 0.644445 lr=0.001000
SAMPLE #=> 主人は例の書斎で彼の開き戸を食ったと、懇意に思わずも存在するのも分りません
2018-08-30 01:33:24,301 - main - INFO - [ 55] T/loss=3.937149 T/acc=0.301626 T/perp=53.495967 T/sec= 306.348402 D/loss=6.189498 D/acc=0.166471 D/perp=618.686752 D/sec= 0.616855 lr=0.001000
SAMPLE #=> 主人は例の書斎で眼を沿うて首を覗き込んで見るとあらない。</s>誰でも箒でし
2018-08-30 01:38:33,769 - main - INFO - [ 56] T/loss=3.927727 T/acc=0.303333 T/perp=52.982812 T/sec= 308.788038 D/loss=6.230123 D/acc=0.248235 D/perp=638.120288 D/sec= 0.679461 lr=0.001000
SAMPLE #=> 主人は例の書斎で顔と聞いた。</s>だんだん君と僕を一五通り掛声くらいだ。</s>今から何
2018-08-30 01:43:40,778 - main - INFO - [ 57] T/loss=3.918494 T/acc=0.302787 T/perp=52.484687 T/sec= 306.365954 D/loss=5.693421 D/acc=0.164118 D/perp=409.972179 D/sec= 0.642915 lr=0.001000
SAMPLE #=> 主人は例の書斎で赤ん坊の手の安即ち起らぬと見えると、生徒が一向間が成功しない
2018-08-30 01:48:54,177 - main - INFO - [ 58] T/loss=3.907031 T/acc=0.303501 T/perp=51.916850 T/sec= 312.618829 D/loss=5.699529 D/acc=0.168235 D/perp=394.593124 D/sec= 0.780826 lr=0.001000
SAMPLE #=> 主人は例の書斎でハリソンのゴワゴワ致して真人間でも立たぬ事はない。</s>雑巾じゃどうせずいい
2018-08-30 01:53:59,241 - main - INFO - [ 59] T/loss=3.899031 T/acc=0.303966 T/perp=51.437122 T/sec= 304.470081 D/loss=6.115482 D/acc=0.095882 D/perp=524.564259 D/sec= 0.593284 lr=0.001000
SAMPLE #=> 主人は例の書斎で撫でてしまう。</s>これは恨めしい事をしたからその顔だと云う心持ちと
2018-08-30 01:59:07,293 - main - INFO - [ 60] T/loss=3.887554 T/acc=0.304528 T/perp=50.934938 T/sec= 307.416864 D/loss=6.185451 D/acc=0.118235 D/perp=582.846062 D/sec= 0.635667 lr=0.001000
SAMPLE #=> 主人は例の書斎で寝る顔を並べてかいている。</s>その煙だけの樽国家に前を眠っ
2018-08-30 02:04:15,101 - main - INFO - [ 61] T/loss=3.876430 T/acc=0.304719 T/perp=50.256610 T/sec= 307.223081 D/loss=6.387598 D/acc=0.102941 D/perp=667.975886 D/sec= 0.584465 lr=0.001000
SAMPLE #=> 主人は例の書斎でいる、私の瓦がからかうの御三はやっとは第居士に皮共是立つ
2018-08-30 02:09:20,902 - main - INFO - [ 62] T/loss=3.866507 T/acc=0.305400 T/perp=49.837078 T/sec= 305.177697 D/loss=5.976946 D/acc=0.174118 D/perp=462.555802 D/sec= 0.623962 lr=0.001000
SAMPLE #=> 主人は例の書斎で例の頭の女学校として砂糖が稀にいるのを成功しているやと思っ
2018-08-30 02:14:29,958 - main - INFO - [ 63] T/loss=3.854153 T/acc=0.306710 T/perp=49.217782 T/sec= 308.370643 D/loss=5.801820 D/acc=0.211765 D/perp=404.547106 D/sec= 0.685154 lr=0.001000
SAMPLE #=> 主人は例の書斎で、堅い僭上の為本であるそうでない。</s>主人の砲手が妻君やはめ
2018-08-30 02:19:39,369 - main - INFO - [ 64] T/loss=3.844541 T/acc=0.307252 T/perp=48.708828 T/sec= 308.563992 D/loss=6.383021 D/acc=0.143529 D/perp=685.829897 D/sec= 0.846704 lr=0.001000
SAMPLE #=> 主人は例の書斎でその自覚近く、かくの事である。</s>実は今の教師の人もそれです
2018-08-30 02:24:56,016 - main - INFO - [ 65] T/loss=3.839864 T/acc=0.307295 T/perp=48.501715 T/sec= 316.064458 D/loss=6.036473 D/acc=0.128235 D/perp=488.514541 D/sec= 0.582677 lr=0.001000
SAMPLE #=> 主人は例の書斎で、大きな文章な紫色の細君に賄賂を謡われそうにも出来ない。</s>白磁
2018-08-30 02:30:06,907 - main - INFO - [ 66] T/loss=3.829491 T/acc=0.307770 T/perp=47.979739 T/sec= 310.172458 D/loss=6.507653 D/acc=0.129412 D/perp=699.667086 D/sec= 0.718817 lr=0.001000
SAMPLE #=> 主人は例の書斎で主人へ飛び込む。と右の頭を下ろしてが、ぱっと読んでいるな。</s>
2018-08-30 02:35:16,448 - main - INFO - [ 67] T/loss=3.817972 T/acc=0.308978 T/perp=47.370778 T/sec= 308.822427 D/loss=6.370886 D/acc=0.116471 D/perp=622.517638 D/sec= 0.718361 lr=0.001000
SAMPLE #=> 主人は例の書斎で越智先生と密談するよりも有りばございますんです。</s>昨日今泣いたついで
2018-08-30 02:40:25,216 - main - INFO - [ 68] T/loss=3.809402 T/acc=0.309813 T/perp=46.990850 T/sec= 308.129867 D/loss=5.726581 D/acc=0.141765 D/perp=357.840235 D/sec= 0.638389 lr=0.001000
SAMPLE #=> 主人は例の書斎で行くから、このじゃ教師を二字の神様を切り開いて真に変でもなる。
2018-08-30 02:45:38,581 - main - INFO - [ 69] T/loss=3.803717 T/acc=0.309122 T/perp=46.733251 T/sec= 312.693969 D/loss=6.375861 D/acc=0.170000 D/perp=640.851279 D/sec= 0.670935 lr=0.001000
SAMPLE #=> 主人は例の書斎で蠅へ目撃して再拝と、茫二三本しかいかかる音がある。</s>
2018-08-30 02:50:48,021 - main - INFO - [ 70] T/loss=3.787521 T/acc=0.311506 T/perp=45.970953 T/sec= 308.633064 D/loss=6.391390 D/acc=0.160588 D/perp=644.893779 D/sec= 0.807241 lr=0.001000
SAMPLE #=> 主人は例の書斎で行わるるに極まっている。</s>魚になって</s>へえ。</s>ずうずうしいけれどもすべです
2018-08-30 02:55:53,092 - main - INFO - [ 71] T/loss=3.781614 T/acc=0.310902 T/perp=45.683019 T/sec= 304.319526 D/loss=6.650104 D/acc=0.132941 D/perp=829.625191 D/sec= 0.751343 lr=0.001000
SAMPLE #=> 主人は例の書斎で、赤い鰹節を目撃していた。</s>御老さんさ。</s>金田の御
2018-08-30 03:01:02,859 - main - INFO - [ 72] T/loss=3.770559 T/acc=0.311741 T/perp=45.222818 T/sec= 309.140388 D/loss=6.284220 D/acc=0.175294 D/perp=593.045502 D/sec= 0.626106 lr=0.001000
SAMPLE #=> 主人は例の書斎では、大事件はうの当時雑煮を押して背中を落ちてしまいたい。</s>
2018-08-30 03:06:09,969 - main - INFO - [ 73] T/loss=3.761960 T/acc=0.311727 T/perp=44.802989 T/sec= 306.523560 D/loss=6.915240 D/acc=0.192941 D/perp=1048.009750 D/sec= 0.586694 lr=0.001000
SAMPLE #=> 主人は例の書斎でご似合で、これを俗語で手瓜を匕首をとるための麺の戦争も
2018-08-30 03:11:21,854 - main - INFO - [ 74] T/loss=3.754240 T/acc=0.313434 T/perp=44.515779 T/sec= 311.192347 D/loss=6.497901 D/acc=0.142941 D/perp=703.171479 D/sec= 0.692858 lr=0.001000
SAMPLE #=> 主人は例の書斎でダムダム弾を向く。</s>まあと云う事は心得ている。</s>主人と云わずの
2018-08-30 03:16:32,963 - main - INFO - [ 75] T/loss=3.743512 T/acc=0.313554 T/perp=44.000878 T/sec= 310.300752 D/loss=5.925957 D/acc=0.208824 D/perp=434.195391 D/sec= 0.808068 lr=0.001000
SAMPLE #=> 主人は例の書斎で枝を通る事は構わず相手を解した輓近のような人は手をわが物顔
2018-08-30 03:21:48,269 - main - INFO - [ 76] T/loss=3.735493 T/acc=0.313981 T/perp=43.633632 T/sec= 314.655945 D/loss=6.282701 D/acc=0.168824 D/perp=591.967727 D/sec= 0.649590 lr=0.001000
SAMPLE #=> 主人は例の書斎で来て、やっと集ってくる。</s>主人も少々食い、物に背く。</s>惜し
2018-08-30 03:26:58,307 - main - INFO - [ 77] T/loss=3.725527 T/acc=0.314906 T/perp=43.216729 T/sec= 309.298440 D/loss=6.028511 D/acc=0.202353 D/perp=494.607468 D/sec= 0.740208 lr=0.001000
SAMPLE #=> 主人は例の書斎で、いちじるしく野郎の滑稽としてあってる。</s>もし何と云う感じを出来た点が
2018-08-30 03:32:06,450 - main - INFO - [ 78] T/loss=3.718720 T/acc=0.314806 T/perp=42.965123 T/sec= 307.486764 D/loss=5.571525 D/acc=0.184706 D/perp=297.088736 D/sec= 0.655507 lr=0.001000
SAMPLE #=> 主人は例の書斎で主人の奥を拭いているとも眼をもって猫を君の註釈を寄
2018-08-30 03:37:14,757 - main - INFO - [ 79] T/loss=3.711846 T/acc=0.316719 T/perp=42.680847 T/sec= 307.593697 D/loss=6.305533 D/acc=0.178235 D/perp=640.540325 D/sec= 0.713369 lr=0.001000
SAMPLE #=> 主人は例の書斎で吾輩のしきりにおとなしくして来ておいて、独りで竹垣の方で寝るになる
2018-08-30 03:42:24,085 - main - INFO - [ 80] T/loss=3.703734 T/acc=0.316048 T/perp=42.325969 T/sec= 308.677550 D/loss=6.571656 D/acc=0.174118 D/perp=782.413399 D/sec= 0.651251 lr=0.001000
SAMPLE #=> 主人は例の書斎で出入する価値がありましょう。</s>吾輩は胃弱西洋人は叱りつけるのだ。</s>これから
2018-08-30 03:47:42,324 - main - INFO - [ 81] T/loss=3.694833 T/acc=0.317314 T/perp=41.937781 T/sec= 317.612818 D/loss=6.495006 D/acc=0.158235 D/perp=713.659680 D/sec= 0.625759 lr=0.001000
SAMPLE #=> 主人は例の書斎で来た、その局部じゃ迷惑に捨てては自と思えばよいと云われた
2018-08-30 03:52:52,637 - main - INFO - [ 82] T/loss=3.686964 T/acc=0.317899 T/perp=41.590020 T/sec= 309.615625 D/loss=6.524770 D/acc=0.244118 D/perp=718.362509 D/sec= 0.697846 lr=0.001000
SAMPLE #=> 主人は例の書斎で寝転びたる小形の妻君は彼がその教育を為し工夫候ように上がったりこまったよう
2018-08-30 03:58:09,231 - main - INFO - [ 83] T/loss=3.678609 T/acc=0.318072 T/perp=41.260462 T/sec= 315.898476 D/loss=5.560011 D/acc=0.204118 D/perp=309.031283 D/sec= 0.695301 lr=0.001000
SAMPLE #=> 主人は例の書斎で東風でである。</s>重太郎さえ遠慮するなところだが、そんなのは琥珀と
2018-08-30 04:03:27,841 - main - INFO - [ 84] T/loss=3.673208 T/acc=0.318863 T/perp=41.007340 T/sec= 317.866032 D/loss=5.929063 D/acc=0.171176 D/perp=418.341512 D/sec= 0.743771 lr=0.001000
SAMPLE #=> 主人は例の書斎で眼を持って行く。</s>現にこの伯父さん、堅い上部を起して、巻煙草の
2018-08-30 04:08:50,608 - main - INFO - [ 85] T/loss=3.664863 T/acc=0.318825 T/perp=40.662392 T/sec= 322.030475 D/loss=6.124427 D/acc=0.125882 D/perp=482.685568 D/sec= 0.736502 lr=0.001000
SAMPLE #=> 主人は例の書斎であると、両替町の事がするにも、この時大地をやる事を棄春めい
2018-08-30 04:14:19,790 - main - INFO - [ 86] T/loss=3.660210 T/acc=0.319597 T/perp=40.484145 T/sec= 328.531522 D/loss=6.055365 D/acc=0.189412 D/perp=484.547353 D/sec= 0.650397 lr=0.001000
SAMPLE #=> 主人は例の書斎で習慣でなら得ない。</s>旧暦の文壇に十百から云わるる事のあるもの
2018-08-30 04:19:39,170 - main - INFO - [ 87] T/loss=3.654467 T/acc=0.319348 T/perp=40.285040 T/sec= 318.612423 D/loss=6.359714 D/acc=0.168824 D/perp=617.850304 D/sec= 0.767396 lr=0.001000
SAMPLE #=> 主人は例の書斎で消えて見た。</s>こう間違っますから、空加減は足として取り扱って玄関を
2018-08-30 04:24:59,294 - main - INFO - [ 88] T/loss=3.647835 T/acc=0.320403 T/perp=39.983247 T/sec= 319.445113 D/loss=6.590812 D/acc=0.190588 D/perp=755.952101 D/sec= 0.679101 lr=0.001000
SAMPLE #=> 主人は例の書斎で隣りの間は脳学や御面晤を挟むと小生と十日び候も動ずる
2018-08-30 04:30:25,054 - main - INFO - [ 89] T/loss=3.640991 T/acc=0.320906 T/perp=39.702333 T/sec= 325.053511 D/loss=6.849760 D/acc=0.196471 D/perp=960.553318 D/sec= 0.706965 lr=0.001000
SAMPLE #=> 主人は例の書斎でもっとも聡明は小療治になる。</s>まさか出ているの今日より逢った、これ
2018-08-30 04:35:45,422 - main - INFO - [ 90] T/loss=3.633521 T/acc=0.321381 T/perp=39.399198 T/sec= 319.563468 D/loss=6.217465 D/acc=0.186471 D/perp=545.543704 D/sec= 0.803688 lr=0.001000
SAMPLE #=> 主人は例の書斎で向って見るほどよろしいが、出来たように尽力するのか、アンドレア・デル・サルトをつくって
2018-08-30 04:41:10,228 - main - INFO - [ 91] T/loss=3.627296 T/acc=0.322273 T/perp=39.213917 T/sec= 324.034118 D/loss=5.916989 D/acc=0.178235 D/perp=394.968346 D/sec= 0.771808 lr=0.001000
SAMPLE #=> 主人は例の書斎で見ると、どうも今主義ばかり立たず仕るから、さればのと真面目に興の
2018-08-30 04:46:24,102 - main - INFO - [ 92] T/loss=3.619493 T/acc=0.322892 T/perp=38.904760 T/sec= 313.179982 D/loss=6.615995 D/acc=0.162941 D/perp=757.584698 D/sec= 0.694917 lr=0.001000
SAMPLE #=> 主人は例の書斎である。</s>主人は姉のある運動を二返椀の上から落ちた。</s>
2018-08-30 04:51:37,386 - main - INFO - [ 93] T/loss=3.612009 T/acc=0.322806 T/perp=38.613848 T/sec= 312.613902 D/loss=6.942309 D/acc=0.127059 D/perp=1045.437918 D/sec= 0.670172 lr=0.001000
SAMPLE #=> 主人は例の書斎で昼寝がしたと例がある。</s>彼の気焔を裂きわると鏡が悪かっ
2018-08-30 04:56:52,648 - main - INFO - [ 94] T/loss=3.603562 T/acc=0.324139 T/perp=38.288185 T/sec= 314.490610 D/loss=5.993053 D/acc=0.205294 D/perp=416.785730 D/sec= 0.770393 lr=0.001000
SAMPLE #=> 主人は例の書斎で</s>第一章の侍女を胡返して眼を曝たくっては急には茶人
2018-08-30 05:01:07,392 - main - INFO - [ 95] T/loss=3.593534 T/acc=0.324873 T/perp=37.872705 T/sec= 254.275631 D/loss=5.847995 D/acc=0.211176 D/perp=367.255875 D/sec= 0.469082 lr=0.001000
SAMPLE #=> 主人は例の書斎で一番風になったものを見計らってにやにやすれば、その上の暖簾の積に
2018-08-30 05:06:24,280 - main - INFO - [ 96] T/loss=3.587944 T/acc=0.325885 T/perp=37.714881 T/sec= 316.154330 D/loss=6.125299 D/acc=0.227647 D/perp=475.559970 D/sec= 0.733145 lr=0.001000
SAMPLE #=> 主人は例の書斎では慰藉しない。</s>やがて金田君の評を及第してすむものがやめて
2018-08-30 05:10:58,055 - main - INFO - [ 97] T/loss=3.583704 T/acc=0.325588 T/perp=37.502990 T/sec= 273.303932 D/loss=7.288518 D/acc=0.152353 D/perp=1473.014159 D/sec= 0.471198 lr=0.001000
SAMPLE #=> 主人は例の書斎で吾輩の正面へ話しかける。</s>飛び込みがせずの前なののです。</s>先生
2018-08-30 05:14:58,423 - main - INFO - [ 98] T/loss=3.576849 T/acc=0.326882 T/perp=37.304645 T/sec= 239.800968 D/loss=6.373705 D/acc=0.152353 D/perp=602.224228 D/sec= 0.566810 lr=0.001000
SAMPLE #=> 主人は例の書斎で掻きる。</s>彼は主人の中に足の真中へ向けて湯へ描いて
2018-08-30 05:19:04,665 - main - INFO - [ 99] T/loss=3.569761 T/acc=0.326974 T/perp=36.973989 T/sec= 245.543286 D/loss=7.113926 D/acc=0.181176 D/perp=1239.954165 D/sec= 0.699550 lr=0.001000
SAMPLE #=> 主人は例の書斎で親切を連想する。</s>しかるに、神君の身が頬へ響くと蓄積して
2018-08-30 05:23:41,565 - main - INFO - [100] T/loss=3.562461 T/acc=0.327851 T/perp=36.772139 T/sec= 276.349750 D/loss=6.773683 D/acc=0.165294 D/perp=879.905358 D/sec= 0.549611 lr=0.001000
SAMPLE #=> 主人は例の書斎で竹垣を出して人間の重みに伝える。</s>果してあの両洲得意がない以上は
loading early stopped-model at epoch 25
主人は例の書斎で去るまま舟に叩いて困らないならないはずはない。
おとなしく繰り返して一三中へかかる事遣極ても弱りぬほどまで休養に見縊皿顔色ではない。
よく存外本から食ったぎりほとんどにゃーにゃーと逼籠で盛り込まずの倔強になっでは、明日が真理が横っ面てくれる。
そうですか、持主に買って使わない。
あの中葉は冗談になる。
いつだから。と全体僕がそんなに取られるものであるのだ。
吾輩の声と生れる行ききて、こんなフ厚き民乱暴なうちから建仁寺を抗する辺が騒々しいとか少々分の考えて控えて教師の功能が、今度は、御胃弱なあら、靴へ廻ると見えていなくったらしい。
仕方がないか？
車は銘を奇観のにちょっとやって障子を沈黙したから、本当者を文章の顔にせんと東風も娘がようで水になって立ち上がったのがないね。
されば一家に自慢したものだよ。
約十冊裡あったり遥かを以て拝趨を相成る々の音に敷かないのが出る。
ぴん三世相に来ていてと迷亭先生を頭は皆虚子と馬は是非つけたか、煙草に遭遇しなければなぜ。と寒月君の駄目に見たん。
そうして一度人に道破していると云うのを造ったものはしかし君そんな語も鐘たっている。
——いよいよ指を諒が文学者か全くその本が人道の店先を置けば業を裏の方を人の黒い事であるだ。
先生と両君さんの宴会の意志の酢味噌にやって密猟勝手毎に向って吹聴年としてなるたびを小生あらあんなたんびにふて懸けて見ると思って費やしたのは冷淡な上へ結び付けてがあります。
これから用心している訳か。
独りたか、今頃でも寒月君は雑巾に足りず、大分県の穴に赤十字とおっしゃるはずだばかりである。
ことに細君と御野原々て盤の中が松て、ちゃらちゃら考えたから寒月君は一向賢者の懲りないのな問題だ。
憚屋によってかくのおれが死ぬつもりだ。
それとおっしゃるところになるのの方だって、じれだがあぶない
2018-08-30 05:23:56,806 - main - INFO - time spent: 34246.168786 sec
