2020-08-21 07:51:30,867 - main - INFO - {
  "test": "datasets/mlit/04-test.txt",
  "pretrained": "cl-tohoku/bert-base-japanese-whole-word-masking",
  "model": "results_bert-4-mlt/early_stopped-uar.pth.tar",
  "batchsize": 64,
  "topN": 2,
  "out": "results_lime-bert-subword-mlit"
}

Linear(in_features=768, out_features=16, bias=True)
2020-08-21 07:52:21,185 - load_data - INFO - Loading dataset ... done.
2020-08-21 07:52:21,186 - main - DEBUG - ['ダッシュ ##ボード が 溶け て ベ ##ト ##ベト し て いる 。', 'NO ##X センサー の 不良 により 、 エンジン 警告 灯 が 点 ##き っ ##ぱ ##なし に なっ た 。', '電動 オープン の ルー ##フ を 閉じる とき に 、 エラー ##メッセ ##ージ が 出 て 幌 が 閉 ##まら なく なっ た 。']
2020-08-21 07:52:21,187 - main - DEBUG - [6, 3, 6]
# test  X: 5197, y: 5197, class: 16

Enter document ID [0..5197]=> 0
Document id: 0
True class: 車枠・車体
Probability (車枠・車体) = 0.871476
Probability (乗車装置) = 0.092782

Explanation of document id 0 for class 車枠・車体
('ボード', 0.5319475699273315)
('いる', 0.16350428116925098)
('ベ', 0.1198598983893719)
('ダッシュ', -0.09467334673550995)
('て', 0.08459260780356471)
('が', -0.07742958854689783)
('し', -0.0444915403293281)
('ト', -0.04122271503574596)
('溶け', 0.04102362816418765)
('ベト', -0.028252250025748566)

Explanation of document id 0 for class 乗車装置
('ボード', -0.21920380921004942)
('ダッシュ', 0.14143110765333594)
('が', 0.07171206685385868)
('溶け', 0.04524682789971206)
('ベト', -0.036533317109689004)
('し', 0.024203641701843935)
('ベ', -0.02047974956688656)
('て', -0.011450973202305084)
('いる', 0.005466010772075001)
('ト', -0.003695830917293938)

Enter document ID [0..5197]=> 1
Document id: 1
True class: 排ｶﾞｽ･騒音
Probability (排ｶﾞｽ･騒音) = 0.998319
Probability (エンジン) = 0.000820

Explanation of document id 1 for class 排ｶﾞｽ･騒音
('NO', 0.42538152284871833)
('センサー', 0.3772519946693516)
('警告', 0.2978991715224498)
('X', 0.18358036612659848)
('不良', 0.13453929024568975)
('灯', -0.09267097099927299)
('っ', -0.062385547696977)
('ぱ', 0.05936505803039751)
('エンジン', 0.04612568567346574)
('なっ', -0.04428876906781419)
('た', 0.03818592262763523)
('なし', -0.029531270520214495)
('の', 0.029419210991906843)
('き', -0.01798548695113034)
('が', -0.010046601280515599)
('により', -0.007182163182254321)
('に', -0.003191429832680617)
('点', 0.001988468643426564)

Explanation of document id 1 for class エンジン
('エンジン', 0.42186505863755713)
('NO', -0.3181662042409497)
('センサー', -0.19984584545232148)
('X', -0.1637026907343436)
('不良', -0.1164127026185445)
('灯', -0.09355962112082444)
('点', -0.048809075366359075)
('っ', 0.03320164999472117)
('が', 0.02914060014731163)
('の', -0.027191525906896708)
('ぱ', -0.023416296324527353)
('き', 0.01025375494102463)
('た', -0.007907971730937399)
('なし', -0.004519548215340037)
('なっ', 0.004487116773438385)
('警告', 0.0042376381911253674)
('により', -0.0031061353507030568)
('に', 0.0006967559141055735)

Enter document ID [0..5197]=> 2
Document id: 2
True class: 車枠・車体
Probability (車枠・車体) = 0.985893
Probability (乗車装置) = 0.011320

Explanation of document id 2 for class 車枠・車体
('幌', 0.5013137450946908)
('ルー', 0.23137753301097616)
('オープン', 0.1968308236892283)
('エラー', -0.11623114627469935)
('メッセ', -0.11026275434496388)
('て', 0.09101595803035813)
('ージ', -0.07986481061760292)
('フ', 0.07980550018453982)
('とき', -0.06941813651580153)
('に', 0.051031352683866604)
('た', 0.033221884936489976)
('出', -0.03190085607862651)
('閉', 0.027005735497691353)
('の', 0.026632828328032463)
('なく', -0.025769693745269776)
('まら', 0.01305747188854233)
('が', 0.012647583116034103)
('なっ', 0.010496152341308431)
('電動', 0.0005388318571075603)
('を', 0.0005028046063739261)

Explanation of document id 2 for class 乗車装置
('幌', -0.20129575793818857)
('エラー', 0.09434947061206042)
('オープン', -0.08993086512764539)
('電動', 0.06834872813298463)
('とき', 0.05829653939437563)
('フ', 0.05394716466079912)
('閉じる', 0.04624843654339475)
('メッセ', 0.041262471186494266)
('ージ', 0.03649856991885625)
('出', 0.03443802926337721)
('に', -0.034406433184360194)
('ルー', 0.03189838721055777)
('の', -0.029290730399354092)
('た', -0.018023853211639906)
('て', -0.01619227067730938)
('なく', 0.011800798038026953)
('なっ', -0.00758481462020197)
('閉', 0.0032738327545964482)
('が', -0.0010495441210793587)
('まら', -0.0007489229218199828)

Enter document ID [0..5197]=> 3
Document id: 3
True class: 制動装置
Probability (制動装置) = 0.999582
Probability (エンジン) = 0.000139

Explanation of document id 3 for class 制動装置
('ABS', 0.9421064269864183)
('動', -0.040386118358934284)
('灯', -0.033189032693091834)
('始', 0.020465989425387802)
('に', -0.016236749588051793)
('関わら', 0.011877612872026651)
('伴い', 0.011503811566338947)
('作動', 0.010853251947524206)
('た', -0.00989438666159855)
('な', -0.007816230524918151)
('常時', -0.005128579252108079)
('消', -0.0050232558805208515)
('症状', 0.004970344723572059)
('し', 0.004604416428926919)
('出', 0.004239803806603961)
('の', 0.004107457734382081)
('後', 0.0038754733936731856)
('再', 0.0035916549766133728)
('が', 0.0021922312069653825)
('よう', -0.001803011026389788)

Explanation of document id 3 for class エンジン
('ABS', -0.13357268801818858)
('動', 0.058566935113795765)
('灯', -0.049830892700645155)
('後', -0.036398603480865474)
('作動', -0.029803689467575046)
('症状', 0.029511086115964928)
('常時', -0.022102022234098306)
('始', 0.021875983092304273)
('伴い', 0.021174319287020196)
('消', -0.018132489658847138)
('点灯', -0.01659166410283152)
('な', -0.012923956823958182)
('も', -0.01159782354491631)
('ず', -0.010398036537718047)
('の', 0.009211296354783894)
('警告', 0.009145833018006968)
('た', -0.00875995805504195)
('が', 0.008677778852888104)
('関わら', -0.007148048698123524)
('に', 0.005916062134972112)

Enter document ID [0..5197]=> 4
Document id: 4
True class: エンジン
Probability (エンジン) = 0.998995
Probability (燃料装置) = 0.000396

Explanation of document id 4 for class エンジン
('エンジン', 0.2775285450800864)
('回転', 0.14523088254897967)
('する', -0.06985127299230752)
('急', -0.06782788808051766)
('不具合', 0.05946268294671612)
('が', 0.04499930339376789)
('フル', 0.03978193863165745)
('た', 0.01796855688356913)
('中', 0.017210485418268997)
('し', 0.01611654173691742)
('に', 0.015480533589187707)
('発生', 0.01416004972751321)
('回', -0.009296271286781775)
('停車', -0.006352848849919678)
('3', 0.006221721218149658)

Explanation of document id 4 for class 燃料装置
('停車', -0.0009346522050493417)
('中', 0.0008159796515637745)
('急', -0.0007172758661235115)
('不具合', -0.000576408153678157)
('する', 0.0005105057872658142)
('発生', -0.0005055872181994008)
('が', -0.0004852622830997782)
('回', -0.0004258551911113482)
('エンジン', -0.0003512380482400093)
('回転', -0.00030676363606742203)
('3', -0.00027717467957713874)
('に', -0.0001262634527732952)
('し', -9.23780052310014e-05)
('た', -8.548102955859837e-05)
('フル', 3.9273168275221565e-05)

2020-08-21 07:56:42,611 - <module> - INFO - time spent: 313.920918