{
  "gpu": -1,
  "train": "datasets/train.txt",
  "valid": "datasets/valid.txt",
  "w2v": "",
  "test": "datasets/test.txt",
  "unit": 100,
  "batchsize": 1000,
  "epoch": 10,
  "out": "result-2"
}
2018-08-26 23:40:59,316 - main - INFO - vocabulary size: 30291
2018-08-26 23:40:59,317 - main - INFO - number of word embedding dims: 100
2018-08-26 23:40:59,318 - main - INFO - number of lstm units: 100
2018-08-26 23:40:59,325 - main - INFO - number of tags: 13
2018-08-26 23:40:59,327 - main - INFO - train data length: 14041
2018-08-26 23:40:59,330 - main - INFO - valid data length: 3250
2018-08-26 23:40:59,332 - main - INFO - test  data length: 3453
2018-08-26 23:42:48,825 - main - INFO - [  1] T/loss=232.384121 T/f1=0.050008 T/acc=0.782777 T/sec= 97.154211 V/loss=86.347415 V/f1=0.314074 V/acc=0.881040 V/sec= 12.116898 lr=0.015000
2018-08-26 23:45:03,411 - main - INFO - [  2] T/loss=63.664165 T/f1=0.503488 T/acc=0.919009 T/sec= 121.797006 V/loss=40.649859 V/f1=0.685383 V/acc=0.941016 V/sec= 12.788929 lr=0.014250
2018-08-26 23:47:17,301 - main - INFO - [  3] T/loss=19.366438 T/f1=0.851152 T/acc=0.977258 T/sec= 121.516290 V/loss=34.110415 V/f1=0.789652 V/acc=0.956974 V/sec= 12.373877 lr=0.013537
2018-08-26 23:49:29,583 - main - INFO - [  4] T/loss=7.954919 T/f1=0.942060 T/acc=0.991288 T/sec= 119.935648 V/loss=41.662914 V/f1=0.801667 V/acc=0.956979 V/sec= 12.346802 lr=0.012861
2018-08-26 23:51:42,533 - main - INFO - [  5] T/loss=4.693933 T/f1=0.965265 T/acc=0.994906 T/sec= 120.657430 V/loss=31.042527 V/f1=0.828245 V/acc=0.963741 V/sec= 12.292401 lr=0.012218
2018-08-26 23:53:54,228 - main - INFO - [  6] T/loss=3.188941 T/f1=0.976217 T/acc=0.996639 T/sec= 119.360948 V/loss=41.321480 V/f1=0.819977 V/acc=0.960113 V/sec= 12.334350 lr=0.011607
2018-08-26 23:56:07,264 - main - INFO - [  7] T/loss=2.507073 T/f1=0.981987 T/acc=0.997497 T/sec= 120.710875 V/loss=35.193510 V/f1=0.824420 V/acc=0.961798 V/sec= 12.324529 lr=0.011026
2018-08-26 23:58:19,287 - main - INFO - [  8] T/loss=2.054557 T/f1=0.984467 T/acc=0.997804 T/sec= 119.536342 V/loss=34.944298 V/f1=0.823957 V/acc=0.961939 V/sec= 12.487044 lr=0.010475
2018-08-27 00:00:32,101 - main - INFO - [  9] T/loss=1.763035 T/f1=0.987059 T/acc=0.998298 T/sec= 120.126669 V/loss=37.285114 V/f1=0.824225 V/acc=0.962864 V/sec= 12.686673 lr=0.009951
2018-08-27 00:02:49,594 - main - INFO - [ 10] T/loss=1.509320 T/f1=0.987788 T/acc=0.998412 T/sec= 125.075724 V/loss=31.750890 V/f1=0.830045 V/acc=0.964075 V/sec= 12.418182 lr=0.009454
             precision    recall  f1-score   support

        LOC       0.90      0.78      0.83      1668
        PER       0.84      0.59      0.69      1617
        ORG       0.68      0.69      0.68      1661
       MISC       0.81      0.69      0.75       702

avg / total       0.81      0.69      0.74      5648

2018-08-27 00:03:32,922 - <module> - INFO - time spent: 1354.546996 sec