2020-08-21 07:49:27,136 - main - INFO - {
  "test": "datasets/rt-polarity/04-test.txt",
  "pretrained": "bert-base-uncased",
  "model": "results_bert-4-rt/early_stopped-uar.pth.tar",
  "batchsize": 64,
  "topN": 2,
  "out": "results_lime-bert-subword-rt"
}

Linear(in_features=768, out_features=2, bias=True)
2020-08-21 07:49:38,163 - load_data - INFO - Loading dataset ... done.
2020-08-21 07:49:38,164 - main - DEBUG - ['a visually flash ##y but narrative ##ly opaque and emotionally va ##pid exercise in style and my ##sti ##fication .', 'while the performances are often engaging , this loose collection of largely improvised numbers would probably have worked better as a one - hour tv documentary .', 'on a cutting room floor somewhere lies … footage that might have made no such thing a trench ##ant , ironic cultural satire instead of a frustrating mis ##fire .']
2020-08-21 07:49:38,164 - main - DEBUG - [0, 0, 0]
# test  X: 1066, y: 1066, class: 2

Enter document ID [0..1066]=> 0
Document id: 0
True class: 0
Probability (0) = 0.988464
Probability (1) = 0.011536

Explanation of document id 0 for class 0
('pid', 0.2638781076812105)
('opaque', 0.19493093394162633)
('va', 0.14111772448297713)
('and', -0.07000921762623179)
('emotionally', -0.05775203060488132)
('in', -0.05058837417097684)
('but', -0.041236925791098965)
('a', -0.04027007239259117)
('my', -0.0382126038056275)
('narrative', -0.03251564607900992)
('style', -0.029193711154148292)
('fication', 0.022344754395777006)
('y', -0.01620165847804197)
('exercise', 0.00865502179491645)
('ly', -0.008565875780031547)
('sti', 0.0059054230905909635)
('flash', 0.00462206699393289)
('visually', 0.0020202570469299666)

Explanation of document id 0 for class 1
('pid', -0.26387810905681125)
('opaque', -0.19493093216008053)
('va', -0.14111772756665797)
('and', 0.07000921555062066)
('emotionally', 0.05775203402314305)
('in', 0.05058837948515464)
('but', 0.04123692663095498)
('a', 0.04027007116764118)
('my', 0.03821260301878023)
('narrative', 0.03251564294832647)
('style', 0.029193713060257784)
('fication', -0.022344755084083213)
('y', 0.016201661409198386)
('exercise', -0.008655024132245425)
('ly', 0.008565875890614204)
('sti', -0.005905422756075881)
('flash', -0.004622067486400607)
('visually', -0.0020202582566745224)

Enter document ID [0..1066]=> 1
Document id: 1
True class: 0
Probability (0) = 0.938722
Probability (1) = 0.061278

Explanation of document id 1 for class 0
('while', 0.2537336823927946)
('engaging', -0.15546396141176771)
('better', 0.044803041620091744)
('improvised', 0.03648758771927471)
('largely', 0.03531048617749969)
('one', 0.0341383299256559)
('tv', 0.029814856005019267)
('probably', 0.027085332371080156)
('of', -0.027064700509103336)
('are', -0.02617920488706118)
('would', -0.024256759785538384)
('often', 0.022490910581426975)
('as', 0.021097915112056775)
('collection', -0.01891585424508732)
('worked', 0.015415900444578306)
('the', -0.014989579392989467)
('performances', 0.012076664074664093)
('have', -0.009759985708001725)
('a', 0.0074469328359099566)
('loose', 0.004849577656708154)

Explanation of document id 1 for class 1
('while', -0.2537336807503012)
('engaging', 0.15546395999100762)
('better', -0.04480304215134313)
('improvised', -0.0364875852170782)
('largely', -0.03531048634540958)
('one', -0.03413832681877805)
('tv', -0.029814856848923012)
('probably', -0.02708533001401223)
('of', 0.02706470310831689)
('are', 0.026179203648567184)
('would', 0.024256760876988828)
('often', -0.02249090878495322)
('as', -0.02109791355997452)
('collection', 0.018915854496700545)
('worked', -0.015415900377943005)
('the', 0.014989578786332112)
('performances', -0.012076664696030272)
('have', 0.009759984430461536)
('a', -0.007446933765281435)
('loose', -0.0048495781620424)

Enter document ID [0..1066]=> 2
Document id: 2
True class: 0
Probability (0) = 0.984567
Probability (1) = 0.015433

Explanation of document id 2 for class 0
('no', 0.11140142429212654)
('of', -0.1067847493350977)
('might', 0.04559901434638113)
('somewhere', 0.04098869394081293)
('floor', 0.036648592883895985)
('ironic', -0.033707826432767624)
('made', 0.0287893484873653)
('instead', 0.026258158566354255)
('satire', -0.025026366864126837)
('footage', 0.024578761739842716)
('mis', 0.020498344511875266)
('on', -0.020479874036092277)
('trench', -0.017760892671776694)
('room', 0.015566413306464702)
('fire', 0.01414760373468636)
('have', 0.013908610849527629)
('cultural', -0.013738129244492992)
('cutting', 0.012192765300825926)
('a', 0.007149368924048343)
('lies', 0.006436842402890165)

Explanation of document id 2 for class 1
('no', -0.11140142304530967)
('of', 0.10678475007921284)
('might', -0.0455990123463493)
('somewhere', -0.04098869328527264)
('floor', -0.036648593060464446)
('ironic', 0.033707827874285945)
('made', -0.02878934987788958)
('instead', -0.026258156858776815)
('satire', 0.02502636452235985)
('footage', -0.024578763161469053)
('mis', -0.020498342806613314)
('on', 0.02047986868943191)
('trench', 0.01776089052876314)
('room', -0.015566412682881888)
('fire', -0.01414760347309318)
('have', -0.013908613149295174)
('cultural', 0.013738128380425986)
('cutting', -0.012192763764722687)
('a', -0.007149368040275273)
('lies', -0.0064368417852784495)

Enter document ID [0..1066]=> 3
Document id: 3
True class: 0
Probability (0) = 0.821797
Probability (1) = 0.178203

Explanation of document id 3 for class 0
('courage', -0.1815796486660243)
('between', 0.10654374723808749)
('and', 0.10413671976463411)
('movies', 0.06945144692204101)
('to', -0.056105912748098605)
('stupid', 0.04942765080828253)
('difference', 0.04906462832826786)
('top', -0.04395031380946815)
('with', -0.039345926270219864)
('about', 0.03854246577835742)
('that', 0.030647796060624583)
('a', -0.02884040860208428)
('over', 0.02762907732065903)
('care', 0.02170798143372169)
('don', -0.020083797250264455)
('there', -0.01838544787225364)
('go', 0.017691497062354768)
('the', -0.013745316054249588)
('t', 0.013315828608022435)
('being', -0.010609341066664089)

Explanation of document id 3 for class 1
('courage', 0.18157964647050817)
('between', -0.1065437470267603)
('and', -0.10413672049049616)
('movies', -0.06945144937019872)
('to', 0.056105910044334524)
('stupid', -0.04942765133305517)
('difference', -0.04906462906777916)
('top', 0.04395031474364981)
('with', 0.03934592672367984)
('about', -0.038542464627306296)
('that', -0.030647795227205774)
('a', 0.02884040999985712)
('over', -0.02762907831360362)
('care', -0.021707978685866706)
('don', 0.0200837957466543)
('there', 0.018385447543202434)
('go', -0.01769149808967038)
('the', 0.013745317017292622)
('t', -0.013315829724459343)
('being', 0.010609339667948888)

Enter document ID [0..1066]=> 4
Document id: 4
True class: 0
Probability (0) = 0.982935
Probability (1) = 0.017065

Explanation of document id 4 for class 0
('but', 0.09665688007287544)
('about', 0.06430116496489012)
('as', 0.06315904686217555)
('result', 0.05638075245322868)
('issues', -0.04909736463350202)
('iran', -0.04805685986318101)
('broadcast', 0.045617005671943475)
('tries', 0.042019769484250645)
('subtle', 0.03199830113124495)
('that', 0.02325963676154409)
('pay', 0.021585714334336703)
('raise', 0.020419063760514312)
('ami', -0.020169762465981744)
('party', 0.018882676910028384)
('film', -0.017648146400523958)
('the', 0.015823235363241008)
('process', -0.0153474881903017)
('a', 0.009942341071703468)
('serious', -0.007644978012128254)
('some', 0.0062479774741540746)

Explanation of document id 4 for class 1
('but', -0.09665688028557372)
('about', -0.0643011676055808)
('as', -0.06315905022142133)
('result', -0.05638075282607585)
('issues', 0.04909736547201067)
('iran', 0.04805685971052354)
('broadcast', -0.045617005527372495)
('tries', -0.04201977009760551)
('subtle', -0.03199830214485032)
('that', -0.023259637460510713)
('pay', -0.021585715224149)
('raise', -0.02041906431947474)
('ami', 0.020169763102695238)
('party', -0.01888267419293245)
('film', 0.017648144417594408)
('the', -0.01582323710381275)
('process', 0.015347489175849409)
('a', -0.009942340394114221)
('serious', 0.007644979096725023)
('some', -0.006247978101263934)

2020-08-21 07:57:20,546 - <module> - INFO - time spent: 475.417572